161208  8:53:52  InnoDB: Started; log sequence number 0 128388
161208  8:55:08  InnoDB: Started; log sequence number 0 128388
161208  8:55:08 [Note] Recovering after a crash using mysql-bin
161208  8:55:08 [Note] Starting crash recovery...
161208  8:55:08 [Note] Crash recovery finished.
161209 14:39:48  InnoDB: Started; log sequence number 0 128388
161209 14:39:48 [Note] Recovering after a crash using mysql-bin
161209 14:39:48 [Note] Starting crash recovery...
161209 14:39:48 [Note] Crash recovery finished.
161209 14:39:50 [Note] C:\Users\Jake\Desktop\EasyPhP\MySql\bin\mysqld.exe: ready for connections.
Version: '5.0.27-community-log'  socket: ''  port: 3306  MySQL Community Edition (GPL)
161209 14:46:40 [Note] C:\Users\Jake\Desktop\EasyPhP\MySql\bin\mysqld.exe: Normal shutdown

161209 14:46:40  InnoDB: Starting shutdown...
161209 14:46:43  InnoDB: Shutdown completed; log sequence number 0 128388
161209 14:46:43 [Note] C:\Users\Jake\Desktop\EasyPhP\MySql\bin\mysqld.exe: Shutdown complete

161215 10:39:24  InnoDB: Started; log sequence number 0 128388
161215 10:39:25 [Note] C:\Users\Jake\Desktop\EasyPhP\MySql\bin\mysqld.exe: ready for connections.
Version: '5.0.27-community-log'  socket: ''  port: 3306  MySQL Community Edition (GPL)
161215 13:06:41 [Note] C:\Users\Jake\Desktop\EasyPhP\MySql\bin\mysqld.exe: Normal shutdown

161215 13:06:41  InnoDB: Starting shutdown...
161215 13:06:43  InnoDB: Shutdown completed; log sequence number 0 128388
161215 13:06:43 [Note] C:\Users\Jake\Desktop\EasyPhP\MySql\bin\mysqld.exe: Shutdown complete

