161216 15:26:22  InnoDB: Started; log sequence number 0 128388
Can't start server: Bind on TCP/IP port: No such file or directory
161216 15:26:25 [ERROR] Do you already have another mysqld server running on port: 3306 ?
161216 15:26:25 [ERROR] Aborting

161216 15:26:26  InnoDB: Starting shutdown...
161216 15:26:32  InnoDB: Shutdown completed; log sequence number 0 128388
161216 15:26:32 [Note] E:\EasyPhP\MySql\bin\mysqld.exe: Shutdown complete

161216 15:26:35  InnoDB: Started; log sequence number 0 128388
Can't start server: Bind on TCP/IP port: No such file or directory
161216 15:26:38 [ERROR] Do you already have another mysqld server running on port: 3306 ?
161216 15:26:38 [ERROR] Aborting

161216 15:26:38  InnoDB: Starting shutdown...
161216 15:26:43  InnoDB: Shutdown completed; log sequence number 0 128388
161216 15:26:43 [Note] E:\EasyPhP\MySql\bin\mysqld.exe: Shutdown complete

161216 15:27:13  InnoDB: Started; log sequence number 0 128388
Can't start server: Bind on TCP/IP port: No such file or directory
161216 15:27:14 [ERROR] Do you already have another mysqld server running on port: 3306 ?
161216 15:27:14 [ERROR] Aborting

161216 15:27:14  InnoDB: Starting shutdown...
161216 15:27:18  InnoDB: Shutdown completed; log sequence number 0 128388
161216 15:27:18 [Note] E:\EasyPhP\MySql\bin\mysqld.exe: Shutdown complete

161216 15:28:02  InnoDB: Started; log sequence number 0 128388
Can't start server: Bind on TCP/IP port: No such file or directory
161216 15:28:03 [ERROR] Do you already have another mysqld server running on port: 3306 ?
161216 15:28:03 [ERROR] Aborting

161216 15:28:03  InnoDB: Starting shutdown...
161216 15:28:07  InnoDB: Shutdown completed; log sequence number 0 128388
161216 15:28:07 [Note] E:\EasyPhP\MySql\bin\mysqld.exe: Shutdown complete

161216 15:32:21  InnoDB: Started; log sequence number 0 128388
Can't start server: Bind on TCP/IP port: No such file or directory
161216 15:32:24 [ERROR] Do you already have another mysqld server running on port: 3306 ?
161216 15:32:24 [ERROR] Aborting

161216 15:32:24  InnoDB: Starting shutdown...
161216 15:32:29  InnoDB: Shutdown completed; log sequence number 0 128388
161216 15:32:29 [Note] E:\EasyPhP\MySql\bin\mysqld.exe: Shutdown complete

161216 15:32:33  InnoDB: Started; log sequence number 0 128388
Can't start server: Bind on TCP/IP port: No such file or directory
161216 15:32:36 [ERROR] Do you already have another mysqld server running on port: 3306 ?
161216 15:32:36 [ERROR] Aborting

161216 15:32:36  InnoDB: Starting shutdown...
161216 15:32:41  InnoDB: Shutdown completed; log sequence number 0 128388
161216 15:32:41 [Note] E:\EasyPhP\MySql\bin\mysqld.exe: Shutdown complete

161216 15:33:52  InnoDB: Started; log sequence number 0 128388
Can't start server: Bind on TCP/IP port: No such file or directory
161216 15:33:54 [ERROR] Do you already have another mysqld server running on port: 3306 ?
161216 15:33:54 [ERROR] Aborting

161216 15:33:54  InnoDB: Starting shutdown...
161216 15:33:59  InnoDB: Shutdown completed; log sequence number 0 128388
161216 15:33:59 [Note] E:\EasyPhP\MySql\bin\mysqld.exe: Shutdown complete

161216 15:35:04 [Note] E:\EasyPhP\MySql\bin\mysqld.exe: ready for connections.
Version: '5.0.27-community-log'  socket: ''  port: 3306  MySQL Community Edition (GPL)
161216 15:35:13 [Note] E:\EasyPhP\MySql\bin\mysqld.exe: Normal shutdown

161216 15:35:14 [Note] E:\EasyPhP\MySql\bin\mysqld.exe: Shutdown complete

161216 15:35:19 [Note] E:\EasyPhP\MySql\bin\mysqld.exe: ready for connections.
Version: '5.0.27-community-log'  socket: ''  port: 3306  MySQL Community Edition (GPL)
161216 15:51:30 [Note] E:\EasyPhP\MySql\bin\mysqld.exe: Normal shutdown

161216 15:51:30 [Note] E:\EasyPhP\MySql\bin\mysqld.exe: Shutdown complete

