081014 19:48:13  InnoDB: Started; log sequence number 0 43634
081014 19:48:14 [Warning] mysql.user table is not updated to new password format; Disabling new password usage until mysql_fix_privilege_tables is run
081014 19:48:14 [Warning] Can't open and lock time zone table: Table 'mysql.time_zone_leap_second' doesn't exist trying to live without them
E:\EASYPH~1\MySql\bin\mysqld.exe: ready for connections.
Version: '4.1.9-max'  socket: ''  port: 3306  Source distribution
081014 19:56:49 [Note] E:\EASYPH~1\MySql\bin\mysqld.exe: Normal shutdown

081014 19:56:49  InnoDB: Starting shutdown...
081014 19:56:52  InnoDB: Shutdown completed; log sequence number 0 43634
081014 19:56:52 [Note] E:\EASYPH~1\MySql\bin\mysqld.exe: Shutdown complete

081014 19:57:29  InnoDB: Started; log sequence number 0 43634
081014 19:57:30 [Warning] mysql.user table is not updated to new password format; Disabling new password usage until mysql_fix_privilege_tables is run
081014 19:57:30 [Warning] Can't open and lock time zone table: Table 'mysql.time_zone_leap_second' doesn't exist trying to live without them
E:\EASYPH~1\MySql\bin\mysqld.exe: ready for connections.
Version: '4.1.9-max'  socket: ''  port: 3306  Source distribution
081014 19:59:35 [Note] E:\EASYPH~1\MySql\bin\mysqld.exe: Normal shutdown

081014 19:59:35  InnoDB: Starting shutdown...
081014 19:59:37  InnoDB: Shutdown completed; log sequence number 0 43634
081014 19:59:37 [Note] E:\EASYPH~1\MySql\bin\mysqld.exe: Shutdown complete

081113 21:08:35  InnoDB: Started; log sequence number 0 43634
081113 21:08:36 [Warning] mysql.user table is not updated to new password format; Disabling new password usage until mysql_fix_privilege_tables is run
081113 21:08:36 [Warning] Can't open and lock time zone table: Table 'mysql.time_zone_leap_second' doesn't exist trying to live without them
E:\EASYPH~1\MySql\bin\mysqld.exe: ready for connections.
Version: '4.1.9-max'  socket: ''  port: 3306  Source distribution
081113 21:53:22 [Note] E:\EASYPH~1\MySql\bin\mysqld.exe: Normal shutdown

081113 21:53:22  InnoDB: Starting shutdown...
081113 21:53:25  InnoDB: Shutdown completed; log sequence number 0 43634
081113 21:53:25 [Note] E:\EASYPH~1\MySql\bin\mysqld.exe: Shutdown complete

081118 19:46:18  InnoDB: Started; log sequence number 0 43634
081118 19:46:19 [Warning] mysql.user table is not updated to new password format; Disabling new password usage until mysql_fix_privilege_tables is run
081118 19:46:19 [Warning] Can't open and lock time zone table: Table 'mysql.time_zone_leap_second' doesn't exist trying to live without them
E:\EASYPH~1\MySql\bin\mysqld.exe: ready for connections.
Version: '4.1.9-max'  socket: ''  port: 3306  Source distribution
081118 21:19:34 [Note] E:\EASYPH~1\MySql\bin\mysqld.exe: Normal shutdown

081118 21:19:34  InnoDB: Starting shutdown...
081118 21:19:38  InnoDB: Shutdown completed; log sequence number 0 43634
081118 21:19:38 [Note] E:\EASYPH~1\MySql\bin\mysqld.exe: Shutdown complete

081120 18:55:37  InnoDB: Started; log sequence number 0 43634
081120 18:55:38 [Warning] mysql.user table is not updated to new password format; Disabling new password usage until mysql_fix_privilege_tables is run
081120 18:55:38 [Warning] Can't open and lock time zone table: Table 'mysql.time_zone_leap_second' doesn't exist trying to live without them
E:\EASYPH~1\MySql\bin\mysqld.exe: ready for connections.
Version: '4.1.9-max'  socket: ''  port: 3306  Source distribution
081120 20:14:14 [Note] E:\EASYPH~1\MySql\bin\mysqld.exe: Normal shutdown

081120 20:14:14  InnoDB: Starting shutdown...
081120 20:14:17  InnoDB: Shutdown completed; log sequence number 0 43634
081120 20:14:17 [Note] E:\EASYPH~1\MySql\bin\mysqld.exe: Shutdown complete

