081205 13:58:38  InnoDB: Started; log sequence number 0 43634
081205 13:58:38 [Warning] mysql.user table is not updated to new password format; Disabling new password usage until mysql_fix_privilege_tables is run
081205 13:58:38 [Warning] Can't open and lock time zone table: Table 'mysql.time_zone_leap_second' doesn't exist trying to live without them
MySql\bin\mysqld.exe: ready for connections.
Version: '4.1.9-max'  socket: ''  port: 3306  Source distribution
081205 14:36:48 [Note] MySql\bin\mysqld.exe: Normal shutdown

081205 14:36:48  InnoDB: Starting shutdown...
081205 14:36:50  InnoDB: Shutdown completed; log sequence number 0 43634
081205 14:36:50 [Note] MySql\bin\mysqld.exe: Shutdown complete

090109  8:54:54  InnoDB: Started; log sequence number 0 43634
090109  8:54:54 [Warning] mysql.user table is not updated to new password format; Disabling new password usage until mysql_fix_privilege_tables is run
090109  8:54:54 [Warning] Can't open and lock time zone table: Table 'mysql.time_zone_leap_second' doesn't exist trying to live without them
N:\EASYPH~1\MySql\bin\mysqld.exe: ready for connections.
Version: '4.1.9-max'  socket: ''  port: 3306  Source distribution
090116  9:05:01  InnoDB: Started; log sequence number 0 43634
090116  9:05:02 [Warning] mysql.user table is not updated to new password format; Disabling new password usage until mysql_fix_privilege_tables is run
090116  9:05:02 [Warning] Can't open and lock time zone table: Table 'mysql.time_zone_leap_second' doesn't exist trying to live without them
MySql\bin\mysqld.exe: ready for connections.
Version: '4.1.9-max'  socket: ''  port: 3306  Source distribution
090116 10:38:59 [Note] MySql\bin\mysqld.exe: Normal shutdown

090116 10:38:59  InnoDB: Starting shutdown...
090116 10:39:00  InnoDB: Shutdown completed; log sequence number 0 43634
090116 10:39:00 [Note] MySql\bin\mysqld.exe: Shutdown complete

090123  9:08:32  InnoDB: Started; log sequence number 0 43634
090123  9:08:32 [Warning] mysql.user table is not updated to new password format; Disabling new password usage until mysql_fix_privilege_tables is run
090123  9:08:32 [Warning] Can't open and lock time zone table: Table 'mysql.time_zone_leap_second' doesn't exist trying to live without them
MySql\bin\mysqld.exe: ready for connections.
Version: '4.1.9-max'  socket: ''  port: 3306  Source distribution
090123 10:37:03 [Note] MySql\bin\mysqld.exe: Normal shutdown

090123 10:37:03  InnoDB: Starting shutdown...
090123 10:37:04  InnoDB: Shutdown completed; log sequence number 0 43634
090123 10:37:04 [Note] MySql\bin\mysqld.exe: Shutdown complete

090227  8:56:58  InnoDB: Started; log sequence number 0 43634
090227  8:56:58 [Warning] mysql.user table is not updated to new password format; Disabling new password usage until mysql_fix_privilege_tables is run
090227  8:56:58 [Warning] Can't open and lock time zone table: Table 'mysql.time_zone_leap_second' doesn't exist trying to live without them
N:\EASYPH~1\MySql\bin\mysqld.exe: ready for connections.
Version: '4.1.9-max'  socket: ''  port: 3306  Source distribution
090227 10:39:17 [Note] N:\EASYPH~1\MySql\bin\mysqld.exe: Normal shutdown

090515  8:37:28  InnoDB: Started; log sequence number 0 43634
090515  8:37:29 [Warning] mysql.user table is not updated to new password format; Disabling new password usage until mysql_fix_privilege_tables is run
090515  8:37:29 [Warning] Can't open and lock time zone table: Table 'mysql.time_zone_leap_second' doesn't exist trying to live without them
N:\EASYPH~1\MySql\bin\mysqld.exe: ready for connections.
Version: '4.1.9-max'  socket: ''  port: 3306  Source distribution
090515  8:37:45  InnoDB: Started; log sequence number 0 43634
090515  8:37:45 [Warning] mysql.user table is not updated to new password format; Disabling new password usage until mysql_fix_privilege_tables is run
090515  8:37:45 [Warning] Can't open and lock time zone table: Table 'mysql.time_zone_leap_second' doesn't exist trying to live without them
N:\EASYPH~1\MySql\bin\mysqld.exe: ready for connections.
Version: '4.1.9-max'  socket: ''  port: 3306  Source distribution
090515  9:21:40 [Note] N:\EASYPH~1\MySql\bin\mysqld.exe: Normal shutdown

090515  9:21:40  InnoDB: Starting shutdown...
090515  9:21:42  InnoDB: Shutdown completed; log sequence number 0 43634
090515  9:21:42 [Note] N:\EASYPH~1\MySql\bin\mysqld.exe: Shutdown complete

090921 13:25:20  InnoDB: Started; log sequence number 0 43634
090921 13:25:20 [Warning] mysql.user table is not updated to new password format; Disabling new password usage until mysql_fix_privilege_tables is run
090921 13:25:20 [Warning] Can't open and lock time zone table: Table 'mysql.time_zone_leap_second' doesn't exist trying to live without them
N:\EASYPH~1\MySql\bin\mysqld.exe: ready for connections.
Version: '4.1.9-max'  socket: ''  port: 3306  Source distribution
090921 14:39:59 [Note] N:\EASYPH~1\MySql\bin\mysqld.exe: Normal shutdown

090921 14:39:59  InnoDB: Starting shutdown...
090921 14:40:02  InnoDB: Shutdown completed; log sequence number 0 43634
090921 14:40:02 [Note] N:\EASYPH~1\MySql\bin\mysqld.exe: Shutdown complete

090928 13:15:59  InnoDB: Started; log sequence number 0 43634
090928 13:15:59 [Warning] mysql.user table is not updated to new password format; Disabling new password usage until mysql_fix_privilege_tables is run
090928 13:15:59 [Warning] Can't open and lock time zone table: Table 'mysql.time_zone_leap_second' doesn't exist trying to live without them
N:\EASYPH~1\MySql\bin\mysqld.exe: ready for connections.
Version: '4.1.9-max'  socket: ''  port: 3306  Source distribution
090928 13:16:03 [Note] N:\EASYPH~1\MySql\bin\mysqld.exe: Normal shutdown

090928 13:16:03  InnoDB: Starting shutdown...
090928 13:16:05  InnoDB: Shutdown completed; log sequence number 0 43634
090928 13:16:05 [Note] N:\EASYPH~1\MySql\bin\mysqld.exe: Shutdown complete

090928 13:16:06  InnoDB: Started; log sequence number 0 43634
090928 13:16:06 [Warning] mysql.user table is not updated to new password format; Disabling new password usage until mysql_fix_privilege_tables is run
090928 13:16:06 [Warning] Can't open and lock time zone table: Table 'mysql.time_zone_leap_second' doesn't exist trying to live without them
N:\EASYPH~1\MySql\bin\mysqld.exe: ready for connections.
Version: '4.1.9-max'  socket: ''  port: 3306  Source distribution
090928 14:36:12 [Note] N:\EASYPH~1\MySql\bin\mysqld.exe: Normal shutdown

090928 14:36:12  InnoDB: Starting shutdown...
090928 14:36:12  InnoDB: Shutdown completed; log sequence number 0 43634
090928 14:36:12 [Note] N:\EASYPH~1\MySql\bin\mysqld.exe: Shutdown complete

091005 13:18:05  InnoDB: Started; log sequence number 0 43634
091005 13:18:05 [Warning] mysql.user table is not updated to new password format; Disabling new password usage until mysql_fix_privilege_tables is run
091005 13:18:05 [Warning] Can't open and lock time zone table: Table 'mysql.time_zone_leap_second' doesn't exist trying to live without them
MySql\bin\mysqld.exe: ready for connections.
Version: '4.1.9-max'  socket: ''  port: 3306  Source distribution
091005 14:26:12 [Note] MySql\bin\mysqld.exe: Normal shutdown

091012 11:12:26  InnoDB: Operating system error number 32 in a file operation.
InnoDB: Some operating system error numbers are described at
InnoDB: http://dev.mysql.com/doc/mysql/en/Operating_System_error_codes.html
InnoDB: File name .\ibdata1
InnoDB: File operation call: 'open'.
InnoDB: Cannot continue operation.
091012 11:14:29  InnoDB: Operating system error number 32 in a file operation.
InnoDB: Some operating system error numbers are described at
InnoDB: http://dev.mysql.com/doc/mysql/en/Operating_System_error_codes.html
InnoDB: File name .\ibdata1
InnoDB: File operation call: 'open'.
InnoDB: Cannot continue operation.
091012 11:18:06  InnoDB: Started; log sequence number 0 43634
091012 11:18:06 [Warning] mysql.user table is not updated to new password format; Disabling new password usage until mysql_fix_privilege_tables is run
091012 11:18:06 [Warning] Can't open and lock time zone table: Table 'mysql.time_zone_leap_second' doesn't exist trying to live without them
MySql\bin\mysqld.exe: ready for connections.
Version: '4.1.9-max'  socket: ''  port: 3306  Source distribution
091012 12:18:30 [Note] MySql\bin\mysqld.exe: Normal shutdown

091012 13:19:27  InnoDB: Started; log sequence number 0 43634
091012 13:19:28 [Warning] mysql.user table is not updated to new password format; Disabling new password usage until mysql_fix_privilege_tables is run
091012 13:19:28 [Warning] Can't open and lock time zone table: Table 'mysql.time_zone_leap_second' doesn't exist trying to live without them
MySql\bin\mysqld.exe: ready for connections.
Version: '4.1.9-max'  socket: ''  port: 3306  Source distribution
091012 14:45:30 [Note] MySql\bin\mysqld.exe: Normal shutdown

091012 14:45:30  InnoDB: Starting shutdown...
091012 14:45:32  InnoDB: Shutdown completed; log sequence number 0 43634
091012 14:45:32 [Note] MySql\bin\mysqld.exe: Shutdown complete

100930 13:20:23  InnoDB: Started; log sequence number 0 43634
100930 13:20:23 [Warning] mysql.user table is not updated to new password format; Disabling new password usage until mysql_fix_privilege_tables is run
100930 13:20:23 [Warning] Can't open and lock time zone table: Table 'mysql.time_zone_leap_second' doesn't exist trying to live without them
MySql\bin\mysqld.exe: ready for connections.
Version: '4.1.9-max'  socket: ''  port: 3306  Source distribution
100930 13:24:27 [Note] MySql\bin\mysqld.exe: Normal shutdown

100930 13:24:27  InnoDB: Starting shutdown...
100930 13:24:29  InnoDB: Shutdown completed; log sequence number 0 43634
100930 13:24:29 [Note] MySql\bin\mysqld.exe: Shutdown complete

100930 13:24:34  InnoDB: Started; log sequence number 0 43634
100930 13:24:34 [Warning] mysql.user table is not updated to new password format; Disabling new password usage until mysql_fix_privilege_tables is run
100930 13:24:34 [Warning] Can't open and lock time zone table: Table 'mysql.time_zone_leap_second' doesn't exist trying to live without them
MySql\bin\mysqld.exe: ready for connections.
Version: '4.1.9-max'  socket: ''  port: 3306  Source distribution
100930 13:55:58 [Note] MySql\bin\mysqld.exe: Normal shutdown

100930 13:55:58  InnoDB: Starting shutdown...
100930 13:56:01  InnoDB: Shutdown completed; log sequence number 0 43634
100930 13:56:01 [Note] MySql\bin\mysqld.exe: Shutdown complete

100930 14:13:05  InnoDB: Started; log sequence number 0 43634
100930 14:13:05 [Warning] mysql.user table is not updated to new password format; Disabling new password usage until mysql_fix_privilege_tables is run
100930 14:13:05 [Warning] Can't open and lock time zone table: Table 'mysql.time_zone_leap_second' doesn't exist trying to live without them
MySql\bin\mysqld.exe: ready for connections.
Version: '4.1.9-max'  socket: ''  port: 3306  Source distribution
100930 14:28:29 [Note] MySql\bin\mysqld.exe: Normal shutdown

101007 13:11:19  InnoDB: Started; log sequence number 0 43644
101007 13:11:19 [Warning] mysql.user table is not updated to new password format; Disabling new password usage until mysql_fix_privilege_tables is run
101007 13:11:19 [Warning] Can't open and lock time zone table: Table 'mysql.time_zone_leap_second' doesn't exist trying to live without them
MySql\bin\mysqld.exe: ready for connections.
Version: '4.1.9-max'  socket: ''  port: 3306  Source distribution
101007 14:17:34 [Note] MySql\bin\mysqld.exe: Normal shutdown

110926 14:02:04  InnoDB: Started; log sequence number 0 43654
110926 14:02:04 [Warning] mysql.user table is not updated to new password format; Disabling new password usage until mysql_fix_privilege_tables is run
110926 14:02:04 [Warning] Can't open and lock time zone table: Table 'mysql.time_zone_leap_second' doesn't exist trying to live without them
N:\EASYPH~1\MySql\bin\mysqld.exe: ready for connections.
Version: '4.1.9-max'  socket: ''  port: 3306  Source distribution
110926 14:19:00 [Note] N:\EASYPH~1\MySql\bin\mysqld.exe: Normal shutdown

110926 14:19:00  InnoDB: Starting shutdown...
110926 14:19:02  InnoDB: Shutdown completed; log sequence number 0 43654
110926 14:19:02 [Note] N:\EASYPH~1\MySql\bin\mysqld.exe: Shutdown complete

120116 14:00:21  InnoDB: Started; log sequence number 0 43654
120116 14:00:21 [Warning] mysql.user table is not updated to new password format; Disabling new password usage until mysql_fix_privilege_tables is run
120116 14:00:21 [Warning] Can't open and lock time zone table: Table 'mysql.time_zone_leap_second' doesn't exist trying to live without them
N:\EASYPH~1\MySql\bin\mysqld.exe: ready for connections.
Version: '4.1.9-max'  socket: ''  port: 3306  Source distribution
120116 14:00:46 [Note] N:\EASYPH~1\MySql\bin\mysqld.exe: Normal shutdown

120116 14:00:46  InnoDB: Starting shutdown...
120116 14:00:49  InnoDB: Shutdown completed; log sequence number 0 43654
120116 14:00:49 [Note] N:\EASYPH~1\MySql\bin\mysqld.exe: Shutdown complete

