111003 14:45:58  InnoDB: Started; log sequence number 0 43654
111003 14:45:59 [Warning] mysql.user table is not updated to new password format; Disabling new password usage until mysql_fix_privilege_tables is run
111003 14:45:59 [Warning] Can't open and lock time zone table: Table 'mysql.time_zone_leap_second' doesn't exist trying to live without them
N:\EASYPH~1\MySql\bin\mysqld.exe: ready for connections.
Version: '4.1.9-max'  socket: ''  port: 3306  Source distribution
111003 15:23:42 [Note] N:\EASYPH~1\MySql\bin\mysqld.exe: Normal shutdown

111003 15:23:42  InnoDB: Starting shutdown...
111003 15:23:44  InnoDB: Shutdown completed; log sequence number 0 43654
111003 15:23:44 [Note] N:\EASYPH~1\MySql\bin\mysqld.exe: Shutdown complete

111017 14:43:07  InnoDB: Started; log sequence number 0 43654
111017 14:43:07 [Warning] mysql.user table is not updated to new password format; Disabling new password usage until mysql_fix_privilege_tables is run
111017 14:43:07 [Warning] Can't open and lock time zone table: Table 'mysql.time_zone_leap_second' doesn't exist trying to live without them
MySql\bin\mysqld.exe: ready for connections.
Version: '4.1.9-max'  socket: ''  port: 3306  Source distribution
111017 15:25:20 [Note] MySql\bin\mysqld.exe: Normal shutdown

111205 14:31:40  InnoDB: Started; log sequence number 0 43654
111205 14:31:40 [Warning] mysql.user table is not updated to new password format; Disabling new password usage until mysql_fix_privilege_tables is run
111205 14:31:40 [Warning] Can't open and lock time zone table: Table 'mysql.time_zone_leap_second' doesn't exist trying to live without them
N:\EASYPH~1\MySql\bin\mysqld.exe: ready for connections.
Version: '4.1.9-max'  socket: ''  port: 3306  Source distribution
111205 15:26:55 [Note] N:\EASYPH~1\MySql\bin\mysqld.exe: Normal shutdown

111212 14:39:06  InnoDB: Started; log sequence number 0 43654
111212 14:39:06 [Warning] mysql.user table is not updated to new password format; Disabling new password usage until mysql_fix_privilege_tables is run
111212 14:39:06 [Warning] Can't open and lock time zone table: Table 'mysql.time_zone_leap_second' doesn't exist trying to live without them
MySql\bin\mysqld.exe: ready for connections.
Version: '4.1.9-max'  socket: ''  port: 3306  Source distribution
111212 15:35:43 [Note] MySql\bin\mysqld.exe: Normal shutdown

120327  9:03:44  InnoDB: Started; log sequence number 0 43654
120327  9:03:44 [Warning] mysql.user table is not updated to new password format; Disabling new password usage until mysql_fix_privilege_tables is run
120327  9:03:44 [Warning] Can't open and lock time zone table: Table 'mysql.time_zone_leap_second' doesn't exist trying to live without them
MySql\bin\mysqld.exe: ready for connections.
Version: '4.1.9-max'  socket: ''  port: 3306  Source distribution
120327  9:57:30 [Note] MySql\bin\mysqld.exe: Normal shutdown

120327  9:57:31  InnoDB: Starting shutdown...
120327  9:57:33  InnoDB: Shutdown completed; log sequence number 0 43654
120327  9:57:33 [Note] MySql\bin\mysqld.exe: Shutdown complete

120329 11:32:11  InnoDB: Started; log sequence number 0 43654
120329 11:32:11 [Warning] mysql.user table is not updated to new password format; Disabling new password usage until mysql_fix_privilege_tables is run
120329 11:32:11 [Warning] Can't open and lock time zone table: Table 'mysql.time_zone_leap_second' doesn't exist trying to live without them
N:\EASYPH~1\MySql\bin\mysqld.exe: ready for connections.
Version: '4.1.9-max'  socket: ''  port: 3306  Source distribution
120329 13:28:19 [Note] N:\EASYPH~1\MySql\bin\mysqld.exe: Normal shutdown

120329 13:28:19  InnoDB: Starting shutdown...
120329 13:28:21  InnoDB: Shutdown completed; log sequence number 0 43654
120329 13:28:21 [Note] N:\EASYPH~1\MySql\bin\mysqld.exe: Shutdown complete

120417  9:03:49  InnoDB: Started; log sequence number 0 43654
120417  9:03:49 [Warning] mysql.user table is not updated to new password format; Disabling new password usage until mysql_fix_privilege_tables is run
120417  9:03:49 [Warning] Can't open and lock time zone table: Table 'mysql.time_zone_leap_second' doesn't exist trying to live without them
N:\EASYPH~1\MySql\bin\mysqld.exe: ready for connections.
Version: '4.1.9-max'  socket: ''  port: 3306  Source distribution
120426 11:31:52  InnoDB: Started; log sequence number 0 43654
120426 11:31:52 [Warning] mysql.user table is not updated to new password format; Disabling new password usage until mysql_fix_privilege_tables is run
120426 11:31:52 [Warning] Can't open and lock time zone table: Table 'mysql.time_zone_leap_second' doesn't exist trying to live without them
N:\EASYPH~1\MySql\bin\mysqld.exe: ready for connections.
Version: '4.1.9-max'  socket: ''  port: 3306  Source distribution
120426 12:46:32 [Note] N:\EASYPH~1\MySql\bin\mysqld.exe: Normal shutdown

120426 12:46:32  InnoDB: Starting shutdown...
120426 12:46:34  InnoDB: Shutdown completed; log sequence number 0 43654
120426 12:46:34 [Note] N:\EASYPH~1\MySql\bin\mysqld.exe: Shutdown complete

120524 11:30:09  InnoDB: Started; log sequence number 0 43665
120524 11:30:09 [Note] Recovering after a crash using mysql-bin
120524 11:30:09 [Note] Starting crash recovery...
120524 11:30:09 [Note] Crash recovery finished.
120524 11:30:10 [Note] \\BPL-FS01\Staff User Data$\TIM~1.BAR\EASYPH~1\MySql\bin\mysqld.exe: ready for connections.
Version: '5.0.27-community-log'  socket: ''  port: 3306  MySQL Community Edition (GPL)
120524 11:30:11 [Note] \\BPL-FS01\Staff User Data$\TIM~1.BAR\EASYPH~1\MySql\bin\mysqld.exe: Normal shutdown

120524 11:30:11  InnoDB: Starting shutdown...
120524 11:30:13  InnoDB: Shutdown completed; log sequence number 0 43665
120524 11:30:13 [Note] \\BPL-FS01\Staff User Data$\TIM~1.BAR\EASYPH~1\MySql\bin\mysqld.exe: Shutdown complete

120524 11:30:14  InnoDB: Started; log sequence number 0 43665
120524 11:30:14 [Note] \\BPL-FS01\Staff User Data$\TIM~1.BAR\EASYPH~1\MySql\bin\mysqld.exe: ready for connections.
Version: '5.0.27-community-log'  socket: ''  port: 3306  MySQL Community Edition (GPL)
120524 13:18:35 [Note] \\BPL-FS01\Staff User Data$\TIM~1.BAR\EASYPH~1\MySql\bin\mysqld.exe: Normal shutdown

120524 13:18:35  InnoDB: Starting shutdown...
120524 13:18:37  InnoDB: Shutdown completed; log sequence number 0 43665
120524 13:18:37 [Note] \\BPL-FS01\Staff User Data$\TIM~1.BAR\EASYPH~1\MySql\bin\mysqld.exe: Shutdown complete

120531 11:33:48  InnoDB: Started; log sequence number 0 43665
120531 11:33:49 [Note] N:\EASYPH~1\MySql\bin\mysqld.exe: ready for connections.
Version: '5.0.27-community-log'  socket: ''  port: 3306  MySQL Community Edition (GPL)
120531 11:33:50 [Note] N:\EASYPH~1\MySql\bin\mysqld.exe: Normal shutdown

120531 11:33:50  InnoDB: Starting shutdown...
120531 11:33:52  InnoDB: Shutdown completed; log sequence number 0 43665
120531 11:33:52 [Note] N:\EASYPH~1\MySql\bin\mysqld.exe: Shutdown complete

120531 11:33:54  InnoDB: Started; log sequence number 0 43665
120531 11:33:54 [Note] N:\EASYPH~1\MySql\bin\mysqld.exe: ready for connections.
Version: '5.0.27-community-log'  socket: ''  port: 3306  MySQL Community Edition (GPL)
