081121 10:42:23  InnoDB: Started; log sequence number 0 43634
081121 10:42:24 [Warning] mysql.user table is not updated to new password format; Disabling new password usage until mysql_fix_privilege_tables is run
081121 10:42:24 [Warning] Can't open and lock time zone table: Table 'mysql.time_zone_leap_second' doesn't exist trying to live without them
I:\EASYPH~1\MySql\bin\mysqld.exe: ready for connections.
Version: '4.1.9-max'  socket: ''  port: 3306  Source distribution
090916 10:22:44  InnoDB: Started; log sequence number 0 43634
090916 10:22:44 [Warning] mysql.user table is not updated to new password format; Disabling new password usage until mysql_fix_privilege_tables is run
090916 10:22:44 [Warning] Can't open and lock time zone table: Table 'mysql.time_zone_leap_second' doesn't exist trying to live without them
N:\EASYPH~1\MySql\bin\mysqld.exe: ready for connections.
Version: '4.1.9-max'  socket: ''  port: 3306  Source distribution
090916 10:23:15  InnoDB: Started; log sequence number 0 43634
090916 10:23:15 [Warning] mysql.user table is not updated to new password format; Disabling new password usage until mysql_fix_privilege_tables is run
090916 10:23:15 [Warning] Can't open and lock time zone table: Table 'mysql.time_zone_leap_second' doesn't exist trying to live without them
N:\EASYPH~1\MySql\bin\mysqld.exe: ready for connections.
Version: '4.1.9-max'  socket: ''  port: 3306  Source distribution
090916 10:31:00 [Note] N:\EASYPH~1\MySql\bin\mysqld.exe: Normal shutdown

090922 13:59:16  InnoDB: Started; log sequence number 0 43634
090922 13:59:16 [Warning] mysql.user table is not updated to new password format; Disabling new password usage until mysql_fix_privilege_tables is run
090922 13:59:16 [Warning] Can't open and lock time zone table: Table 'mysql.time_zone_leap_second' doesn't exist trying to live without them
N:\EASYPH~1\MySql\bin\mysqld.exe: ready for connections.
Version: '4.1.9-max'  socket: ''  port: 3306  Source distribution
090922 13:59:26  InnoDB: Started; log sequence number 0 43634
090922 13:59:26 [Warning] mysql.user table is not updated to new password format; Disabling new password usage until mysql_fix_privilege_tables is run
090922 13:59:26 [Warning] Can't open and lock time zone table: Table 'mysql.time_zone_leap_second' doesn't exist trying to live without them
N:\EASYPH~1\MySql\bin\mysqld.exe: ready for connections.
Version: '4.1.9-max'  socket: ''  port: 3306  Source distribution
090922 14:36:43 [Note] N:\EASYPH~1\MySql\bin\mysqld.exe: Normal shutdown

090923  9:25:52  InnoDB: Started; log sequence number 0 43634
090923  9:25:53 [Warning] mysql.user table is not updated to new password format; Disabling new password usage until mysql_fix_privilege_tables is run
090923  9:25:53 [Warning] Can't open and lock time zone table: Table 'mysql.time_zone_leap_second' doesn't exist trying to live without them
N:\EASYPH~1\MySql\bin\mysqld.exe: ready for connections.
Version: '4.1.9-max'  socket: ''  port: 3306  Source distribution
090923  9:25:54 [Note] N:\EASYPH~1\MySql\bin\mysqld.exe: Normal shutdown

090923  9:25:54  InnoDB: Starting shutdown...
090923  9:25:56  InnoDB: Shutdown completed; log sequence number 0 43634
090923  9:25:56 [Note] N:\EASYPH~1\MySql\bin\mysqld.exe: Shutdown complete

090923  9:25:58  InnoDB: Started; log sequence number 0 43634
090923  9:25:58 [Warning] mysql.user table is not updated to new password format; Disabling new password usage until mysql_fix_privilege_tables is run
090923  9:25:58 [Warning] Can't open and lock time zone table: Table 'mysql.time_zone_leap_second' doesn't exist trying to live without them
N:\EASYPH~1\MySql\bin\mysqld.exe: ready for connections.
Version: '4.1.9-max'  socket: ''  port: 3306  Source distribution
090923 10:28:21 [Note] N:\EASYPH~1\MySql\bin\mysqld.exe: Normal shutdown

090923 10:28:21  InnoDB: Starting shutdown...
090923 10:28:24  InnoDB: Shutdown completed; log sequence number 0 43634
090923 10:28:24 [Note] N:\EASYPH~1\MySql\bin\mysqld.exe: Shutdown complete

091124  9:10:26  InnoDB: Started; log sequence number 0 43634
091124  9:10:26 [Warning] mysql.user table is not updated to new password format; Disabling new password usage until mysql_fix_privilege_tables is run
091124  9:10:26 [Warning] Can't open and lock time zone table: Table 'mysql.time_zone_leap_second' doesn't exist trying to live without them
N:\EASYPH~1\MySql\bin\mysqld.exe: ready for connections.
Version: '4.1.9-max'  socket: ''  port: 3306  Source distribution
091124  9:30:43 [Note] N:\EASYPH~1\MySql\bin\mysqld.exe: Normal shutdown

091124  9:30:43  InnoDB: Starting shutdown...
091124  9:30:45  InnoDB: Shutdown completed; log sequence number 0 43634
091124  9:30:45 [Note] N:\EASYPH~1\MySql\bin\mysqld.exe: Shutdown complete

100909 13:36:42  InnoDB: Started; log sequence number 0 43634
100909 13:36:42 [Warning] mysql.user table is not updated to new password format; Disabling new password usage until mysql_fix_privilege_tables is run
100909 13:36:42 [Warning] Can't open and lock time zone table: Table 'mysql.time_zone_leap_second' doesn't exist trying to live without them
N:\EASYPH~1\MySql\bin\mysqld.exe: ready for connections.
Version: '4.1.9-max'  socket: ''  port: 3306  Source distribution
100909 14:45:19 [Note] N:\EASYPH~1\MySql\bin\mysqld.exe: Normal shutdown

100915  9:31:07  InnoDB: Started; log sequence number 0 43634
100915  9:31:07 [Warning] mysql.user table is not updated to new password format; Disabling new password usage until mysql_fix_privilege_tables is run
100915  9:31:07 [Warning] Can't open and lock time zone table: Table 'mysql.time_zone_leap_second' doesn't exist trying to live without them
MySql\bin\mysqld.exe: ready for connections.
Version: '4.1.9-max'  socket: ''  port: 3306  Source distribution
100915 10:06:12 [Note] MySql\bin\mysqld.exe: Normal shutdown

100915 10:06:12  InnoDB: Starting shutdown...
100915 10:06:15  InnoDB: Shutdown completed; log sequence number 0 43634
100915 10:06:15 [Note] MySql\bin\mysqld.exe: Shutdown complete

100921 15:35:32  InnoDB: Started; log sequence number 0 43634
100921 15:35:32 [Warning] mysql.user table is not updated to new password format; Disabling new password usage until mysql_fix_privilege_tables is run
100921 15:35:32 [Warning] Can't open and lock time zone table: Table 'mysql.time_zone_leap_second' doesn't exist trying to live without them
MySql\bin\mysqld.exe: ready for connections.
Version: '4.1.9-max'  socket: ''  port: 3306  Source distribution
100921 16:22:59 [Note] MySql\bin\mysqld.exe: Normal shutdown

100921 16:22:59  InnoDB: Starting shutdown...
100921 16:23:01  InnoDB: Shutdown completed; log sequence number 0 43634
100921 16:23:01 [Note] MySql\bin\mysqld.exe: Shutdown complete

100923 14:43:42  InnoDB: Started; log sequence number 0 43634
100923 14:43:42 [Warning] mysql.user table is not updated to new password format; Disabling new password usage until mysql_fix_privilege_tables is run
100923 14:43:42 [Warning] Can't open and lock time zone table: Table 'mysql.time_zone_leap_second' doesn't exist trying to live without them
MySql\bin\mysqld.exe: ready for connections.
Version: '4.1.9-max'  socket: ''  port: 3306  Source distribution
100923 15:22:43 [Note] MySql\bin\mysqld.exe: Normal shutdown

100923 15:22:43  InnoDB: Starting shutdown...
100923 15:22:46  InnoDB: Shutdown completed; log sequence number 0 43634
100923 15:22:46 [Note] MySql\bin\mysqld.exe: Shutdown complete

100930 15:05:59  InnoDB: Started; log sequence number 0 43634
100930 15:05:59 [Warning] mysql.user table is not updated to new password format; Disabling new password usage until mysql_fix_privilege_tables is run
100930 15:05:59 [Warning] Can't open and lock time zone table: Table 'mysql.time_zone_leap_second' doesn't exist trying to live without them
MySql\bin\mysqld.exe: ready for connections.
Version: '4.1.9-max'  socket: ''  port: 3306  Source distribution
100930 15:29:20 [Note] MySql\bin\mysqld.exe: Normal shutdown

101005 15:33:28  InnoDB: Started; log sequence number 0 43634
101005 15:33:28 [Warning] mysql.user table is not updated to new password format; Disabling new password usage until mysql_fix_privilege_tables is run
101005 15:33:28 [Warning] Can't open and lock time zone table: Table 'mysql.time_zone_leap_second' doesn't exist trying to live without them
MySql\bin\mysqld.exe: ready for connections.
Version: '4.1.9-max'  socket: ''  port: 3306  Source distribution
101005 16:28:53 [Note] MySql\bin\mysqld.exe: Normal shutdown

101005 16:28:53  InnoDB: Starting shutdown...
101005 16:28:55  InnoDB: Shutdown completed; log sequence number 0 43634
101005 16:28:55 [Note] MySql\bin\mysqld.exe: Shutdown complete

101006  9:50:09  InnoDB: Started; log sequence number 0 43634
101006  9:50:09 [Warning] mysql.user table is not updated to new password format; Disabling new password usage until mysql_fix_privilege_tables is run
101006  9:50:09 [Warning] Can't open and lock time zone table: Table 'mysql.time_zone_leap_second' doesn't exist trying to live without them
N:\EASYPH~1\MySql\bin\mysqld.exe: ready for connections.
Version: '4.1.9-max'  socket: ''  port: 3306  Source distribution
101006  9:50:11 [Note] N:\EASYPH~1\MySql\bin\mysqld.exe: Normal shutdown

101006  9:50:11  InnoDB: Starting shutdown...
101006  9:50:17  InnoDB: Shutdown completed; log sequence number 0 43634
101006  9:50:17 [Note] N:\EASYPH~1\MySql\bin\mysqld.exe: Shutdown complete

101006  9:50:20  InnoDB: Started; log sequence number 0 43634
101006  9:50:20 [Warning] mysql.user table is not updated to new password format; Disabling new password usage until mysql_fix_privilege_tables is run
101006  9:50:20 [Warning] Can't open and lock time zone table: Table 'mysql.time_zone_leap_second' doesn't exist trying to live without them
N:\EASYPH~1\MySql\bin\mysqld.exe: ready for connections.
Version: '4.1.9-max'  socket: ''  port: 3306  Source distribution
101006 10:02:19 [Note] N:\EASYPH~1\MySql\bin\mysqld.exe: Normal shutdown

101006 10:02:20  InnoDB: Starting shutdown...
101006 10:02:23  InnoDB: Shutdown completed; log sequence number 0 43634
101006 10:02:23 [Note] N:\EASYPH~1\MySql\bin\mysqld.exe: Shutdown complete

101007 15:20:30  InnoDB: Started; log sequence number 0 43644
101007 15:20:30 [Warning] mysql.user table is not updated to new password format; Disabling new password usage until mysql_fix_privilege_tables is run
101007 15:20:30 [Warning] Can't open and lock time zone table: Table 'mysql.time_zone_leap_second' doesn't exist trying to live without them
MySql\bin\mysqld.exe: ready for connections.
Version: '4.1.9-max'  socket: ''  port: 3306  Source distribution
101007 15:24:43 [Note] MySql\bin\mysqld.exe: Normal shutdown

101012 15:48:22  InnoDB: Started; log sequence number 0 43644
101012 15:48:22 [Warning] mysql.user table is not updated to new password format; Disabling new password usage until mysql_fix_privilege_tables is run
101012 15:48:22 [Warning] Can't open and lock time zone table: Table 'mysql.time_zone_leap_second' doesn't exist trying to live without them
MySql\bin\mysqld.exe: ready for connections.
Version: '4.1.9-max'  socket: ''  port: 3306  Source distribution
101012 15:51:55 [Note] MySql\bin\mysqld.exe: Normal shutdown

101012 15:51:55  InnoDB: Starting shutdown...
101012 15:51:58  InnoDB: Shutdown completed; log sequence number 0 43644
101012 15:51:58 [Note] MySql\bin\mysqld.exe: Shutdown complete

101012 15:52:10  InnoDB: Started; log sequence number 0 43644
101012 15:52:10 [Warning] mysql.user table is not updated to new password format; Disabling new password usage until mysql_fix_privilege_tables is run
101012 15:52:10 [Warning] Can't open and lock time zone table: Table 'mysql.time_zone_leap_second' doesn't exist trying to live without them
MySql\bin\mysqld.exe: ready for connections.
Version: '4.1.9-max'  socket: ''  port: 3306  Source distribution
101012 15:52:41 [Note] MySql\bin\mysqld.exe: Normal shutdown

101012 15:52:41  InnoDB: Starting shutdown...
101012 15:52:44  InnoDB: Shutdown completed; log sequence number 0 43644
101012 15:52:44 [Note] MySql\bin\mysqld.exe: Shutdown complete

101012 15:52:58  InnoDB: Started; log sequence number 0 43644
101012 15:52:58 [Warning] mysql.user table is not updated to new password format; Disabling new password usage until mysql_fix_privilege_tables is run
101012 15:52:58 [Warning] Can't open and lock time zone table: Table 'mysql.time_zone_leap_second' doesn't exist trying to live without them
MySql\bin\mysqld.exe: ready for connections.
Version: '4.1.9-max'  socket: ''  port: 3306  Source distribution
101012 15:56:26 [Note] MySql\bin\mysqld.exe: Normal shutdown

101012 15:56:26  InnoDB: Starting shutdown...
101012 15:56:28  InnoDB: Shutdown completed; log sequence number 0 43644
101012 15:56:28 [Note] MySql\bin\mysqld.exe: Shutdown complete

101102 15:55:35  InnoDB: Started; log sequence number 0 43654
101102 15:55:35 [Warning] mysql.user table is not updated to new password format; Disabling new password usage until mysql_fix_privilege_tables is run
101102 15:55:35 [Warning] Can't open and lock time zone table: Table 'mysql.time_zone_leap_second' doesn't exist trying to live without them
N:\EASYPH~1\MySql\bin\mysqld.exe: ready for connections.
Version: '4.1.9-max'  socket: ''  port: 3306  Source distribution
101102 15:55:45  InnoDB: Started; log sequence number 0 43654
101102 15:55:45 [Warning] mysql.user table is not updated to new password format; Disabling new password usage until mysql_fix_privilege_tables is run
101102 15:55:45 [Warning] Can't open and lock time zone table: Table 'mysql.time_zone_leap_second' doesn't exist trying to live without them
N:\EASYPH~1\MySql\bin\mysqld.exe: ready for connections.
Version: '4.1.9-max'  socket: ''  port: 3306  Source distribution
101102 16:10:41 [Note] N:\EASYPH~1\MySql\bin\mysqld.exe: Normal shutdown

101102 16:10:41  InnoDB: Starting shutdown...
101102 16:10:43  InnoDB: Shutdown completed; log sequence number 0 43654
101102 16:10:43 [Note] N:\EASYPH~1\MySql\bin\mysqld.exe: Shutdown complete

101102 16:12:54  InnoDB: Started; log sequence number 0 43654
101102 16:12:54 [Warning] mysql.user table is not updated to new password format; Disabling new password usage until mysql_fix_privilege_tables is run
101102 16:12:54 [Warning] Can't open and lock time zone table: Table 'mysql.time_zone_leap_second' doesn't exist trying to live without them
N:\EASYPH~1\MySql\bin\mysqld.exe: ready for connections.
Version: '4.1.9-max'  socket: ''  port: 3306  Source distribution
101102 16:13:01  InnoDB: Started; log sequence number 0 43654
101102 16:13:01 [Warning] mysql.user table is not updated to new password format; Disabling new password usage until mysql_fix_privilege_tables is run
101102 16:13:01 [Warning] Can't open and lock time zone table: Table 'mysql.time_zone_leap_second' doesn't exist trying to live without them
N:\EASYPH~1\MySql\bin\mysqld.exe: ready for connections.
Version: '4.1.9-max'  socket: ''  port: 3306  Source distribution
101102 16:14:10 [Note] N:\EASYPH~1\MySql\bin\mysqld.exe: Normal shutdown

101102 16:14:10  InnoDB: Starting shutdown...
101102 16:14:11  InnoDB: Shutdown completed; log sequence number 0 43654
101102 16:14:11 [Note] N:\EASYPH~1\MySql\bin\mysqld.exe: Shutdown complete

