InnoDB: The first specified data file .\ibdata1 did not exist:
InnoDB: a new database to be created!
081010  9:46:26  InnoDB: Setting file .\ibdata1 size to 10 MB
InnoDB: Database physically writes the file full: wait...
081010  9:46:28  InnoDB: Log file .\ib_logfile0 did not exist: new to be created
InnoDB: Setting log file .\ib_logfile0 size to 5 MB
InnoDB: Database physically writes the file full: wait...
081010  9:46:28  InnoDB: Log file .\ib_logfile1 did not exist: new to be created
InnoDB: Setting log file .\ib_logfile1 size to 5 MB
InnoDB: Database physically writes the file full: wait...
InnoDB: Doublewrite buffer not found: creating new
InnoDB: Doublewrite buffer created
InnoDB: Creating foreign key constraint system tables
InnoDB: Foreign key constraint system tables created
081010  9:46:35  InnoDB: Started; log sequence number 0 0
081010  9:46:38 [Warning] mysql.user table is not updated to new password format; Disabling new password usage until mysql_fix_privilege_tables is run
081010  9:46:38 [Warning] Can't open and lock time zone table: Table 'mysql.time_zone_leap_second' doesn't exist trying to live without them
e:\EASYPH~1\MySql\bin\mysqld.exe: ready for connections.
Version: '4.1.9-max'  socket: ''  port: 3306  Source distribution
081010 10:28:19 [Note] e:\EASYPH~1\MySql\bin\mysqld.exe: Normal shutdown

081010 10:28:19  InnoDB: Starting shutdown...
081010 10:28:22  InnoDB: Shutdown completed; log sequence number 0 43634
081010 10:28:22 [Note] e:\EASYPH~1\MySql\bin\mysqld.exe: Shutdown complete

081017  9:54:46  InnoDB: Started; log sequence number 0 43634
081017  9:54:47 [Warning] mysql.user table is not updated to new password format; Disabling new password usage until mysql_fix_privilege_tables is run
081017  9:54:47 [Warning] Can't open and lock time zone table: Table 'mysql.time_zone_leap_second' doesn't exist trying to live without them
E:\EASYPH~1\MySql\bin\mysqld.exe: ready for connections.
Version: '4.1.9-max'  socket: ''  port: 3306  Source distribution
081017 10:12:48 [Note] E:\EASYPH~1\MySql\bin\mysqld.exe: Normal shutdown

081017 10:12:48  InnoDB: Starting shutdown...
081017 10:12:50  InnoDB: Shutdown completed; log sequence number 0 43634
081017 10:12:50 [Note] E:\EASYPH~1\MySql\bin\mysqld.exe: Shutdown complete

081024  9:02:27  InnoDB: Started; log sequence number 0 43634
081024  9:02:29 [Warning] mysql.user table is not updated to new password format; Disabling new password usage until mysql_fix_privilege_tables is run
081024  9:02:29 [Warning] Can't open and lock time zone table: Table 'mysql.time_zone_leap_second' doesn't exist trying to live without them
E:\EASYPH~1\MySql\bin\mysqld.exe: ready for connections.
Version: '4.1.9-max'  socket: ''  port: 3306  Source distribution
081024 10:32:40 [Note] E:\EASYPH~1\MySql\bin\mysqld.exe: Normal shutdown

081024 10:32:40  InnoDB: Starting shutdown...
081024 10:32:43  InnoDB: Shutdown completed; log sequence number 0 43634
081024 10:32:43 [Note] E:\EASYPH~1\MySql\bin\mysqld.exe: Shutdown complete

081107  9:10:10  InnoDB: Started; log sequence number 0 43634
081107  9:10:11 [Warning] mysql.user table is not updated to new password format; Disabling new password usage until mysql_fix_privilege_tables is run
081107  9:10:11 [Warning] Can't open and lock time zone table: Table 'mysql.time_zone_leap_second' doesn't exist trying to live without them
E:\EASYPH~1\MySql\bin\mysqld.exe: ready for connections.
Version: '4.1.9-max'  socket: ''  port: 3306  Source distribution
081107 10:35:31 [Note] E:\EASYPH~1\MySql\bin\mysqld.exe: Normal shutdown

081107 10:35:31  InnoDB: Starting shutdown...
081107 10:35:33  InnoDB: Shutdown completed; log sequence number 0 43634
081107 10:35:33 [Note] E:\EASYPH~1\MySql\bin\mysqld.exe: Shutdown complete

081114  9:13:28  InnoDB: Started; log sequence number 0 43634
081114  9:13:30 [Warning] mysql.user table is not updated to new password format; Disabling new password usage until mysql_fix_privilege_tables is run
081114  9:13:30 [Warning] Can't open and lock time zone table: Table 'mysql.time_zone_leap_second' doesn't exist trying to live without them
E:\EASYPH~1\MySql\bin\mysqld.exe: ready for connections.
Version: '4.1.9-max'  socket: ''  port: 3306  Source distribution
081114 10:33:43 [Note] E:\EASYPH~1\MySql\bin\mysqld.exe: Normal shutdown

081114 10:33:44  InnoDB: Starting shutdown...
081114 10:33:46  InnoDB: Shutdown completed; log sequence number 0 43634
081114 10:33:46 [Note] E:\EASYPH~1\MySql\bin\mysqld.exe: Shutdown complete

081121  8:58:31  InnoDB: Started; log sequence number 0 43634
081121  8:58:35 [Warning] mysql.user table is not updated to new password format; Disabling new password usage until mysql_fix_privilege_tables is run
081121  8:58:35 [Warning] Can't open and lock time zone table: Table 'mysql.time_zone_leap_second' doesn't exist trying to live without them
E:\EASYPH~1\MySql\bin\mysqld.exe: ready for connections.
Version: '4.1.9-max'  socket: ''  port: 3306  Source distribution
081121  9:50:27 [Note] E:\EASYPH~1\MySql\bin\mysqld.exe: Normal shutdown

081121  9:50:28  InnoDB: Starting shutdown...
081121  9:50:33  InnoDB: Shutdown completed; log sequence number 0 43634
081121  9:50:33 [Note] E:\EASYPH~1\MySql\bin\mysqld.exe: Shutdown complete

