090911  9:24:45  InnoDB: Started; log sequence number 0 43634
090911  9:24:45 [Warning] mysql.user table is not updated to new password format; Disabling new password usage until mysql_fix_privilege_tables is run
090911  9:24:45 [Warning] Can't open and lock time zone table: Table 'mysql.time_zone_leap_second' doesn't exist trying to live without them
N:\EASYPH~1\MySql\bin\mysqld.exe: ready for connections.
Version: '4.1.9-max'  socket: ''  port: 3306  Source distribution
090921  8:59:17  InnoDB: Started; log sequence number 0 43634
090921  8:59:17 [Warning] mysql.user table is not updated to new password format; Disabling new password usage until mysql_fix_privilege_tables is run
090921  8:59:17 [Warning] Can't open and lock time zone table: Table 'mysql.time_zone_leap_second' doesn't exist trying to live without them
N:\EASYPH~1\MySql\bin\mysqld.exe: ready for connections.
Version: '4.1.9-max'  socket: ''  port: 3306  Source distribution
090921  8:59:21 [Note] N:\EASYPH~1\MySql\bin\mysqld.exe: Normal shutdown

090921  8:59:21  InnoDB: Starting shutdown...
090921  8:59:23  InnoDB: Shutdown completed; log sequence number 0 43634
090921  8:59:23 [Note] N:\EASYPH~1\MySql\bin\mysqld.exe: Shutdown complete

090921  8:59:25  InnoDB: Started; log sequence number 0 43634
090921  8:59:25 [Warning] mysql.user table is not updated to new password format; Disabling new password usage until mysql_fix_privilege_tables is run
090921  8:59:25 [Warning] Can't open and lock time zone table: Table 'mysql.time_zone_leap_second' doesn't exist trying to live without them
N:\EASYPH~1\MySql\bin\mysqld.exe: ready for connections.
Version: '4.1.9-max'  socket: ''  port: 3306  Source distribution
090921 10:15:42 [Note] N:\EASYPH~1\MySql\bin\mysqld.exe: Normal shutdown

090921 10:15:42  InnoDB: Starting shutdown...
090921 10:15:45  InnoDB: Shutdown completed; log sequence number 0 43634
090921 10:15:45 [Note] N:\EASYPH~1\MySql\bin\mysqld.exe: Shutdown complete

091016  9:09:45  InnoDB: Started; log sequence number 0 43634
091016  9:09:45 [Warning] mysql.user table is not updated to new password format; Disabling new password usage until mysql_fix_privilege_tables is run
091016  9:09:45 [Warning] Can't open and lock time zone table: Table 'mysql.time_zone_leap_second' doesn't exist trying to live without them
MySql\bin\mysqld.exe: ready for connections.
Version: '4.1.9-max'  socket: ''  port: 3306  Source distribution
091016  9:43:49 [Note] MySql\bin\mysqld.exe: Normal shutdown

091016  9:43:49  InnoDB: Starting shutdown...
091016  9:43:52  InnoDB: Shutdown completed; log sequence number 0 43634
091016  9:43:52 [Note] MySql\bin\mysqld.exe: Shutdown complete

091016  9:46:43  InnoDB: Started; log sequence number 0 43634
091016  9:46:43 [Warning] mysql.user table is not updated to new password format; Disabling new password usage until mysql_fix_privilege_tables is run
091016  9:46:43 [Warning] Can't open and lock time zone table: Table 'mysql.time_zone_leap_second' doesn't exist trying to live without them
MySql\bin\mysqld.exe: ready for connections.
Version: '4.1.9-max'  socket: ''  port: 3306  Source distribution
091016  9:48:56 [Note] MySql\bin\mysqld.exe: Normal shutdown

091016  9:48:56  InnoDB: Starting shutdown...
091016  9:48:59  InnoDB: Shutdown completed; log sequence number 0 43634
091016  9:48:59 [Note] MySql\bin\mysqld.exe: Shutdown complete

091120  9:51:25  InnoDB: Started; log sequence number 0 43634
091120  9:51:25 [Warning] mysql.user table is not updated to new password format; Disabling new password usage until mysql_fix_privilege_tables is run
091120  9:51:25 [Warning] Can't open and lock time zone table: Table 'mysql.time_zone_leap_second' doesn't exist trying to live without them
N:\EASYPH~1\MySql\bin\mysqld.exe: ready for connections.
Version: '4.1.9-max'  socket: ''  port: 3306  Source distribution
091120  9:51:32  InnoDB: Started; log sequence number 0 43634
091120  9:51:32 [Warning] mysql.user table is not updated to new password format; Disabling new password usage until mysql_fix_privilege_tables is run
091120  9:51:32 [Warning] Can't open and lock time zone table: Table 'mysql.time_zone_leap_second' doesn't exist trying to live without them
N:\EASYPH~1\MySql\bin\mysqld.exe: ready for connections.
Version: '4.1.9-max'  socket: ''  port: 3306  Source distribution
091120  9:54:26 [Note] N:\EASYPH~1\MySql\bin\mysqld.exe: Normal shutdown

091120  9:54:26  InnoDB: Starting shutdown...
091120  9:54:29  InnoDB: Shutdown completed; log sequence number 0 43634
091120  9:54:29 [Note] N:\EASYPH~1\MySql\bin\mysqld.exe: Shutdown complete

100917  9:38:08  InnoDB: Started; log sequence number 0 43634
100917  9:38:08 [Warning] mysql.user table is not updated to new password format; Disabling new password usage until mysql_fix_privilege_tables is run
100917  9:38:08 [Warning] Can't open and lock time zone table: Table 'mysql.time_zone_leap_second' doesn't exist trying to live without them
MySql\bin\mysqld.exe: ready for connections.
Version: '4.1.9-max'  socket: ''  port: 3306  Source distribution
100917 10:01:48 [Note] MySql\bin\mysqld.exe: Normal shutdown

100917 14:13:04  InnoDB: Started; log sequence number 0 43634
100917 14:13:04 [Warning] mysql.user table is not updated to new password format; Disabling new password usage until mysql_fix_privilege_tables is run
100917 14:13:04 [Warning] Can't open and lock time zone table: Table 'mysql.time_zone_leap_second' doesn't exist trying to live without them
MySql\bin\mysqld.exe: ready for connections.
Version: '4.1.9-max'  socket: ''  port: 3306  Source distribution
100917 14:27:19 [Note] MySql\bin\mysqld.exe: Normal shutdown

100917 14:27:19  InnoDB: Starting shutdown...
100917 14:27:22  InnoDB: Shutdown completed; log sequence number 0 43634
100917 14:27:22 [Note] MySql\bin\mysqld.exe: Shutdown complete

100924 13:47:54  InnoDB: Started; log sequence number 0 43634
100924 13:47:54 [Warning] mysql.user table is not updated to new password format; Disabling new password usage until mysql_fix_privilege_tables is run
100924 13:47:54 [Warning] Can't open and lock time zone table: Table 'mysql.time_zone_leap_second' doesn't exist trying to live without them
MySql\bin\mysqld.exe: ready for connections.
Version: '4.1.9-max'  socket: ''  port: 3306  Source distribution
100924 14:17:18 [Note] MySql\bin\mysqld.exe: Normal shutdown

100924 14:17:18  InnoDB: Starting shutdown...
100924 14:17:20  InnoDB: Shutdown completed; log sequence number 0 43634
100924 14:17:20 [Note] MySql\bin\mysqld.exe: Shutdown complete

101008 14:14:56  InnoDB: Started; log sequence number 0 43644
101008 14:14:56 [Warning] mysql.user table is not updated to new password format; Disabling new password usage until mysql_fix_privilege_tables is run
101008 14:14:56 [Warning] Can't open and lock time zone table: Table 'mysql.time_zone_leap_second' doesn't exist trying to live without them
MySql\bin\mysqld.exe: ready for connections.
Version: '4.1.9-max'  socket: ''  port: 3306  Source distribution
101008 14:28:12 [Note] MySql\bin\mysqld.exe: Normal shutdown

110922  9:41:19  InnoDB: Started; log sequence number 0 43654
110922  9:41:19 [Warning] mysql.user table is not updated to new password format; Disabling new password usage until mysql_fix_privilege_tables is run
110922  9:41:19 [Warning] Can't open and lock time zone table: Table 'mysql.time_zone_leap_second' doesn't exist trying to live without them
N:\EASYPH~1\MySql\bin\mysqld.exe: ready for connections.
Version: '4.1.9-max'  socket: ''  port: 3306  Source distribution
110922 10:24:18 [Note] N:\EASYPH~1\MySql\bin\mysqld.exe: Normal shutdown

110922 10:24:18  InnoDB: Starting shutdown...
110922 10:24:21  InnoDB: Shutdown completed; log sequence number 0 43654
110922 10:24:21 [Note] N:\EASYPH~1\MySql\bin\mysqld.exe: Shutdown complete

110929 10:10:54  InnoDB: Started; log sequence number 0 43654
110929 10:10:54 [Warning] mysql.user table is not updated to new password format; Disabling new password usage until mysql_fix_privilege_tables is run
110929 10:10:55 [Warning] Can't open and lock time zone table: Table 'mysql.time_zone_leap_second' doesn't exist trying to live without them
MySql\bin\mysqld.exe: ready for connections.
Version: '4.1.9-max'  socket: ''  port: 3306  Source distribution
110929 10:23:37 [Note] MySql\bin\mysqld.exe: Normal shutdown

110929 10:23:37  InnoDB: Starting shutdown...
110929 10:23:38  InnoDB: Shutdown completed; log sequence number 0 43654
110929 10:23:38 [Note] MySql\bin\mysqld.exe: Shutdown complete

111006  9:32:17  InnoDB: Started; log sequence number 0 43654
111006  9:32:17 [Warning] mysql.user table is not updated to new password format; Disabling new password usage until mysql_fix_privilege_tables is run
111006  9:32:17 [Warning] Can't open and lock time zone table: Table 'mysql.time_zone_leap_second' doesn't exist trying to live without them
N:\EASYPH~1\MySql\bin\mysqld.exe: ready for connections.
Version: '4.1.9-max'  socket: ''  port: 3306  Source distribution
111006  9:50:51 [Note] N:\EASYPH~1\MySql\bin\mysqld.exe: Normal shutdown

111006  9:50:51  InnoDB: Starting shutdown...
111006  9:50:52  InnoDB: Shutdown completed; log sequence number 0 43654
111006  9:50:52 [Note] N:\EASYPH~1\MySql\bin\mysqld.exe: Shutdown complete

120329  9:04:19  InnoDB: Started; log sequence number 0 43654
120329  9:04:19 [Warning] mysql.user table is not updated to new password format; Disabling new password usage until mysql_fix_privilege_tables is run
120329  9:04:19 [Warning] Can't open and lock time zone table: Table 'mysql.time_zone_leap_second' doesn't exist trying to live without them
N:\EASYPH~1\MySql\bin\mysqld.exe: ready for connections.
Version: '4.1.9-max'  socket: ''  port: 3306  Source distribution
120329 11:07:54 [Note] N:\EASYPH~1\MySql\bin\mysqld.exe: Normal shutdown

120329 11:07:54  InnoDB: Starting shutdown...
120329 11:07:57  InnoDB: Shutdown completed; log sequence number 0 43654
120329 11:07:57 [Note] N:\EASYPH~1\MySql\bin\mysqld.exe: Shutdown complete

120329 15:31:36  InnoDB: Started; log sequence number 0 43654
120329 15:31:36 [Warning] mysql.user table is not updated to new password format; Disabling new password usage until mysql_fix_privilege_tables is run
120329 15:31:36 [Warning] Can't open and lock time zone table: Table 'mysql.time_zone_leap_second' doesn't exist trying to live without them
N:\EASYPH~1\MySql\bin\mysqld.exe: ready for connections.
Version: '4.1.9-max'  socket: ''  port: 3306  Source distribution
120329 16:26:06 [Note] N:\EASYPH~1\MySql\bin\mysqld.exe: Normal shutdown

120329 16:26:06  InnoDB: Starting shutdown...
120329 16:26:08  InnoDB: Shutdown completed; log sequence number 0 43654
120329 16:26:08 [Note] N:\EASYPH~1\MySql\bin\mysqld.exe: Shutdown complete

120426  9:09:46  InnoDB: Started; log sequence number 0 43654
120426  9:09:46 [Warning] mysql.user table is not updated to new password format; Disabling new password usage until mysql_fix_privilege_tables is run
120426  9:09:46 [Warning] Can't open and lock time zone table: Table 'mysql.time_zone_leap_second' doesn't exist trying to live without them
N:\EASYPH~1\MySql\bin\mysqld.exe: ready for connections.
Version: '4.1.9-max'  socket: ''  port: 3306  Source distribution
120426  9:50:35 [Note] N:\EASYPH~1\MySql\bin\mysqld.exe: Normal shutdown

120426  9:50:35  InnoDB: Starting shutdown...
120426  9:50:38  InnoDB: Shutdown completed; log sequence number 0 43654
120426  9:50:38 [Note] N:\EASYPH~1\MySql\bin\mysqld.exe: Shutdown complete

120426  9:50:56  InnoDB: Started; log sequence number 0 43654
120426  9:50:56 [Warning] mysql.user table is not updated to new password format; Disabling new password usage until mysql_fix_privilege_tables is run
120426  9:50:56 [Warning] Can't open and lock time zone table: Table 'mysql.time_zone_leap_second' doesn't exist trying to live without them
N:\EASYPH~1\MySql\bin\mysqld.exe: ready for connections.
Version: '4.1.9-max'  socket: ''  port: 3306  Source distribution
120426 10:11:56 [Note] N:\EASYPH~1\MySql\bin\mysqld.exe: Normal shutdown

120426 10:11:56  InnoDB: Starting shutdown...
120426 10:11:59  InnoDB: Shutdown completed; log sequence number 0 43654
120426 10:11:59 [Note] N:\EASYPH~1\MySql\bin\mysqld.exe: Shutdown complete

120426 10:12:00 [Warning] mysql.user table is not updated to new password format; Disabling new password usage until mysql_fix_privilege_tables is run
120426 10:12:00 [Warning] Can't open and lock time zone table: Table 'mysql.time_zone_leap_second' doesn't exist trying to live without them
N:\EASYPH~1\MySql\bin\mysqld.exe: ready for connections.
Version: '4.1.9-max'  socket: ''  port: 3306  Source distribution
120426 10:12:00 [Note] N:\EASYPH~1\MySql\bin\mysqld.exe: Normal shutdown

120426 10:12:00 [Note] N:\EASYPH~1\MySql\bin\mysqld.exe: Shutdown complete

120426 10:12:01 [Warning] mysql.user table is not updated to new password format; Disabling new password usage until mysql_fix_privilege_tables is run
120426 10:12:01 [Warning] Can't open and lock time zone table: Table 'mysql.time_zone_leap_second' doesn't exist trying to live without them
N:\EASYPH~1\MySql\bin\mysqld.exe: ready for connections.
Version: '4.1.9-max'  socket: ''  port: 3306  Source distribution
120426 10:12:04 [Note] N:\EASYPH~1\MySql\bin\mysqld.exe: Normal shutdown

120426 10:12:04 [Note] N:\EASYPH~1\MySql\bin\mysqld.exe: Shutdown complete

120426 10:12:08 [Warning] mysql.user table is not updated to new password format; Disabling new password usage until mysql_fix_privilege_tables is run
120426 10:12:08 [Warning] Can't open and lock time zone table: Table 'mysql.time_zone_leap_second' doesn't exist trying to live without them
N:\EASYPH~1\MySql\bin\mysqld.exe: ready for connections.
Version: '4.1.9-max'  socket: ''  port: 3306  Source distribution
120426 10:12:48 [Note] N:\EASYPH~1\MySql\bin\mysqld.exe: Normal shutdown

120426 10:12:48 [Note] N:\EASYPH~1\MySql\bin\mysqld.exe: Shutdown complete

120426 15:32:17  InnoDB: Started; log sequence number 0 43665
120426 15:32:18 [Note] \\BPL-FS01\Staff User Data$\TIM~1.BAR\EASYPH~1\MySql\bin\mysqld.exe: ready for connections.
Version: '5.0.27-community-log'  socket: ''  port: 3306  MySQL Community Edition (GPL)
120426 15:32:19 [Note] \\BPL-FS01\Staff User Data$\TIM~1.BAR\EASYPH~1\MySql\bin\mysqld.exe: Normal shutdown

120426 15:32:19  InnoDB: Starting shutdown...
120426 15:32:21  InnoDB: Shutdown completed; log sequence number 0 43665
120426 15:32:21 [Note] \\BPL-FS01\Staff User Data$\TIM~1.BAR\EASYPH~1\MySql\bin\mysqld.exe: Shutdown complete

120426 15:32:22  InnoDB: Started; log sequence number 0 43665
120426 15:32:23 [Note] \\BPL-FS01\Staff User Data$\TIM~1.BAR\EASYPH~1\MySql\bin\mysqld.exe: ready for connections.
Version: '5.0.27-community-log'  socket: ''  port: 3306  MySQL Community Edition (GPL)
120426 16:15:54 [Note] \\BPL-FS01\Staff User Data$\TIM~1.BAR\EASYPH~1\MySql\bin\mysqld.exe: Normal shutdown

120426 16:15:54  InnoDB: Starting shutdown...
120426 16:15:57  InnoDB: Shutdown completed; log sequence number 0 43665
120426 16:15:57 [Note] \\BPL-FS01\Staff User Data$\TIM~1.BAR\EASYPH~1\MySql\bin\mysqld.exe: Shutdown complete

120517 16:16:59  InnoDB: Started; log sequence number 0 43665
120517 16:17:01 [Note] N:\EASYPH~1\MySql\bin\mysqld.exe: ready for connections.
Version: '5.0.27-community-log'  socket: ''  port: 3306  MySQL Community Edition (GPL)
120517 16:17:02 [Note] N:\EASYPH~1\MySql\bin\mysqld.exe: Normal shutdown

120517 16:17:02  InnoDB: Starting shutdown...
120517 16:17:04  InnoDB: Shutdown completed; log sequence number 0 43665
120517 16:17:04 [Note] N:\EASYPH~1\MySql\bin\mysqld.exe: Shutdown complete

120517 16:17:05  InnoDB: Started; log sequence number 0 43665
120517 16:17:05 [Note] N:\EASYPH~1\MySql\bin\mysqld.exe: ready for connections.
Version: '5.0.27-community-log'  socket: ''  port: 3306  MySQL Community Edition (GPL)
120517 16:20:37 [Note] N:\EASYPH~1\MySql\bin\mysqld.exe: Normal shutdown

120517 16:20:37  InnoDB: Starting shutdown...
120517 16:20:39  InnoDB: Shutdown completed; log sequence number 0 43665
120517 16:20:39 [Note] N:\EASYPH~1\MySql\bin\mysqld.exe: Shutdown complete

120524  9:56:16  InnoDB: Started; log sequence number 0 43665
120524  9:56:17 [Note] N:\EASYPH~1\MySql\bin\mysqld.exe: ready for connections.
Version: '5.0.27-community-log'  socket: ''  port: 3306  MySQL Community Edition (GPL)
120524  9:56:18 [Note] N:\EASYPH~1\MySql\bin\mysqld.exe: Normal shutdown

120524  9:56:18  InnoDB: Starting shutdown...
120524  9:56:20  InnoDB: Shutdown completed; log sequence number 0 43665
120524  9:56:20 [Note] N:\EASYPH~1\MySql\bin\mysqld.exe: Shutdown complete

120524  9:56:22  InnoDB: Started; log sequence number 0 43665
120524  9:56:22 [Note] N:\EASYPH~1\MySql\bin\mysqld.exe: ready for connections.
Version: '5.0.27-community-log'  socket: ''  port: 3306  MySQL Community Edition (GPL)
120531  9:41:05  InnoDB: Started; log sequence number 0 43665
120531  9:41:06 [Note] N:\EASYPH~1\MySql\bin\mysqld.exe: ready for connections.
Version: '5.0.27-community-log'  socket: ''  port: 3306  MySQL Community Edition (GPL)
120531  9:41:07 [Note] N:\EASYPH~1\MySql\bin\mysqld.exe: Normal shutdown

120531  9:41:07  InnoDB: Starting shutdown...
120531  9:41:09  InnoDB: Shutdown completed; log sequence number 0 43665
120531  9:41:09 [Note] N:\EASYPH~1\MySql\bin\mysqld.exe: Shutdown complete

120531  9:41:11  InnoDB: Started; log sequence number 0 43665
120531  9:41:12 [Note] N:\EASYPH~1\MySql\bin\mysqld.exe: ready for connections.
Version: '5.0.27-community-log'  socket: ''  port: 3306  MySQL Community Edition (GPL)
120531 10:46:43 [Note] N:\EASYPH~1\MySql\bin\mysqld.exe: Normal shutdown

120531 10:46:43  InnoDB: Starting shutdown...
120531 10:46:47  InnoDB: Shutdown completed; log sequence number 0 43665
120531 10:46:47 [Note] N:\EASYPH~1\MySql\bin\mysqld.exe: Shutdown complete

