090108 10:59:31  InnoDB: Started; log sequence number 0 43634
090108 10:59:31 [Warning] mysql.user table is not updated to new password format; Disabling new password usage until mysql_fix_privilege_tables is run
090108 10:59:31 [Warning] Can't open and lock time zone table: Table 'mysql.time_zone_leap_second' doesn't exist trying to live without them
N:\EASYPH~1\MySql\bin\mysqld.exe: ready for connections.
Version: '4.1.9-max'  socket: ''  port: 3306  Source distribution
090108 13:19:09 [Note] N:\EASYPH~1\MySql\bin\mysqld.exe: Normal shutdown

090108 13:19:09  InnoDB: Starting shutdown...
090108 13:19:11  InnoDB: Shutdown completed; log sequence number 0 43634
090108 13:19:11 [Note] N:\EASYPH~1\MySql\bin\mysqld.exe: Shutdown complete

090115 12:06:17  InnoDB: Started; log sequence number 0 43634
090115 12:06:17 [Warning] mysql.user table is not updated to new password format; Disabling new password usage until mysql_fix_privilege_tables is run
090115 12:06:17 [Warning] Can't open and lock time zone table: Table 'mysql.time_zone_leap_second' doesn't exist trying to live without them
N:\EASYPH~1\MySql\bin\mysqld.exe: ready for connections.
Version: '4.1.9-max'  socket: ''  port: 3306  Source distribution
090115 12:27:21 [Note] N:\EASYPH~1\MySql\bin\mysqld.exe: Normal shutdown

090115 12:27:21  InnoDB: Starting shutdown...
090115 12:27:23  InnoDB: Shutdown completed; log sequence number 0 43634
090115 12:27:23 [Note] N:\EASYPH~1\MySql\bin\mysqld.exe: Shutdown complete

090116  8:07:13  InnoDB: Started; log sequence number 0 43634
090116  8:07:13 [Warning] mysql.user table is not updated to new password format; Disabling new password usage until mysql_fix_privilege_tables is run
090116  8:07:13 [Warning] Can't open and lock time zone table: Table 'mysql.time_zone_leap_second' doesn't exist trying to live without them
N:\EASYPH~1\MySql\bin\mysqld.exe: ready for connections.
Version: '4.1.9-max'  socket: ''  port: 3306  Source distribution
090116  8:07:22  InnoDB: Started; log sequence number 0 43634
090116  8:07:22 [Warning] mysql.user table is not updated to new password format; Disabling new password usage until mysql_fix_privilege_tables is run
090116  8:07:22 [Warning] Can't open and lock time zone table: Table 'mysql.time_zone_leap_second' doesn't exist trying to live without them
N:\EASYPH~1\MySql\bin\mysqld.exe: ready for connections.
Version: '4.1.9-max'  socket: ''  port: 3306  Source distribution
090116  8:15:37 [Note] N:\EASYPH~1\MySql\bin\mysqld.exe: Normal shutdown

090116  8:15:37  InnoDB: Starting shutdown...
090116  8:15:39  InnoDB: Shutdown completed; log sequence number 0 43634
090116  8:15:39 [Note] N:\EASYPH~1\MySql\bin\mysqld.exe: Shutdown complete

