InnoDB: The first specified data file .\ibdata1 did not exist:
InnoDB: a new database to be created!
091006 14:24:12  InnoDB: Setting file .\ibdata1 size to 10 MB
InnoDB: Database physically writes the file full: wait...
091006 14:24:20  InnoDB: Log file .\ib_logfile0 did not exist: new to be created
InnoDB: Setting log file .\ib_logfile0 size to 5 MB
InnoDB: Database physically writes the file full: wait...
091006 14:24:24  InnoDB: Log file .\ib_logfile1 did not exist: new to be created
InnoDB: Setting log file .\ib_logfile1 size to 5 MB
InnoDB: Database physically writes the file full: wait...
InnoDB: Doublewrite buffer not found: creating new
InnoDB: Doublewrite buffer created
InnoDB: Creating foreign key constraint system tables
InnoDB: Foreign key constraint system tables created
091006 14:24:33  InnoDB: Started; log sequence number 0 0
091006 14:24:37 [Note] i:\EASYPH~1.0B1\MySql\bin\mysqld.exe: ready for connections.
Version: '5.0.27-community-log'  socket: ''  port: 3306  MySQL Community Edition (GPL)
091006 14:24:38 [Note] i:\EASYPH~1.0B1\MySql\bin\mysqld.exe: Normal shutdown

091006 14:24:39  InnoDB: Starting shutdown...
091006 14:24:43  InnoDB: Shutdown completed; log sequence number 0 43655
091006 14:24:43 [Note] i:\EASYPH~1.0B1\MySql\bin\mysqld.exe: Shutdown complete

101209 15:43:12  InnoDB: Started; log sequence number 0 43655
101209 15:43:13 [Note] V:\SCHOOL~4\COMPUT~1\VLEBAC~1\COMPUT~1\tbarker\EASYPH~1.0B1\MySql\bin\mysqld.exe: ready for connections.
Version: '5.0.27-community-log'  socket: ''  port: 3306  MySQL Community Edition (GPL)
101209 15:43:14 [Note] V:\SCHOOL~4\COMPUT~1\VLEBAC~1\COMPUT~1\tbarker\EASYPH~1.0B1\MySql\bin\mysqld.exe: Normal shutdown

101209 15:43:14  InnoDB: Starting shutdown...
101209 15:43:17  InnoDB: Shutdown completed; log sequence number 0 43655
101209 15:43:17 [Note] V:\SCHOOL~4\COMPUT~1\VLEBAC~1\COMPUT~1\tbarker\EASYPH~1.0B1\MySql\bin\mysqld.exe: Shutdown complete

101209 15:43:18  InnoDB: Started; log sequence number 0 43655
101209 15:43:18 [Note] V:\SCHOOL~4\COMPUT~1\VLEBAC~1\COMPUT~1\tbarker\EASYPH~1.0B1\MySql\bin\mysqld.exe: ready for connections.
Version: '5.0.27-community-log'  socket: ''  port: 3306  MySQL Community Edition (GPL)
101209 16:28:04 [Note] V:\SCHOOL~4\COMPUT~1\VLEBAC~1\COMPUT~1\tbarker\EASYPH~1.0B1\MySql\bin\mysqld.exe: Normal shutdown

101209 16:28:04  InnoDB: Starting shutdown...
101209 16:28:06  InnoDB: Shutdown completed; log sequence number 0 43655
101209 16:28:06 [Note] V:\SCHOOL~4\COMPUT~1\VLEBAC~1\COMPUT~1\tbarker\EASYPH~1.0B1\MySql\bin\mysqld.exe: Shutdown complete

