090924  8:29:51  InnoDB: Started; log sequence number 0 43634
090924  8:29:51 [Warning] mysql.user table is not updated to new password format; Disabling new password usage until mysql_fix_privilege_tables is run
090924  8:29:51 [Warning] Can't open and lock time zone table: Table 'mysql.time_zone_leap_second' doesn't exist trying to live without them
MySql\bin\mysqld.exe: ready for connections.
Version: '4.1.9-max'  socket: ''  port: 3306  Source distribution
090924 10:56:36 [Note] MySql\bin\mysqld.exe: Normal shutdown

090924 10:56:36  InnoDB: Starting shutdown...
090924 10:56:39  InnoDB: Shutdown completed; log sequence number 0 43634
090924 10:56:39 [Note] MySql\bin\mysqld.exe: Shutdown complete

091001  8:15:40  InnoDB: Started; log sequence number 0 43634
091001  8:15:40 [Warning] mysql.user table is not updated to new password format; Disabling new password usage until mysql_fix_privilege_tables is run
091001  8:15:40 [Warning] Can't open and lock time zone table: Table 'mysql.time_zone_leap_second' doesn't exist trying to live without them
MySql\bin\mysqld.exe: ready for connections.
Version: '4.1.9-max'  socket: ''  port: 3306  Source distribution
091001  8:38:04 [Note] MySql\bin\mysqld.exe: Normal shutdown

091001  8:38:04  InnoDB: Starting shutdown...
091001  8:38:06  InnoDB: Shutdown completed; log sequence number 0 43634
091001  8:38:06 [Note] MySql\bin\mysqld.exe: Shutdown complete

091001  8:38:42  InnoDB: Started; log sequence number 0 43634
091001  8:38:42 [Warning] mysql.user table is not updated to new password format; Disabling new password usage until mysql_fix_privilege_tables is run
091001  8:38:42 [Warning] Can't open and lock time zone table: Table 'mysql.time_zone_leap_second' doesn't exist trying to live without them
MySql\bin\mysqld.exe: ready for connections.
Version: '4.1.9-max'  socket: ''  port: 3306  Source distribution
091001  8:56:01 [Note] MySql\bin\mysqld.exe: Normal shutdown

091012  8:08:17  InnoDB: Started; log sequence number 0 43634
091012  8:08:17 [Warning] mysql.user table is not updated to new password format; Disabling new password usage until mysql_fix_privilege_tables is run
091012  8:08:17 [Warning] Can't open and lock time zone table: Table 'mysql.time_zone_leap_second' doesn't exist trying to live without them
N:\EASYPH~1\MySql\bin\mysqld.exe: ready for connections.
Version: '4.1.9-max'  socket: ''  port: 3306  Source distribution
091012  8:08:34  InnoDB: Started; log sequence number 0 43634
091012  8:08:35 [Warning] mysql.user table is not updated to new password format; Disabling new password usage until mysql_fix_privilege_tables is run
091012  8:08:35 [Warning] Can't open and lock time zone table: Table 'mysql.time_zone_leap_second' doesn't exist trying to live without them
N:\EASYPH~1\MySql\bin\mysqld.exe: ready for connections.
Version: '4.1.9-max'  socket: ''  port: 3306  Source distribution
091012 11:12:26 [Note] N:\EASYPH~1\MySql\bin\mysqld.exe: Normal shutdown

091012 11:12:26  InnoDB: Starting shutdown...
091012 11:12:27  InnoDB: Shutdown completed; log sequence number 0 43634
091012 11:12:27 [Note] N:\EASYPH~1\MySql\bin\mysqld.exe: Shutdown complete

091012 11:12:29  InnoDB: Started; log sequence number 0 43634
091012 11:12:29 [Warning] mysql.user table is not updated to new password format; Disabling new password usage until mysql_fix_privilege_tables is run
091012 11:12:29 [Warning] Can't open and lock time zone table: Table 'mysql.time_zone_leap_second' doesn't exist trying to live without them
N:\EASYPH~1\MySql\bin\mysqld.exe: ready for connections.
Version: '4.1.9-max'  socket: ''  port: 3306  Source distribution
091012 11:16:36 [Note] N:\EASYPH~1\MySql\bin\mysqld.exe: Normal shutdown

091012 11:16:36  InnoDB: Starting shutdown...
091012 11:16:39  InnoDB: Shutdown completed; log sequence number 0 43634
091012 11:16:39 [Note] N:\EASYPH~1\MySql\bin\mysqld.exe: Shutdown complete

091106 11:22:05  InnoDB: Started; log sequence number 0 43634
091106 11:22:05 [Warning] mysql.user table is not updated to new password format; Disabling new password usage until mysql_fix_privilege_tables is run
091106 11:22:05 [Warning] Can't open and lock time zone table: Table 'mysql.time_zone_leap_second' doesn't exist trying to live without them
N:\EASYPH~1\MySql\bin\mysqld.exe: ready for connections.
Version: '4.1.9-max'  socket: ''  port: 3306  Source distribution
091106 11:55:43 [Note] N:\EASYPH~1\MySql\bin\mysqld.exe: Normal shutdown

091106 11:55:43  InnoDB: Starting shutdown...
091106 11:55:45  InnoDB: Shutdown completed; log sequence number 0 43634
091106 11:55:45 [Note] N:\EASYPH~1\MySql\bin\mysqld.exe: Shutdown complete

091124 11:49:03  InnoDB: Started; log sequence number 0 43634
091124 11:49:04 [Warning] mysql.user table is not updated to new password format; Disabling new password usage until mysql_fix_privilege_tables is run
091124 11:49:04 [Warning] Can't open and lock time zone table: Table 'mysql.time_zone_leap_second' doesn't exist trying to live without them
N:\EASYPH~1\MySql\bin\mysqld.exe: ready for connections.
Version: '4.1.9-max'  socket: ''  port: 3306  Source distribution
091124 11:49:11  InnoDB: Started; log sequence number 0 43634
091124 11:49:11 [Warning] mysql.user table is not updated to new password format; Disabling new password usage until mysql_fix_privilege_tables is run
091124 11:49:11 [Warning] Can't open and lock time zone table: Table 'mysql.time_zone_leap_second' doesn't exist trying to live without them
N:\EASYPH~1\MySql\bin\mysqld.exe: ready for connections.
Version: '4.1.9-max'  socket: ''  port: 3306  Source distribution
091124 12:26:53 [Note] N:\EASYPH~1\MySql\bin\mysqld.exe: Normal shutdown

091124 12:26:53  InnoDB: Starting shutdown...
091124 12:26:55  InnoDB: Shutdown completed; log sequence number 0 43634
091124 12:26:55 [Note] N:\EASYPH~1\MySql\bin\mysqld.exe: Shutdown complete

100908 12:36:49  InnoDB: Started; log sequence number 0 43634
100908 12:36:49 [Warning] mysql.user table is not updated to new password format; Disabling new password usage until mysql_fix_privilege_tables is run
100908 12:36:49 [Warning] Can't open and lock time zone table: Table 'mysql.time_zone_leap_second' doesn't exist trying to live without them
MySql\bin\mysqld.exe: ready for connections.
Version: '4.1.9-max'  socket: ''  port: 3306  Source distribution
100908 13:22:41 [Note] MySql\bin\mysqld.exe: Normal shutdown

100908 13:22:41  InnoDB: Starting shutdown...
100908 13:22:43  InnoDB: Shutdown completed; log sequence number 0 43634
100908 13:22:43 [Note] MySql\bin\mysqld.exe: Shutdown complete

100913  8:59:23  InnoDB: Started; log sequence number 0 43634
100913  8:59:23 [Warning] mysql.user table is not updated to new password format; Disabling new password usage until mysql_fix_privilege_tables is run
100913  8:59:23 [Warning] Can't open and lock time zone table: Table 'mysql.time_zone_leap_second' doesn't exist trying to live without them
MySql\bin\mysqld.exe: ready for connections.
Version: '4.1.9-max'  socket: ''  port: 3306  Source distribution
100913  9:15:18 [Note] MySql\bin\mysqld.exe: Normal shutdown

100913  9:15:18  InnoDB: Starting shutdown...
100913  9:15:21  InnoDB: Shutdown completed; log sequence number 0 43634
100913  9:15:21 [Note] MySql\bin\mysqld.exe: Shutdown complete

110923 15:33:42  InnoDB: Started; log sequence number 0 43654
110923 15:33:42 [Warning] mysql.user table is not updated to new password format; Disabling new password usage until mysql_fix_privilege_tables is run
110923 15:33:42 [Warning] Can't open and lock time zone table: Table 'mysql.time_zone_leap_second' doesn't exist trying to live without them
N:\EASYPH~1\MySql\bin\mysqld.exe: ready for connections.
Version: '4.1.9-max'  socket: ''  port: 3306  Source distribution
110923 16:14:10 [Note] N:\EASYPH~1\MySql\bin\mysqld.exe: Normal shutdown

110923 16:14:10  InnoDB: Starting shutdown...
110923 16:14:12  InnoDB: Shutdown completed; log sequence number 0 43654
110923 16:14:12 [Note] N:\EASYPH~1\MySql\bin\mysqld.exe: Shutdown complete

110930 14:07:42  InnoDB: Started; log sequence number 0 43654
110930 14:07:42 [Warning] mysql.user table is not updated to new password format; Disabling new password usage until mysql_fix_privilege_tables is run
110930 14:07:42 [Warning] Can't open and lock time zone table: Table 'mysql.time_zone_leap_second' doesn't exist trying to live without them
N:\EASYPH~1\MySql\bin\mysqld.exe: ready for connections.
Version: '4.1.9-max'  socket: ''  port: 3306  Source distribution
110930 15:34:22 [Note] N:\EASYPH~1\MySql\bin\mysqld.exe: Normal shutdown

110930 15:34:22  InnoDB: Starting shutdown...
110930 15:34:24  InnoDB: Shutdown completed; log sequence number 0 43654
110930 15:34:24 [Note] N:\EASYPH~1\MySql\bin\mysqld.exe: Shutdown complete

120316 14:28:30  InnoDB: Started; log sequence number 0 43654
120316 14:28:31 [Warning] mysql.user table is not updated to new password format; Disabling new password usage until mysql_fix_privilege_tables is run
120316 14:28:31 [Warning] Can't open and lock time zone table: Table 'mysql.time_zone_leap_second' doesn't exist trying to live without them
N:\EASYPH~1\MySql\bin\mysqld.exe: ready for connections.
Version: '4.1.9-max'  socket: ''  port: 3306  Source distribution
120316 16:57:48 [Note] N:\EASYPH~1\MySql\bin\mysqld.exe: Normal shutdown

120326 10:19:45  InnoDB: Started; log sequence number 0 43654
120326 10:19:45 [Warning] mysql.user table is not updated to new password format; Disabling new password usage until mysql_fix_privilege_tables is run
120326 10:19:45 [Warning] Can't open and lock time zone table: Table 'mysql.time_zone_leap_second' doesn't exist trying to live without them
N:\EASYPH~1\MySql\bin\mysqld.exe: ready for connections.
Version: '4.1.9-max'  socket: ''  port: 3306  Source distribution
120326 15:07:33 [Note] N:\EASYPH~1\MySql\bin\mysqld.exe: Normal shutdown

120326 15:07:33  InnoDB: Starting shutdown...
120326 15:07:35  InnoDB: Shutdown completed; log sequence number 0 43654
120326 15:07:35 [Note] N:\EASYPH~1\MySql\bin\mysqld.exe: Shutdown complete

120426 14:38:52  InnoDB: Started; log sequence number 0 43654
120426 14:38:52 [Warning] mysql.user table is not updated to new password format; Disabling new password usage until mysql_fix_privilege_tables is run
120426 14:38:52 [Warning] Can't open and lock time zone table: Table 'mysql.time_zone_leap_second' doesn't exist trying to live without them
MySql\bin\mysqld.exe: ready for connections.
Version: '4.1.9-max'  socket: ''  port: 3306  Source distribution
120426 14:56:11 [Note] MySql\bin\mysqld.exe: Normal shutdown

120426 14:56:11  InnoDB: Starting shutdown...
120426 14:56:12  InnoDB: Shutdown completed; log sequence number 0 43654
120426 14:56:12 [Note] MySql\bin\mysqld.exe: Shutdown complete

120426 15:02:09  InnoDB: Started; log sequence number 0 43655
120426 15:02:10 [Note] \\BPL-FS01\Staff User Data$\TIM~1.BAR\EASYPH~1\MySql\bin\mysqld.exe: ready for connections.
Version: '5.0.27-community-log'  socket: ''  port: 3306  MySQL Community Edition (GPL)
120426 15:02:11 [Note] \\BPL-FS01\Staff User Data$\TIM~1.BAR\EASYPH~1\MySql\bin\mysqld.exe: Normal shutdown

120426 15:02:11  InnoDB: Starting shutdown...
120426 15:02:13  InnoDB: Shutdown completed; log sequence number 0 43655
120426 15:02:13 [Note] \\BPL-FS01\Staff User Data$\TIM~1.BAR\EASYPH~1\MySql\bin\mysqld.exe: Shutdown complete

120426 15:02:15  InnoDB: Started; log sequence number 0 43655
120426 15:02:16 [Note] \\BPL-FS01\Staff User Data$\TIM~1.BAR\EASYPH~1\MySql\bin\mysqld.exe: ready for connections.
Version: '5.0.27-community-log'  socket: ''  port: 3306  MySQL Community Edition (GPL)
120426 15:24:55 [Note] \\BPL-FS01\Staff User Data$\TIM~1.BAR\EASYPH~1\MySql\bin\mysqld.exe: Normal shutdown

120426 15:24:55  InnoDB: Starting shutdown...
120426 15:24:57  InnoDB: Shutdown completed; log sequence number 0 43665
120426 15:24:57 [Note] \\BPL-FS01\Staff User Data$\TIM~1.BAR\EASYPH~1\MySql\bin\mysqld.exe: Shutdown complete

120511  8:23:52  InnoDB: Started; log sequence number 0 43665
120511  8:23:52 [Note] Recovering after a crash using mysql-bin
120511  8:23:52 [Note] Starting crash recovery...
120511  8:23:52 [Note] Crash recovery finished.
120511  8:23:54 [Note] N:\EASYPH~1\MySql\bin\mysqld.exe: ready for connections.
Version: '5.0.27-community-log'  socket: ''  port: 3306  MySQL Community Edition (GPL)
120511  8:23:55 [Note] N:\EASYPH~1\MySql\bin\mysqld.exe: Normal shutdown

120511  8:23:55  InnoDB: Starting shutdown...
120511  8:23:56  InnoDB: Shutdown completed; log sequence number 0 43665
120511  8:23:56 [Note] N:\EASYPH~1\MySql\bin\mysqld.exe: Shutdown complete

120511  8:23:58  InnoDB: Started; log sequence number 0 43665
120511  8:23:59 [Note] N:\EASYPH~1\MySql\bin\mysqld.exe: ready for connections.
Version: '5.0.27-community-log'  socket: ''  port: 3306  MySQL Community Edition (GPL)
120511 15:29:27 [Note] N:\EASYPH~1\MySql\bin\mysqld.exe: Normal shutdown

120511 15:29:27  InnoDB: Starting shutdown...
120511 15:29:29  InnoDB: Shutdown completed; log sequence number 0 43665
120511 15:29:29 [Note] N:\EASYPH~1\MySql\bin\mysqld.exe: Shutdown complete

120518 12:39:46  InnoDB: Started; log sequence number 0 43665
120518 12:39:46 [Note] N:\EASYPH~1\MySql\bin\mysqld.exe: ready for connections.
Version: '5.0.27-community-log'  socket: ''  port: 3306  MySQL Community Edition (GPL)
120518 12:39:48 [Note] N:\EASYPH~1\MySql\bin\mysqld.exe: Normal shutdown

120518 12:39:48  InnoDB: Starting shutdown...
120518 12:39:50  InnoDB: Shutdown completed; log sequence number 0 43665
120518 12:39:50 [Note] N:\EASYPH~1\MySql\bin\mysqld.exe: Shutdown complete

120518 12:39:53  InnoDB: Started; log sequence number 0 43665
120518 12:39:53 [Note] N:\EASYPH~1\MySql\bin\mysqld.exe: ready for connections.
Version: '5.0.27-community-log'  socket: ''  port: 3306  MySQL Community Edition (GPL)
120518 13:18:23 [Note] N:\EASYPH~1\MySql\bin\mysqld.exe: Normal shutdown

120518 13:18:23  InnoDB: Starting shutdown...
120518 13:18:25  InnoDB: Shutdown completed; log sequence number 0 43665
120518 13:18:25 [Note] N:\EASYPH~1\MySql\bin\mysqld.exe: Shutdown complete

120528 15:07:15  InnoDB: Started; log sequence number 0 43665
120528 15:07:16 [Note] N:\EASYPH~1\MySql\bin\mysqld.exe: ready for connections.
Version: '5.0.27-community-log'  socket: ''  port: 3306  MySQL Community Edition (GPL)
120528 15:07:17 [Note] N:\EASYPH~1\MySql\bin\mysqld.exe: Normal shutdown

120528 15:07:17  InnoDB: Starting shutdown...
120528 15:07:19  InnoDB: Shutdown completed; log sequence number 0 43665
120528 15:07:19 [Note] N:\EASYPH~1\MySql\bin\mysqld.exe: Shutdown complete

120528 15:07:20  InnoDB: Started; log sequence number 0 43665
120528 15:07:20 [Note] N:\EASYPH~1\MySql\bin\mysqld.exe: ready for connections.
Version: '5.0.27-community-log'  socket: ''  port: 3306  MySQL Community Edition (GPL)
120528 15:27:30 [Note] N:\EASYPH~1\MySql\bin\mysqld.exe: Normal shutdown

120528 15:27:30  InnoDB: Starting shutdown...
120528 15:27:32  InnoDB: Shutdown completed; log sequence number 0 43665
120528 15:27:32 [Note] N:\EASYPH~1\MySql\bin\mysqld.exe: Shutdown complete

120529  8:27:49  InnoDB: Started; log sequence number 0 43665
120529  8:27:51 [Note] \\BPL-FS01\Staff User Data$\TIM~1.BAR\EASYPH~1\MySql\bin\mysqld.exe: ready for connections.
Version: '5.0.27-community-log'  socket: ''  port: 3306  MySQL Community Edition (GPL)
120529  8:27:52 [Note] \\BPL-FS01\Staff User Data$\TIM~1.BAR\EASYPH~1\MySql\bin\mysqld.exe: Normal shutdown

120529  8:27:52  InnoDB: Starting shutdown...
120529  8:27:53  InnoDB: Shutdown completed; log sequence number 0 43665
120529  8:27:53 [Note] \\BPL-FS01\Staff User Data$\TIM~1.BAR\EASYPH~1\MySql\bin\mysqld.exe: Shutdown complete

120529  8:27:55  InnoDB: Started; log sequence number 0 43665
120529  8:27:55 [Note] \\BPL-FS01\Staff User Data$\TIM~1.BAR\EASYPH~1\MySql\bin\mysqld.exe: ready for connections.
Version: '5.0.27-community-log'  socket: ''  port: 3306  MySQL Community Edition (GPL)
120529  8:30:52 [Note] \\BPL-FS01\Staff User Data$\TIM~1.BAR\EASYPH~1\MySql\bin\mysqld.exe: Normal shutdown

120529  8:30:52  InnoDB: Starting shutdown...
120529  8:30:54  InnoDB: Shutdown completed; log sequence number 0 43665
120529  8:30:54 [Note] \\BPL-FS01\Staff User Data$\TIM~1.BAR\EASYPH~1\MySql\bin\mysqld.exe: Shutdown complete

