081014 20:05:27  InnoDB: Started; log sequence number 0 43634
081014 20:05:28 [Warning] mysql.user table is not updated to new password format; Disabling new password usage until mysql_fix_privilege_tables is run
081014 20:05:28 [Warning] Can't open and lock time zone table: Table 'mysql.time_zone_leap_second' doesn't exist trying to live without them
F:\EASYPH~1\MySql\bin\mysqld.exe: ready for connections.
Version: '4.1.9-max'  socket: ''  port: 3306  Source distribution
081014 21:20:51 [Note] F:\EASYPH~1\MySql\bin\mysqld.exe: Normal shutdown

081014 21:20:51  InnoDB: Starting shutdown...
081014 21:20:53  InnoDB: Shutdown completed; log sequence number 0 43634
081014 21:20:53 [Note] F:\EASYPH~1\MySql\bin\mysqld.exe: Shutdown complete

081021 20:18:26  InnoDB: Started; log sequence number 0 43634
081021 20:18:28 [Warning] mysql.user table is not updated to new password format; Disabling new password usage until mysql_fix_privilege_tables is run
081021 20:18:28 [Warning] Can't open and lock time zone table: Table 'mysql.time_zone_leap_second' doesn't exist trying to live without them
F:\EASYPH~1\MySql\bin\mysqld.exe: ready for connections.
Version: '4.1.9-max'  socket: ''  port: 3306  Source distribution
081022 18:26:49  InnoDB: Started; log sequence number 0 43634
081022 18:26:51 [Warning] mysql.user table is not updated to new password format; Disabling new password usage until mysql_fix_privilege_tables is run
081022 18:26:51 [Warning] Can't open and lock time zone table: Table 'mysql.time_zone_leap_second' doesn't exist trying to live without them
F:\EASYPH~1\MySql\bin\mysqld.exe: ready for connections.
Version: '4.1.9-max'  socket: ''  port: 3306  Source distribution
081022 21:48:17 [Note] F:\EASYPH~1\MySql\bin\mysqld.exe: Normal shutdown

081022 21:48:17  InnoDB: Starting shutdown...
081022 21:48:20  InnoDB: Shutdown completed; log sequence number 0 43634
081022 21:48:20 [Note] F:\EASYPH~1\MySql\bin\mysqld.exe: Shutdown complete

081023 18:37:31  InnoDB: Started; log sequence number 0 43634
081023 18:37:32 [Warning] mysql.user table is not updated to new password format; Disabling new password usage until mysql_fix_privilege_tables is run
081023 18:37:32 [Warning] Can't open and lock time zone table: Table 'mysql.time_zone_leap_second' doesn't exist trying to live without them
F:\EASYPH~1\MySql\bin\mysqld.exe: ready for connections.
Version: '4.1.9-max'  socket: ''  port: 3306  Source distribution
081023 20:09:39 [Note] F:\EASYPH~1\MySql\bin\mysqld.exe: Normal shutdown

081023 20:09:39  InnoDB: Starting shutdown...
081023 20:09:42  InnoDB: Shutdown completed; log sequence number 0 43634
081023 20:09:42 [Note] F:\EASYPH~1\MySql\bin\mysqld.exe: Shutdown complete

