110920  9:57:00  InnoDB: Started; log sequence number 0 43654
110920  9:57:00 [Warning] mysql.user table is not updated to new password format; Disabling new password usage until mysql_fix_privilege_tables is run
110920  9:57:00 [Warning] Can't open and lock time zone table: Table 'mysql.time_zone_leap_second' doesn't exist trying to live without them
N:\EASYPH~1\MySql\bin\mysqld.exe: ready for connections.
Version: '4.1.9-max'  socket: ''  port: 3306  Source distribution
110920 12:19:24 [Note] N:\EASYPH~1\MySql\bin\mysqld.exe: Normal shutdown

110920 12:19:26  InnoDB: Starting shutdown...
110920 12:19:28  InnoDB: Shutdown completed; log sequence number 0 43654
110920 12:19:28 [Note] N:\EASYPH~1\MySql\bin\mysqld.exe: Shutdown complete

110927 10:22:38  InnoDB: Started; log sequence number 0 43654
110927 10:22:38 [Warning] mysql.user table is not updated to new password format; Disabling new password usage until mysql_fix_privilege_tables is run
110927 10:22:38 [Warning] Can't open and lock time zone table: Table 'mysql.time_zone_leap_second' doesn't exist trying to live without them
N:\EASYPH~1\MySql\bin\mysqld.exe: ready for connections.
Version: '4.1.9-max'  socket: ''  port: 3306  Source distribution
110927 12:24:00 [Note] N:\EASYPH~1\MySql\bin\mysqld.exe: Normal shutdown

110927 12:24:00  InnoDB: Starting shutdown...
110927 12:24:01  InnoDB: Shutdown completed; log sequence number 0 43654
110927 12:24:01 [Note] N:\EASYPH~1\MySql\bin\mysqld.exe: Shutdown complete

111004  9:20:17  InnoDB: Started; log sequence number 0 43654
111004  9:20:18 [Warning] mysql.user table is not updated to new password format; Disabling new password usage until mysql_fix_privilege_tables is run
111004  9:20:18 [Warning] Can't open and lock time zone table: Table 'mysql.time_zone_leap_second' doesn't exist trying to live without them
N:\EASYPH~1\MySql\bin\mysqld.exe: ready for connections.
Version: '4.1.9-max'  socket: ''  port: 3306  Source distribution
111004 10:45:51 [Note] N:\EASYPH~1\MySql\bin\mysqld.exe: Normal shutdown

111004 10:45:51  InnoDB: Starting shutdown...
111004 10:45:53  InnoDB: Shutdown completed; log sequence number 0 43654
111004 10:45:53 [Note] N:\EASYPH~1\MySql\bin\mysqld.exe: Shutdown complete

