131008 15:44:29  InnoDB: Started; log sequence number 0 43665
131008 15:44:29 [Note] Recovering after a crash using mysql-bin
131008 15:44:29 [Note] Starting crash recovery...
131008 15:44:29 [Note] Crash recovery finished.
131008 15:44:31 [Note] V:\SCHOOL~2\COMPUT~1\NATION~1\Units\Unit16\EasyPhP\MySql\bin\mysqld.exe: ready for connections.
Version: '5.0.27-community-log'  socket: ''  port: 3306  MySQL Community Edition (GPL)
131015 15:56:44  InnoDB: Started; log sequence number 0 43665
131015 15:56:44 [Note] V:\SCHOOL~2\COMPUT~1\NATION~1\Units\Unit16\EasyPhP\MySql\bin\mysqld.exe: ready for connections.
Version: '5.0.27-community-log'  socket: ''  port: 3306  MySQL Community Edition (GPL)
131015 15:56:45 [Note] V:\SCHOOL~2\COMPUT~1\NATION~1\Units\Unit16\EasyPhP\MySql\bin\mysqld.exe: Normal shutdown

131015 15:56:45  InnoDB: Starting shutdown...
131015 15:56:48  InnoDB: Shutdown completed; log sequence number 0 43665
131015 15:56:48 [Note] V:\SCHOOL~2\COMPUT~1\NATION~1\Units\Unit16\EasyPhP\MySql\bin\mysqld.exe: Shutdown complete

131015 15:56:50  InnoDB: Started; log sequence number 0 43665
131015 15:56:51 [Note] V:\SCHOOL~2\COMPUT~1\NATION~1\Units\Unit16\EasyPhP\MySql\bin\mysqld.exe: ready for connections.
Version: '5.0.27-community-log'  socket: ''  port: 3306  MySQL Community Edition (GPL)
131015 16:37:14 [Note] V:\SCHOOL~2\COMPUT~1\NATION~1\Units\Unit16\EasyPhP\MySql\bin\mysqld.exe: Normal shutdown

131015 16:37:14  InnoDB: Starting shutdown...
131015 16:37:17  InnoDB: Shutdown completed; log sequence number 0 43665
131015 16:37:17 [Note] V:\SCHOOL~2\COMPUT~1\NATION~1\Units\Unit16\EasyPhP\MySql\bin\mysqld.exe: Shutdown complete

131112 16:13:50  InnoDB: Started; log sequence number 0 43665
131112 16:13:50 [Note] Recovering after a crash using mysql-bin
131112 16:13:50 [Note] Starting crash recovery...
131112 16:13:50 [Note] Crash recovery finished.
131112 16:13:51 [Note] V:\SCHOOL~2\COMPUT~1\NATION~1\Units\Unit16\EasyPhP\MySql\bin\mysqld.exe: ready for connections.
Version: '5.0.27-community-log'  socket: ''  port: 3306  MySQL Community Edition (GPL)
131112 16:13:52 [Note] V:\SCHOOL~2\COMPUT~1\NATION~1\Units\Unit16\EasyPhP\MySql\bin\mysqld.exe: Normal shutdown

131112 16:13:52  InnoDB: Starting shutdown...
131112 16:13:55  InnoDB: Shutdown completed; log sequence number 0 43665
131112 16:13:55 [Note] V:\SCHOOL~2\COMPUT~1\NATION~1\Units\Unit16\EasyPhP\MySql\bin\mysqld.exe: Shutdown complete

131112 16:13:58  InnoDB: Started; log sequence number 0 43665
131112 16:13:58 [Note] V:\SCHOOL~2\COMPUT~1\NATION~1\Units\Unit16\EasyPhP\MySql\bin\mysqld.exe: ready for connections.
Version: '5.0.27-community-log'  socket: ''  port: 3306  MySQL Community Edition (GPL)
131112 16:28:30 [Note] V:\SCHOOL~2\COMPUT~1\NATION~1\Units\Unit16\EasyPhP\MySql\bin\mysqld.exe: Normal shutdown

131112 16:28:30  InnoDB: Starting shutdown...
131112 16:28:32  InnoDB: Shutdown completed; log sequence number 0 43665
131112 16:28:32 [Note] V:\SCHOOL~2\COMPUT~1\NATION~1\Units\Unit16\EasyPhP\MySql\bin\mysqld.exe: Shutdown complete

131126 15:34:30  InnoDB: Started; log sequence number 0 43665
131126 15:34:30 [Note] Recovering after a crash using mysql-bin
131126 15:34:30 [Note] Starting crash recovery...
131126 15:34:30 [Note] Crash recovery finished.
131126 15:34:31 [Note] V:\SCHOOL~2\COMPUT~1\NATION~1\Units\Unit16\EasyPhP\MySql\bin\mysqld.exe: ready for connections.
Version: '5.0.27-community-log'  socket: ''  port: 3306  MySQL Community Edition (GPL)
131210 15:58:10  InnoDB: Started; log sequence number 0 43665
131210 15:58:10 [Note] V:\SCHOOL~2\COMPUT~1\NATION~1\Units\Unit16\EasyPhP\MySql\bin\mysqld.exe: ready for connections.
Version: '5.0.27-community-log'  socket: ''  port: 3306  MySQL Community Edition (GPL)
140107 15:32:55  InnoDB: Started; log sequence number 0 43665
140107 15:32:56 [Note] V:\SCHOOL~2\COMPUT~1\NATION~1\Units\Unit16\EasyPhP\MySql\bin\mysqld.exe: ready for connections.
Version: '5.0.27-community-log'  socket: ''  port: 3306  MySQL Community Edition (GPL)
140107 15:32:57 [Note] V:\SCHOOL~2\COMPUT~1\NATION~1\Units\Unit16\EasyPhP\MySql\bin\mysqld.exe: Normal shutdown

140107 15:32:57  InnoDB: Starting shutdown...
140107 15:32:59  InnoDB: Shutdown completed; log sequence number 0 43665
140107 15:32:59 [Note] V:\SCHOOL~2\COMPUT~1\NATION~1\Units\Unit16\EasyPhP\MySql\bin\mysqld.exe: Shutdown complete

140107 15:33:02  InnoDB: Started; log sequence number 0 43665
140107 15:33:02 [Note] V:\SCHOOL~2\COMPUT~1\NATION~1\Units\Unit16\EasyPhP\MySql\bin\mysqld.exe: ready for connections.
Version: '5.0.27-community-log'  socket: ''  port: 3306  MySQL Community Edition (GPL)
140107 16:30:55 [Note] V:\SCHOOL~2\COMPUT~1\NATION~1\Units\Unit16\EasyPhP\MySql\bin\mysqld.exe: Normal shutdown

140107 16:30:56  InnoDB: Starting shutdown...
140107 16:30:58  InnoDB: Shutdown completed; log sequence number 0 43665
140107 16:30:58 [Note] V:\SCHOOL~2\COMPUT~1\NATION~1\Units\Unit16\EasyPhP\MySql\bin\mysqld.exe: Shutdown complete

140114 15:39:58  InnoDB: Started; log sequence number 0 43665
140114 15:39:59 [Note] V:\SCHOOL~2\COMPUT~1\NATION~1\Units\Unit16\EasyPhP\MySql\bin\mysqld.exe: ready for connections.
Version: '5.0.27-community-log'  socket: ''  port: 3306  MySQL Community Edition (GPL)
140114 15:40:00 [Note] V:\SCHOOL~2\COMPUT~1\NATION~1\Units\Unit16\EasyPhP\MySql\bin\mysqld.exe: Normal shutdown

140114 15:40:00  InnoDB: Starting shutdown...
140114 15:40:04  InnoDB: Started; log sequence number 0 43665
140114 15:40:05 [Note] V:\SCHOOL~2\COMPUT~1\NATION~1\Units\Unit16\EasyPhP\MySql\bin\mysqld.exe: ready for connections.
Version: '5.0.27-community-log'  socket: ''  port: 3306  MySQL Community Edition (GPL)
140114 16:26:06 [Note] V:\SCHOOL~2\COMPUT~1\NATION~1\Units\Unit16\EasyPhP\MySql\bin\mysqld.exe: Normal shutdown

140114 16:26:06  InnoDB: Starting shutdown...
140114 16:26:09  InnoDB: Shutdown completed; log sequence number 0 43665
140114 16:26:09 [Note] V:\SCHOOL~2\COMPUT~1\NATION~1\Units\Unit16\EasyPhP\MySql\bin\mysqld.exe: Shutdown complete

140128 15:48:07  InnoDB: Started; log sequence number 0 43665
140128 15:48:08 [Note] V:\SCHOOL~2\COMPUT~1\NATION~1\Units\Unit16\EasyPhP\MySql\bin\mysqld.exe: ready for connections.
Version: '5.0.27-community-log'  socket: ''  port: 3306  MySQL Community Edition (GPL)
140128 15:48:09 [Note] V:\SCHOOL~2\COMPUT~1\NATION~1\Units\Unit16\EasyPhP\MySql\bin\mysqld.exe: Normal shutdown

140128 15:48:09  InnoDB: Starting shutdown...
140128 15:48:13  InnoDB: Started; log sequence number 0 43665
140128 15:48:13 [Note] V:\SCHOOL~2\COMPUT~1\NATION~1\Units\Unit16\EasyPhP\MySql\bin\mysqld.exe: ready for connections.
Version: '5.0.27-community-log'  socket: ''  port: 3306  MySQL Community Edition (GPL)
140128 16:25:31 [Note] V:\SCHOOL~2\COMPUT~1\NATION~1\Units\Unit16\EasyPhP\MySql\bin\mysqld.exe: Normal shutdown

140128 16:25:32  InnoDB: Starting shutdown...
140128 16:25:33  InnoDB: Shutdown completed; log sequence number 0 43665
140128 16:25:33 [Note] V:\SCHOOL~2\COMPUT~1\NATION~1\Units\Unit16\EasyPhP\MySql\bin\mysqld.exe: Shutdown complete

140204 16:11:36  InnoDB: Started; log sequence number 0 57446
140204 16:11:37 [Note] V:\SCHOOL~2\COMPUT~1\NATION~1\Units\Unit16\EasyPhP\MySql\bin\mysqld.exe: ready for connections.
Version: '5.0.27-community-log'  socket: ''  port: 3306  MySQL Community Edition (GPL)
151103 15:55:10  InnoDB: Started; log sequence number 0 93729
151103 15:55:11 [Note] V:\SCHOOL~2\COMPUT~1\NATION~1\Units\UNIT27~1\EasyPhP\MySql\bin\mysqld.exe: ready for connections.
Version: '5.0.27-community-log'  socket: ''  port: 3306  MySQL Community Edition (GPL)
151120 13:49:28  InnoDB: Started; log sequence number 0 108385
151120 13:49:28 [Note] Recovering after a crash using mysql-bin
151120 13:49:28 [Note] Starting crash recovery...
151120 13:49:28 [Note] Crash recovery finished.
151120 13:49:29 [Note] V:\SCHOOL~2\COMPUT~1\NATION~1\Units\UNIT27~1\EasyPhP\MySql\bin\mysqld.exe: ready for connections.
Version: '5.0.27-community-log'  socket: ''  port: 3306  MySQL Community Edition (GPL)
151120 13:51:43  InnoDB: Started; log sequence number 0 108385
151120 13:51:43 [Note] Recovering after a crash using mysql-bin
151120 13:51:43 [Note] Starting crash recovery...
151120 13:51:43 [Note] Crash recovery finished.
151120 13:51:44 [Note] V:\SCHOOL~2\COMPUT~1\NATION~1\Units\UNIT27~1\EasyPhP\MySql\bin\mysqld.exe: ready for connections.
Version: '5.0.27-community-log'  socket: ''  port: 3306  MySQL Community Edition (GPL)
151208 16:04:03  InnoDB: Started; log sequence number 0 122357
151208 16:04:04 [Note] V:\SCHOOL~2\COMPUT~1\NATION~1\Units\UNIT27~1\EasyPhP\MySql\bin\mysqld.exe: ready for connections.
Version: '5.0.27-community-log'  socket: ''  port: 3306  MySQL Community Edition (GPL)
151208 16:04:11  InnoDB: Started; log sequence number 0 122357
151208 16:04:11 [Note] Recovering after a crash using mysql-bin
151208 16:04:11 [Note] Starting crash recovery...
151208 16:04:11 [Note] Crash recovery finished.
151208 16:04:12 [Note] V:\SCHOOL~2\COMPUT~1\NATION~1\Units\UNIT27~1\EasyPhP\MySql\bin\mysqld.exe: ready for connections.
Version: '5.0.27-community-log'  socket: ''  port: 3306  MySQL Community Edition (GPL)
151208 16:26:33 [Note] V:\SCHOOL~2\COMPUT~1\NATION~1\Units\UNIT27~1\EasyPhP\MySql\bin\mysqld.exe: Normal shutdown

151208 16:26:33  InnoDB: Starting shutdown...
151208 16:26:36  InnoDB: Shutdown completed; log sequence number 0 122357
151208 16:26:36 [Note] V:\SCHOOL~2\COMPUT~1\NATION~1\Units\UNIT27~1\EasyPhP\MySql\bin\mysqld.exe: Shutdown complete

151211 13:39:10  InnoDB: Started; log sequence number 0 122357
151211 13:39:11 [Note] V:\SCHOOL~2\COMPUT~1\NATION~1\Units\UNIT27~1\EasyPhP\MySql\bin\mysqld.exe: ready for connections.
Version: '5.0.27-community-log'  socket: ''  port: 3306  MySQL Community Edition (GPL)
151215 15:43:10  InnoDB: Started; log sequence number 0 122357
151215 15:43:11 [Note] V:\SCHOOL~2\COMPUT~1\NATION~1\Units\UNIT27~1\EasyPhP\MySql\bin\mysqld.exe: ready for connections.
Version: '5.0.27-community-log'  socket: ''  port: 3306  MySQL Community Edition (GPL)
151215 15:43:12 [Note] V:\SCHOOL~2\COMPUT~1\NATION~1\Units\UNIT27~1\EasyPhP\MySql\bin\mysqld.exe: Normal shutdown

151215 15:43:12  InnoDB: Starting shutdown...
151215 15:43:14  InnoDB: Shutdown completed; log sequence number 0 122357
151215 15:43:14 [Note] V:\SCHOOL~2\COMPUT~1\NATION~1\Units\UNIT27~1\EasyPhP\MySql\bin\mysqld.exe: Shutdown complete

151215 15:43:17  InnoDB: Started; log sequence number 0 122357
151215 15:43:18 [Note] V:\SCHOOL~2\COMPUT~1\NATION~1\Units\UNIT27~1\EasyPhP\MySql\bin\mysqld.exe: ready for connections.
Version: '5.0.27-community-log'  socket: ''  port: 3306  MySQL Community Edition (GPL)
151215 16:29:46 [Note] V:\SCHOOL~2\COMPUT~1\NATION~1\Units\UNIT27~1\EasyPhP\MySql\bin\mysqld.exe: Normal shutdown

151215 16:29:46  InnoDB: Starting shutdown...
151215 16:29:48  InnoDB: Shutdown completed; log sequence number 0 122357
151215 16:29:48 [Note] V:\SCHOOL~2\COMPUT~1\NATION~1\Units\UNIT27~1\EasyPhP\MySql\bin\mysqld.exe: Shutdown complete

160126 15:44:11  InnoDB: Started; log sequence number 0 122702
160126 15:44:11 [Note] Recovering after a crash using mysql-bin
160126 15:44:11 [Note] Starting crash recovery...
160126 15:44:11 [Note] Crash recovery finished.
160126 15:44:12 [Note] V:\SCHOOL~2\COMPUT~1\NATION~1\Units\UNIT27~1\EasyPhP\MySql\bin\mysqld.exe: ready for connections.
Version: '5.0.27-community-log'  socket: ''  port: 3306  MySQL Community Edition (GPL)
160126 15:44:13 [Note] V:\SCHOOL~2\COMPUT~1\NATION~1\Units\UNIT27~1\EasyPhP\MySql\bin\mysqld.exe: Normal shutdown

160126 15:44:13  InnoDB: Starting shutdown...
160126 15:44:15  InnoDB: Shutdown completed; log sequence number 0 122702
160126 15:44:15 [Note] V:\SCHOOL~2\COMPUT~1\NATION~1\Units\UNIT27~1\EasyPhP\MySql\bin\mysqld.exe: Shutdown complete

160126 15:44:18  InnoDB: Started; log sequence number 0 122702
160126 15:44:18 [Note] V:\SCHOOL~2\COMPUT~1\NATION~1\Units\UNIT27~1\EasyPhP\MySql\bin\mysqld.exe: ready for connections.
Version: '5.0.27-community-log'  socket: ''  port: 3306  MySQL Community Edition (GPL)
160126 16:06:48 [Note] V:\SCHOOL~2\COMPUT~1\NATION~1\Units\UNIT27~1\EasyPhP\MySql\bin\mysqld.exe: Normal shutdown

160126 16:06:48  InnoDB: Starting shutdown...
160126 16:06:50  InnoDB: Shutdown completed; log sequence number 0 122702
160126 16:06:50 [Note] V:\SCHOOL~2\COMPUT~1\NATION~1\Units\UNIT27~1\EasyPhP\MySql\bin\mysqld.exe: Shutdown complete

160209 15:35:10  InnoDB: Started; log sequence number 0 122712
160209 15:35:11 [Note] V:\SCHOOL~2\COMPUT~1\NATION~1\Units\UNIT27~1\EasyPhP\MySql\bin\mysqld.exe: ready for connections.
Version: '5.0.27-community-log'  socket: ''  port: 3306  MySQL Community Edition (GPL)
160318 14:10:43  InnoDB: Started; log sequence number 0 122712
160318 14:10:43 [Note] Recovering after a crash using mysql-bin
160318 14:10:43 [Note] Starting crash recovery...
160318 14:10:43 [Note] Crash recovery finished.
160318 14:10:44 [Note] V:\SCHOOL~2\COMPUT~1\NATION~1\Units\UNIT27~1\EasyPhP\MySql\bin\mysqld.exe: ready for connections.
Version: '5.0.27-community-log'  socket: ''  port: 3306  MySQL Community Edition (GPL)
160415 13:35:09  InnoDB: Started; log sequence number 0 122722
160415 13:35:10 [Note] V:\SCHOOL~2\COMPUT~1\NATION~1\Units\UNIT27~1\EasyPhP\MySql\bin\mysqld.exe: ready for connections.
Version: '5.0.27-community-log'  socket: ''  port: 3306  MySQL Community Edition (GPL)
160415 13:35:17  InnoDB: Started; log sequence number 0 122722
160415 13:35:17 [Note] Recovering after a crash using mysql-bin
160415 13:35:17 [Note] Starting crash recovery...
160415 13:35:17 [Note] Crash recovery finished.
160415 13:35:18 [Note] V:\SCHOOL~2\COMPUT~1\NATION~1\Units\UNIT27~1\EasyPhP\MySql\bin\mysqld.exe: ready for connections.
Version: '5.0.27-community-log'  socket: ''  port: 3306  MySQL Community Edition (GPL)
160415 14:39:15 [Note] V:\SCHOOL~2\COMPUT~1\NATION~1\Units\UNIT27~1\EasyPhP\MySql\bin\mysqld.exe: Normal shutdown

160415 14:39:15  InnoDB: Starting shutdown...
160415 14:39:17  InnoDB: Shutdown completed; log sequence number 0 122722
160415 14:39:17 [Note] V:\SCHOOL~2\COMPUT~1\NATION~1\Units\UNIT27~1\EasyPhP\MySql\bin\mysqld.exe: Shutdown complete

160429 13:37:41  InnoDB: Started; log sequence number 0 122722
160429 13:37:41 [Note] Recovering after a crash using mysql-bin
160429 13:37:41 [Note] Starting crash recovery...
160429 13:37:41 [Note] Crash recovery finished.
160429 13:37:42 [Note] V:\SCHOOL~2\COMPUT~1\NATION~1\Units\UNIT27~1\EasyPhP\MySql\bin\mysqld.exe: ready for connections.
Version: '5.0.27-community-log'  socket: ''  port: 3306  MySQL Community Edition (GPL)
160429 13:37:47  InnoDB: Started; log sequence number 0 122722
160429 13:37:47 [Note] Recovering after a crash using mysql-bin
160429 13:37:47 [Note] Starting crash recovery...
160429 13:37:47 [Note] Crash recovery finished.
160429 13:37:47 [Note] V:\SCHOOL~2\COMPUT~1\NATION~1\Units\UNIT27~1\EasyPhP\MySql\bin\mysqld.exe: ready for connections.
Version: '5.0.27-community-log'  socket: ''  port: 3306  MySQL Community Edition (GPL)
