121016 15:41:33  InnoDB: Started; log sequence number 0 43665
121016 15:41:33 [Note] Recovering after a crash using mysql-bin
121016 15:41:33 [Note] Starting crash recovery...
121016 15:41:33 [Note] Crash recovery finished.
121016 15:41:34 [Note] N:\EASYPH~1\MySql\bin\mysqld.exe: ready for connections.
Version: '5.0.27-community-log'  socket: ''  port: 3306  MySQL Community Edition (GPL)
121016 15:41:53  InnoDB: Started; log sequence number 0 43665
121016 15:41:53 [Note] Recovering after a crash using mysql-bin
121016 15:41:53 [Note] Starting crash recovery...
121016 15:41:53 [Note] Crash recovery finished.
121016 15:41:53 [Note] N:\EASYPH~1\MySql\bin\mysqld.exe: ready for connections.
Version: '5.0.27-community-log'  socket: ''  port: 3306  MySQL Community Edition (GPL)
121016 15:51:04 [Note] N:\EASYPH~1\MySql\bin\mysqld.exe: Normal shutdown

121016 15:51:04  InnoDB: Starting shutdown...
121016 15:51:05  InnoDB: Shutdown completed; log sequence number 0 43665
121016 15:51:05 [Note] N:\EASYPH~1\MySql\bin\mysqld.exe: Shutdown complete

121210 11:27:31  InnoDB: Started; log sequence number 0 43665
121210 11:27:32 [Note] \\BPL-FS01\Staff User Data$\TIM~1.BAR\EASYPH~1\MySql\bin\mysqld.exe: ready for connections.
Version: '5.0.27-community-log'  socket: ''  port: 3306  MySQL Community Edition (GPL)
130910 16:12:40  InnoDB: Started; log sequence number 0 43665
130910 16:12:43 [Note] V:\SCHOOL~2\COMPUT~1\NATION~1\Units\Unit16\EasyPhP\MySql\bin\mysqld.exe: ready for connections.
Version: '5.0.27-community-log'  socket: ''  port: 3306  MySQL Community Edition (GPL)
130913 12:12:56  InnoDB: Started; log sequence number 0 43665
130913 12:12:56 [Note] Recovering after a crash using mysql-bin
130913 12:12:56 [Note] Starting crash recovery...
130913 12:12:56 [Note] Crash recovery finished.
130913 12:12:57 [Note] V:\SCHOOL~2\COMPUT~1\NATION~1\Units\Unit16\EasyPhP\MySql\bin\mysqld.exe: ready for connections.
Version: '5.0.27-community-log'  socket: ''  port: 3306  MySQL Community Edition (GPL)
130918 10:09:30  InnoDB: Started; log sequence number 0 43665
130918 10:09:32 [Note] V:\SCHOOL~2\COMPUT~1\NATION~1\Units\Unit16\EasyPhP\MySql\bin\mysqld.exe: ready for connections.
Version: '5.0.27-community-log'  socket: ''  port: 3306  MySQL Community Edition (GPL)
130925 10:33:38  InnoDB: Started; log sequence number 0 43665
130925 10:33:38 [Note] Recovering after a crash using mysql-bin
130925 10:33:38 [Note] Starting crash recovery...
130925 10:33:38 [Note] Crash recovery finished.
130925 10:33:40 [Note] V:\SCHOOL~2\COMPUT~1\NATION~1\Units\Unit16\EasyPhP\MySql\bin\mysqld.exe: ready for connections.
Version: '5.0.27-community-log'  socket: ''  port: 3306  MySQL Community Edition (GPL)
130925 10:33:41 [Note] V:\SCHOOL~2\COMPUT~1\NATION~1\Units\Unit16\EasyPhP\MySql\bin\mysqld.exe: Normal shutdown

130925 10:33:41  InnoDB: Starting shutdown...
130925 10:33:44  InnoDB: Shutdown completed; log sequence number 0 43665
130925 10:33:44 [Note] V:\SCHOOL~2\COMPUT~1\NATION~1\Units\Unit16\EasyPhP\MySql\bin\mysqld.exe: Shutdown complete

130925 10:33:49  InnoDB: Started; log sequence number 0 43665
130925 10:33:49 [Note] V:\SCHOOL~2\COMPUT~1\NATION~1\Units\Unit16\EasyPhP\MySql\bin\mysqld.exe: ready for connections.
Version: '5.0.27-community-log'  socket: ''  port: 3306  MySQL Community Edition (GPL)
130925 10:57:33 [Note] V:\SCHOOL~2\COMPUT~1\NATION~1\Units\Unit16\EasyPhP\MySql\bin\mysqld.exe: Normal shutdown

130925 10:57:34  InnoDB: Starting shutdown...
130925 10:57:35  InnoDB: Shutdown completed; log sequence number 0 43665
130925 10:57:35 [Note] V:\SCHOOL~2\COMPUT~1\NATION~1\Units\Unit16\EasyPhP\MySql\bin\mysqld.exe: Shutdown complete

130926  9:38:10  InnoDB: Started; log sequence number 0 43665
130926  9:38:12 [Note] V:\SCHOOL~2\COMPUT~1\NATION~1\Units\Unit16\EasyPhP\MySql\bin\mysqld.exe: ready for connections.
Version: '5.0.27-community-log'  socket: ''  port: 3306  MySQL Community Edition (GPL)
131010  9:49:27  InnoDB: Started; log sequence number 0 43665
131010  9:49:27 [Note] Recovering after a crash using mysql-bin
131010  9:49:27 [Note] Starting crash recovery...
131010  9:49:27 [Note] Crash recovery finished.
131010  9:49:28 [Note] V:\SCHOOL~2\COMPUT~1\NATION~1\Units\Unit16\EasyPhP\MySql\bin\mysqld.exe: ready for connections.
Version: '5.0.27-community-log'  socket: ''  port: 3306  MySQL Community Edition (GPL)
131010  9:49:29 [Note] V:\SCHOOL~2\COMPUT~1\NATION~1\Units\Unit16\EasyPhP\MySql\bin\mysqld.exe: Normal shutdown

131010  9:49:29  InnoDB: Starting shutdown...
131010  9:49:31  InnoDB: Shutdown completed; log sequence number 0 43665
131010  9:49:31 [Note] V:\SCHOOL~2\COMPUT~1\NATION~1\Units\Unit16\EasyPhP\MySql\bin\mysqld.exe: Shutdown complete

131010  9:49:34  InnoDB: Started; log sequence number 0 43665
131010  9:49:34 [Note] V:\SCHOOL~2\COMPUT~1\NATION~1\Units\Unit16\EasyPhP\MySql\bin\mysqld.exe: ready for connections.
Version: '5.0.27-community-log'  socket: ''  port: 3306  MySQL Community Edition (GPL)
131010  9:58:03 [Note] V:\SCHOOL~2\COMPUT~1\NATION~1\Units\Unit16\EasyPhP\MySql\bin\mysqld.exe: Normal shutdown

131010  9:58:04  InnoDB: Starting shutdown...
131010  9:58:06  InnoDB: Shutdown completed; log sequence number 0 43665
131010  9:58:06 [Note] V:\SCHOOL~2\COMPUT~1\NATION~1\Units\Unit16\EasyPhP\MySql\bin\mysqld.exe: Shutdown complete

131011 10:43:01  InnoDB: Started; log sequence number 0 43665
131011 10:43:02 [Note] V:\SCHOOL~2\COMPUT~1\NATION~1\Units\Unit16\EasyPhP\MySql\bin\mysqld.exe: ready for connections.
Version: '5.0.27-community-log'  socket: ''  port: 3306  MySQL Community Edition (GPL)
131018 11:59:56  InnoDB: Started; log sequence number 0 43665
131018 11:59:58 [Note] V:\SCHOOL~2\COMPUT~1\NATION~1\Units\Unit16\EasyPhP\MySql\bin\mysqld.exe: ready for connections.
Version: '5.0.27-community-log'  socket: ''  port: 3306  MySQL Community Edition (GPL)
131113 10:10:58  InnoDB: Started; log sequence number 0 43665
131113 10:11:00 [Note] V:\SCHOOL~2\COMPUT~1\NATION~1\Units\Unit16\EasyPhP\MySql\bin\mysqld.exe: ready for connections.
Version: '5.0.27-community-log'  socket: ''  port: 3306  MySQL Community Edition (GPL)
131113 10:11:04  InnoDB: Started; log sequence number 0 43665
131113 10:11:04 [Note] Recovering after a crash using mysql-bin
131113 10:11:04 [Note] Starting crash recovery...
131113 10:11:04 [Note] Crash recovery finished.
131113 10:11:04 [Note] V:\SCHOOL~2\COMPUT~1\NATION~1\Units\Unit16\EasyPhP\MySql\bin\mysqld.exe: ready for connections.
Version: '5.0.27-community-log'  socket: ''  port: 3306  MySQL Community Edition (GPL)
131113 10:57:45 [Note] V:\SCHOOL~2\COMPUT~1\NATION~1\Units\Unit16\EasyPhP\MySql\bin\mysqld.exe: Normal shutdown

131113 10:57:45  InnoDB: Starting shutdown...
131113 10:57:49  InnoDB: Shutdown completed; log sequence number 0 43665
131113 10:57:49 [Note] V:\SCHOOL~2\COMPUT~1\NATION~1\Units\Unit16\EasyPhP\MySql\bin\mysqld.exe: Shutdown complete

131114  9:09:49  InnoDB: Started; log sequence number 0 43665
131114  9:09:50 [Note] V:\SCHOOL~2\COMPUT~1\NATION~1\Units\Unit16\EasyPhP\MySql\bin\mysqld.exe: ready for connections.
Version: '5.0.27-community-log'  socket: ''  port: 3306  MySQL Community Edition (GPL)
131114  9:09:56  InnoDB: Started; log sequence number 0 43665
131114  9:09:56 [Note] Recovering after a crash using mysql-bin
131114  9:09:56 [Note] Starting crash recovery...
131114  9:09:56 [Note] Crash recovery finished.
131114  9:09:56 [Note] V:\SCHOOL~2\COMPUT~1\NATION~1\Units\Unit16\EasyPhP\MySql\bin\mysqld.exe: ready for connections.
Version: '5.0.27-community-log'  socket: ''  port: 3306  MySQL Community Edition (GPL)
131114 10:03:41 [Note] V:\SCHOOL~2\COMPUT~1\NATION~1\Units\Unit16\EasyPhP\MySql\bin\mysqld.exe: Normal shutdown

131114 10:03:41  InnoDB: Starting shutdown...
131114 10:03:44  InnoDB: Shutdown completed; log sequence number 0 43665
131114 10:03:44 [Note] V:\SCHOOL~2\COMPUT~1\NATION~1\Units\Unit16\EasyPhP\MySql\bin\mysqld.exe: Shutdown complete

131115 10:09:32  InnoDB: Started; log sequence number 0 43665
131115 10:09:32 [Note] Recovering after a crash using mysql-bin
131115 10:09:32 [Note] Starting crash recovery...
131115 10:09:32 [Note] Crash recovery finished.
131115 10:09:32 [Note] V:\SCHOOL~2\COMPUT~1\NATION~1\Units\Unit16\EasyPhP\MySql\bin\mysqld.exe: ready for connections.
Version: '5.0.27-community-log'  socket: ''  port: 3306  MySQL Community Edition (GPL)
131115 10:09:33 [Note] V:\SCHOOL~2\COMPUT~1\NATION~1\Units\Unit16\EasyPhP\MySql\bin\mysqld.exe: Normal shutdown

131115 10:09:33  InnoDB: Starting shutdown...
131115 10:09:36  InnoDB: Shutdown completed; log sequence number 0 43665
131115 10:09:36 [Note] V:\SCHOOL~2\COMPUT~1\NATION~1\Units\Unit16\EasyPhP\MySql\bin\mysqld.exe: Shutdown complete

131115 10:09:42  InnoDB: Started; log sequence number 0 43665
131115 10:09:42 [Note] V:\SCHOOL~2\COMPUT~1\NATION~1\Units\Unit16\EasyPhP\MySql\bin\mysqld.exe: ready for connections.
Version: '5.0.27-community-log'  socket: ''  port: 3306  MySQL Community Edition (GPL)
131115 12:27:35 [Note] V:\SCHOOL~2\COMPUT~1\NATION~1\Units\Unit16\EasyPhP\MySql\bin\mysqld.exe: Normal shutdown

131115 12:27:35  InnoDB: Starting shutdown...
131115 12:27:36  InnoDB: Shutdown completed; log sequence number 0 43665
131115 12:27:36 [Note] V:\SCHOOL~2\COMPUT~1\NATION~1\Units\Unit16\EasyPhP\MySql\bin\mysqld.exe: Shutdown complete

131121  9:04:43  InnoDB: Started; log sequence number 0 43665
131121  9:04:44 [Note] V:\SCHOOL~2\COMPUT~1\NATION~1\Units\Unit16\EasyPhP\MySql\bin\mysqld.exe: ready for connections.
Version: '5.0.27-community-log'  socket: ''  port: 3306  MySQL Community Edition (GPL)
131121  9:04:45 [Note] V:\SCHOOL~2\COMPUT~1\NATION~1\Units\Unit16\EasyPhP\MySql\bin\mysqld.exe: Normal shutdown

131121  9:04:45  InnoDB: Starting shutdown...
131121  9:04:48  InnoDB: Shutdown completed; log sequence number 0 43665
131121  9:04:48 [Note] V:\SCHOOL~2\COMPUT~1\NATION~1\Units\Unit16\EasyPhP\MySql\bin\mysqld.exe: Shutdown complete

131121  9:04:50  InnoDB: Started; log sequence number 0 43665
131121  9:04:50 [Note] V:\SCHOOL~2\COMPUT~1\NATION~1\Units\Unit16\EasyPhP\MySql\bin\mysqld.exe: ready for connections.
Version: '5.0.27-community-log'  socket: ''  port: 3306  MySQL Community Edition (GPL)
131121 10:01:55 [Note] V:\SCHOOL~2\COMPUT~1\NATION~1\Units\Unit16\EasyPhP\MySql\bin\mysqld.exe: Normal shutdown

131121 10:01:55  InnoDB: Starting shutdown...
131121 10:01:58  InnoDB: Shutdown completed; log sequence number 0 43665
131121 10:01:58 [Note] V:\SCHOOL~2\COMPUT~1\NATION~1\Units\Unit16\EasyPhP\MySql\bin\mysqld.exe: Shutdown complete

131122 10:08:11  InnoDB: Started; log sequence number 0 43665
131122 10:08:11 [Note] Recovering after a crash using mysql-bin
131122 10:08:11 [Note] Starting crash recovery...
131122 10:08:11 [Note] Crash recovery finished.
131122 10:08:11 [Note] V:\SCHOOL~2\COMPUT~1\NATION~1\Units\Unit16\EasyPhP\MySql\bin\mysqld.exe: ready for connections.
Version: '5.0.27-community-log'  socket: ''  port: 3306  MySQL Community Edition (GPL)
131122 10:08:12 [Note] V:\SCHOOL~2\COMPUT~1\NATION~1\Units\Unit16\EasyPhP\MySql\bin\mysqld.exe: Normal shutdown

131122 10:08:13  InnoDB: Starting shutdown...
131122 10:08:15  InnoDB: Shutdown completed; log sequence number 0 43665
131122 10:08:15 [Note] V:\SCHOOL~2\COMPUT~1\NATION~1\Units\Unit16\EasyPhP\MySql\bin\mysqld.exe: Shutdown complete

131122 10:08:18  InnoDB: Started; log sequence number 0 43665
131122 10:08:18 [Note] V:\SCHOOL~2\COMPUT~1\NATION~1\Units\Unit16\EasyPhP\MySql\bin\mysqld.exe: ready for connections.
Version: '5.0.27-community-log'  socket: ''  port: 3306  MySQL Community Edition (GPL)
131122 12:25:47 [Note] V:\SCHOOL~2\COMPUT~1\NATION~1\Units\Unit16\EasyPhP\MySql\bin\mysqld.exe: Normal shutdown

131122 12:25:47  InnoDB: Starting shutdown...
131122 12:25:48  InnoDB: Shutdown completed; log sequence number 0 43665
131122 12:25:48 [Note] V:\SCHOOL~2\COMPUT~1\NATION~1\Units\Unit16\EasyPhP\MySql\bin\mysqld.exe: Shutdown complete

131127 10:24:32  InnoDB: Started; log sequence number 0 43665
131127 10:24:32 [Note] Recovering after a crash using mysql-bin
131127 10:24:32 [Note] Starting crash recovery...
131127 10:24:32 [Note] Crash recovery finished.
131127 10:24:33 [Note] V:\SCHOOL~2\COMPUT~1\NATION~1\Units\Unit16\EasyPhP\MySql\bin\mysqld.exe: ready for connections.
Version: '5.0.27-community-log'  socket: ''  port: 3306  MySQL Community Edition (GPL)
131127 10:24:34 [Note] V:\SCHOOL~2\COMPUT~1\NATION~1\Units\Unit16\EasyPhP\MySql\bin\mysqld.exe: Normal shutdown

131127 10:24:34  InnoDB: Starting shutdown...
131127 10:24:36  InnoDB: Shutdown completed; log sequence number 0 43665
131127 10:24:36 [Note] V:\SCHOOL~2\COMPUT~1\NATION~1\Units\Unit16\EasyPhP\MySql\bin\mysqld.exe: Shutdown complete

131127 10:24:39  InnoDB: Started; log sequence number 0 43665
131127 10:24:40 [Note] V:\SCHOOL~2\COMPUT~1\NATION~1\Units\Unit16\EasyPhP\MySql\bin\mysqld.exe: ready for connections.
Version: '5.0.27-community-log'  socket: ''  port: 3306  MySQL Community Edition (GPL)
131127 10:57:46 [Note] V:\SCHOOL~2\COMPUT~1\NATION~1\Units\Unit16\EasyPhP\MySql\bin\mysqld.exe: Normal shutdown

131127 10:57:47  InnoDB: Starting shutdown...
131127 10:57:49  InnoDB: Shutdown completed; log sequence number 0 43665
131127 10:57:49 [Note] V:\SCHOOL~2\COMPUT~1\NATION~1\Units\Unit16\EasyPhP\MySql\bin\mysqld.exe: Shutdown complete

131128  9:20:31  InnoDB: Started; log sequence number 0 43665
131128  9:20:31 [Note] V:\SCHOOL~2\COMPUT~1\NATION~1\Units\Unit16\EasyPhP\MySql\bin\mysqld.exe: ready for connections.
Version: '5.0.27-community-log'  socket: ''  port: 3306  MySQL Community Edition (GPL)
131128  9:20:33 [Note] V:\SCHOOL~2\COMPUT~1\NATION~1\Units\Unit16\EasyPhP\MySql\bin\mysqld.exe: Normal shutdown

131128  9:20:33  InnoDB: Starting shutdown...
131128  9:20:35  InnoDB: Shutdown completed; log sequence number 0 43665
131128  9:20:35 [Note] V:\SCHOOL~2\COMPUT~1\NATION~1\Units\Unit16\EasyPhP\MySql\bin\mysqld.exe: Shutdown complete

131128  9:20:37  InnoDB: Started; log sequence number 0 43665
131128  9:20:38 [Note] V:\SCHOOL~2\COMPUT~1\NATION~1\Units\Unit16\EasyPhP\MySql\bin\mysqld.exe: ready for connections.
Version: '5.0.27-community-log'  socket: ''  port: 3306  MySQL Community Edition (GPL)
131204 10:24:24  InnoDB: Started; log sequence number 0 43665
131204 10:24:24 [Note] V:\SCHOOL~2\COMPUT~1\NATION~1\Units\Unit16\EasyPhP\MySql\bin\mysqld.exe: ready for connections.
Version: '5.0.27-community-log'  socket: ''  port: 3306  MySQL Community Edition (GPL)
131204 10:24:31  InnoDB: Started; log sequence number 0 43665
131204 10:24:31 [Note] Recovering after a crash using mysql-bin
131204 10:24:31 [Note] Starting crash recovery...
131204 10:24:31 [Note] Crash recovery finished.
131204 10:24:31 [Note] V:\SCHOOL~2\COMPUT~1\NATION~1\Units\Unit16\EasyPhP\MySql\bin\mysqld.exe: ready for connections.
Version: '5.0.27-community-log'  socket: ''  port: 3306  MySQL Community Edition (GPL)
131204 11:00:52 [Note] V:\SCHOOL~2\COMPUT~1\NATION~1\Units\Unit16\EasyPhP\MySql\bin\mysqld.exe: Normal shutdown

131204 11:00:52  InnoDB: Starting shutdown...
131204 11:00:55  InnoDB: Shutdown completed; log sequence number 0 43665
131204 11:00:55 [Note] V:\SCHOOL~2\COMPUT~1\NATION~1\Units\Unit16\EasyPhP\MySql\bin\mysqld.exe: Shutdown complete

131205  9:03:17  InnoDB: Started; log sequence number 0 43665
131205  9:03:18 [Note] V:\SCHOOL~2\COMPUT~1\NATION~1\Units\Unit16\EasyPhP\MySql\bin\mysqld.exe: ready for connections.
Version: '5.0.27-community-log'  socket: ''  port: 3306  MySQL Community Edition (GPL)
131205  9:03:19 [Note] V:\SCHOOL~2\COMPUT~1\NATION~1\Units\Unit16\EasyPhP\MySql\bin\mysqld.exe: Normal shutdown

131205  9:03:19  InnoDB: Starting shutdown...
131205  9:03:21  InnoDB: Shutdown completed; log sequence number 0 43665
131205  9:03:21 [Note] V:\SCHOOL~2\COMPUT~1\NATION~1\Units\Unit16\EasyPhP\MySql\bin\mysqld.exe: Shutdown complete

131205  9:03:24  InnoDB: Started; log sequence number 0 43665
131205  9:03:24 [Note] V:\SCHOOL~2\COMPUT~1\NATION~1\Units\Unit16\EasyPhP\MySql\bin\mysqld.exe: ready for connections.
Version: '5.0.27-community-log'  socket: ''  port: 3306  MySQL Community Edition (GPL)
131205  9:58:48 [Note] V:\SCHOOL~2\COMPUT~1\NATION~1\Units\Unit16\EasyPhP\MySql\bin\mysqld.exe: Normal shutdown

131205  9:58:48  InnoDB: Starting shutdown...
131205  9:58:51  InnoDB: Shutdown completed; log sequence number 0 43665
131205  9:58:51 [Note] V:\SCHOOL~2\COMPUT~1\NATION~1\Units\Unit16\EasyPhP\MySql\bin\mysqld.exe: Shutdown complete

131206 10:44:38  InnoDB: Started; log sequence number 0 43665
131206 10:44:39 [Note] V:\SCHOOL~2\COMPUT~1\NATION~1\Units\Unit16\EasyPhP\MySql\bin\mysqld.exe: ready for connections.
Version: '5.0.27-community-log'  socket: ''  port: 3306  MySQL Community Edition (GPL)
131211 10:36:32  InnoDB: Started; log sequence number 0 43665
131211 10:36:32 [Note] Recovering after a crash using mysql-bin
131211 10:36:32 [Note] Starting crash recovery...
131211 10:36:32 [Note] Crash recovery finished.
131211 10:36:33 [Note] V:\SCHOOL~2\COMPUT~1\NATION~1\Units\Unit16\EasyPhP\MySql\bin\mysqld.exe: ready for connections.
Version: '5.0.27-community-log'  socket: ''  port: 3306  MySQL Community Edition (GPL)
131211 10:36:34 [Note] V:\SCHOOL~2\COMPUT~1\NATION~1\Units\Unit16\EasyPhP\MySql\bin\mysqld.exe: Normal shutdown

131211 10:36:34  InnoDB: Starting shutdown...
131211 10:36:36  InnoDB: Shutdown completed; log sequence number 0 43665
131211 10:36:36 [Note] V:\SCHOOL~2\COMPUT~1\NATION~1\Units\Unit16\EasyPhP\MySql\bin\mysqld.exe: Shutdown complete

131211 10:36:39  InnoDB: Started; log sequence number 0 43665
131211 10:36:39 [Note] V:\SCHOOL~2\COMPUT~1\NATION~1\Units\Unit16\EasyPhP\MySql\bin\mysqld.exe: ready for connections.
Version: '5.0.27-community-log'  socket: ''  port: 3306  MySQL Community Edition (GPL)
131211 10:53:35 [Note] V:\SCHOOL~2\COMPUT~1\NATION~1\Units\Unit16\EasyPhP\MySql\bin\mysqld.exe: Normal shutdown

131211 10:53:35  InnoDB: Starting shutdown...
131211 10:53:37  InnoDB: Shutdown completed; log sequence number 0 43665
131211 10:53:37 [Note] V:\SCHOOL~2\COMPUT~1\NATION~1\Units\Unit16\EasyPhP\MySql\bin\mysqld.exe: Shutdown complete

131212  9:12:33  InnoDB: Started; log sequence number 0 43665
131212  9:12:34 [Note] V:\SCHOOL~2\COMPUT~1\NATION~1\Units\Unit16\EasyPhP\MySql\bin\mysqld.exe: ready for connections.
Version: '5.0.27-community-log'  socket: ''  port: 3306  MySQL Community Edition (GPL)
131212  9:12:35 [Note] V:\SCHOOL~2\COMPUT~1\NATION~1\Units\Unit16\EasyPhP\MySql\bin\mysqld.exe: Normal shutdown

131212  9:12:35  InnoDB: Starting shutdown...
131212  9:12:37  InnoDB: Shutdown completed; log sequence number 0 43665
131212  9:12:37 [Note] V:\SCHOOL~2\COMPUT~1\NATION~1\Units\Unit16\EasyPhP\MySql\bin\mysqld.exe: Shutdown complete

131212  9:12:40  InnoDB: Started; log sequence number 0 43665
131212  9:12:40 [Note] V:\SCHOOL~2\COMPUT~1\NATION~1\Units\Unit16\EasyPhP\MySql\bin\mysqld.exe: ready for connections.
Version: '5.0.27-community-log'  socket: ''  port: 3306  MySQL Community Edition (GPL)
131213 10:40:22  InnoDB: Started; log sequence number 0 43665
131213 10:40:23 [Note] V:\SCHOOL~2\COMPUT~1\NATION~1\Units\Unit16\EasyPhP\MySql\bin\mysqld.exe: ready for connections.
Version: '5.0.27-community-log'  socket: ''  port: 3306  MySQL Community Edition (GPL)
131220 12:06:04  InnoDB: Started; log sequence number 0 43665
131220 12:06:04 [Note] Recovering after a crash using mysql-bin
131220 12:06:04 [Note] Starting crash recovery...
131220 12:06:04 [Note] Crash recovery finished.
131220 12:06:05 [Note] V:\SCHOOL~2\COMPUT~1\NATION~1\Units\Unit16\EasyPhP\MySql\bin\mysqld.exe: ready for connections.
Version: '5.0.27-community-log'  socket: ''  port: 3306  MySQL Community Edition (GPL)
140108 10:09:54  InnoDB: Started; log sequence number 0 43665
140108 10:09:55 [Note] V:\SCHOOL~2\COMPUT~1\NATION~1\Units\Unit16\EasyPhP\MySql\bin\mysqld.exe: ready for connections.
Version: '5.0.27-community-log'  socket: ''  port: 3306  MySQL Community Edition (GPL)
140108 10:12:35  InnoDB: Started; log sequence number 0 43665
140108 10:12:35 [Note] Recovering after a crash using mysql-bin
140108 10:12:35 [Note] Starting crash recovery...
140108 10:12:35 [Note] Crash recovery finished.
140108 10:12:35 [Note] V:\SCHOOL~2\COMPUT~1\NATION~1\Units\Unit16\EasyPhP\MySql\bin\mysqld.exe: ready for connections.
Version: '5.0.27-community-log'  socket: ''  port: 3306  MySQL Community Edition (GPL)
140108 10:59:08 [Note] V:\SCHOOL~2\COMPUT~1\NATION~1\Units\Unit16\EasyPhP\MySql\bin\mysqld.exe: Normal shutdown

140108 10:59:08  InnoDB: Starting shutdown...
140108 10:59:11  InnoDB: Shutdown completed; log sequence number 0 43665
140108 10:59:11 [Note] V:\SCHOOL~2\COMPUT~1\NATION~1\Units\Unit16\EasyPhP\MySql\bin\mysqld.exe: Shutdown complete

140109  9:17:33  InnoDB: Started; log sequence number 0 43665
140109  9:17:34 [Note] V:\SCHOOL~2\COMPUT~1\NATION~1\Units\Unit16\EasyPhP\MySql\bin\mysqld.exe: ready for connections.
Version: '5.0.27-community-log'  socket: ''  port: 3306  MySQL Community Edition (GPL)
140109  9:17:38  InnoDB: Started; log sequence number 0 43665
140109  9:17:38 [Note] Recovering after a crash using mysql-bin
140109  9:17:38 [Note] Starting crash recovery...
140109  9:17:38 [Note] Crash recovery finished.
140109  9:17:39 [Note] V:\SCHOOL~2\COMPUT~1\NATION~1\Units\Unit16\EasyPhP\MySql\bin\mysqld.exe: ready for connections.
Version: '5.0.27-community-log'  socket: ''  port: 3306  MySQL Community Edition (GPL)
140109  9:58:35 [Note] V:\SCHOOL~2\COMPUT~1\NATION~1\Units\Unit16\EasyPhP\MySql\bin\mysqld.exe: Normal shutdown

140109  9:58:35  InnoDB: Starting shutdown...
140109  9:58:36  InnoDB: Shutdown completed; log sequence number 0 43665
140109  9:58:36 [Note] V:\SCHOOL~2\COMPUT~1\NATION~1\Units\Unit16\EasyPhP\MySql\bin\mysqld.exe: Shutdown complete

140110 10:12:55  InnoDB: Started; log sequence number 0 43665
140110 10:12:56 [Note] V:\SCHOOL~2\COMPUT~1\NATION~1\Units\Unit16\EasyPhP\MySql\bin\mysqld.exe: ready for connections.
Version: '5.0.27-community-log'  socket: ''  port: 3306  MySQL Community Edition (GPL)
140110 10:12:57 [Note] V:\SCHOOL~2\COMPUT~1\NATION~1\Units\Unit16\EasyPhP\MySql\bin\mysqld.exe: Normal shutdown

140110 10:12:57  InnoDB: Starting shutdown...
140110 10:12:59  InnoDB: Shutdown completed; log sequence number 0 43665
140110 10:12:59 [Note] V:\SCHOOL~2\COMPUT~1\NATION~1\Units\Unit16\EasyPhP\MySql\bin\mysqld.exe: Shutdown complete

140110 10:13:03  InnoDB: Started; log sequence number 0 43665
140110 10:13:03 [Note] V:\SCHOOL~2\COMPUT~1\NATION~1\Units\Unit16\EasyPhP\MySql\bin\mysqld.exe: ready for connections.
Version: '5.0.27-community-log'  socket: ''  port: 3306  MySQL Community Edition (GPL)
140110 12:21:50 [Note] V:\SCHOOL~2\COMPUT~1\NATION~1\Units\Unit16\EasyPhP\MySql\bin\mysqld.exe: Normal shutdown

140110 12:21:50  InnoDB: Starting shutdown...
140110 12:21:53  InnoDB: Shutdown completed; log sequence number 0 43665
140110 12:21:53 [Note] V:\SCHOOL~2\COMPUT~1\NATION~1\Units\Unit16\EasyPhP\MySql\bin\mysqld.exe: Shutdown complete

140115 10:04:31  InnoDB: Started; log sequence number 0 43665
140115 10:04:31 [Note] V:\SCHOOL~2\COMPUT~1\NATION~1\Units\Unit16\EasyPhP\MySql\bin\mysqld.exe: ready for connections.
Version: '5.0.27-community-log'  socket: ''  port: 3306  MySQL Community Edition (GPL)
140115 10:04:32 [Note] V:\SCHOOL~2\COMPUT~1\NATION~1\Units\Unit16\EasyPhP\MySql\bin\mysqld.exe: Normal shutdown

140115 10:04:32  InnoDB: Starting shutdown...
140115 10:04:35  InnoDB: Shutdown completed; log sequence number 0 43665
140115 10:04:35 [Note] V:\SCHOOL~2\COMPUT~1\NATION~1\Units\Unit16\EasyPhP\MySql\bin\mysqld.exe: Shutdown complete

140115 10:04:38  InnoDB: Started; log sequence number 0 43665
140115 10:04:38 [Note] V:\SCHOOL~2\COMPUT~1\NATION~1\Units\Unit16\EasyPhP\MySql\bin\mysqld.exe: ready for connections.
Version: '5.0.27-community-log'  socket: ''  port: 3306  MySQL Community Edition (GPL)
140115 10:58:03 [Note] V:\SCHOOL~2\COMPUT~1\NATION~1\Units\Unit16\EasyPhP\MySql\bin\mysqld.exe: Normal shutdown

140115 10:58:03  InnoDB: Starting shutdown...
140115 10:58:06  InnoDB: Shutdown completed; log sequence number 0 43665
140115 10:58:06 [Note] V:\SCHOOL~2\COMPUT~1\NATION~1\Units\Unit16\EasyPhP\MySql\bin\mysqld.exe: Shutdown complete

140115 16:33:53  InnoDB: Started; log sequence number 0 43665
140115 16:33:53 [Note] V:\SCHOOL~2\COMPUT~1\NATION~1\Units\Unit16\EasyPhP\MySql\bin\mysqld.exe: ready for connections.
Version: '5.0.27-community-log'  socket: ''  port: 3306  MySQL Community Edition (GPL)
140115 16:33:54 [Note] V:\SCHOOL~2\COMPUT~1\NATION~1\Units\Unit16\EasyPhP\MySql\bin\mysqld.exe: Normal shutdown

140115 16:33:54  InnoDB: Starting shutdown...
140115 16:33:59  InnoDB: Started; log sequence number 0 43665
140115 16:33:59 [Note] V:\SCHOOL~2\COMPUT~1\NATION~1\Units\Unit16\EasyPhP\MySql\bin\mysqld.exe: ready for connections.
Version: '5.0.27-community-log'  socket: ''  port: 3306  MySQL Community Edition (GPL)
140115 16:48:31 [Note] V:\SCHOOL~2\COMPUT~1\NATION~1\Units\Unit16\EasyPhP\MySql\bin\mysqld.exe: Normal shutdown

140115 16:48:31  InnoDB: Starting shutdown...
140115 16:48:33  InnoDB: Shutdown completed; log sequence number 0 43665
140115 16:48:33 [Note] V:\SCHOOL~2\COMPUT~1\NATION~1\Units\Unit16\EasyPhP\MySql\bin\mysqld.exe: Shutdown complete

140116  9:21:01  InnoDB: Started; log sequence number 0 43665
140116  9:21:02 [Note] V:\SCHOOL~2\COMPUT~1\NATION~1\Units\Unit16\EasyPhP\MySql\bin\mysqld.exe: ready for connections.
Version: '5.0.27-community-log'  socket: ''  port: 3306  MySQL Community Edition (GPL)
140116  9:48:46  InnoDB: Started; log sequence number 0 43665
140116  9:48:46 [Note] Recovering after a crash using mysql-bin
140116  9:48:46 [Note] Starting crash recovery...
140116  9:48:46 [Note] Crash recovery finished.
140116  9:48:46 [Note] V:\SCHOOL~2\COMPUT~1\NATION~1\Units\Unit16\EasyPhP\MySql\bin\mysqld.exe: ready for connections.
Version: '5.0.27-community-log'  socket: ''  port: 3306  MySQL Community Edition (GPL)
140116  9:56:29 [Note] V:\SCHOOL~2\COMPUT~1\NATION~1\Units\Unit16\EasyPhP\MySql\bin\mysqld.exe: Normal shutdown

140116  9:56:29  InnoDB: Starting shutdown...
140116  9:56:32  InnoDB: Shutdown completed; log sequence number 0 43665
140116  9:56:32 [Note] V:\SCHOOL~2\COMPUT~1\NATION~1\Units\Unit16\EasyPhP\MySql\bin\mysqld.exe: Shutdown complete

140117 10:27:07  InnoDB: Started; log sequence number 0 43665
140117 10:27:08 [Note] V:\SCHOOL~2\COMPUT~1\NATION~1\Units\Unit16\EasyPhP\MySql\bin\mysqld.exe: ready for connections.
Version: '5.0.27-community-log'  socket: ''  port: 3306  MySQL Community Edition (GPL)
140117 10:27:09 [Note] V:\SCHOOL~2\COMPUT~1\NATION~1\Units\Unit16\EasyPhP\MySql\bin\mysqld.exe: Normal shutdown

140117 10:27:09  InnoDB: Starting shutdown...
140117 10:27:11  InnoDB: Shutdown completed; log sequence number 0 43665
140117 10:27:11 [Note] V:\SCHOOL~2\COMPUT~1\NATION~1\Units\Unit16\EasyPhP\MySql\bin\mysqld.exe: Shutdown complete

140117 10:27:14  InnoDB: Started; log sequence number 0 43665
140117 10:27:14 [Note] V:\SCHOOL~2\COMPUT~1\NATION~1\Units\Unit16\EasyPhP\MySql\bin\mysqld.exe: ready for connections.
Version: '5.0.27-community-log'  socket: ''  port: 3306  MySQL Community Edition (GPL)
140117 12:23:40 [Note] V:\SCHOOL~2\COMPUT~1\NATION~1\Units\Unit16\EasyPhP\MySql\bin\mysqld.exe: Normal shutdown

140117 12:23:40  InnoDB: Starting shutdown...
140117 12:23:42  InnoDB: Shutdown completed; log sequence number 0 43665
140117 12:23:42 [Note] V:\SCHOOL~2\COMPUT~1\NATION~1\Units\Unit16\EasyPhP\MySql\bin\mysqld.exe: Shutdown complete

140122 14:42:57  InnoDB: Started; log sequence number 0 43665
140122 14:42:57 [Note] Recovering after a crash using mysql-bin
140122 14:42:57 [Note] Starting crash recovery...
140122 14:42:57 [Note] Crash recovery finished.
140122 14:42:58 [Note] V:\SCHOOL~2\COMPUT~1\NATION~1\Units\Unit16\EasyPhP\MySql\bin\mysqld.exe: ready for connections.
Version: '5.0.27-community-log'  socket: ''  port: 3306  MySQL Community Edition (GPL)
140122 14:42:59 [Note] V:\SCHOOL~2\COMPUT~1\NATION~1\Units\Unit16\EasyPhP\MySql\bin\mysqld.exe: Normal shutdown

140122 14:42:59  InnoDB: Starting shutdown...
140122 14:43:01  InnoDB: Shutdown completed; log sequence number 0 43665
140122 14:43:01 [Note] V:\SCHOOL~2\COMPUT~1\NATION~1\Units\Unit16\EasyPhP\MySql\bin\mysqld.exe: Shutdown complete

140122 14:43:04  InnoDB: Started; log sequence number 0 43665
140122 14:43:04 [Note] V:\SCHOOL~2\COMPUT~1\NATION~1\Units\Unit16\EasyPhP\MySql\bin\mysqld.exe: ready for connections.
Version: '5.0.27-community-log'  socket: ''  port: 3306  MySQL Community Edition (GPL)
140122 16:32:24 [Note] V:\SCHOOL~2\COMPUT~1\NATION~1\Units\Unit16\EasyPhP\MySql\bin\mysqld.exe: Normal shutdown

140122 16:32:24  InnoDB: Starting shutdown...
140122 16:32:26  InnoDB: Shutdown completed; log sequence number 0 43665
140122 16:32:26 [Note] V:\SCHOOL~2\COMPUT~1\NATION~1\Units\Unit16\EasyPhP\MySql\bin\mysqld.exe: Shutdown complete

140131 10:07:50  InnoDB: Started; log sequence number 0 43665
140131 10:07:51 [Note] V:\SCHOOL~2\COMPUT~1\NATION~1\Units\Unit16\EasyPhP\MySql\bin\mysqld.exe: ready for connections.
Version: '5.0.27-community-log'  socket: ''  port: 3306  MySQL Community Edition (GPL)
140131 10:08:05  InnoDB: Started; log sequence number 0 43665
140131 10:08:05 [Note] Recovering after a crash using mysql-bin
140131 10:08:05 [Note] Starting crash recovery...
140131 10:08:05 [Note] Crash recovery finished.
140131 10:08:05 [Note] V:\SCHOOL~2\COMPUT~1\NATION~1\Units\Unit16\EasyPhP\MySql\bin\mysqld.exe: ready for connections.
Version: '5.0.27-community-log'  socket: ''  port: 3306  MySQL Community Edition (GPL)
140131 10:13:12 [Note] V:\SCHOOL~2\COMPUT~1\NATION~1\Units\Unit16\EasyPhP\MySql\bin\mysqld.exe: Normal shutdown

140131 10:13:12  InnoDB: Starting shutdown...
140131 10:13:15  InnoDB: Shutdown completed; log sequence number 0 43665
140131 10:13:15 [Note] V:\SCHOOL~2\COMPUT~1\NATION~1\Units\Unit16\EasyPhP\MySql\bin\mysqld.exe: Shutdown complete

140205 15:45:31  InnoDB: Database was not shut down normally!
InnoDB: Starting crash recovery.
InnoDB: Reading tablespace information from the .ibd files...
InnoDB: Restoring possible half-written data pages from the doublewrite
InnoDB: buffer...
140205 15:45:31  InnoDB: Starting log scan based on checkpoint at
InnoDB: log sequence number 0 58280.
InnoDB: Doing recovery: scanned up to log sequence number 0 58280
InnoDB: Last MySQL binlog file position 0 1057, file name .\mysql-bin.000214
140205 15:45:32  InnoDB: Started; log sequence number 0 58280
140205 15:45:32 [Note] Recovering after a crash using mysql-bin
140205 15:45:32 [Note] Starting crash recovery...
140205 15:45:32 [Note] Crash recovery finished.
140205 15:45:32 [Note] V:\SCHOOL~2\COMPUT~1\NATION~1\Units\Unit16\EasyPhP\MySql\bin\mysqld.exe: ready for connections.
Version: '5.0.27-community-log'  socket: ''  port: 3306  MySQL Community Edition (GPL)
140212 16:07:25  InnoDB: Started; log sequence number 0 59080
140212 16:07:26 [Note] V:\SCHOOL~2\COMPUT~1\NATION~1\Units\Unit16\EasyPhP\MySql\bin\mysqld.exe: ready for connections.
Version: '5.0.27-community-log'  socket: ''  port: 3306  MySQL Community Edition (GPL)
140212 16:07:27 [Note] V:\SCHOOL~2\COMPUT~1\NATION~1\Units\Unit16\EasyPhP\MySql\bin\mysqld.exe: Normal shutdown

140212 16:07:27  InnoDB: Starting shutdown...
140212 16:07:30  InnoDB: Shutdown completed; log sequence number 0 59080
140212 16:07:30 [Note] V:\SCHOOL~2\COMPUT~1\NATION~1\Units\Unit16\EasyPhP\MySql\bin\mysqld.exe: Shutdown complete

140212 16:07:32  InnoDB: Started; log sequence number 0 59080
140212 16:07:33 [Note] V:\SCHOOL~2\COMPUT~1\NATION~1\Units\Unit16\EasyPhP\MySql\bin\mysqld.exe: ready for connections.
Version: '5.0.27-community-log'  socket: ''  port: 3306  MySQL Community Edition (GPL)
140212 16:39:50 [Note] V:\SCHOOL~2\COMPUT~1\NATION~1\Units\Unit16\EasyPhP\MySql\bin\mysqld.exe: Normal shutdown

140212 16:39:50  InnoDB: Starting shutdown...
140212 16:39:52  InnoDB: Shutdown completed; log sequence number 0 59080
140212 16:39:52 [Note] V:\SCHOOL~2\COMPUT~1\NATION~1\Units\Unit16\EasyPhP\MySql\bin\mysqld.exe: Shutdown complete

140226 14:41:00  InnoDB: Started; log sequence number 0 59080
140226 14:41:01 [Note] V:\SCHOOL~2\COMPUT~1\NATION~1\Units\Unit16\EasyPhP\MySql\bin\mysqld.exe: ready for connections.
Version: '5.0.27-community-log'  socket: ''  port: 3306  MySQL Community Edition (GPL)
140226 14:41:02 [Note] V:\SCHOOL~2\COMPUT~1\NATION~1\Units\Unit16\EasyPhP\MySql\bin\mysqld.exe: Normal shutdown

140226 14:41:02  InnoDB: Starting shutdown...
140226 14:41:05  InnoDB: Shutdown completed; log sequence number 0 59080
140226 14:41:05 [Note] V:\SCHOOL~2\COMPUT~1\NATION~1\Units\Unit16\EasyPhP\MySql\bin\mysqld.exe: Shutdown complete

140226 14:41:07  InnoDB: Started; log sequence number 0 59080
140226 14:41:07 [Note] V:\SCHOOL~2\COMPUT~1\NATION~1\Units\Unit16\EasyPhP\MySql\bin\mysqld.exe: ready for connections.
Version: '5.0.27-community-log'  socket: ''  port: 3306  MySQL Community Edition (GPL)
140226 15:44:20 [Note] V:\SCHOOL~2\COMPUT~1\NATION~1\Units\Unit16\EasyPhP\MySql\bin\mysqld.exe: Normal shutdown

140226 15:44:20  InnoDB: Starting shutdown...
140226 15:44:23  InnoDB: Shutdown completed; log sequence number 0 59080
140226 15:44:23 [Note] V:\SCHOOL~2\COMPUT~1\NATION~1\Units\Unit16\EasyPhP\MySql\bin\mysqld.exe: Shutdown complete

140314 10:31:02  InnoDB: Started; log sequence number 0 59080
140314 10:31:04 [Note] V:\SCHOOL~2\COMPUT~1\NATION~1\Units\Unit16\EasyPhP\MySql\bin\mysqld.exe: ready for connections.
Version: '5.0.27-community-log'  socket: ''  port: 3306  MySQL Community Edition (GPL)
140314 10:31:05 [Note] V:\SCHOOL~2\COMPUT~1\NATION~1\Units\Unit16\EasyPhP\MySql\bin\mysqld.exe: Normal shutdown

140314 10:31:05  InnoDB: Starting shutdown...
140314 10:31:07  InnoDB: Shutdown completed; log sequence number 0 59080
140314 10:31:07 [Note] V:\SCHOOL~2\COMPUT~1\NATION~1\Units\Unit16\EasyPhP\MySql\bin\mysqld.exe: Shutdown complete

140314 10:31:09  InnoDB: Started; log sequence number 0 59080
140314 10:31:09 [Note] V:\SCHOOL~2\COMPUT~1\NATION~1\Units\Unit16\EasyPhP\MySql\bin\mysqld.exe: ready for connections.
Version: '5.0.27-community-log'  socket: ''  port: 3306  MySQL Community Edition (GPL)
140314 12:22:13 [Note] V:\SCHOOL~2\COMPUT~1\NATION~1\Units\Unit16\EasyPhP\MySql\bin\mysqld.exe: Normal shutdown

140314 12:22:13  InnoDB: Starting shutdown...
140314 12:22:16  InnoDB: Shutdown completed; log sequence number 0 59080
140314 12:22:16 [Note] V:\SCHOOL~2\COMPUT~1\NATION~1\Units\Unit16\EasyPhP\MySql\bin\mysqld.exe: Shutdown complete

140326 15:19:59  InnoDB: Started; log sequence number 0 59080
140326 15:20:00 [Note] V:\SCHOOL~2\COMPUT~1\NATION~1\Units\Unit16\EasyPhP\MySql\bin\mysqld.exe: ready for connections.
Version: '5.0.27-community-log'  socket: ''  port: 3306  MySQL Community Edition (GPL)
140424  9:27:19  InnoDB: Started; log sequence number 0 59080
140424  9:27:19 [Note] Recovering after a crash using mysql-bin
140424  9:27:19 [Note] Starting crash recovery...
140424  9:27:19 [Note] Crash recovery finished.
140424  9:27:19 [Note] V:\SCHOOL~2\COMPUT~1\NATION~1\Units\Unit16\EasyPhP\MySql\bin\mysqld.exe: ready for connections.
Version: '5.0.27-community-log'  socket: ''  port: 3306  MySQL Community Edition (GPL)
140424  9:27:20 [Note] V:\SCHOOL~2\COMPUT~1\NATION~1\Units\Unit16\EasyPhP\MySql\bin\mysqld.exe: Normal shutdown

140424  9:27:20  InnoDB: Starting shutdown...
140424  9:27:23  InnoDB: Shutdown completed; log sequence number 0 59080
140424  9:27:23 [Note] V:\SCHOOL~2\COMPUT~1\NATION~1\Units\Unit16\EasyPhP\MySql\bin\mysqld.exe: Shutdown complete

140424  9:27:26  InnoDB: Started; log sequence number 0 59080
140424  9:27:26 [Note] V:\SCHOOL~2\COMPUT~1\NATION~1\Units\Unit16\EasyPhP\MySql\bin\mysqld.exe: ready for connections.
Version: '5.0.27-community-log'  socket: ''  port: 3306  MySQL Community Edition (GPL)
140424  9:57:02 [Note] V:\SCHOOL~2\COMPUT~1\NATION~1\Units\Unit16\EasyPhP\MySql\bin\mysqld.exe: Normal shutdown

140424  9:57:02  InnoDB: Starting shutdown...
140424  9:57:04  InnoDB: Shutdown completed; log sequence number 0 59080
140424  9:57:04 [Note] V:\SCHOOL~2\COMPUT~1\NATION~1\Units\Unit16\EasyPhP\MySql\bin\mysqld.exe: Shutdown complete

140430 15:53:51  InnoDB: Started; log sequence number 0 59080
140430 15:53:51 [Note] V:\SCHOOL~2\COMPUT~1\NATION~1\Units\Unit16\EasyPhP\MySql\bin\mysqld.exe: ready for connections.
Version: '5.0.27-community-log'  socket: ''  port: 3306  MySQL Community Edition (GPL)
140430 15:53:52 [Note] V:\SCHOOL~2\COMPUT~1\NATION~1\Units\Unit16\EasyPhP\MySql\bin\mysqld.exe: Normal shutdown

140430 15:53:52  InnoDB: Starting shutdown...
140430 15:53:55  InnoDB: Shutdown completed; log sequence number 0 59080
140430 15:53:55 [Note] V:\SCHOOL~2\COMPUT~1\NATION~1\Units\Unit16\EasyPhP\MySql\bin\mysqld.exe: Shutdown complete

140430 15:53:57  InnoDB: Started; log sequence number 0 59080
140430 15:53:58 [Note] V:\SCHOOL~2\COMPUT~1\NATION~1\Units\Unit16\EasyPhP\MySql\bin\mysqld.exe: ready for connections.
Version: '5.0.27-community-log'  socket: ''  port: 3306  MySQL Community Edition (GPL)
140430 16:35:12 [Note] V:\SCHOOL~2\COMPUT~1\NATION~1\Units\Unit16\EasyPhP\MySql\bin\mysqld.exe: Normal shutdown

140430 16:35:13  InnoDB: Starting shutdown...
140430 16:35:16  InnoDB: Shutdown completed; log sequence number 0 59080
140430 16:35:16 [Note] V:\SCHOOL~2\COMPUT~1\NATION~1\Units\Unit16\EasyPhP\MySql\bin\mysqld.exe: Shutdown complete

140501  9:05:24  InnoDB: Started; log sequence number 0 59080
140501  9:05:24 [Note] V:\SCHOOL~2\COMPUT~1\NATION~1\Units\Unit16\EasyPhP\MySql\bin\mysqld.exe: ready for connections.
Version: '5.0.27-community-log'  socket: ''  port: 3306  MySQL Community Edition (GPL)
140501  9:05:25 [Note] V:\SCHOOL~2\COMPUT~1\NATION~1\Units\Unit16\EasyPhP\MySql\bin\mysqld.exe: Normal shutdown

140501  9:05:25  InnoDB: Starting shutdown...
140501  9:05:28  InnoDB: Shutdown completed; log sequence number 0 59080
140501  9:05:28 [Note] V:\SCHOOL~2\COMPUT~1\NATION~1\Units\Unit16\EasyPhP\MySql\bin\mysqld.exe: Shutdown complete

140501  9:05:31  InnoDB: Started; log sequence number 0 59080
140501  9:05:31 [Note] V:\SCHOOL~2\COMPUT~1\NATION~1\Units\Unit16\EasyPhP\MySql\bin\mysqld.exe: ready for connections.
Version: '5.0.27-community-log'  socket: ''  port: 3306  MySQL Community Edition (GPL)
140501  9:57:58 [Note] V:\SCHOOL~2\COMPUT~1\NATION~1\Units\Unit16\EasyPhP\MySql\bin\mysqld.exe: Normal shutdown

140501  9:57:58  InnoDB: Starting shutdown...
140501  9:58:00  InnoDB: Shutdown completed; log sequence number 0 59080
140501  9:58:00 [Note] V:\SCHOOL~2\COMPUT~1\NATION~1\Units\Unit16\EasyPhP\MySql\bin\mysqld.exe: Shutdown complete

140502 10:31:55  InnoDB: Started; log sequence number 0 59080
140502 10:31:56 [Note] V:\SCHOOL~2\COMPUT~1\NATION~1\Units\Unit16\EasyPhP\MySql\bin\mysqld.exe: ready for connections.
Version: '5.0.27-community-log'  socket: ''  port: 3306  MySQL Community Edition (GPL)
140502 10:31:57 [Note] V:\SCHOOL~2\COMPUT~1\NATION~1\Units\Unit16\EasyPhP\MySql\bin\mysqld.exe: Normal shutdown

140502 10:31:57  InnoDB: Starting shutdown...
140502 10:32:00  InnoDB: Shutdown completed; log sequence number 0 59080
140502 10:32:00 [Note] V:\SCHOOL~2\COMPUT~1\NATION~1\Units\Unit16\EasyPhP\MySql\bin\mysqld.exe: Shutdown complete

140502 10:32:02  InnoDB: Started; log sequence number 0 59080
140502 10:32:03 [Note] V:\SCHOOL~2\COMPUT~1\NATION~1\Units\Unit16\EasyPhP\MySql\bin\mysqld.exe: ready for connections.
Version: '5.0.27-community-log'  socket: ''  port: 3306  MySQL Community Edition (GPL)
140502 11:30:14 [Note] V:\SCHOOL~2\COMPUT~1\NATION~1\Units\Unit16\EasyPhP\MySql\bin\mysqld.exe: Normal shutdown

140502 11:30:14  InnoDB: Starting shutdown...
140502 11:30:16  InnoDB: Shutdown completed; log sequence number 0 59080
140502 11:30:16 [Note] V:\SCHOOL~2\COMPUT~1\NATION~1\Units\Unit16\EasyPhP\MySql\bin\mysqld.exe: Shutdown complete

140911  9:04:18  InnoDB: Started; log sequence number 0 59080
140911  9:04:19 [Note] V:\SCHOOL~2\COMPUT~1\NATION~1\Units\Unit16\EasyPhP\MySql\bin\mysqld.exe: ready for connections.
Version: '5.0.27-community-log'  socket: ''  port: 3306  MySQL Community Edition (GPL)
140911  9:04:20 [Note] V:\SCHOOL~2\COMPUT~1\NATION~1\Units\Unit16\EasyPhP\MySql\bin\mysqld.exe: Normal shutdown

140911  9:04:20  InnoDB: Starting shutdown...
140911  9:04:23  InnoDB: Shutdown completed; log sequence number 0 59080
140911  9:04:23 [Note] V:\SCHOOL~2\COMPUT~1\NATION~1\Units\Unit16\EasyPhP\MySql\bin\mysqld.exe: Shutdown complete

140911  9:04:26  InnoDB: Started; log sequence number 0 59080
140911  9:04:26 [Note] V:\SCHOOL~2\COMPUT~1\NATION~1\Units\Unit16\EasyPhP\MySql\bin\mysqld.exe: ready for connections.
Version: '5.0.27-community-log'  socket: ''  port: 3306  MySQL Community Edition (GPL)
140911  9:57:50 [Note] V:\SCHOOL~2\COMPUT~1\NATION~1\Units\Unit16\EasyPhP\MySql\bin\mysqld.exe: Normal shutdown

140911  9:57:50  InnoDB: Starting shutdown...
140911  9:57:52  InnoDB: Shutdown completed; log sequence number 0 59080
140911  9:57:52 [Note] V:\SCHOOL~2\COMPUT~1\NATION~1\Units\Unit16\EasyPhP\MySql\bin\mysqld.exe: Shutdown complete

141211  9:14:42  InnoDB: Started; log sequence number 0 65402
141211  9:14:43 [Note] V:\SCHOOL~2\COMPUT~1\NATION~1\Units\Unit16\EasyPhP\MySql\bin\mysqld.exe: ready for connections.
Version: '5.0.27-community-log'  socket: ''  port: 3306  MySQL Community Edition (GPL)
141211  9:14:44 [Note] V:\SCHOOL~2\COMPUT~1\NATION~1\Units\Unit16\EasyPhP\MySql\bin\mysqld.exe: Normal shutdown

141211  9:14:44  InnoDB: Starting shutdown...
141211  9:14:47  InnoDB: Shutdown completed; log sequence number 0 65402
141211  9:14:47 [Note] V:\SCHOOL~2\COMPUT~1\NATION~1\Units\Unit16\EasyPhP\MySql\bin\mysqld.exe: Shutdown complete

141211  9:14:49  InnoDB: Started; log sequence number 0 65402
141211  9:14:49 [Note] V:\SCHOOL~2\COMPUT~1\NATION~1\Units\Unit16\EasyPhP\MySql\bin\mysqld.exe: ready for connections.
Version: '5.0.27-community-log'  socket: ''  port: 3306  MySQL Community Edition (GPL)
141211 10:01:36 [Note] V:\SCHOOL~2\COMPUT~1\NATION~1\Units\Unit16\EasyPhP\MySql\bin\mysqld.exe: Normal shutdown

141211 10:01:36  InnoDB: Starting shutdown...
141211 10:01:39  InnoDB: Shutdown completed; log sequence number 0 65402
141211 10:01:39 [Note] V:\SCHOOL~2\COMPUT~1\NATION~1\Units\Unit16\EasyPhP\MySql\bin\mysqld.exe: Shutdown complete

141218  9:10:04  InnoDB: Started; log sequence number 0 68194
141218  9:10:04 [Note] Recovering after a crash using mysql-bin
141218  9:10:04 [Note] Starting crash recovery...
141218  9:10:04 [Note] Crash recovery finished.
141218  9:10:06 [Note] V:\SCHOOL~2\COMPUT~1\NATION~1\Units\UNIT27~1\EasyPhP\MySql\bin\mysqld.exe: ready for connections.
Version: '5.0.27-community-log'  socket: ''  port: 3306  MySQL Community Edition (GPL)
141218  9:11:09  InnoDB: Started; log sequence number 0 68194
141218  9:11:09 [Note] Recovering after a crash using mysql-bin
141218  9:11:09 [Note] Starting crash recovery...
141218  9:11:09 [Note] Crash recovery finished.
141218  9:11:09 [Note] V:\SCHOOL~2\COMPUT~1\NATION~1\Units\UNIT27~1\EasyPhP\MySql\bin\mysqld.exe: ready for connections.
Version: '5.0.27-community-log'  socket: ''  port: 3306  MySQL Community Edition (GPL)
141218  9:55:39 [Note] V:\SCHOOL~2\COMPUT~1\NATION~1\Units\UNIT27~1\EasyPhP\MySql\bin\mysqld.exe: Normal shutdown

141218  9:55:39  InnoDB: Starting shutdown...
141218  9:55:41  InnoDB: Shutdown completed; log sequence number 0 68194
141218  9:55:41 [Note] V:\SCHOOL~2\COMPUT~1\NATION~1\Units\UNIT27~1\EasyPhP\MySql\bin\mysqld.exe: Shutdown complete

151106 10:09:04  InnoDB: Started; log sequence number 0 93739
151106 10:09:04 [Note] Recovering after a crash using mysql-bin
151106 10:09:04 [Note] Starting crash recovery...
151106 10:09:04 [Note] Crash recovery finished.
151106 10:09:04 [Note] V:\SCHOOL~2\COMPUT~1\NATION~1\Units\UNIT27~1\EasyPhP\MySql\bin\mysqld.exe: ready for connections.
Version: '5.0.27-community-log'  socket: ''  port: 3306  MySQL Community Edition (GPL)
151113 11:45:02  InnoDB: Started; log sequence number 0 108385
151113 11:45:03 [Note] V:\SCHOOL~2\COMPUT~1\NATION~1\Units\UNIT27~1\EasyPhP\MySql\bin\mysqld.exe: ready for connections.
Version: '5.0.27-community-log'  socket: ''  port: 3306  MySQL Community Edition (GPL)
151120 10:58:09  InnoDB: Started; log sequence number 0 108385
151120 10:58:09 [Note] Recovering after a crash using mysql-bin
151120 10:58:09 [Note] Starting crash recovery...
151120 10:58:09 [Note] Crash recovery finished.
151120 10:58:11 [Note] V:\SCHOOL~2\COMPUT~1\NATION~1\Units\UNIT27~1\EasyPhP\MySql\bin\mysqld.exe: ready for connections.
Version: '5.0.27-community-log'  socket: ''  port: 3306  MySQL Community Edition (GPL)
151120 12:15:40  InnoDB: Started; log sequence number 0 108385
151120 12:15:40 [Note] Recovering after a crash using mysql-bin
151120 12:15:40 [Note] Starting crash recovery...
151120 12:15:40 [Note] Crash recovery finished.
151120 12:15:41 [Note] V:\SCHOOL~2\COMPUT~1\NATION~1\Units\UNIT27~1\EasyPhP\MySql\bin\mysqld.exe: ready for connections.
Version: '5.0.27-community-log'  socket: ''  port: 3306  MySQL Community Edition (GPL)
151208 10:40:59  InnoDB: Started; log sequence number 0 122357
151208 10:40:59 [Note] Recovering after a crash using mysql-bin
151208 10:40:59 [Note] Starting crash recovery...
151208 10:40:59 [Note] Crash recovery finished.
151208 10:41:00 [Note] V:\SCHOOL~2\COMPUT~1\NATION~1\Units\UNIT27~1\EasyPhP\MySql\bin\mysqld.exe: ready for connections.
Version: '5.0.27-community-log'  socket: ''  port: 3306  MySQL Community Edition (GPL)
151208 10:41:03 [Note] V:\SCHOOL~2\COMPUT~1\NATION~1\Units\UNIT27~1\EasyPhP\MySql\bin\mysqld.exe: Normal shutdown

151208 10:41:03  InnoDB: Starting shutdown...
151208 10:41:05  InnoDB: Shutdown completed; log sequence number 0 122357
151208 10:41:05 [Note] V:\SCHOOL~2\COMPUT~1\NATION~1\Units\UNIT27~1\EasyPhP\MySql\bin\mysqld.exe: Shutdown complete

151208 10:41:08  InnoDB: Started; log sequence number 0 122357
151208 10:41:08 [Note] V:\SCHOOL~2\COMPUT~1\NATION~1\Units\UNIT27~1\EasyPhP\MySql\bin\mysqld.exe: ready for connections.
Version: '5.0.27-community-log'  socket: ''  port: 3306  MySQL Community Edition (GPL)
151208 11:02:22 [Note] V:\SCHOOL~2\COMPUT~1\NATION~1\Units\UNIT27~1\EasyPhP\MySql\bin\mysqld.exe: Normal shutdown

151208 11:02:23  InnoDB: Starting shutdown...
151208 11:02:25  InnoDB: Shutdown completed; log sequence number 0 122357
151208 11:02:25 [Note] V:\SCHOOL~2\COMPUT~1\NATION~1\Units\UNIT27~1\EasyPhP\MySql\bin\mysqld.exe: Shutdown complete

151215  9:59:58  InnoDB: Started; log sequence number 0 122357
151215  9:59:59 [Note] Recovering after a crash using mysql-bin
151215  9:59:59 [Note] Starting crash recovery...
151215  9:59:59 [Note] Crash recovery finished.
151215  9:59:59 [Note] V:\SCHOOL~2\COMPUT~1\NATION~1\Units\UNIT27~1\EasyPhP\MySql\bin\mysqld.exe: ready for connections.
Version: '5.0.27-community-log'  socket: ''  port: 3306  MySQL Community Edition (GPL)
151215 10:04:18  InnoDB: Started; log sequence number 0 122357
151215 10:04:18 [Note] Recovering after a crash using mysql-bin
151215 10:04:18 [Note] Starting crash recovery...
151215 10:04:18 [Note] Crash recovery finished.
151215 10:04:19 [Note] V:\SCHOOL~2\COMPUT~1\NATION~1\Units\UNIT27~1\EasyPhP\MySql\bin\mysqld.exe: ready for connections.
Version: '5.0.27-community-log'  socket: ''  port: 3306  MySQL Community Edition (GPL)
151215 11:00:48 [Note] V:\SCHOOL~2\COMPUT~1\NATION~1\Units\UNIT27~1\EasyPhP\MySql\bin\mysqld.exe: Normal shutdown

151215 11:00:48  InnoDB: Starting shutdown...
151215 11:00:49  InnoDB: Shutdown completed; log sequence number 0 122357
151215 11:00:49 [Note] V:\SCHOOL~2\COMPUT~1\NATION~1\Units\UNIT27~1\EasyPhP\MySql\bin\mysqld.exe: Shutdown complete

160105 10:02:00  InnoDB: Started; log sequence number 0 122702
160105 10:02:01 [Note] V:\SCHOOL~2\COMPUT~1\NATION~1\Units\UNIT27~1\EasyPhP\MySql\bin\mysqld.exe: ready for connections.
Version: '5.0.27-community-log'  socket: ''  port: 3306  MySQL Community Edition (GPL)
160105 10:02:02 [Note] V:\SCHOOL~2\COMPUT~1\NATION~1\Units\UNIT27~1\EasyPhP\MySql\bin\mysqld.exe: Normal shutdown

160105 10:02:02  InnoDB: Starting shutdown...
160105 10:02:04  InnoDB: Shutdown completed; log sequence number 0 122702
160105 10:02:04 [Note] V:\SCHOOL~2\COMPUT~1\NATION~1\Units\UNIT27~1\EasyPhP\MySql\bin\mysqld.exe: Shutdown complete

160105 10:02:07  InnoDB: Started; log sequence number 0 122702
160105 10:02:07 [Note] V:\SCHOOL~2\COMPUT~1\NATION~1\Units\UNIT27~1\EasyPhP\MySql\bin\mysqld.exe: ready for connections.
Version: '5.0.27-community-log'  socket: ''  port: 3306  MySQL Community Edition (GPL)
160105 10:58:27 [Note] V:\SCHOOL~2\COMPUT~1\NATION~1\Units\UNIT27~1\EasyPhP\MySql\bin\mysqld.exe: Normal shutdown

160105 10:58:27  InnoDB: Starting shutdown...
160105 10:58:28  InnoDB: Shutdown completed; log sequence number 0 122702
160105 10:58:28 [Note] V:\SCHOOL~2\COMPUT~1\NATION~1\Units\UNIT27~1\EasyPhP\MySql\bin\mysqld.exe: Shutdown complete

160301 10:21:06  InnoDB: Started; log sequence number 0 122712
160301 10:21:06 [Note] Recovering after a crash using mysql-bin
160301 10:21:06 [Note] Starting crash recovery...
160301 10:21:06 [Note] Crash recovery finished.
160301 10:21:06 [Note] V:\SCHOOL~2\COMPUT~1\NATION~1\Units\UNIT27~1\EasyPhP\MySql\bin\mysqld.exe: ready for connections.
Version: '5.0.27-community-log'  socket: ''  port: 3306  MySQL Community Edition (GPL)
160301 10:21:07 [Note] V:\SCHOOL~2\COMPUT~1\NATION~1\Units\UNIT27~1\EasyPhP\MySql\bin\mysqld.exe: Normal shutdown

160301 10:21:08  InnoDB: Starting shutdown...
160301 10:21:10  InnoDB: Shutdown completed; log sequence number 0 122712
160301 10:21:10 [Note] V:\SCHOOL~2\COMPUT~1\NATION~1\Units\UNIT27~1\EasyPhP\MySql\bin\mysqld.exe: Shutdown complete

160301 10:21:13  InnoDB: Started; log sequence number 0 122712
160301 10:21:13 [Note] V:\SCHOOL~2\COMPUT~1\NATION~1\Units\UNIT27~1\EasyPhP\MySql\bin\mysqld.exe: ready for connections.
Version: '5.0.27-community-log'  socket: ''  port: 3306  MySQL Community Edition (GPL)
160301 10:44:21 [Note] V:\SCHOOL~2\COMPUT~1\NATION~1\Units\UNIT27~1\EasyPhP\MySql\bin\mysqld.exe: Normal shutdown

160301 10:44:21  InnoDB: Starting shutdown...
160301 10:44:24  InnoDB: Shutdown completed; log sequence number 0 122712
160301 10:44:24 [Note] V:\SCHOOL~2\COMPUT~1\NATION~1\Units\UNIT27~1\EasyPhP\MySql\bin\mysqld.exe: Shutdown complete

160304 10:45:00  InnoDB: Started; log sequence number 0 122712
160304 10:45:00 [Note] V:\SCHOOL~2\COMPUT~1\NATION~1\Units\UNIT27~1\EasyPhP\MySql\bin\mysqld.exe: ready for connections.
Version: '5.0.27-community-log'  socket: ''  port: 3306  MySQL Community Edition (GPL)
160304 10:45:02 [Note] V:\SCHOOL~2\COMPUT~1\NATION~1\Units\UNIT27~1\EasyPhP\MySql\bin\mysqld.exe: Normal shutdown

160304 10:45:02  InnoDB: Starting shutdown...
160304 10:45:04  InnoDB: Shutdown completed; log sequence number 0 122712
160304 10:45:04 [Note] V:\SCHOOL~2\COMPUT~1\NATION~1\Units\UNIT27~1\EasyPhP\MySql\bin\mysqld.exe: Shutdown complete

160304 10:45:06  InnoDB: Started; log sequence number 0 122712
160304 10:45:07 [Note] V:\SCHOOL~2\COMPUT~1\NATION~1\Units\UNIT27~1\EasyPhP\MySql\bin\mysqld.exe: ready for connections.
Version: '5.0.27-community-log'  socket: ''  port: 3306  MySQL Community Edition (GPL)
160304 11:03:58 [Note] V:\SCHOOL~2\COMPUT~1\NATION~1\Units\UNIT27~1\EasyPhP\MySql\bin\mysqld.exe: Normal shutdown

160304 11:03:58  InnoDB: Starting shutdown...
160304 11:04:00  InnoDB: Shutdown completed; log sequence number 0 122712
160304 11:04:00 [Note] V:\SCHOOL~2\COMPUT~1\NATION~1\Units\UNIT27~1\EasyPhP\MySql\bin\mysqld.exe: Shutdown complete

160412  9:59:02  InnoDB: Started; log sequence number 0 122712
160412  9:59:03 [Note] V:\SCHOOL~2\COMPUT~1\NATION~1\Units\UNIT27~1\EasyPhP\MySql\bin\mysqld.exe: ready for connections.
Version: '5.0.27-community-log'  socket: ''  port: 3306  MySQL Community Edition (GPL)
160412  9:59:10  InnoDB: Started; log sequence number 0 122712
160412  9:59:10 [Note] Recovering after a crash using mysql-bin
160412  9:59:10 [Note] Starting crash recovery...
160412  9:59:10 [Note] Crash recovery finished.
160412  9:59:10 [Note] V:\SCHOOL~2\COMPUT~1\NATION~1\Units\UNIT27~1\EasyPhP\MySql\bin\mysqld.exe: ready for connections.
Version: '5.0.27-community-log'  socket: ''  port: 3306  MySQL Community Edition (GPL)
160412 10:58:30 [Note] V:\SCHOOL~2\COMPUT~1\NATION~1\Units\UNIT27~1\EasyPhP\MySql\bin\mysqld.exe: Normal shutdown

160412 10:58:30  InnoDB: Starting shutdown...
160412 10:58:32  InnoDB: Shutdown completed; log sequence number 0 122722
160412 10:58:32 [Note] V:\SCHOOL~2\COMPUT~1\NATION~1\Units\UNIT27~1\EasyPhP\MySql\bin\mysqld.exe: Shutdown complete

160419 10:40:36  InnoDB: Started; log sequence number 0 122722
160419 10:40:37 [Note] V:\SCHOOL~2\COMPUT~1\NATION~1\Units\UNIT27~1\EasyPhP\MySql\bin\mysqld.exe: ready for connections.
Version: '5.0.27-community-log'  socket: ''  port: 3306  MySQL Community Edition (GPL)
160419 10:40:38 [Note] V:\SCHOOL~2\COMPUT~1\NATION~1\Units\UNIT27~1\EasyPhP\MySql\bin\mysqld.exe: Normal shutdown

160419 10:40:38  InnoDB: Starting shutdown...
160419 10:40:40  InnoDB: Shutdown completed; log sequence number 0 122722
160419 10:40:40 [Note] V:\SCHOOL~2\COMPUT~1\NATION~1\Units\UNIT27~1\EasyPhP\MySql\bin\mysqld.exe: Shutdown complete

160419 10:40:43  InnoDB: Started; log sequence number 0 122722
160419 10:40:43 [Note] V:\SCHOOL~2\COMPUT~1\NATION~1\Units\UNIT27~1\EasyPhP\MySql\bin\mysqld.exe: ready for connections.
Version: '5.0.27-community-log'  socket: ''  port: 3306  MySQL Community Edition (GPL)
160419 11:01:58 [Note] V:\SCHOOL~2\COMPUT~1\NATION~1\Units\UNIT27~1\EasyPhP\MySql\bin\mysqld.exe: Normal shutdown

160419 11:01:58  InnoDB: Starting shutdown...
160419 11:02:00  InnoDB: Shutdown completed; log sequence number 0 122722
160419 11:02:00 [Note] V:\SCHOOL~2\COMPUT~1\NATION~1\Units\UNIT27~1\EasyPhP\MySql\bin\mysqld.exe: Shutdown complete

160520 10:42:08  InnoDB: Started; log sequence number 0 122722
160520 10:42:08 [Note] Recovering after a crash using mysql-bin
160520 10:42:08 [Note] Starting crash recovery...
160520 10:42:08 [Note] Crash recovery finished.
160520 10:42:09 [Note] V:\SCHOOL~2\COMPUT~1\NATION~1\Units\UNIT27~1\EasyPhP\MySql\bin\mysqld.exe: ready for connections.
Version: '5.0.27-community-log'  socket: ''  port: 3306  MySQL Community Edition (GPL)
161130 14:33:21  InnoDB: Started; log sequence number 0 123490
161130 14:33:21 [Note] S:\Departments\LHTS\Computing\National Diploma\Units\Unit 27\EasyPhP\MySql\bin\mysqld.exe: ready for connections.
Version: '5.0.27-community-log'  socket: ''  port: 3306  MySQL Community Edition (GPL)
161130 14:33:31  InnoDB: Started; log sequence number 0 123490
161130 14:33:31 [Note] Recovering after a crash using mysql-bin
161130 14:33:31 [Note] Starting crash recovery...
161130 14:33:31 [Note] Crash recovery finished.
161130 14:33:31 [Note] S:\Departments\LHTS\Computing\National Diploma\Units\Unit 27\EasyPhP\MySql\bin\mysqld.exe: ready for connections.
Version: '5.0.27-community-log'  socket: ''  port: 3306  MySQL Community Edition (GPL)
161130 15:31:49 [Note] S:\Departments\LHTS\Computing\National Diploma\Units\Unit 27\EasyPhP\MySql\bin\mysqld.exe: Normal shutdown

161130 15:31:49  InnoDB: Starting shutdown...
161130 15:31:50  InnoDB: Shutdown completed; log sequence number 0 123490
161130 15:31:50 [Note] S:\Departments\LHTS\Computing\National Diploma\Units\Unit 27\EasyPhP\MySql\bin\mysqld.exe: Shutdown complete

