140702 12:07:08  InnoDB: Started; log sequence number 0 59080
140702 12:07:08 [Note] Recovering after a crash using mysql-bin
140702 12:07:08 [Note] Starting crash recovery...
140702 12:07:08 [Note] Crash recovery finished.
140702 12:07:09 [Note] V:\SCHOOL~2\COMPUT~1\NATION~1\Units\Unit16\EasyPhP\MySql\bin\mysqld.exe: ready for connections.
Version: '5.0.27-community-log'  socket: ''  port: 3306  MySQL Community Edition (GPL)
140702 12:07:10 [Note] V:\SCHOOL~2\COMPUT~1\NATION~1\Units\Unit16\EasyPhP\MySql\bin\mysqld.exe: Normal shutdown

140702 12:07:10  InnoDB: Starting shutdown...
140702 12:07:12  InnoDB: Shutdown completed; log sequence number 0 59080
140702 12:07:12 [Note] V:\SCHOOL~2\COMPUT~1\NATION~1\Units\Unit16\EasyPhP\MySql\bin\mysqld.exe: Shutdown complete

140702 12:07:20  InnoDB: Started; log sequence number 0 59080
140702 12:07:20 [Note] V:\SCHOOL~2\COMPUT~1\NATION~1\Units\Unit16\EasyPhP\MySql\bin\mysqld.exe: ready for connections.
Version: '5.0.27-community-log'  socket: ''  port: 3306  MySQL Community Edition (GPL)
140702 12:10:13 [Note] V:\SCHOOL~2\COMPUT~1\NATION~1\Units\Unit16\EasyPhP\MySql\bin\mysqld.exe: Normal shutdown

140702 12:10:13  InnoDB: Starting shutdown...
140702 12:10:16  InnoDB: Shutdown completed; log sequence number 0 59080
140702 12:10:16 [Note] V:\SCHOOL~2\COMPUT~1\NATION~1\Units\Unit16\EasyPhP\MySql\bin\mysqld.exe: Shutdown complete

140702 12:19:56  InnoDB: Started; log sequence number 0 59080
140702 12:19:57 [Note] V:\SCHOOL~2\COMPUT~1\NATION~1\Units\Unit16\EasyPhP\MySql\bin\mysqld.exe: ready for connections.
Version: '5.0.27-community-log'  socket: ''  port: 3306  MySQL Community Edition (GPL)
140702 12:19:58 [Note] V:\SCHOOL~2\COMPUT~1\NATION~1\Units\Unit16\EasyPhP\MySql\bin\mysqld.exe: Normal shutdown

140702 12:19:58  InnoDB: Starting shutdown...
140702 12:20:01  InnoDB: Shutdown completed; log sequence number 0 59080
140702 12:20:01 [Note] V:\SCHOOL~2\COMPUT~1\NATION~1\Units\Unit16\EasyPhP\MySql\bin\mysqld.exe: Shutdown complete

140702 12:20:03  InnoDB: Started; log sequence number 0 59080
140702 12:20:03 [Note] V:\SCHOOL~2\COMPUT~1\NATION~1\Units\Unit16\EasyPhP\MySql\bin\mysqld.exe: ready for connections.
Version: '5.0.27-community-log'  socket: ''  port: 3306  MySQL Community Edition (GPL)
140702 12:31:54 [Note] V:\SCHOOL~2\COMPUT~1\NATION~1\Units\Unit16\EasyPhP\MySql\bin\mysqld.exe: Normal shutdown

140702 12:31:54  InnoDB: Starting shutdown...
140702 12:31:57  InnoDB: Shutdown completed; log sequence number 0 59080
140702 12:31:57 [Note] V:\SCHOOL~2\COMPUT~1\NATION~1\Units\Unit16\EasyPhP\MySql\bin\mysqld.exe: Shutdown complete

140909 16:08:10  InnoDB: Started; log sequence number 0 59080
140909 16:08:11 [Note] V:\SCHOOL~2\COMPUT~1\NATION~1\Units\Unit16\EasyPhP\MySql\bin\mysqld.exe: ready for connections.
Version: '5.0.27-community-log'  socket: ''  port: 3306  MySQL Community Edition (GPL)
140909 16:08:12 [Note] V:\SCHOOL~2\COMPUT~1\NATION~1\Units\Unit16\EasyPhP\MySql\bin\mysqld.exe: Normal shutdown

140909 16:08:12  InnoDB: Starting shutdown...
140909 16:08:15  InnoDB: Shutdown completed; log sequence number 0 59080
140909 16:08:15 [Note] V:\SCHOOL~2\COMPUT~1\NATION~1\Units\Unit16\EasyPhP\MySql\bin\mysqld.exe: Shutdown complete

140909 16:08:18  InnoDB: Started; log sequence number 0 59080
140909 16:08:18 [Note] V:\SCHOOL~2\COMPUT~1\NATION~1\Units\Unit16\EasyPhP\MySql\bin\mysqld.exe: ready for connections.
Version: '5.0.27-community-log'  socket: ''  port: 3306  MySQL Community Edition (GPL)
140909 16:22:38 [Note] V:\SCHOOL~2\COMPUT~1\NATION~1\Units\Unit16\EasyPhP\MySql\bin\mysqld.exe: Normal shutdown

140909 16:22:39  InnoDB: Starting shutdown...
140909 16:22:41  InnoDB: Shutdown completed; log sequence number 0 59080
140909 16:22:41 [Note] V:\SCHOOL~2\COMPUT~1\NATION~1\Units\Unit16\EasyPhP\MySql\bin\mysqld.exe: Shutdown complete

140912 10:09:50  InnoDB: Started; log sequence number 0 59080
140912 10:09:50 [Note] Recovering after a crash using mysql-bin
140912 10:09:50 [Note] Starting crash recovery...
140912 10:09:50 [Note] Crash recovery finished.
140912 10:09:50 [Note] V:\SCHOOL~2\COMPUT~1\NATION~1\Units\Unit16\EasyPhP\MySql\bin\mysqld.exe: ready for connections.
Version: '5.0.27-community-log'  socket: ''  port: 3306  MySQL Community Edition (GPL)
140912 10:09:51 [Note] V:\SCHOOL~2\COMPUT~1\NATION~1\Units\Unit16\EasyPhP\MySql\bin\mysqld.exe: Normal shutdown

140912 10:09:51  InnoDB: Starting shutdown...
140912 10:09:54  InnoDB: Shutdown completed; log sequence number 0 59080
140912 10:09:54 [Note] V:\SCHOOL~2\COMPUT~1\NATION~1\Units\Unit16\EasyPhP\MySql\bin\mysqld.exe: Shutdown complete

140912 10:09:57  InnoDB: Started; log sequence number 0 59080
140912 10:09:57 [Note] V:\SCHOOL~2\COMPUT~1\NATION~1\Units\Unit16\EasyPhP\MySql\bin\mysqld.exe: ready for connections.
Version: '5.0.27-community-log'  socket: ''  port: 3306  MySQL Community Edition (GPL)
140912 12:22:50 [Note] V:\SCHOOL~2\COMPUT~1\NATION~1\Units\Unit16\EasyPhP\MySql\bin\mysqld.exe: Normal shutdown

140912 12:22:50  InnoDB: Starting shutdown...
140912 12:22:51  InnoDB: Shutdown completed; log sequence number 0 59080
140912 12:22:51 [Note] V:\SCHOOL~2\COMPUT~1\NATION~1\Units\Unit16\EasyPhP\MySql\bin\mysqld.exe: Shutdown complete

140916 15:37:29  InnoDB: Started; log sequence number 0 59080
140916 15:37:30 [Note] V:\SCHOOL~2\COMPUT~1\NATION~1\Units\Unit16\EasyPhP\MySql\bin\mysqld.exe: ready for connections.
Version: '5.0.27-community-log'  socket: ''  port: 3306  MySQL Community Edition (GPL)
140923 15:36:24  InnoDB: Started; log sequence number 0 59080
140923 15:36:25 [Note] V:\SCHOOL~2\COMPUT~1\NATION~1\Units\Unit16\EasyPhP\MySql\bin\mysqld.exe: ready for connections.
Version: '5.0.27-community-log'  socket: ''  port: 3306  MySQL Community Edition (GPL)
140923 15:36:26 [Note] V:\SCHOOL~2\COMPUT~1\NATION~1\Units\Unit16\EasyPhP\MySql\bin\mysqld.exe: Normal shutdown

140923 15:36:26  InnoDB: Starting shutdown...
140923 15:36:29  InnoDB: Shutdown completed; log sequence number 0 59080
140923 15:36:29 [Note] V:\SCHOOL~2\COMPUT~1\NATION~1\Units\Unit16\EasyPhP\MySql\bin\mysqld.exe: Shutdown complete

140923 15:36:31  InnoDB: Started; log sequence number 0 59080
140923 15:36:32 [Note] V:\SCHOOL~2\COMPUT~1\NATION~1\Units\Unit16\EasyPhP\MySql\bin\mysqld.exe: ready for connections.
Version: '5.0.27-community-log'  socket: ''  port: 3306  MySQL Community Edition (GPL)
140923 16:31:43 [Note] V:\SCHOOL~2\COMPUT~1\NATION~1\Units\Unit16\EasyPhP\MySql\bin\mysqld.exe: Normal shutdown

140923 16:31:43  InnoDB: Starting shutdown...
140923 16:31:46  InnoDB: Shutdown completed; log sequence number 0 59080
140923 16:31:46 [Note] V:\SCHOOL~2\COMPUT~1\NATION~1\Units\Unit16\EasyPhP\MySql\bin\mysqld.exe: Shutdown complete

140926 11:57:01  InnoDB: Started; log sequence number 0 59080
140926 11:57:02 [Note] V:\SCHOOL~2\COMPUT~1\NATION~1\Units\Unit16\EasyPhP\MySql\bin\mysqld.exe: ready for connections.
Version: '5.0.27-community-log'  socket: ''  port: 3306  MySQL Community Edition (GPL)
140926 11:57:03 [Note] V:\SCHOOL~2\COMPUT~1\NATION~1\Units\Unit16\EasyPhP\MySql\bin\mysqld.exe: Normal shutdown

140926 11:57:03  InnoDB: Starting shutdown...
140926 11:57:06  InnoDB: Shutdown completed; log sequence number 0 59080
140926 11:57:06 [Note] V:\SCHOOL~2\COMPUT~1\NATION~1\Units\Unit16\EasyPhP\MySql\bin\mysqld.exe: Shutdown complete

140926 11:57:08  InnoDB: Started; log sequence number 0 59080
140926 11:57:08 [Note] V:\SCHOOL~2\COMPUT~1\NATION~1\Units\Unit16\EasyPhP\MySql\bin\mysqld.exe: ready for connections.
Version: '5.0.27-community-log'  socket: ''  port: 3306  MySQL Community Edition (GPL)
140926 12:24:12 [Note] V:\SCHOOL~2\COMPUT~1\NATION~1\Units\Unit16\EasyPhP\MySql\bin\mysqld.exe: Normal shutdown

140926 12:24:12  InnoDB: Starting shutdown...
140926 12:24:13  InnoDB: Shutdown completed; log sequence number 0 59080
140926 12:24:13 [Note] V:\SCHOOL~2\COMPUT~1\NATION~1\Units\Unit16\EasyPhP\MySql\bin\mysqld.exe: Shutdown complete

140930 16:04:15  InnoDB: Started; log sequence number 0 59080
140930 16:04:15 [Note] Recovering after a crash using mysql-bin
140930 16:04:15 [Note] Starting crash recovery...
140930 16:04:15 [Note] Crash recovery finished.
140930 16:04:15 [Note] V:\SCHOOL~2\COMPUT~1\NATION~1\Units\Unit16\EasyPhP\MySql\bin\mysqld.exe: ready for connections.
Version: '5.0.27-community-log'  socket: ''  port: 3306  MySQL Community Edition (GPL)
140930 16:04:16 [Note] V:\SCHOOL~2\COMPUT~1\NATION~1\Units\Unit16\EasyPhP\MySql\bin\mysqld.exe: Normal shutdown

140930 16:04:16  InnoDB: Starting shutdown...
140930 16:04:19  InnoDB: Shutdown completed; log sequence number 0 59080
140930 16:04:19 [Note] V:\SCHOOL~2\COMPUT~1\NATION~1\Units\Unit16\EasyPhP\MySql\bin\mysqld.exe: Shutdown complete

140930 16:04:21  InnoDB: Started; log sequence number 0 59080
140930 16:04:21 [Note] V:\SCHOOL~2\COMPUT~1\NATION~1\Units\Unit16\EasyPhP\MySql\bin\mysqld.exe: ready for connections.
Version: '5.0.27-community-log'  socket: ''  port: 3306  MySQL Community Edition (GPL)
140930 16:26:58 [Note] V:\SCHOOL~2\COMPUT~1\NATION~1\Units\Unit16\EasyPhP\MySql\bin\mysqld.exe: Normal shutdown

140930 16:26:58  InnoDB: Starting shutdown...
140930 16:27:00  InnoDB: Shutdown completed; log sequence number 0 59080
140930 16:27:00 [Note] V:\SCHOOL~2\COMPUT~1\NATION~1\Units\Unit16\EasyPhP\MySql\bin\mysqld.exe: Shutdown complete

141017 10:04:05  InnoDB: Started; log sequence number 0 59080
141017 10:04:05 [Note] Recovering after a crash using mysql-bin
141017 10:04:05 [Note] Starting crash recovery...
141017 10:04:05 [Note] Crash recovery finished.
141017 10:04:06 [Note] V:\SCHOOL~2\COMPUT~1\NATION~1\Units\Unit16\EasyPhP\MySql\bin\mysqld.exe: ready for connections.
Version: '5.0.27-community-log'  socket: ''  port: 3306  MySQL Community Edition (GPL)
141104 16:21:54  InnoDB: Started; log sequence number 0 59080
141104 16:21:54 [Note] Recovering after a crash using mysql-bin
141104 16:21:54 [Note] Starting crash recovery...
141104 16:21:54 [Note] Crash recovery finished.
141104 16:21:55 [Note] V:\SCHOOL~2\COMPUT~1\NATION~1\Units\Unit16\EasyPhP\MySql\bin\mysqld.exe: ready for connections.
Version: '5.0.27-community-log'  socket: ''  port: 3306  MySQL Community Edition (GPL)
141104 16:21:56 [Note] V:\SCHOOL~2\COMPUT~1\NATION~1\Units\Unit16\EasyPhP\MySql\bin\mysqld.exe: Normal shutdown

141104 16:21:56  InnoDB: Starting shutdown...
141104 16:21:58  InnoDB: Shutdown completed; log sequence number 0 59080
141104 16:21:58 [Note] V:\SCHOOL~2\COMPUT~1\NATION~1\Units\Unit16\EasyPhP\MySql\bin\mysqld.exe: Shutdown complete

141104 16:22:01  InnoDB: Started; log sequence number 0 59080
141104 16:22:01 [Note] V:\SCHOOL~2\COMPUT~1\NATION~1\Units\Unit16\EasyPhP\MySql\bin\mysqld.exe: ready for connections.
Version: '5.0.27-community-log'  socket: ''  port: 3306  MySQL Community Edition (GPL)
141104 16:30:10 [Note] V:\SCHOOL~2\COMPUT~1\NATION~1\Units\Unit16\EasyPhP\MySql\bin\mysqld.exe: Normal shutdown

141104 16:30:10  InnoDB: Starting shutdown...
141104 16:30:12  InnoDB: Shutdown completed; log sequence number 0 59080
141104 16:30:12 [Note] V:\SCHOOL~2\COMPUT~1\NATION~1\Units\Unit16\EasyPhP\MySql\bin\mysqld.exe: Shutdown complete

141114 11:29:55  InnoDB: Started; log sequence number 0 59080
141114 11:29:59 [Note] V:\SCHOOL~2\COMPUT~1\NATION~1\Units\Unit16\EasyPhP\MySql\bin\mysqld.exe: ready for connections.
Version: '5.0.27-community-log'  socket: ''  port: 3306  MySQL Community Edition (GPL)
141202 15:38:53  InnoDB: Started; log sequence number 0 63047
141202 15:38:54 [Note] V:\SCHOOL~2\COMPUT~1\NATION~1\Units\Unit16\EasyPhP\MySql\bin\mysqld.exe: ready for connections.
Version: '5.0.27-community-log'  socket: ''  port: 3306  MySQL Community Edition (GPL)
141202 16:09:10 [Note] V:\SCHOOL~2\COMPUT~1\NATION~1\Units\Unit16\EasyPhP\MySql\bin\mysqld.exe: Normal shutdown

141202 16:09:10  InnoDB: Starting shutdown...
141202 16:09:12  InnoDB: Shutdown completed; log sequence number 0 63047
141202 16:09:12 [Note] V:\SCHOOL~2\COMPUT~1\NATION~1\Units\Unit16\EasyPhP\MySql\bin\mysqld.exe: Shutdown complete

141205 10:10:27  InnoDB: Started; log sequence number 0 63047
141205 10:10:27 [Note] Recovering after a crash using mysql-bin
141205 10:10:27 [Note] Starting crash recovery...
141205 10:10:27 [Note] Crash recovery finished.
141205 10:10:28 [Note] V:\SCHOOL~2\COMPUT~1\NATION~1\Units\Unit16\EasyPhP\MySql\bin\mysqld.exe: ready for connections.
Version: '5.0.27-community-log'  socket: ''  port: 3306  MySQL Community Edition (GPL)
141205 10:10:29 [Note] V:\SCHOOL~2\COMPUT~1\NATION~1\Units\Unit16\EasyPhP\MySql\bin\mysqld.exe: Normal shutdown

141205 10:10:29  InnoDB: Starting shutdown...
141205 10:10:32  InnoDB: Shutdown completed; log sequence number 0 63047
141205 10:10:32 [Note] V:\SCHOOL~2\COMPUT~1\NATION~1\Units\Unit16\EasyPhP\MySql\bin\mysqld.exe: Shutdown complete

141205 10:10:34  InnoDB: Started; log sequence number 0 63047
141205 10:10:35 [Note] V:\SCHOOL~2\COMPUT~1\NATION~1\Units\Unit16\EasyPhP\MySql\bin\mysqld.exe: ready for connections.
Version: '5.0.27-community-log'  socket: ''  port: 3306  MySQL Community Edition (GPL)
141205 12:26:26 [Note] V:\SCHOOL~2\COMPUT~1\NATION~1\Units\Unit16\EasyPhP\MySql\bin\mysqld.exe: Normal shutdown

141205 12:26:27  InnoDB: Starting shutdown...
141205 12:26:28  InnoDB: Shutdown completed; log sequence number 0 63047
141205 12:26:28 [Note] V:\SCHOOL~2\COMPUT~1\NATION~1\Units\Unit16\EasyPhP\MySql\bin\mysqld.exe: Shutdown complete

141212 10:33:50  InnoDB: Started; log sequence number 0 65412
141212 10:33:50 [Note] V:\SCHOOL~2\COMPUT~1\NATION~1\Units\Unit16\EasyPhP\MySql\bin\mysqld.exe: ready for connections.
Version: '5.0.27-community-log'  socket: ''  port: 3306  MySQL Community Edition (GPL)
141212 10:33:56  InnoDB: Started; log sequence number 0 65412
141212 10:33:56 [Note] Recovering after a crash using mysql-bin
141212 10:33:56 [Note] Starting crash recovery...
141212 10:33:56 [Note] Crash recovery finished.
141212 10:33:57 [Note] V:\SCHOOL~2\COMPUT~1\NATION~1\Units\Unit16\EasyPhP\MySql\bin\mysqld.exe: ready for connections.
Version: '5.0.27-community-log'  socket: ''  port: 3306  MySQL Community Edition (GPL)
141212 12:30:57 [Note] V:\SCHOOL~2\COMPUT~1\NATION~1\Units\Unit16\EasyPhP\MySql\bin\mysqld.exe: Normal shutdown

141212 12:30:57  InnoDB: Starting shutdown...
141212 12:31:00  InnoDB: Shutdown completed; log sequence number 0 65412
141212 12:31:00 [Note] V:\SCHOOL~2\COMPUT~1\NATION~1\Units\Unit16\EasyPhP\MySql\bin\mysqld.exe: Shutdown complete

141216 15:47:32  InnoDB: Started; log sequence number 0 68194
141216 15:47:33 [Note] V:\SCHOOL~2\COMPUT~1\NATION~1\Units\UNIT27~1\EasyPhP\MySql\bin\mysqld.exe: ready for connections.
Version: '5.0.27-community-log'  socket: ''  port: 3306  MySQL Community Edition (GPL)
150109 11:48:33  InnoDB: Started; log sequence number 0 69703
150109 11:48:34 [Note] V:\SCHOOL~2\COMPUT~1\NATION~1\Units\UNIT27~1\EasyPhP\MySql\bin\mysqld.exe: ready for connections.
Version: '5.0.27-community-log'  socket: ''  port: 3306  MySQL Community Edition (GPL)
150109 11:49:20 [Note] V:\SCHOOL~2\COMPUT~1\NATION~1\Units\UNIT27~1\EasyPhP\MySql\bin\mysqld.exe: Normal shutdown

150109 11:49:20  InnoDB: Starting shutdown...
150109 11:49:22  InnoDB: Shutdown completed; log sequence number 0 69703
150109 11:49:22 [Note] V:\SCHOOL~2\COMPUT~1\NATION~1\Units\UNIT27~1\EasyPhP\MySql\bin\mysqld.exe: Shutdown complete

150109 11:49:24  InnoDB: Started; log sequence number 0 69703
150109 11:49:24 [Note] V:\SCHOOL~2\COMPUT~1\NATION~1\Units\UNIT27~1\EasyPhP\MySql\bin\mysqld.exe: ready for connections.
Version: '5.0.27-community-log'  socket: ''  port: 3306  MySQL Community Edition (GPL)
150109 11:51:01 [Note] V:\SCHOOL~2\COMPUT~1\NATION~1\Units\UNIT27~1\EasyPhP\MySql\bin\mysqld.exe: Normal shutdown

150109 11:51:01  InnoDB: Starting shutdown...
150109 11:51:03  InnoDB: Shutdown completed; log sequence number 0 69703
150109 11:51:03 [Note] V:\SCHOOL~2\COMPUT~1\NATION~1\Units\UNIT27~1\EasyPhP\MySql\bin\mysqld.exe: Shutdown complete

150109 11:54:54  InnoDB: Started; log sequence number 0 69703
150109 11:54:54 [Note] V:\SCHOOL~2\COMPUT~1\NATION~1\Units\UNIT27~1\EasyPhP\MySql\bin\mysqld.exe: ready for connections.
Version: '5.0.27-community-log'  socket: ''  port: 3306  MySQL Community Edition (GPL)
150109 12:21:42 [Note] V:\SCHOOL~2\COMPUT~1\NATION~1\Units\UNIT27~1\EasyPhP\MySql\bin\mysqld.exe: Normal shutdown

150109 12:21:43  InnoDB: Starting shutdown...
150109 12:21:45  InnoDB: Shutdown completed; log sequence number 0 69703
150109 12:21:45 [Note] V:\SCHOOL~2\COMPUT~1\NATION~1\Units\UNIT27~1\EasyPhP\MySql\bin\mysqld.exe: Shutdown complete

150109 12:21:48  InnoDB: Started; log sequence number 0 69703
150109 12:21:49 [Note] V:\SCHOOL~2\COMPUT~1\NATION~1\Units\UNIT27~1\EasyPhP\MySql\bin\mysqld.exe: ready for connections.
Version: '5.0.27-community-log'  socket: ''  port: 3306  MySQL Community Edition (GPL)
150109 12:24:38 [Note] V:\SCHOOL~2\COMPUT~1\NATION~1\Units\UNIT27~1\EasyPhP\MySql\bin\mysqld.exe: Normal shutdown

150109 12:24:39  InnoDB: Starting shutdown...
150109 12:24:40  InnoDB: Shutdown completed; log sequence number 0 69703
150109 12:24:40 [Note] V:\SCHOOL~2\COMPUT~1\NATION~1\Units\UNIT27~1\EasyPhP\MySql\bin\mysqld.exe: Shutdown complete

150116 10:15:23  InnoDB: Started; log sequence number 0 69703
150116 10:15:25 [Note] V:\SCHOOL~2\COMPUT~1\NATION~1\Units\UNIT27~1\EasyPhP\MySql\bin\mysqld.exe: ready for connections.
Version: '5.0.27-community-log'  socket: ''  port: 3306  MySQL Community Edition (GPL)
150130 10:15:26  InnoDB: Started; log sequence number 0 69703
150130 10:15:27 [Note] V:\SCHOOL~2\COMPUT~1\NATION~1\Units\UNIT27~1\EasyPhP\MySql\bin\mysqld.exe: ready for connections.
Version: '5.0.27-community-log'  socket: ''  port: 3306  MySQL Community Edition (GPL)
150130 10:15:39  InnoDB: Started; log sequence number 0 69703
150130 10:15:39 [Note] Recovering after a crash using mysql-bin
150130 10:15:39 [Note] Starting crash recovery...
150130 10:15:39 [Note] Crash recovery finished.
150130 10:15:40 [Note] V:\SCHOOL~2\COMPUT~1\NATION~1\Units\UNIT27~1\EasyPhP\MySql\bin\mysqld.exe: ready for connections.
Version: '5.0.27-community-log'  socket: ''  port: 3306  MySQL Community Edition (GPL)
150206 10:17:20  InnoDB: Database was not shut down normally!
InnoDB: Starting crash recovery.
InnoDB: Reading tablespace information from the .ibd files...
InnoDB: Restoring possible half-written data pages from the doublewrite
InnoDB: buffer...
150206 10:17:20  InnoDB: Starting log scan based on checkpoint at
InnoDB: log sequence number 0 69723.
InnoDB: Doing recovery: scanned up to log sequence number 0 69723
InnoDB: Last MySQL binlog file position 0 1330, file name .\mysql-bin.000340
150206 10:17:20  InnoDB: Started; log sequence number 0 69723
150206 10:17:20 [Note] Recovering after a crash using mysql-bin
150206 10:17:20 [Note] Starting crash recovery...
150206 10:17:20 [Note] Crash recovery finished.
150206 10:17:22 [Note] V:\SCHOOL~2\COMPUT~1\NATION~1\Units\UNIT27~1\EasyPhP\MySql\bin\mysqld.exe: ready for connections.
Version: '5.0.27-community-log'  socket: ''  port: 3306  MySQL Community Edition (GPL)
150206 10:17:43  InnoDB: Database was not shut down normally!
InnoDB: Starting crash recovery.
InnoDB: Reading tablespace information from the .ibd files...
InnoDB: Restoring possible half-written data pages from the doublewrite
InnoDB: buffer...
150206 10:17:44  InnoDB: Starting log scan based on checkpoint at
InnoDB: log sequence number 0 69723.
InnoDB: Doing recovery: scanned up to log sequence number 0 69723
InnoDB: Last MySQL binlog file position 0 1330, file name .\mysql-bin.000340
150206 10:17:44  InnoDB: Started; log sequence number 0 69723
150206 10:17:44 [Note] Recovering after a crash using mysql-bin
150206 10:17:44 [Note] Starting crash recovery...
150206 10:17:44 [Note] Crash recovery finished.
150206 10:17:45 [Note] V:\SCHOOL~2\COMPUT~1\NATION~1\Units\UNIT27~1\EasyPhP\MySql\bin\mysqld.exe: ready for connections.
Version: '5.0.27-community-log'  socket: ''  port: 3306  MySQL Community Edition (GPL)
150206 12:15:45 [Note] V:\SCHOOL~2\COMPUT~1\NATION~1\Units\UNIT27~1\EasyPhP\MySql\bin\mysqld.exe: Normal shutdown

150206 12:15:45  InnoDB: Starting shutdown...
150206 12:15:45  InnoDB: Shutdown completed; log sequence number 0 69733
150206 12:15:45 [Note] V:\SCHOOL~2\COMPUT~1\NATION~1\Units\UNIT27~1\EasyPhP\MySql\bin\mysqld.exe: Shutdown complete

150213 12:06:20  InnoDB: Database was not shut down normally!
InnoDB: Starting crash recovery.
InnoDB: Reading tablespace information from the .ibd files...
InnoDB: Restoring possible half-written data pages from the doublewrite
InnoDB: buffer...
150213 12:06:20  InnoDB: Starting log scan based on checkpoint at
InnoDB: log sequence number 0 69753.
InnoDB: Doing recovery: scanned up to log sequence number 0 69753
InnoDB: Last MySQL binlog file position 0 1330, file name .\mysql-bin.000340
150213 12:06:21  InnoDB: Started; log sequence number 0 69753
150213 12:06:21 [Note] Recovering after a crash using mysql-bin
150213 12:06:21 [Note] Starting crash recovery...
150213 12:06:21 [Note] Crash recovery finished.
150213 12:06:24 [Note] V:\SCHOOL~2\COMPUT~1\NATION~1\Units\UNIT27~1\EasyPhP\MySql\bin\mysqld.exe: ready for connections.
Version: '5.0.27-community-log'  socket: ''  port: 3306  MySQL Community Edition (GPL)
150227 11:33:14  InnoDB: Started; log sequence number 0 69753
150227 11:33:14 [Note] Recovering after a crash using mysql-bin
150227 11:33:14 [Note] Starting crash recovery...
150227 11:33:14 [Note] Crash recovery finished.
150227 11:33:15 [Note] V:\SCHOOL~2\COMPUT~1\NATION~1\Units\UNIT27~1\EasyPhP\MySql\bin\mysqld.exe: ready for connections.
Version: '5.0.27-community-log'  socket: ''  port: 3306  MySQL Community Edition (GPL)
150227 11:33:21  InnoDB: Started; log sequence number 0 69753
150227 11:33:21 [Note] Recovering after a crash using mysql-bin
150227 11:33:21 [Note] Starting crash recovery...
150227 11:33:21 [Note] Crash recovery finished.
150227 11:33:22 [Note] V:\SCHOOL~2\COMPUT~1\NATION~1\Units\UNIT27~1\EasyPhP\MySql\bin\mysqld.exe: ready for connections.
Version: '5.0.27-community-log'  socket: ''  port: 3306  MySQL Community Edition (GPL)
150227 12:31:46 [Note] V:\SCHOOL~2\COMPUT~1\NATION~1\Units\UNIT27~1\EasyPhP\MySql\bin\mysqld.exe: Normal shutdown

150227 12:31:46  InnoDB: Starting shutdown...
150227 12:31:48  InnoDB: Shutdown completed; log sequence number 0 69753
150227 12:31:48 [Note] V:\SCHOOL~2\COMPUT~1\NATION~1\Units\UNIT27~1\EasyPhP\MySql\bin\mysqld.exe: Shutdown complete

150916 12:04:06  InnoDB: Started; log sequence number 0 80866
150916 12:04:07 [Note] V:\SCHOOL~2\COMPUT~1\NATION~1\Units\UNIT27~1\EasyPhP\MySql\bin\mysqld.exe: ready for connections.
Version: '5.0.27-community-log'  socket: ''  port: 3306  MySQL Community Edition (GPL)
150916 12:04:08 [Note] V:\SCHOOL~2\COMPUT~1\NATION~1\Units\UNIT27~1\EasyPhP\MySql\bin\mysqld.exe: Normal shutdown

150916 12:04:08  InnoDB: Starting shutdown...
150916 12:04:10  InnoDB: Shutdown completed; log sequence number 0 80866
150916 12:04:10 [Note] V:\SCHOOL~2\COMPUT~1\NATION~1\Units\UNIT27~1\EasyPhP\MySql\bin\mysqld.exe: Shutdown complete

150916 12:04:12  InnoDB: Started; log sequence number 0 80866
150916 12:04:13 [Note] V:\SCHOOL~2\COMPUT~1\NATION~1\Units\UNIT27~1\EasyPhP\MySql\bin\mysqld.exe: ready for connections.
Version: '5.0.27-community-log'  socket: ''  port: 3306  MySQL Community Edition (GPL)
150916 12:20:41 [Note] V:\SCHOOL~2\COMPUT~1\NATION~1\Units\UNIT27~1\EasyPhP\MySql\bin\mysqld.exe: Normal shutdown

150916 12:20:41  InnoDB: Starting shutdown...
150916 12:20:45  InnoDB: Shutdown completed; log sequence number 0 80866
150916 12:20:45 [Note] V:\SCHOOL~2\COMPUT~1\NATION~1\Units\UNIT27~1\EasyPhP\MySql\bin\mysqld.exe: Shutdown complete

151104 11:40:33  InnoDB: Started; log sequence number 0 93729
151104 11:40:33 [Note] V:\SCHOOL~2\COMPUT~1\NATION~1\Units\UNIT27~1\EasyPhP\MySql\bin\mysqld.exe: ready for connections.
Version: '5.0.27-community-log'  socket: ''  port: 3306  MySQL Community Edition (GPL)
151104 11:40:34 [Note] V:\SCHOOL~2\COMPUT~1\NATION~1\Units\UNIT27~1\EasyPhP\MySql\bin\mysqld.exe: Normal shutdown

151104 11:40:34  InnoDB: Starting shutdown...
151104 11:40:37  InnoDB: Shutdown completed; log sequence number 0 93729
151104 11:40:37 [Note] V:\SCHOOL~2\COMPUT~1\NATION~1\Units\UNIT27~1\EasyPhP\MySql\bin\mysqld.exe: Shutdown complete

151104 11:40:40  InnoDB: Started; log sequence number 0 93729
151104 11:40:40 [Note] V:\SCHOOL~2\COMPUT~1\NATION~1\Units\UNIT27~1\EasyPhP\MySql\bin\mysqld.exe: ready for connections.
Version: '5.0.27-community-log'  socket: ''  port: 3306  MySQL Community Edition (GPL)
151104 13:24:03 [Note] V:\SCHOOL~2\COMPUT~1\NATION~1\Units\UNIT27~1\EasyPhP\MySql\bin\mysqld.exe: Normal shutdown

151104 13:24:03  InnoDB: Starting shutdown...
151104 13:24:06  InnoDB: Shutdown completed; log sequence number 0 93739
151104 13:24:06 [Note] V:\SCHOOL~2\COMPUT~1\NATION~1\Units\UNIT27~1\EasyPhP\MySql\bin\mysqld.exe: Shutdown complete

151111 12:03:00  InnoDB: Started; log sequence number 0 108385
151111 12:03:01 [Note] V:\SCHOOL~2\COMPUT~1\NATION~1\Units\UNIT27~1\EasyPhP\MySql\bin\mysqld.exe: ready for connections.
Version: '5.0.27-community-log'  socket: ''  port: 3306  MySQL Community Edition (GPL)
151111 12:03:02 [Note] V:\SCHOOL~2\COMPUT~1\NATION~1\Units\UNIT27~1\EasyPhP\MySql\bin\mysqld.exe: Normal shutdown

151111 12:03:02  InnoDB: Starting shutdown...
151111 12:03:04  InnoDB: Shutdown completed; log sequence number 0 108385
151111 12:03:04 [Note] V:\SCHOOL~2\COMPUT~1\NATION~1\Units\UNIT27~1\EasyPhP\MySql\bin\mysqld.exe: Shutdown complete

151111 12:03:06  InnoDB: Started; log sequence number 0 108385
151111 12:03:06 [Note] V:\SCHOOL~2\COMPUT~1\NATION~1\Units\UNIT27~1\EasyPhP\MySql\bin\mysqld.exe: ready for connections.
Version: '5.0.27-community-log'  socket: ''  port: 3306  MySQL Community Edition (GPL)
151111 13:19:51 [Note] V:\SCHOOL~2\COMPUT~1\NATION~1\Units\UNIT27~1\EasyPhP\MySql\bin\mysqld.exe: Normal shutdown

151111 13:19:51  InnoDB: Starting shutdown...
151209 11:47:29  InnoDB: Started; log sequence number 0 122357
151209 11:47:30 [Note] V:\SCHOOL~2\COMPUT~1\NATION~1\Units\UNIT27~1\EasyPhP\MySql\bin\mysqld.exe: ready for connections.
Version: '5.0.27-community-log'  socket: ''  port: 3306  MySQL Community Edition (GPL)
151209 11:47:31 [Note] V:\SCHOOL~2\COMPUT~1\NATION~1\Units\UNIT27~1\EasyPhP\MySql\bin\mysqld.exe: Normal shutdown

151209 11:47:31  InnoDB: Starting shutdown...
151209 11:47:34  InnoDB: Shutdown completed; log sequence number 0 122357
151209 11:47:34 [Note] V:\SCHOOL~2\COMPUT~1\NATION~1\Units\UNIT27~1\EasyPhP\MySql\bin\mysqld.exe: Shutdown complete

151209 11:47:36  InnoDB: Started; log sequence number 0 122357
151209 11:47:36 [Note] V:\SCHOOL~2\COMPUT~1\NATION~1\Units\UNIT27~1\EasyPhP\MySql\bin\mysqld.exe: ready for connections.
Version: '5.0.27-community-log'  socket: ''  port: 3306  MySQL Community Edition (GPL)
151209 13:25:38 [Note] V:\SCHOOL~2\COMPUT~1\NATION~1\Units\UNIT27~1\EasyPhP\MySql\bin\mysqld.exe: Normal shutdown

151209 13:25:38  InnoDB: Starting shutdown...
151209 13:25:40  InnoDB: Shutdown completed; log sequence number 0 122357
151209 13:25:40 [Note] V:\SCHOOL~2\COMPUT~1\NATION~1\Units\UNIT27~1\EasyPhP\MySql\bin\mysqld.exe: Shutdown complete

151216 12:16:16  InnoDB: Started; log sequence number 0 122357
151216 12:16:17 [Note] V:\SCHOOL~2\COMPUT~1\NATION~1\Units\UNIT27~1\EasyPhP\MySql\bin\mysqld.exe: ready for connections.
Version: '5.0.27-community-log'  socket: ''  port: 3306  MySQL Community Edition (GPL)
151216 12:16:18 [Note] V:\SCHOOL~2\COMPUT~1\NATION~1\Units\UNIT27~1\EasyPhP\MySql\bin\mysqld.exe: Normal shutdown

151216 12:16:18  InnoDB: Starting shutdown...
151216 12:16:20  InnoDB: Shutdown completed; log sequence number 0 122357
151216 12:16:20 [Note] V:\SCHOOL~2\COMPUT~1\NATION~1\Units\UNIT27~1\EasyPhP\MySql\bin\mysqld.exe: Shutdown complete

151216 12:16:22  InnoDB: Started; log sequence number 0 122357
151216 12:16:22 [Note] V:\SCHOOL~2\COMPUT~1\NATION~1\Units\UNIT27~1\EasyPhP\MySql\bin\mysqld.exe: ready for connections.
Version: '5.0.27-community-log'  socket: ''  port: 3306  MySQL Community Edition (GPL)
151216 13:25:48 [Note] V:\SCHOOL~2\COMPUT~1\NATION~1\Units\UNIT27~1\EasyPhP\MySql\bin\mysqld.exe: Normal shutdown

151216 13:25:48  InnoDB: Starting shutdown...
151216 13:25:51  InnoDB: Shutdown completed; log sequence number 0 122357
151216 13:25:51 [Note] V:\SCHOOL~2\COMPUT~1\NATION~1\Units\UNIT27~1\EasyPhP\MySql\bin\mysqld.exe: Shutdown complete

160906 16:07:08  InnoDB: Started; log sequence number 0 122722
160906 16:07:08 [Note] Recovering after a crash using mysql-bin
160906 16:07:08 [Note] Starting crash recovery...
160906 16:07:08 [Note] Crash recovery finished.
160906 16:07:09 [Note] S:\Departments\LHTS\Computing\National Diploma\Units\Unit 27\EasyPhP\MySql\bin\mysqld.exe: ready for connections.
Version: '5.0.27-community-log'  socket: ''  port: 3306  MySQL Community Edition (GPL)
160906 16:07:10 [Note] S:\Departments\LHTS\Computing\National Diploma\Units\Unit 27\EasyPhP\MySql\bin\mysqld.exe: Normal shutdown

160906 16:07:10  InnoDB: Starting shutdown...
160906 16:07:13  InnoDB: Shutdown completed; log sequence number 0 122722
160906 16:07:13 [Note] S:\Departments\LHTS\Computing\National Diploma\Units\Unit 27\EasyPhP\MySql\bin\mysqld.exe: Shutdown complete

160906 16:07:15  InnoDB: Started; log sequence number 0 122722
160906 16:07:15 [Note] S:\Departments\LHTS\Computing\National Diploma\Units\Unit 27\EasyPhP\MySql\bin\mysqld.exe: ready for connections.
Version: '5.0.27-community-log'  socket: ''  port: 3306  MySQL Community Edition (GPL)
160906 16:31:13 [Note] S:\Departments\LHTS\Computing\National Diploma\Units\Unit 27\EasyPhP\MySql\bin\mysqld.exe: Normal shutdown

160906 16:31:13  InnoDB: Starting shutdown...
160906 16:31:14  InnoDB: Shutdown completed; log sequence number 0 122722
160906 16:31:14 [Note] S:\Departments\LHTS\Computing\National Diploma\Units\Unit 27\EasyPhP\MySql\bin\mysqld.exe: Shutdown complete

160907 10:29:51  InnoDB: Started; log sequence number 0 122722
160907 10:29:52 [Note] S:\Departments\LHTS\Computing\National Diploma\Units\Unit 27\EasyPhP\MySql\bin\mysqld.exe: ready for connections.
Version: '5.0.27-community-log'  socket: ''  port: 3306  MySQL Community Edition (GPL)
160907 10:29:53 [Note] S:\Departments\LHTS\Computing\National Diploma\Units\Unit 27\EasyPhP\MySql\bin\mysqld.exe: Normal shutdown

160907 10:29:53  InnoDB: Starting shutdown...
160907 10:29:55  InnoDB: Shutdown completed; log sequence number 0 122722
160907 10:29:55 [Note] S:\Departments\LHTS\Computing\National Diploma\Units\Unit 27\EasyPhP\MySql\bin\mysqld.exe: Shutdown complete

160907 10:29:58  InnoDB: Started; log sequence number 0 122722
160907 10:29:58 [Note] S:\Departments\LHTS\Computing\National Diploma\Units\Unit 27\EasyPhP\MySql\bin\mysqld.exe: ready for connections.
Version: '5.0.27-community-log'  socket: ''  port: 3306  MySQL Community Edition (GPL)
160907 10:59:08 [Note] S:\Departments\LHTS\Computing\National Diploma\Units\Unit 27\EasyPhP\MySql\bin\mysqld.exe: Normal shutdown

160907 10:59:08  InnoDB: Starting shutdown...
160907 10:59:09  InnoDB: Shutdown completed; log sequence number 0 122722
160907 10:59:09 [Note] S:\Departments\LHTS\Computing\National Diploma\Units\Unit 27\EasyPhP\MySql\bin\mysqld.exe: Shutdown complete

160908  9:23:57  InnoDB: Started; log sequence number 0 122722
160908  9:23:58 [Note] S:\Departments\LHTS\Computing\National Diploma\Units\Unit 27\EasyPhP\MySql\bin\mysqld.exe: ready for connections.
Version: '5.0.27-community-log'  socket: ''  port: 3306  MySQL Community Edition (GPL)
160908  9:23:59 [Note] S:\Departments\LHTS\Computing\National Diploma\Units\Unit 27\EasyPhP\MySql\bin\mysqld.exe: Normal shutdown

160908  9:23:59  InnoDB: Starting shutdown...
160908  9:24:01  InnoDB: Shutdown completed; log sequence number 0 122722
160908  9:24:01 [Note] S:\Departments\LHTS\Computing\National Diploma\Units\Unit 27\EasyPhP\MySql\bin\mysqld.exe: Shutdown complete

160908  9:24:04  InnoDB: Started; log sequence number 0 122722
160908  9:24:04 [Note] S:\Departments\LHTS\Computing\National Diploma\Units\Unit 27\EasyPhP\MySql\bin\mysqld.exe: ready for connections.
Version: '5.0.27-community-log'  socket: ''  port: 3306  MySQL Community Edition (GPL)
160908 10:24:25 [Note] S:\Departments\LHTS\Computing\National Diploma\Units\Unit 27\EasyPhP\MySql\bin\mysqld.exe: Normal shutdown

160908 10:24:25  InnoDB: Starting shutdown...
160908 10:24:27  InnoDB: Shutdown completed; log sequence number 0 122722
160908 10:24:27 [Note] S:\Departments\LHTS\Computing\National Diploma\Units\Unit 27\EasyPhP\MySql\bin\mysqld.exe: Shutdown complete

160909 10:19:51  InnoDB: Started; log sequence number 0 122722
160909 10:19:52 [Note] S:\Departments\LHTS\Computing\National Diploma\Units\Unit 27\EasyPhP\MySql\bin\mysqld.exe: ready for connections.
Version: '5.0.27-community-log'  socket: ''  port: 3306  MySQL Community Edition (GPL)
160913 15:46:03  InnoDB: Started; log sequence number 0 122722
160913 15:46:04 [Note] S:\Departments\LHTS\Computing\National Diploma\Units\Unit 27\EasyPhP\MySql\bin\mysqld.exe: ready for connections.
Version: '5.0.27-community-log'  socket: ''  port: 3306  MySQL Community Edition (GPL)
160913 15:46:05 [Note] S:\Departments\LHTS\Computing\National Diploma\Units\Unit 27\EasyPhP\MySql\bin\mysqld.exe: Normal shutdown

160913 15:46:05  InnoDB: Starting shutdown...
160913 15:46:08  InnoDB: Shutdown completed; log sequence number 0 122722
160913 15:46:08 [Note] S:\Departments\LHTS\Computing\National Diploma\Units\Unit 27\EasyPhP\MySql\bin\mysqld.exe: Shutdown complete

160913 15:46:10  InnoDB: Started; log sequence number 0 122722
160913 15:46:10 [Note] S:\Departments\LHTS\Computing\National Diploma\Units\Unit 27\EasyPhP\MySql\bin\mysqld.exe: ready for connections.
Version: '5.0.27-community-log'  socket: ''  port: 3306  MySQL Community Edition (GPL)
160913 16:31:04 [Note] S:\Departments\LHTS\Computing\National Diploma\Units\Unit 27\EasyPhP\MySql\bin\mysqld.exe: Normal shutdown

160913 16:31:04  InnoDB: Starting shutdown...
160913 16:31:06  InnoDB: Shutdown completed; log sequence number 0 122722
160913 16:31:06 [Note] S:\Departments\LHTS\Computing\National Diploma\Units\Unit 27\EasyPhP\MySql\bin\mysqld.exe: Shutdown complete

160914 10:34:35  InnoDB: Started; log sequence number 0 122722
160914 10:34:35 [Note] S:\Departments\LHTS\Computing\National Diploma\Units\Unit 27\EasyPhP\MySql\bin\mysqld.exe: ready for connections.
Version: '5.0.27-community-log'  socket: ''  port: 3306  MySQL Community Edition (GPL)
160914 10:34:36 [Note] S:\Departments\LHTS\Computing\National Diploma\Units\Unit 27\EasyPhP\MySql\bin\mysqld.exe: Normal shutdown

160914 10:34:37  InnoDB: Starting shutdown...
160914 10:34:39  InnoDB: Shutdown completed; log sequence number 0 122722
160914 10:34:39 [Note] S:\Departments\LHTS\Computing\National Diploma\Units\Unit 27\EasyPhP\MySql\bin\mysqld.exe: Shutdown complete

160914 10:34:42  InnoDB: Started; log sequence number 0 122722
160914 10:34:42 [Note] S:\Departments\LHTS\Computing\National Diploma\Units\Unit 27\EasyPhP\MySql\bin\mysqld.exe: ready for connections.
Version: '5.0.27-community-log'  socket: ''  port: 3306  MySQL Community Edition (GPL)
160914 10:56:25 [Note] S:\Departments\LHTS\Computing\National Diploma\Units\Unit 27\EasyPhP\MySql\bin\mysqld.exe: Normal shutdown

160914 10:56:25  InnoDB: Starting shutdown...
160914 10:56:26  InnoDB: Shutdown completed; log sequence number 0 122722
160914 10:56:26 [Note] S:\Departments\LHTS\Computing\National Diploma\Units\Unit 27\EasyPhP\MySql\bin\mysqld.exe: Shutdown complete

160916 10:18:21  InnoDB: Started; log sequence number 0 122722
160916 10:18:22 [Note] S:\Departments\LHTS\Computing\National Diploma\Units\Unit 27\EasyPhP\MySql\bin\mysqld.exe: ready for connections.
Version: '5.0.27-community-log'  socket: ''  port: 3306  MySQL Community Edition (GPL)
160916 10:18:23 [Note] S:\Departments\LHTS\Computing\National Diploma\Units\Unit 27\EasyPhP\MySql\bin\mysqld.exe: Normal shutdown

160916 10:18:23  InnoDB: Starting shutdown...
160916 10:18:25  InnoDB: Shutdown completed; log sequence number 0 122722
160916 10:18:25 [Note] S:\Departments\LHTS\Computing\National Diploma\Units\Unit 27\EasyPhP\MySql\bin\mysqld.exe: Shutdown complete

160916 10:18:28  InnoDB: Started; log sequence number 0 122722
160916 10:18:28 [Note] S:\Departments\LHTS\Computing\National Diploma\Units\Unit 27\EasyPhP\MySql\bin\mysqld.exe: ready for connections.
Version: '5.0.27-community-log'  socket: ''  port: 3306  MySQL Community Edition (GPL)
160916 12:27:35 [Note] S:\Departments\LHTS\Computing\National Diploma\Units\Unit 27\EasyPhP\MySql\bin\mysqld.exe: Normal shutdown

160916 12:27:35  InnoDB: Starting shutdown...
160916 12:27:37  InnoDB: Shutdown completed; log sequence number 0 122722
160916 12:27:37 [Note] S:\Departments\LHTS\Computing\National Diploma\Units\Unit 27\EasyPhP\MySql\bin\mysqld.exe: Shutdown complete

160920 15:44:39  InnoDB: Started; log sequence number 0 122722
160920 15:44:39 [Note] S:\Departments\LHTS\Computing\National Diploma\Units\Unit 27\EasyPhP\MySql\bin\mysqld.exe: ready for connections.
Version: '5.0.27-community-log'  socket: ''  port: 3306  MySQL Community Edition (GPL)
160920 15:44:40 [Note] S:\Departments\LHTS\Computing\National Diploma\Units\Unit 27\EasyPhP\MySql\bin\mysqld.exe: Normal shutdown

160920 15:44:40  InnoDB: Starting shutdown...
160920 15:44:43  InnoDB: Shutdown completed; log sequence number 0 122722
160920 15:44:43 [Note] S:\Departments\LHTS\Computing\National Diploma\Units\Unit 27\EasyPhP\MySql\bin\mysqld.exe: Shutdown complete

160920 15:44:46  InnoDB: Started; log sequence number 0 122722
160920 15:44:46 [Note] S:\Departments\LHTS\Computing\National Diploma\Units\Unit 27\EasyPhP\MySql\bin\mysqld.exe: ready for connections.
Version: '5.0.27-community-log'  socket: ''  port: 3306  MySQL Community Edition (GPL)
160920 16:33:08 [Note] S:\Departments\LHTS\Computing\National Diploma\Units\Unit 27\EasyPhP\MySql\bin\mysqld.exe: Normal shutdown

160920 16:33:08  InnoDB: Starting shutdown...
160920 16:33:09  InnoDB: Shutdown completed; log sequence number 0 122722
160920 16:33:09 [Note] S:\Departments\LHTS\Computing\National Diploma\Units\Unit 27\EasyPhP\MySql\bin\mysqld.exe: Shutdown complete

160921 10:12:23  InnoDB: Started; log sequence number 0 122722
160921 10:12:24 [Note] S:\Departments\LHTS\Computing\National Diploma\Units\Unit 27\EasyPhP\MySql\bin\mysqld.exe: ready for connections.
Version: '5.0.27-community-log'  socket: ''  port: 3306  MySQL Community Edition (GPL)
160921 10:12:25 [Note] S:\Departments\LHTS\Computing\National Diploma\Units\Unit 27\EasyPhP\MySql\bin\mysqld.exe: Normal shutdown

160921 10:12:25  InnoDB: Starting shutdown...
160921 10:12:28  InnoDB: Shutdown completed; log sequence number 0 122722
160921 10:12:28 [Note] S:\Departments\LHTS\Computing\National Diploma\Units\Unit 27\EasyPhP\MySql\bin\mysqld.exe: Shutdown complete

160921 10:12:30  InnoDB: Started; log sequence number 0 122722
160921 10:12:30 [Note] S:\Departments\LHTS\Computing\National Diploma\Units\Unit 27\EasyPhP\MySql\bin\mysqld.exe: ready for connections.
Version: '5.0.27-community-log'  socket: ''  port: 3306  MySQL Community Edition (GPL)
160921 10:58:41 [Note] S:\Departments\LHTS\Computing\National Diploma\Units\Unit 27\EasyPhP\MySql\bin\mysqld.exe: Normal shutdown

160921 10:58:41  InnoDB: Starting shutdown...
160921 10:58:43  InnoDB: Shutdown completed; log sequence number 0 122722
160921 10:58:43 [Note] S:\Departments\LHTS\Computing\National Diploma\Units\Unit 27\EasyPhP\MySql\bin\mysqld.exe: Shutdown complete

160923 10:05:43  InnoDB: Started; log sequence number 0 122722
160923 10:05:43 [Note] Recovering after a crash using mysql-bin
160923 10:05:43 [Note] Starting crash recovery...
160923 10:05:43 [Note] Crash recovery finished.
160923 10:05:44 [Note] S:\Departments\LHTS\Computing\National Diploma\Units\Unit 27\EasyPhP\MySql\bin\mysqld.exe: ready for connections.
Version: '5.0.27-community-log'  socket: ''  port: 3306  MySQL Community Edition (GPL)
160923 10:05:45 [Note] S:\Departments\LHTS\Computing\National Diploma\Units\Unit 27\EasyPhP\MySql\bin\mysqld.exe: Normal shutdown

160923 10:05:45  InnoDB: Starting shutdown...
160923 10:05:47  InnoDB: Shutdown completed; log sequence number 0 122722
160923 10:05:47 [Note] S:\Departments\LHTS\Computing\National Diploma\Units\Unit 27\EasyPhP\MySql\bin\mysqld.exe: Shutdown complete

160923 10:05:50  InnoDB: Started; log sequence number 0 122722
160923 10:05:50 [Note] S:\Departments\LHTS\Computing\National Diploma\Units\Unit 27\EasyPhP\MySql\bin\mysqld.exe: ready for connections.
Version: '5.0.27-community-log'  socket: ''  port: 3306  MySQL Community Edition (GPL)
160923 12:17:32 [Note] S:\Departments\LHTS\Computing\National Diploma\Units\Unit 27\EasyPhP\MySql\bin\mysqld.exe: Normal shutdown

160923 12:17:32  InnoDB: Starting shutdown...
160923 12:17:33  InnoDB: Shutdown completed; log sequence number 0 122722
160923 12:17:33 [Note] S:\Departments\LHTS\Computing\National Diploma\Units\Unit 27\EasyPhP\MySql\bin\mysqld.exe: Shutdown complete

161117  9:11:29  InnoDB: Started; log sequence number 0 123490
161117  9:11:30 [Note] S:\Departments\LHTS\Computing\National Diploma\Units\Unit 27\EasyPhP\MySql\bin\mysqld.exe: ready for connections.
Version: '5.0.27-community-log'  socket: ''  port: 3306  MySQL Community Edition (GPL)
161118 10:54:51  InnoDB: Started; log sequence number 0 123490
161118 10:54:51 [Note] Recovering after a crash using mysql-bin
161118 10:54:51 [Note] Starting crash recovery...
161118 10:54:51 [Note] Crash recovery finished.
161118 10:54:52 [Note] S:\Departments\LHTS\Computing\National Diploma\Units\Unit 27\EasyPhP\MySql\bin\mysqld.exe: ready for connections.
Version: '5.0.27-community-log'  socket: ''  port: 3306  MySQL Community Edition (GPL)
161118 10:54:53 [Note] S:\Departments\LHTS\Computing\National Diploma\Units\Unit 27\EasyPhP\MySql\bin\mysqld.exe: Normal shutdown

161118 10:54:53  InnoDB: Starting shutdown...
161118 10:54:55  InnoDB: Shutdown completed; log sequence number 0 123490
161118 10:54:55 [Note] S:\Departments\LHTS\Computing\National Diploma\Units\Unit 27\EasyPhP\MySql\bin\mysqld.exe: Shutdown complete

161118 10:54:57  InnoDB: Started; log sequence number 0 123490
161118 10:54:57 [Note] S:\Departments\LHTS\Computing\National Diploma\Units\Unit 27\EasyPhP\MySql\bin\mysqld.exe: ready for connections.
Version: '5.0.27-community-log'  socket: ''  port: 3306  MySQL Community Edition (GPL)
161118 12:17:07 [Note] S:\Departments\LHTS\Computing\National Diploma\Units\Unit 27\EasyPhP\MySql\bin\mysqld.exe: Normal shutdown

161118 12:17:07  InnoDB: Starting shutdown...
161118 12:17:09  InnoDB: Shutdown completed; log sequence number 0 123490
161118 12:17:09 [Note] S:\Departments\LHTS\Computing\National Diploma\Units\Unit 27\EasyPhP\MySql\bin\mysqld.exe: Shutdown complete

161122 15:51:34  InnoDB: Started; log sequence number 0 123490
161122 15:51:34 [Note] Recovering after a crash using mysql-bin
161122 15:51:34 [Note] Starting crash recovery...
161122 15:51:34 [Note] Crash recovery finished.
161122 15:51:34 [Note] S:\Departments\LHTS\Computing\National Diploma\Units\Unit 27\EasyPhP\MySql\bin\mysqld.exe: ready for connections.
Version: '5.0.27-community-log'  socket: ''  port: 3306  MySQL Community Edition (GPL)
161122 15:51:36 [Note] S:\Departments\LHTS\Computing\National Diploma\Units\Unit 27\EasyPhP\MySql\bin\mysqld.exe: Normal shutdown

161122 15:51:36  InnoDB: Starting shutdown...
161122 15:51:38  InnoDB: Shutdown completed; log sequence number 0 123490
161122 15:51:38 [Note] S:\Departments\LHTS\Computing\National Diploma\Units\Unit 27\EasyPhP\MySql\bin\mysqld.exe: Shutdown complete

161122 15:51:41  InnoDB: Started; log sequence number 0 123490
161122 15:51:41 [Note] S:\Departments\LHTS\Computing\National Diploma\Units\Unit 27\EasyPhP\MySql\bin\mysqld.exe: ready for connections.
Version: '5.0.27-community-log'  socket: ''  port: 3306  MySQL Community Edition (GPL)
161122 16:20:39 [Note] S:\Departments\LHTS\Computing\National Diploma\Units\Unit 27\EasyPhP\MySql\bin\mysqld.exe: Normal shutdown

161122 16:20:39  InnoDB: Starting shutdown...
161122 16:20:41  InnoDB: Shutdown completed; log sequence number 0 123490
161122 16:20:41 [Note] S:\Departments\LHTS\Computing\National Diploma\Units\Unit 27\EasyPhP\MySql\bin\mysqld.exe: Shutdown complete

161130 10:15:47  InnoDB: Started; log sequence number 0 123490
161130 10:15:47 [Note] S:\Departments\LHTS\Computing\National Diploma\Units\Unit 27\EasyPhP\MySql\bin\mysqld.exe: ready for connections.
Version: '5.0.27-community-log'  socket: ''  port: 3306  MySQL Community Edition (GPL)
161130 10:15:49 [Note] S:\Departments\LHTS\Computing\National Diploma\Units\Unit 27\EasyPhP\MySql\bin\mysqld.exe: Normal shutdown

161130 10:15:49  InnoDB: Starting shutdown...
161130 10:15:51  InnoDB: Shutdown completed; log sequence number 0 123490
161130 10:15:51 [Note] S:\Departments\LHTS\Computing\National Diploma\Units\Unit 27\EasyPhP\MySql\bin\mysqld.exe: Shutdown complete

161130 10:15:54  InnoDB: Started; log sequence number 0 123490
161130 10:15:54 [Note] S:\Departments\LHTS\Computing\National Diploma\Units\Unit 27\EasyPhP\MySql\bin\mysqld.exe: ready for connections.
Version: '5.0.27-community-log'  socket: ''  port: 3306  MySQL Community Edition (GPL)
161130 10:59:41 [Note] S:\Departments\LHTS\Computing\National Diploma\Units\Unit 27\EasyPhP\MySql\bin\mysqld.exe: Normal shutdown

161130 10:59:41  InnoDB: Starting shutdown...
161130 10:59:43  InnoDB: Shutdown completed; log sequence number 0 123490
161130 10:59:43 [Note] S:\Departments\LHTS\Computing\National Diploma\Units\Unit 27\EasyPhP\MySql\bin\mysqld.exe: Shutdown complete

