120925 11:33:48  InnoDB: Started; log sequence number 0 43665
120925 11:33:49 [Note] \\BPL-FS01\Staff User Data$\TIM~1.BAR\EASYPH~1\MySql\bin\mysqld.exe: ready for connections.
Version: '5.0.27-community-log'  socket: ''  port: 3306  MySQL Community Edition (GPL)
120925 11:33:50 [Note] \\BPL-FS01\Staff User Data$\TIM~1.BAR\EASYPH~1\MySql\bin\mysqld.exe: Normal shutdown

120925 11:33:50  InnoDB: Starting shutdown...
120925 11:33:52  InnoDB: Shutdown completed; log sequence number 0 43665
120925 11:33:52 [Note] \\BPL-FS01\Staff User Data$\TIM~1.BAR\EASYPH~1\MySql\bin\mysqld.exe: Shutdown complete

120925 11:33:55  InnoDB: Started; log sequence number 0 43665
120925 11:33:55 [Note] \\BPL-FS01\Staff User Data$\TIM~1.BAR\EASYPH~1\MySql\bin\mysqld.exe: ready for connections.
Version: '5.0.27-community-log'  socket: ''  port: 3306  MySQL Community Edition (GPL)
120925 13:30:33 [Note] \\BPL-FS01\Staff User Data$\TIM~1.BAR\EASYPH~1\MySql\bin\mysqld.exe: Normal shutdown

120925 13:30:33  InnoDB: Starting shutdown...
120925 13:30:35  InnoDB: Shutdown completed; log sequence number 0 43665
120925 13:30:35 [Note] \\BPL-FS01\Staff User Data$\TIM~1.BAR\EASYPH~1\MySql\bin\mysqld.exe: Shutdown complete

121002 12:54:09  InnoDB: Started; log sequence number 0 43665
121002 12:54:10 [Note] N:\EASYPH~1\MySql\bin\mysqld.exe: ready for connections.
Version: '5.0.27-community-log'  socket: ''  port: 3306  MySQL Community Edition (GPL)
121002 12:54:18  InnoDB: Started; log sequence number 0 43665
121002 12:54:18 [Note] Recovering after a crash using mysql-bin
121002 12:54:18 [Note] Starting crash recovery...
121002 12:54:18 [Note] Crash recovery finished.
121002 12:54:18 [Note] N:\EASYPH~1\MySql\bin\mysqld.exe: ready for connections.
Version: '5.0.27-community-log'  socket: ''  port: 3306  MySQL Community Edition (GPL)
121002 13:25:57 [Note] N:\EASYPH~1\MySql\bin\mysqld.exe: Normal shutdown

121002 13:25:57  InnoDB: Starting shutdown...
121002 13:26:00  InnoDB: Shutdown completed; log sequence number 0 43665
121002 13:26:00 [Note] N:\EASYPH~1\MySql\bin\mysqld.exe: Shutdown complete

