131001 10:07:23  InnoDB: Started; log sequence number 0 43665
131001 10:07:23 [Note] Recovering after a crash using mysql-bin
131001 10:07:23 [Note] Starting crash recovery...
131001 10:07:23 [Note] Crash recovery finished.
131001 10:07:24 [Note] V:\SCHOOL~2\COMPUT~1\NATION~1\Units\Unit16\EasyPhP\MySql\bin\mysqld.exe: ready for connections.
Version: '5.0.27-community-log'  socket: ''  port: 3306  MySQL Community Edition (GPL)
131008  9:22:05  InnoDB: Started; log sequence number 0 43665
131008  9:22:05 [Note] Recovering after a crash using mysql-bin
131008  9:22:05 [Note] Starting crash recovery...
131008  9:22:05 [Note] Crash recovery finished.
131008  9:22:07 [Note] V:\SCHOOL~2\COMPUT~1\NATION~1\Units\Unit16\EasyPhP\MySql\bin\mysqld.exe: ready for connections.
Version: '5.0.27-community-log'  socket: ''  port: 3306  MySQL Community Edition (GPL)
131015  9:04:30  InnoDB: Started; log sequence number 0 43665
131015  9:04:30 [Note] Recovering after a crash using mysql-bin
131015  9:04:30 [Note] Starting crash recovery...
131015  9:04:30 [Note] Crash recovery finished.
131015  9:04:31 [Note] V:\SCHOOL~2\COMPUT~1\NATION~1\Units\Unit16\EasyPhP\MySql\bin\mysqld.exe: ready for connections.
Version: '5.0.27-community-log'  socket: ''  port: 3306  MySQL Community Edition (GPL)
131015  9:04:33 [Note] V:\SCHOOL~2\COMPUT~1\NATION~1\Units\Unit16\EasyPhP\MySql\bin\mysqld.exe: Normal shutdown

131015  9:04:33  InnoDB: Starting shutdown...
131015  9:04:34  InnoDB: Shutdown completed; log sequence number 0 43665
131015  9:04:34 [Note] V:\SCHOOL~2\COMPUT~1\NATION~1\Units\Unit16\EasyPhP\MySql\bin\mysqld.exe: Shutdown complete

131015  9:04:38  InnoDB: Started; log sequence number 0 43665
131015  9:04:38 [Note] V:\SCHOOL~2\COMPUT~1\NATION~1\Units\Unit16\EasyPhP\MySql\bin\mysqld.exe: ready for connections.
Version: '5.0.27-community-log'  socket: ''  port: 3306  MySQL Community Edition (GPL)
131015 10:34:44 [Note] V:\SCHOOL~2\COMPUT~1\NATION~1\Units\Unit16\EasyPhP\MySql\bin\mysqld.exe: Normal shutdown

131022  9:12:16  InnoDB: Started; log sequence number 0 43665
131022  9:12:16 [Note] Recovering after a crash using mysql-bin
131022  9:12:16 [Note] Starting crash recovery...
131022  9:12:16 [Note] Crash recovery finished.
131022  9:12:18 [Note] V:\SCHOOL~2\COMPUT~1\NATION~1\Units\Unit16\EasyPhP\MySql\bin\mysqld.exe: ready for connections.
Version: '5.0.27-community-log'  socket: ''  port: 3306  MySQL Community Edition (GPL)
131105  9:29:01  InnoDB: Started; log sequence number 0 43665
131105  9:29:01 [Note] Recovering after a crash using mysql-bin
131105  9:29:01 [Note] Starting crash recovery...
131105  9:29:01 [Note] Crash recovery finished.
131105  9:29:01 [Note] V:\SCHOOL~2\COMPUT~1\NATION~1\Units\Unit16\EasyPhP\MySql\bin\mysqld.exe: ready for connections.
Version: '5.0.27-community-log'  socket: ''  port: 3306  MySQL Community Edition (GPL)
131105  9:29:02 [Note] V:\SCHOOL~2\COMPUT~1\NATION~1\Units\Unit16\EasyPhP\MySql\bin\mysqld.exe: Normal shutdown

131105  9:29:02  InnoDB: Starting shutdown...
131105  9:29:05  InnoDB: Shutdown completed; log sequence number 0 43665
131105  9:29:05 [Note] V:\SCHOOL~2\COMPUT~1\NATION~1\Units\Unit16\EasyPhP\MySql\bin\mysqld.exe: Shutdown complete

131105  9:29:08  InnoDB: Started; log sequence number 0 43665
131105  9:29:08 [Note] V:\SCHOOL~2\COMPUT~1\NATION~1\Units\Unit16\EasyPhP\MySql\bin\mysqld.exe: ready for connections.
Version: '5.0.27-community-log'  socket: ''  port: 3306  MySQL Community Edition (GPL)
131105 10:25:25 [Note] V:\SCHOOL~2\COMPUT~1\NATION~1\Units\Unit16\EasyPhP\MySql\bin\mysqld.exe: Normal shutdown

131105 10:25:25  InnoDB: Starting shutdown...
131105 10:25:27  InnoDB: Shutdown completed; log sequence number 0 43665
131105 10:25:27 [Note] V:\SCHOOL~2\COMPUT~1\NATION~1\Units\Unit16\EasyPhP\MySql\bin\mysqld.exe: Shutdown complete

131112  9:38:18  InnoDB: Started; log sequence number 0 43665
131112  9:38:19 [Note] V:\SCHOOL~2\COMPUT~1\NATION~1\Units\Unit16\EasyPhP\MySql\bin\mysqld.exe: ready for connections.
Version: '5.0.27-community-log'  socket: ''  port: 3306  MySQL Community Edition (GPL)
131112  9:38:20 [Note] V:\SCHOOL~2\COMPUT~1\NATION~1\Units\Unit16\EasyPhP\MySql\bin\mysqld.exe: Normal shutdown

131112  9:38:20  InnoDB: Starting shutdown...
131112  9:38:23  InnoDB: Shutdown completed; log sequence number 0 43665
131112  9:38:23 [Note] V:\SCHOOL~2\COMPUT~1\NATION~1\Units\Unit16\EasyPhP\MySql\bin\mysqld.exe: Shutdown complete

131112  9:38:26  InnoDB: Started; log sequence number 0 43665
131112  9:38:26 [Note] V:\SCHOOL~2\COMPUT~1\NATION~1\Units\Unit16\EasyPhP\MySql\bin\mysqld.exe: ready for connections.
Version: '5.0.27-community-log'  socket: ''  port: 3306  MySQL Community Edition (GPL)
131126  9:33:48  InnoDB: Started; log sequence number 0 43665
131126  9:33:50 [Note] V:\SCHOOL~2\COMPUT~1\NATION~1\Units\Unit16\EasyPhP\MySql\bin\mysqld.exe: ready for connections.
Version: '5.0.27-community-log'  socket: ''  port: 3306  MySQL Community Edition (GPL)
131210  9:14:09  InnoDB: Started; log sequence number 0 43665
131210  9:14:10 [Note] V:\SCHOOL~2\COMPUT~1\NATION~1\Units\Unit16\EasyPhP\MySql\bin\mysqld.exe: ready for connections.
Version: '5.0.27-community-log'  socket: ''  port: 3306  MySQL Community Edition (GPL)
131210  9:14:15  InnoDB: Started; log sequence number 0 43665
131210  9:14:15 [Note] Recovering after a crash using mysql-bin
131210  9:14:15 [Note] Starting crash recovery...
131210  9:14:15 [Note] Crash recovery finished.
131210  9:14:15 [Note] V:\SCHOOL~2\COMPUT~1\NATION~1\Units\Unit16\EasyPhP\MySql\bin\mysqld.exe: ready for connections.
Version: '5.0.27-community-log'  socket: ''  port: 3306  MySQL Community Edition (GPL)
131210 10:36:43 [Note] V:\SCHOOL~2\COMPUT~1\NATION~1\Units\Unit16\EasyPhP\MySql\bin\mysqld.exe: Normal shutdown

131210 10:36:43  InnoDB: Starting shutdown...
131210 10:36:46  InnoDB: Shutdown completed; log sequence number 0 43665
131210 10:36:46 [Note] V:\SCHOOL~2\COMPUT~1\NATION~1\Units\Unit16\EasyPhP\MySql\bin\mysqld.exe: Shutdown complete

131211 12:12:27  InnoDB: Started; log sequence number 0 43665
131211 12:12:28 [Note] V:\SCHOOL~2\COMPUT~1\NATION~1\Units\Unit16\EasyPhP\MySql\bin\mysqld.exe: ready for connections.
Version: '5.0.27-community-log'  socket: ''  port: 3306  MySQL Community Edition (GPL)
131211 12:12:29 [Note] V:\SCHOOL~2\COMPUT~1\NATION~1\Units\Unit16\EasyPhP\MySql\bin\mysqld.exe: Normal shutdown

131211 12:12:29  InnoDB: Starting shutdown...
131211 12:12:31  InnoDB: Shutdown completed; log sequence number 0 43665
131211 12:12:31 [Note] V:\SCHOOL~2\COMPUT~1\NATION~1\Units\Unit16\EasyPhP\MySql\bin\mysqld.exe: Shutdown complete

131211 12:12:34  InnoDB: Started; log sequence number 0 43665
131211 12:12:34 [Note] V:\SCHOOL~2\COMPUT~1\NATION~1\Units\Unit16\EasyPhP\MySql\bin\mysqld.exe: ready for connections.
Version: '5.0.27-community-log'  socket: ''  port: 3306  MySQL Community Edition (GPL)
131211 12:54:14 [Note] V:\SCHOOL~2\COMPUT~1\NATION~1\Units\Unit16\EasyPhP\MySql\bin\mysqld.exe: Normal shutdown

131211 12:54:14  InnoDB: Starting shutdown...
131211 12:54:15  InnoDB: Shutdown completed; log sequence number 0 43665
131211 12:54:15 [Note] V:\SCHOOL~2\COMPUT~1\NATION~1\Units\Unit16\EasyPhP\MySql\bin\mysqld.exe: Shutdown complete

131217  9:07:16  InnoDB: Started; log sequence number 0 43665
131217  9:07:17 [Note] V:\SCHOOL~2\COMPUT~1\NATION~1\Units\Unit16\EasyPhP\MySql\bin\mysqld.exe: ready for connections.
Version: '5.0.27-community-log'  socket: ''  port: 3306  MySQL Community Edition (GPL)
131217  9:07:18 [Note] V:\SCHOOL~2\COMPUT~1\NATION~1\Units\Unit16\EasyPhP\MySql\bin\mysqld.exe: Normal shutdown

131217  9:07:18  InnoDB: Starting shutdown...
131217  9:07:20  InnoDB: Shutdown completed; log sequence number 0 43665
131217  9:07:20 [Note] V:\SCHOOL~2\COMPUT~1\NATION~1\Units\Unit16\EasyPhP\MySql\bin\mysqld.exe: Shutdown complete

131217  9:07:23  InnoDB: Started; log sequence number 0 43665
131217  9:07:23 [Note] V:\SCHOOL~2\COMPUT~1\NATION~1\Units\Unit16\EasyPhP\MySql\bin\mysqld.exe: ready for connections.
Version: '5.0.27-community-log'  socket: ''  port: 3306  MySQL Community Edition (GPL)
131217 10:21:20 [Note] V:\SCHOOL~2\COMPUT~1\NATION~1\Units\Unit16\EasyPhP\MySql\bin\mysqld.exe: Normal shutdown

131217 10:21:20  InnoDB: Starting shutdown...
131217 10:21:21  InnoDB: Shutdown completed; log sequence number 0 43665
131217 10:21:21 [Note] V:\SCHOOL~2\COMPUT~1\NATION~1\Units\Unit16\EasyPhP\MySql\bin\mysqld.exe: Shutdown complete

140107  9:03:49  InnoDB: Started; log sequence number 0 43665
140107  9:03:50 [Note] V:\SCHOOL~2\COMPUT~1\NATION~1\Units\Unit16\EasyPhP\MySql\bin\mysqld.exe: ready for connections.
Version: '5.0.27-community-log'  socket: ''  port: 3306  MySQL Community Edition (GPL)
140107  9:03:51 [Note] V:\SCHOOL~2\COMPUT~1\NATION~1\Units\Unit16\EasyPhP\MySql\bin\mysqld.exe: Normal shutdown

140107  9:03:51  InnoDB: Starting shutdown...
140107  9:03:54  InnoDB: Shutdown completed; log sequence number 0 43665
140107  9:03:54 [Note] V:\SCHOOL~2\COMPUT~1\NATION~1\Units\Unit16\EasyPhP\MySql\bin\mysqld.exe: Shutdown complete

140107  9:03:56  InnoDB: Started; log sequence number 0 43665
140107  9:03:56 [Note] V:\SCHOOL~2\COMPUT~1\NATION~1\Units\Unit16\EasyPhP\MySql\bin\mysqld.exe: ready for connections.
Version: '5.0.27-community-log'  socket: ''  port: 3306  MySQL Community Edition (GPL)
140107 10:28:31 [Note] V:\SCHOOL~2\COMPUT~1\NATION~1\Units\Unit16\EasyPhP\MySql\bin\mysqld.exe: Normal shutdown

140107 10:28:31  InnoDB: Starting shutdown...
140107 10:28:33  InnoDB: Shutdown completed; log sequence number 0 43665
140107 10:28:33 [Note] V:\SCHOOL~2\COMPUT~1\NATION~1\Units\Unit16\EasyPhP\MySql\bin\mysqld.exe: Shutdown complete

140122 12:06:00  InnoDB: Started; log sequence number 0 43665
140122 12:06:01 [Note] V:\SCHOOL~2\COMPUT~1\NATION~1\Units\Unit16\EasyPhP\MySql\bin\mysqld.exe: ready for connections.
Version: '5.0.27-community-log'  socket: ''  port: 3306  MySQL Community Edition (GPL)
140205 12:02:54  InnoDB: Database was not shut down normally!
InnoDB: Starting crash recovery.
InnoDB: Reading tablespace information from the .ibd files...
InnoDB: Restoring possible half-written data pages from the doublewrite
InnoDB: buffer...
140205 12:02:54  InnoDB: Starting log scan based on checkpoint at
InnoDB: log sequence number 0 58280.
InnoDB: Doing recovery: scanned up to log sequence number 0 58280
InnoDB: Last MySQL binlog file position 0 1057, file name .\mysql-bin.000214
140205 12:02:55  InnoDB: Started; log sequence number 0 58280
140205 12:02:55 [Note] Recovering after a crash using mysql-bin
140205 12:02:55 [Note] Starting crash recovery...
140205 12:02:55 [Note] Crash recovery finished.
140205 12:02:55 [Note] V:\SCHOOL~2\COMPUT~1\NATION~1\Units\Unit16\EasyPhP\MySql\bin\mysqld.exe: ready for connections.
Version: '5.0.27-community-log'  socket: ''  port: 3306  MySQL Community Edition (GPL)
140305 11:47:23  InnoDB: Started; log sequence number 0 59080
140305 11:47:24 [Note] V:\SCHOOL~2\COMPUT~1\NATION~1\Units\Unit16\EasyPhP\MySql\bin\mysqld.exe: ready for connections.
Version: '5.0.27-community-log'  socket: ''  port: 3306  MySQL Community Edition (GPL)
140305 11:47:25 [Note] V:\SCHOOL~2\COMPUT~1\NATION~1\Units\Unit16\EasyPhP\MySql\bin\mysqld.exe: Normal shutdown

140305 11:47:25  InnoDB: Starting shutdown...
140305 11:47:27  InnoDB: Shutdown completed; log sequence number 0 59080
140305 11:47:27 [Note] V:\SCHOOL~2\COMPUT~1\NATION~1\Units\Unit16\EasyPhP\MySql\bin\mysqld.exe: Shutdown complete

140305 11:47:30  InnoDB: Started; log sequence number 0 59080
140305 11:47:30 [Note] V:\SCHOOL~2\COMPUT~1\NATION~1\Units\Unit16\EasyPhP\MySql\bin\mysqld.exe: ready for connections.
Version: '5.0.27-community-log'  socket: ''  port: 3306  MySQL Community Edition (GPL)
140305 12:38:56 [Note] V:\SCHOOL~2\COMPUT~1\NATION~1\Units\Unit16\EasyPhP\MySql\bin\mysqld.exe: Normal shutdown

140305 12:38:56  InnoDB: Starting shutdown...
140305 12:38:57  InnoDB: Shutdown completed; log sequence number 0 59080
140305 12:38:57 [Note] V:\SCHOOL~2\COMPUT~1\NATION~1\Units\Unit16\EasyPhP\MySql\bin\mysqld.exe: Shutdown complete

140506  9:50:50  InnoDB: Started; log sequence number 0 59080
140506  9:50:51 [Note] V:\SCHOOL~2\COMPUT~1\NATION~1\Units\Unit16\EasyPhP\MySql\bin\mysqld.exe: ready for connections.
Version: '5.0.27-community-log'  socket: ''  port: 3306  MySQL Community Edition (GPL)
141010 14:32:48  InnoDB: Started; log sequence number 0 59080
141010 14:32:48 [Note] V:\SCHOOL~2\COMPUT~1\NATION~1\Units\Unit16\EasyPhP\MySql\bin\mysqld.exe: ready for connections.
Version: '5.0.27-community-log'  socket: ''  port: 3306  MySQL Community Edition (GPL)
141010 14:32:49 [Note] V:\SCHOOL~2\COMPUT~1\NATION~1\Units\Unit16\EasyPhP\MySql\bin\mysqld.exe: Normal shutdown

141010 14:32:49  InnoDB: Starting shutdown...
141010 14:32:52  InnoDB: Shutdown completed; log sequence number 0 59080
141010 14:32:52 [Note] V:\SCHOOL~2\COMPUT~1\NATION~1\Units\Unit16\EasyPhP\MySql\bin\mysqld.exe: Shutdown complete

141010 14:32:55  InnoDB: Started; log sequence number 0 59080
141010 14:32:55 [Note] V:\SCHOOL~2\COMPUT~1\NATION~1\Units\Unit16\EasyPhP\MySql\bin\mysqld.exe: ready for connections.
Version: '5.0.27-community-log'  socket: ''  port: 3306  MySQL Community Edition (GPL)
141010 15:56:59 [Note] V:\SCHOOL~2\COMPUT~1\NATION~1\Units\Unit16\EasyPhP\MySql\bin\mysqld.exe: Normal shutdown

141010 15:56:59  InnoDB: Starting shutdown...
141010 15:57:00  InnoDB: Shutdown completed; log sequence number 0 59080
141010 15:57:00 [Note] V:\SCHOOL~2\COMPUT~1\NATION~1\Units\Unit16\EasyPhP\MySql\bin\mysqld.exe: Shutdown complete

141017 14:40:16  InnoDB: Started; log sequence number 0 59080
141017 14:40:16 [Note] Recovering after a crash using mysql-bin
141017 14:40:16 [Note] Starting crash recovery...
141017 14:40:16 [Note] Crash recovery finished.
141017 14:40:17 [Note] V:\SCHOOL~2\COMPUT~1\NATION~1\Units\Unit16\EasyPhP\MySql\bin\mysqld.exe: ready for connections.
Version: '5.0.27-community-log'  socket: ''  port: 3306  MySQL Community Edition (GPL)
141022  9:29:43  InnoDB: Started; log sequence number 0 59080
141022  9:29:44 [Note] V:\SCHOOL~2\COMPUT~1\NATION~1\Units\Unit16\EasyPhP\MySql\bin\mysqld.exe: ready for connections.
Version: '5.0.27-community-log'  socket: ''  port: 3306  MySQL Community Edition (GPL)
141022  9:29:45 [Note] V:\SCHOOL~2\COMPUT~1\NATION~1\Units\Unit16\EasyPhP\MySql\bin\mysqld.exe: Normal shutdown

141022  9:29:45  InnoDB: Starting shutdown...
141022  9:29:48  InnoDB: Shutdown completed; log sequence number 0 59080
141022  9:29:48 [Note] V:\SCHOOL~2\COMPUT~1\NATION~1\Units\Unit16\EasyPhP\MySql\bin\mysqld.exe: Shutdown complete

141022  9:29:50  InnoDB: Started; log sequence number 0 59080
141022  9:29:50 [Note] V:\SCHOOL~2\COMPUT~1\NATION~1\Units\Unit16\EasyPhP\MySql\bin\mysqld.exe: ready for connections.
Version: '5.0.27-community-log'  socket: ''  port: 3306  MySQL Community Edition (GPL)
141022 14:09:31 [Note] V:\SCHOOL~2\COMPUT~1\NATION~1\Units\Unit16\EasyPhP\MySql\bin\mysqld.exe: Normal shutdown

141022 14:09:31  InnoDB: Starting shutdown...
141022 14:09:33  InnoDB: Shutdown completed; log sequence number 0 59080
141022 14:09:33 [Note] V:\SCHOOL~2\COMPUT~1\NATION~1\Units\Unit16\EasyPhP\MySql\bin\mysqld.exe: Shutdown complete

141114 14:17:12  InnoDB: Started; log sequence number 0 59080
141114 14:17:12 [Note] Recovering after a crash using mysql-bin
141114 14:17:12 [Note] Starting crash recovery...
141114 14:17:12 [Note] Crash recovery finished.
141114 14:17:13 [Note] V:\SCHOOL~2\COMPUT~1\NATION~1\Units\Unit16\EasyPhP\MySql\bin\mysqld.exe: ready for connections.
Version: '5.0.27-community-log'  socket: ''  port: 3306  MySQL Community Edition (GPL)
141121 14:07:34  InnoDB: Started; log sequence number 0 59080
141121 14:07:35 [Note] V:\SCHOOL~2\COMPUT~1\NATION~1\Units\Unit16\EasyPhP\MySql\bin\mysqld.exe: ready for connections.
Version: '5.0.27-community-log'  socket: ''  port: 3306  MySQL Community Edition (GPL)
141128 14:31:01  InnoDB: Started; log sequence number 0 59080
141128 14:31:01 [Note] V:\SCHOOL~2\COMPUT~1\NATION~1\Units\Unit16\EasyPhP\MySql\bin\mysqld.exe: ready for connections.
Version: '5.0.27-community-log'  socket: ''  port: 3306  MySQL Community Edition (GPL)
141205 14:13:41  InnoDB: Started; log sequence number 0 63047
141205 14:13:41 [Note] V:\SCHOOL~2\COMPUT~1\NATION~1\Units\Unit16\EasyPhP\MySql\bin\mysqld.exe: ready for connections.
Version: '5.0.27-community-log'  socket: ''  port: 3306  MySQL Community Edition (GPL)
141205 14:14:06  InnoDB: Started; log sequence number 0 63047
141205 14:14:06 [Note] Recovering after a crash using mysql-bin
141205 14:14:06 [Note] Starting crash recovery...
141205 14:14:06 [Note] Crash recovery finished.
141205 14:14:06 [Note] V:\SCHOOL~2\COMPUT~1\NATION~1\Units\Unit16\EasyPhP\MySql\bin\mysqld.exe: ready for connections.
Version: '5.0.27-community-log'  socket: ''  port: 3306  MySQL Community Edition (GPL)
141205 16:00:35 [Note] V:\SCHOOL~2\COMPUT~1\NATION~1\Units\Unit16\EasyPhP\MySql\bin\mysqld.exe: Normal shutdown

141205 16:00:35  InnoDB: Starting shutdown...
141205 16:00:36  InnoDB: Shutdown completed; log sequence number 0 65392
141205 16:00:36 [Note] V:\SCHOOL~2\COMPUT~1\NATION~1\Units\Unit16\EasyPhP\MySql\bin\mysqld.exe: Shutdown complete

141212 14:14:14  InnoDB: Started; log sequence number 0 65412
141212 14:14:14 [Note] V:\SCHOOL~2\COMPUT~1\NATION~1\Units\Unit16\EasyPhP\MySql\bin\mysqld.exe: ready for connections.
Version: '5.0.27-community-log'  socket: ''  port: 3306  MySQL Community Edition (GPL)
141212 14:14:15 [Note] V:\SCHOOL~2\COMPUT~1\NATION~1\Units\Unit16\EasyPhP\MySql\bin\mysqld.exe: Normal shutdown

141212 14:14:15  InnoDB: Starting shutdown...
141212 14:14:18  InnoDB: Shutdown completed; log sequence number 0 65412
141212 14:14:18 [Note] V:\SCHOOL~2\COMPUT~1\NATION~1\Units\Unit16\EasyPhP\MySql\bin\mysqld.exe: Shutdown complete

141212 14:14:21  InnoDB: Started; log sequence number 0 65412
141212 14:14:21 [Note] V:\SCHOOL~2\COMPUT~1\NATION~1\Units\Unit16\EasyPhP\MySql\bin\mysqld.exe: ready for connections.
Version: '5.0.27-community-log'  socket: ''  port: 3306  MySQL Community Edition (GPL)
141212 15:51:28 [Note] V:\SCHOOL~2\COMPUT~1\NATION~1\Units\Unit16\EasyPhP\MySql\bin\mysqld.exe: Normal shutdown

141212 15:51:29  InnoDB: Starting shutdown...
141212 15:51:31  InnoDB: Shutdown completed; log sequence number 0 68194
141212 15:51:31 [Note] V:\SCHOOL~2\COMPUT~1\NATION~1\Units\Unit16\EasyPhP\MySql\bin\mysqld.exe: Shutdown complete

141219 14:09:22  InnoDB: Started; log sequence number 0 68194
141219 14:09:22 [Note] Recovering after a crash using mysql-bin
141219 14:09:22 [Note] Starting crash recovery...
141219 14:09:22 [Note] Crash recovery finished.
141219 14:09:23 [Note] V:\SCHOOL~2\COMPUT~1\NATION~1\Units\UNIT27~1\EasyPhP\MySql\bin\mysqld.exe: ready for connections.
Version: '5.0.27-community-log'  socket: ''  port: 3306  MySQL Community Edition (GPL)
141219 14:28:50  InnoDB: Started; log sequence number 0 68194
141219 14:28:50 [Note] Recovering after a crash using mysql-bin
141219 14:28:50 [Note] Starting crash recovery...
141219 14:28:50 [Note] Crash recovery finished.
141219 14:28:50 [Note] V:\SCHOOL~2\COMPUT~1\NATION~1\Units\UNIT27~1\EasyPhP\MySql\bin\mysqld.exe: ready for connections.
Version: '5.0.27-community-log'  socket: ''  port: 3306  MySQL Community Edition (GPL)
141219 16:04:42 [Note] V:\SCHOOL~2\COMPUT~1\NATION~1\Units\UNIT27~1\EasyPhP\MySql\bin\mysqld.exe: Normal shutdown

141219 16:04:42  InnoDB: Starting shutdown...
141219 16:04:44  InnoDB: Shutdown completed; log sequence number 0 69703
141219 16:04:44 [Note] V:\SCHOOL~2\COMPUT~1\NATION~1\Units\UNIT27~1\EasyPhP\MySql\bin\mysqld.exe: Shutdown complete

150130 14:17:49  InnoDB: Started; log sequence number 0 69703
150130 14:17:49 [Note] V:\SCHOOL~2\COMPUT~1\NATION~1\Units\UNIT27~1\EasyPhP\MySql\bin\mysqld.exe: ready for connections.
Version: '5.0.27-community-log'  socket: ''  port: 3306  MySQL Community Edition (GPL)
150130 14:17:55  InnoDB: Started; log sequence number 0 69703
150130 14:17:55 [Note] Recovering after a crash using mysql-bin
150130 14:17:55 [Note] Starting crash recovery...
150130 14:17:55 [Note] Crash recovery finished.
150130 14:17:56 [Note] V:\SCHOOL~2\COMPUT~1\NATION~1\Units\UNIT27~1\EasyPhP\MySql\bin\mysqld.exe: ready for connections.
Version: '5.0.27-community-log'  socket: ''  port: 3306  MySQL Community Edition (GPL)
150130 16:00:22 [Note] V:\SCHOOL~2\COMPUT~1\NATION~1\Units\UNIT27~1\EasyPhP\MySql\bin\mysqld.exe: Normal shutdown

150130 16:00:22  InnoDB: Starting shutdown...
150130 16:00:23  InnoDB: Shutdown completed; log sequence number 0 69703
150130 16:00:23 [Note] V:\SCHOOL~2\COMPUT~1\NATION~1\Units\UNIT27~1\EasyPhP\MySql\bin\mysqld.exe: Shutdown complete

150206 14:33:31  InnoDB: Started; log sequence number 0 69733
150206 14:33:33 [Note] V:\SCHOOL~2\COMPUT~1\NATION~1\Units\UNIT27~1\EasyPhP\MySql\bin\mysqld.exe: ready for connections.
Version: '5.0.27-community-log'  socket: ''  port: 3306  MySQL Community Edition (GPL)
150206 15:13:15  InnoDB: Started; log sequence number 0 69733
150206 15:13:15 [Note] Recovering after a crash using mysql-bin
150206 15:13:15 [Note] Starting crash recovery...
150206 15:13:15 [Note] Crash recovery finished.
150206 15:13:15 [Note] V:\SCHOOL~2\COMPUT~1\NATION~1\Units\UNIT27~1\EasyPhP\MySql\bin\mysqld.exe: ready for connections.
Version: '5.0.27-community-log'  socket: ''  port: 3306  MySQL Community Edition (GPL)
150206 16:14:39 [Note] V:\SCHOOL~2\COMPUT~1\NATION~1\Units\UNIT27~1\EasyPhP\MySql\bin\mysqld.exe: Normal shutdown

150206 16:14:39  InnoDB: Starting shutdown...
150206 16:14:42  InnoDB: Shutdown completed; log sequence number 0 69733
150206 16:14:42 [Note] V:\SCHOOL~2\COMPUT~1\NATION~1\Units\UNIT27~1\EasyPhP\MySql\bin\mysqld.exe: Shutdown complete

150213 13:53:26  InnoDB: Database was not shut down normally!
InnoDB: Starting crash recovery.
InnoDB: Reading tablespace information from the .ibd files...
InnoDB: Restoring possible half-written data pages from the doublewrite
InnoDB: buffer...
150213 13:53:27  InnoDB: Starting log scan based on checkpoint at
InnoDB: log sequence number 0 69753.
InnoDB: Doing recovery: scanned up to log sequence number 0 69753
InnoDB: Last MySQL binlog file position 0 1330, file name .\mysql-bin.000340
150213 13:53:27  InnoDB: Started; log sequence number 0 69753
150213 13:53:27 [Note] Recovering after a crash using mysql-bin
150213 13:53:27 [Note] Starting crash recovery...
150213 13:53:27 [Note] Crash recovery finished.
150213 13:53:27 [Note] V:\SCHOOL~2\COMPUT~1\NATION~1\Units\UNIT27~1\EasyPhP\MySql\bin\mysqld.exe: ready for connections.
Version: '5.0.27-community-log'  socket: ''  port: 3306  MySQL Community Edition (GPL)
150213 13:53:28 [Note] V:\SCHOOL~2\COMPUT~1\NATION~1\Units\UNIT27~1\EasyPhP\MySql\bin\mysqld.exe: Normal shutdown

150213 13:53:28  InnoDB: Starting shutdown...
150213 13:53:31  InnoDB: Shutdown completed; log sequence number 0 69753
150213 13:53:31 [Note] V:\SCHOOL~2\COMPUT~1\NATION~1\Units\UNIT27~1\EasyPhP\MySql\bin\mysqld.exe: Shutdown complete

150213 13:53:33  InnoDB: Started; log sequence number 0 69753
150213 13:53:33 [Note] V:\SCHOOL~2\COMPUT~1\NATION~1\Units\UNIT27~1\EasyPhP\MySql\bin\mysqld.exe: ready for connections.
Version: '5.0.27-community-log'  socket: ''  port: 3306  MySQL Community Edition (GPL)
150313 14:09:21  InnoDB: Started; log sequence number 0 69753
150313 14:09:22 [Note] V:\SCHOOL~2\COMPUT~1\NATION~1\Units\UNIT27~1\EasyPhP\MySql\bin\mysqld.exe: ready for connections.
Version: '5.0.27-community-log'  socket: ''  port: 3306  MySQL Community Edition (GPL)
150320 14:24:44  InnoDB: Started; log sequence number 0 69753
150320 14:24:44 [Note] Recovering after a crash using mysql-bin
150320 14:24:44 [Note] Starting crash recovery...
150320 14:24:44 [Note] Crash recovery finished.
150320 14:24:44 [Note] V:\SCHOOL~2\COMPUT~1\NATION~1\Units\UNIT27~1\EasyPhP\MySql\bin\mysqld.exe: ready for connections.
Version: '5.0.27-community-log'  socket: ''  port: 3306  MySQL Community Edition (GPL)
150320 14:24:46 [Note] V:\SCHOOL~2\COMPUT~1\NATION~1\Units\UNIT27~1\EasyPhP\MySql\bin\mysqld.exe: Normal shutdown

150320 14:24:46  InnoDB: Starting shutdown...
150320 14:24:48  InnoDB: Shutdown completed; log sequence number 0 69753
150320 14:24:48 [Note] V:\SCHOOL~2\COMPUT~1\NATION~1\Units\UNIT27~1\EasyPhP\MySql\bin\mysqld.exe: Shutdown complete

150320 14:24:51  InnoDB: Started; log sequence number 0 69753
150320 14:24:51 [Note] V:\SCHOOL~2\COMPUT~1\NATION~1\Units\UNIT27~1\EasyPhP\MySql\bin\mysqld.exe: ready for connections.
Version: '5.0.27-community-log'  socket: ''  port: 3306  MySQL Community Edition (GPL)
150417 14:51:47  InnoDB: Started; log sequence number 0 69753
150417 14:51:47 [Note] Recovering after a crash using mysql-bin
150417 14:51:47 [Note] Starting crash recovery...
150417 14:51:47 [Note] Crash recovery finished.
150417 14:51:48 [Note] V:\SCHOOL~2\COMPUT~1\NATION~1\Units\UNIT27~1\EasyPhP\MySql\bin\mysqld.exe: ready for connections.
Version: '5.0.27-community-log'  socket: ''  port: 3306  MySQL Community Edition (GPL)
150417 14:52:04  InnoDB: Started; log sequence number 0 69753
150417 14:52:04 [Note] Recovering after a crash using mysql-bin
150417 14:52:04 [Note] Starting crash recovery...
150417 14:52:04 [Note] Crash recovery finished.
150417 14:52:04 [Note] V:\SCHOOL~2\COMPUT~1\NATION~1\Units\UNIT27~1\EasyPhP\MySql\bin\mysqld.exe: ready for connections.
Version: '5.0.27-community-log'  socket: ''  port: 3306  MySQL Community Edition (GPL)
150417 16:16:37 [Note] V:\SCHOOL~2\COMPUT~1\NATION~1\Units\UNIT27~1\EasyPhP\MySql\bin\mysqld.exe: Normal shutdown

150417 16:16:37  InnoDB: Starting shutdown...
150417 16:16:39  InnoDB: Shutdown completed; log sequence number 0 69753
150417 16:16:39 [Note] V:\SCHOOL~2\COMPUT~1\NATION~1\Units\UNIT27~1\EasyPhP\MySql\bin\mysqld.exe: Shutdown complete

150508 14:15:01  InnoDB: Started; log sequence number 0 69753
150508 14:15:01 [Note] Recovering after a crash using mysql-bin
150508 14:15:01 [Note] Starting crash recovery...
150508 14:15:01 [Note] Crash recovery finished.
150508 14:15:02 [Note] V:\SCHOOL~2\COMPUT~1\NATION~1\Units\UNIT27~1\EasyPhP\MySql\bin\mysqld.exe: ready for connections.
Version: '5.0.27-community-log'  socket: ''  port: 3306  MySQL Community Edition (GPL)
150508 14:15:03 [Note] V:\SCHOOL~2\COMPUT~1\NATION~1\Units\UNIT27~1\EasyPhP\MySql\bin\mysqld.exe: Normal shutdown

150508 14:15:03  InnoDB: Starting shutdown...
150508 14:15:06  InnoDB: Shutdown completed; log sequence number 0 69753
150508 14:15:06 [Note] V:\SCHOOL~2\COMPUT~1\NATION~1\Units\UNIT27~1\EasyPhP\MySql\bin\mysqld.exe: Shutdown complete

150508 14:15:09  InnoDB: Started; log sequence number 0 69753
150508 14:15:09 [Note] V:\SCHOOL~2\COMPUT~1\NATION~1\Units\UNIT27~1\EasyPhP\MySql\bin\mysqld.exe: ready for connections.
Version: '5.0.27-community-log'  socket: ''  port: 3306  MySQL Community Edition (GPL)
150508 16:05:47 [Note] V:\SCHOOL~2\COMPUT~1\NATION~1\Units\UNIT27~1\EasyPhP\MySql\bin\mysqld.exe: Normal shutdown

150508 16:05:47  InnoDB: Starting shutdown...
150508 16:05:50  InnoDB: Shutdown completed; log sequence number 0 80866
150508 16:05:50 [Note] V:\SCHOOL~2\COMPUT~1\NATION~1\Units\UNIT27~1\EasyPhP\MySql\bin\mysqld.exe: Shutdown complete

150914 15:07:15  InnoDB: Started; log sequence number 0 80866
150914 15:07:15 [Note] Recovering after a crash using mysql-bin
150914 15:07:15 [Note] Starting crash recovery...
150914 15:07:15 [Note] Crash recovery finished.
150914 15:07:16 [Note] V:\SCHOOL~2\COMPUT~1\NATION~1\Units\UNIT27~1\EasyPhP\MySql\bin\mysqld.exe: ready for connections.
Version: '5.0.27-community-log'  socket: ''  port: 3306  MySQL Community Edition (GPL)
150914 15:07:17 [Note] V:\SCHOOL~2\COMPUT~1\NATION~1\Units\UNIT27~1\EasyPhP\MySql\bin\mysqld.exe: Normal shutdown

150914 15:07:17  InnoDB: Starting shutdown...
150914 15:07:20  InnoDB: Shutdown completed; log sequence number 0 80866
150914 15:07:20 [Note] V:\SCHOOL~2\COMPUT~1\NATION~1\Units\UNIT27~1\EasyPhP\MySql\bin\mysqld.exe: Shutdown complete

150914 15:07:22  InnoDB: Started; log sequence number 0 80866
150914 15:07:22 [Note] V:\SCHOOL~2\COMPUT~1\NATION~1\Units\UNIT27~1\EasyPhP\MySql\bin\mysqld.exe: ready for connections.
Version: '5.0.27-community-log'  socket: ''  port: 3306  MySQL Community Edition (GPL)
150914 15:43:41 [Note] V:\SCHOOL~2\COMPUT~1\NATION~1\Units\UNIT27~1\EasyPhP\MySql\bin\mysqld.exe: Normal shutdown

150914 15:43:42  InnoDB: Starting shutdown...
150914 15:43:45  InnoDB: Shutdown completed; log sequence number 0 80866
150914 15:43:45 [Note] V:\SCHOOL~2\COMPUT~1\NATION~1\Units\UNIT27~1\EasyPhP\MySql\bin\mysqld.exe: Shutdown complete

150921  9:13:18  InnoDB: Started; log sequence number 0 80866
150921  9:13:18 [Note] Recovering after a crash using mysql-bin
150921  9:13:18 [Note] Starting crash recovery...
150921  9:13:18 [Note] Crash recovery finished.
150921  9:13:20 [Note] V:\SCHOOL~2\COMPUT~1\NATION~1\Units\UNIT27~1\EasyPhP\MySql\bin\mysqld.exe: ready for connections.
Version: '5.0.27-community-log'  socket: ''  port: 3306  MySQL Community Edition (GPL)
150921  9:13:21 [Note] V:\SCHOOL~2\COMPUT~1\NATION~1\Units\UNIT27~1\EasyPhP\MySql\bin\mysqld.exe: Normal shutdown

150921  9:13:21  InnoDB: Starting shutdown...
150921  9:13:23  InnoDB: Shutdown completed; log sequence number 0 80866
150921  9:13:23 [Note] V:\SCHOOL~2\COMPUT~1\NATION~1\Units\UNIT27~1\EasyPhP\MySql\bin\mysqld.exe: Shutdown complete

150921  9:13:27  InnoDB: Started; log sequence number 0 80866
150921  9:13:28 [Note] V:\SCHOOL~2\COMPUT~1\NATION~1\Units\UNIT27~1\EasyPhP\MySql\bin\mysqld.exe: ready for connections.
Version: '5.0.27-community-log'  socket: ''  port: 3306  MySQL Community Edition (GPL)
150921 13:34:33  InnoDB: Started; log sequence number 0 80866
150921 13:34:33 [Note] Recovering after a crash using mysql-bin
150921 13:34:33 [Note] Starting crash recovery...
150921 13:34:33 [Note] Crash recovery finished.
150921 13:34:34 [Note] V:\SCHOOL~2\COMPUT~1\NATION~1\Units\UNIT27~1\EasyPhP\MySql\bin\mysqld.exe: ready for connections.
Version: '5.0.27-community-log'  socket: ''  port: 3306  MySQL Community Edition (GPL)
150928  9:25:09  InnoDB: Started; log sequence number 0 80866
150928  9:25:10 [Note] V:\SCHOOL~2\COMPUT~1\NATION~1\Units\UNIT27~1\EasyPhP\MySql\bin\mysqld.exe: ready for connections.
Version: '5.0.27-community-log'  socket: ''  port: 3306  MySQL Community Edition (GPL)
150928 13:39:02  InnoDB: Started; log sequence number 0 80866
150928 13:39:02 [Note] Recovering after a crash using mysql-bin
150928 13:39:02 [Note] Starting crash recovery...
150928 13:39:02 [Note] Crash recovery finished.
150928 13:39:02 [Note] V:\SCHOOL~2\COMPUT~1\NATION~1\Units\UNIT27~1\EasyPhP\MySql\bin\mysqld.exe: ready for connections.
Version: '5.0.27-community-log'  socket: ''  port: 3306  MySQL Community Edition (GPL)
150928 13:39:03 [Note] V:\SCHOOL~2\COMPUT~1\NATION~1\Units\UNIT27~1\EasyPhP\MySql\bin\mysqld.exe: Normal shutdown

150928 13:39:03  InnoDB: Starting shutdown...
150928 13:39:06  InnoDB: Shutdown completed; log sequence number 0 80866
150928 13:39:06 [Note] V:\SCHOOL~2\COMPUT~1\NATION~1\Units\UNIT27~1\EasyPhP\MySql\bin\mysqld.exe: Shutdown complete

150928 13:39:09  InnoDB: Started; log sequence number 0 80866
150928 13:39:09 [Note] V:\SCHOOL~2\COMPUT~1\NATION~1\Units\UNIT27~1\EasyPhP\MySql\bin\mysqld.exe: ready for connections.
Version: '5.0.27-community-log'  socket: ''  port: 3306  MySQL Community Edition (GPL)
151005  9:06:51  InnoDB: Started; log sequence number 0 80866
151005  9:06:51 [Note] V:\SCHOOL~2\COMPUT~1\NATION~1\Units\UNIT27~1\EasyPhP\MySql\bin\mysqld.exe: ready for connections.
Version: '5.0.27-community-log'  socket: ''  port: 3306  MySQL Community Edition (GPL)
151005  9:06:52 [Note] V:\SCHOOL~2\COMPUT~1\NATION~1\Units\UNIT27~1\EasyPhP\MySql\bin\mysqld.exe: Normal shutdown

151005  9:06:52  InnoDB: Starting shutdown...
151005  9:06:55  InnoDB: Shutdown completed; log sequence number 0 80866
151005  9:06:55 [Note] V:\SCHOOL~2\COMPUT~1\NATION~1\Units\UNIT27~1\EasyPhP\MySql\bin\mysqld.exe: Shutdown complete

151005  9:06:57  InnoDB: Started; log sequence number 0 80866
151005  9:06:57 [Note] V:\SCHOOL~2\COMPUT~1\NATION~1\Units\UNIT27~1\EasyPhP\MySql\bin\mysqld.exe: ready for connections.
Version: '5.0.27-community-log'  socket: ''  port: 3306  MySQL Community Edition (GPL)
151005 10:02:05 [Note] V:\SCHOOL~2\COMPUT~1\NATION~1\Units\UNIT27~1\EasyPhP\MySql\bin\mysqld.exe: Normal shutdown

151005 10:02:05  InnoDB: Starting shutdown...
151005 10:02:08  InnoDB: Shutdown completed; log sequence number 0 80866
151005 10:02:08 [Note] V:\SCHOOL~2\COMPUT~1\NATION~1\Units\UNIT27~1\EasyPhP\MySql\bin\mysqld.exe: Shutdown complete

151005 13:35:36  InnoDB: Started; log sequence number 0 80866
151005 13:35:36 [Note] V:\SCHOOL~2\COMPUT~1\NATION~1\Units\UNIT27~1\EasyPhP\MySql\bin\mysqld.exe: ready for connections.
Version: '5.0.27-community-log'  socket: ''  port: 3306  MySQL Community Edition (GPL)
151005 13:35:37 [Note] V:\SCHOOL~2\COMPUT~1\NATION~1\Units\UNIT27~1\EasyPhP\MySql\bin\mysqld.exe: Normal shutdown

151005 13:35:37  InnoDB: Starting shutdown...
151005 13:35:40  InnoDB: Shutdown completed; log sequence number 0 80866
151005 13:35:40 [Note] V:\SCHOOL~2\COMPUT~1\NATION~1\Units\UNIT27~1\EasyPhP\MySql\bin\mysqld.exe: Shutdown complete

151005 13:35:43  InnoDB: Started; log sequence number 0 80866
151005 13:35:43 [Note] V:\SCHOOL~2\COMPUT~1\NATION~1\Units\UNIT27~1\EasyPhP\MySql\bin\mysqld.exe: ready for connections.
Version: '5.0.27-community-log'  socket: ''  port: 3306  MySQL Community Edition (GPL)
151005 14:07:29 [Note] V:\SCHOOL~2\COMPUT~1\NATION~1\Units\UNIT27~1\EasyPhP\MySql\bin\mysqld.exe: Normal shutdown

151005 14:07:29  InnoDB: Starting shutdown...
151005 14:07:31  InnoDB: Shutdown completed; log sequence number 0 80866
151005 14:07:31 [Note] V:\SCHOOL~2\COMPUT~1\NATION~1\Units\UNIT27~1\EasyPhP\MySql\bin\mysqld.exe: Shutdown complete

151005 14:11:19  InnoDB: Started; log sequence number 0 80866
151005 14:11:19 [Note] V:\SCHOOL~2\COMPUT~1\NATION~1\Units\UNIT27~1\EasyPhP\MySql\bin\mysqld.exe: ready for connections.
Version: '5.0.27-community-log'  socket: ''  port: 3306  MySQL Community Edition (GPL)
151005 15:55:16 [Note] V:\SCHOOL~2\COMPUT~1\NATION~1\Units\UNIT27~1\EasyPhP\MySql\bin\mysqld.exe: Normal shutdown

151005 15:55:16  InnoDB: Starting shutdown...
151005 15:55:17  InnoDB: Shutdown completed; log sequence number 0 80866
151005 15:55:17 [Note] V:\SCHOOL~2\COMPUT~1\NATION~1\Units\UNIT27~1\EasyPhP\MySql\bin\mysqld.exe: Shutdown complete

151012 13:48:02  InnoDB: Started; log sequence number 0 80866
151012 13:48:03 [Note] V:\SCHOOL~2\COMPUT~1\NATION~1\Units\UNIT27~1\EasyPhP\MySql\bin\mysqld.exe: ready for connections.
Version: '5.0.27-community-log'  socket: ''  port: 3306  MySQL Community Edition (GPL)
151012 13:48:04 [Note] V:\SCHOOL~2\COMPUT~1\NATION~1\Units\UNIT27~1\EasyPhP\MySql\bin\mysqld.exe: Normal shutdown

151012 13:48:04  InnoDB: Starting shutdown...
151012 13:48:07  InnoDB: Shutdown completed; log sequence number 0 80866
151012 13:48:07 [Note] V:\SCHOOL~2\COMPUT~1\NATION~1\Units\UNIT27~1\EasyPhP\MySql\bin\mysqld.exe: Shutdown complete

151012 13:48:09  InnoDB: Started; log sequence number 0 80866
151012 13:48:09 [Note] V:\SCHOOL~2\COMPUT~1\NATION~1\Units\UNIT27~1\EasyPhP\MySql\bin\mysqld.exe: ready for connections.
Version: '5.0.27-community-log'  socket: ''  port: 3306  MySQL Community Edition (GPL)
151012 16:06:44 [Note] V:\SCHOOL~2\COMPUT~1\NATION~1\Units\UNIT27~1\EasyPhP\MySql\bin\mysqld.exe: Normal shutdown

151012 16:06:45  InnoDB: Starting shutdown...
151012 16:06:48  InnoDB: Shutdown completed; log sequence number 0 86113
151012 16:06:48 [Note] V:\SCHOOL~2\COMPUT~1\NATION~1\Units\UNIT27~1\EasyPhP\MySql\bin\mysqld.exe: Shutdown complete

151019 13:36:44  InnoDB: Started; log sequence number 0 86113
151019 13:36:44 [Note] V:\SCHOOL~2\COMPUT~1\NATION~1\Units\UNIT27~1\EasyPhP\MySql\bin\mysqld.exe: ready for connections.
Version: '5.0.27-community-log'  socket: ''  port: 3306  MySQL Community Edition (GPL)
151019 13:36:45 [Note] V:\SCHOOL~2\COMPUT~1\NATION~1\Units\UNIT27~1\EasyPhP\MySql\bin\mysqld.exe: Normal shutdown

151019 13:36:45  InnoDB: Starting shutdown...
151019 13:36:48  InnoDB: Shutdown completed; log sequence number 0 86113
151019 13:36:48 [Note] V:\SCHOOL~2\COMPUT~1\NATION~1\Units\UNIT27~1\EasyPhP\MySql\bin\mysqld.exe: Shutdown complete

151019 13:36:50  InnoDB: Started; log sequence number 0 86113
151019 13:36:50 [Note] V:\SCHOOL~2\COMPUT~1\NATION~1\Units\UNIT27~1\EasyPhP\MySql\bin\mysqld.exe: ready for connections.
Version: '5.0.27-community-log'  socket: ''  port: 3306  MySQL Community Edition (GPL)
151019 14:31:50 [Note] V:\SCHOOL~2\COMPUT~1\NATION~1\Units\UNIT27~1\EasyPhP\MySql\bin\mysqld.exe: Normal shutdown

151019 14:31:50  InnoDB: Starting shutdown...
151019 14:31:52  InnoDB: Shutdown completed; log sequence number 0 86123
151019 14:31:52 [Note] V:\SCHOOL~2\COMPUT~1\NATION~1\Units\UNIT27~1\EasyPhP\MySql\bin\mysqld.exe: Shutdown complete

151019 14:37:45  InnoDB: Started; log sequence number 0 86123
151019 14:37:45 [Note] V:\SCHOOL~2\COMPUT~1\NATION~1\Units\UNIT27~1\EasyPhP\MySql\bin\mysqld.exe: ready for connections.
Version: '5.0.27-community-log'  socket: ''  port: 3306  MySQL Community Edition (GPL)
151019 15:09:12 [Note] V:\SCHOOL~2\COMPUT~1\NATION~1\Units\UNIT27~1\EasyPhP\MySql\bin\mysqld.exe: Normal shutdown

151019 15:09:12  InnoDB: Starting shutdown...
151019 15:09:13  InnoDB: Shutdown completed; log sequence number 0 88172
151019 15:09:13 [Note] V:\SCHOOL~2\COMPUT~1\NATION~1\Units\UNIT27~1\EasyPhP\MySql\bin\mysqld.exe: Shutdown complete

151019 15:35:27  InnoDB: Started; log sequence number 0 88172
151019 15:35:27 [Note] V:\SCHOOL~2\COMPUT~1\NATION~1\Units\UNIT27~1\EasyPhP\MySql\bin\mysqld.exe: ready for connections.
Version: '5.0.27-community-log'  socket: ''  port: 3306  MySQL Community Edition (GPL)
151019 15:35:28 [Note] V:\SCHOOL~2\COMPUT~1\NATION~1\Units\UNIT27~1\EasyPhP\MySql\bin\mysqld.exe: Normal shutdown

151019 15:35:28  InnoDB: Starting shutdown...
151019 15:35:31  InnoDB: Shutdown completed; log sequence number 0 88208
151019 15:35:31 [Note] V:\SCHOOL~2\COMPUT~1\NATION~1\Units\UNIT27~1\EasyPhP\MySql\bin\mysqld.exe: Shutdown complete

151019 15:35:33  InnoDB: Started; log sequence number 0 88208
151019 15:35:33 [Note] V:\SCHOOL~2\COMPUT~1\NATION~1\Units\UNIT27~1\EasyPhP\MySql\bin\mysqld.exe: ready for connections.
Version: '5.0.27-community-log'  socket: ''  port: 3306  MySQL Community Edition (GPL)
151019 16:19:35 [Note] V:\SCHOOL~2\COMPUT~1\NATION~1\Units\UNIT27~1\EasyPhP\MySql\bin\mysqld.exe: Normal shutdown

151019 16:19:35  InnoDB: Starting shutdown...
151019 16:19:37  InnoDB: Shutdown completed; log sequence number 0 93719
151019 16:19:37 [Note] V:\SCHOOL~2\COMPUT~1\NATION~1\Units\UNIT27~1\EasyPhP\MySql\bin\mysqld.exe: Shutdown complete

151102 14:29:22  InnoDB: Started; log sequence number 0 93719
151102 14:29:23 [Note] V:\SCHOOL~2\COMPUT~1\NATION~1\Units\UNIT27~1\EasyPhP\MySql\bin\mysqld.exe: ready for connections.
Version: '5.0.27-community-log'  socket: ''  port: 3306  MySQL Community Edition (GPL)
151102 14:29:24 [Note] V:\SCHOOL~2\COMPUT~1\NATION~1\Units\UNIT27~1\EasyPhP\MySql\bin\mysqld.exe: Normal shutdown

151102 14:29:24  InnoDB: Starting shutdown...
151102 14:29:26  InnoDB: Shutdown completed; log sequence number 0 93719
151102 14:29:26 [Note] V:\SCHOOL~2\COMPUT~1\NATION~1\Units\UNIT27~1\EasyPhP\MySql\bin\mysqld.exe: Shutdown complete

151102 14:29:29  InnoDB: Started; log sequence number 0 93719
151102 14:29:29 [Note] V:\SCHOOL~2\COMPUT~1\NATION~1\Units\UNIT27~1\EasyPhP\MySql\bin\mysqld.exe: ready for connections.
Version: '5.0.27-community-log'  socket: ''  port: 3306  MySQL Community Edition (GPL)
151102 16:08:39 [Note] V:\SCHOOL~2\COMPUT~1\NATION~1\Units\UNIT27~1\EasyPhP\MySql\bin\mysqld.exe: Normal shutdown

151102 16:08:39  InnoDB: Starting shutdown...
151102 16:08:40  InnoDB: Shutdown completed; log sequence number 0 93729
151102 16:08:40 [Note] V:\SCHOOL~2\COMPUT~1\NATION~1\Units\UNIT27~1\EasyPhP\MySql\bin\mysqld.exe: Shutdown complete

151109 13:46:22  InnoDB: Started; log sequence number 0 102673
151109 13:46:23 [Note] V:\SCHOOL~2\COMPUT~1\NATION~1\Units\UNIT27~1\EasyPhP\MySql\bin\mysqld.exe: ready for connections.
Version: '5.0.27-community-log'  socket: ''  port: 3306  MySQL Community Edition (GPL)
151109 13:46:24 [Note] V:\SCHOOL~2\COMPUT~1\NATION~1\Units\UNIT27~1\EasyPhP\MySql\bin\mysqld.exe: Normal shutdown

151109 13:46:24  InnoDB: Starting shutdown...
151109 13:46:26  InnoDB: Shutdown completed; log sequence number 0 102673
151109 13:46:26 [Note] V:\SCHOOL~2\COMPUT~1\NATION~1\Units\UNIT27~1\EasyPhP\MySql\bin\mysqld.exe: Shutdown complete

151109 13:46:29  InnoDB: Started; log sequence number 0 102673
151109 13:46:30 [Note] V:\SCHOOL~2\COMPUT~1\NATION~1\Units\UNIT27~1\EasyPhP\MySql\bin\mysqld.exe: ready for connections.
Version: '5.0.27-community-log'  socket: ''  port: 3306  MySQL Community Edition (GPL)
151109 16:06:12 [Note] V:\SCHOOL~2\COMPUT~1\NATION~1\Units\UNIT27~1\EasyPhP\MySql\bin\mysqld.exe: Normal shutdown

151109 16:06:12  InnoDB: Starting shutdown...
151109 16:06:13  InnoDB: Shutdown completed; log sequence number 0 108385
151109 16:06:13 [Note] V:\SCHOOL~2\COMPUT~1\NATION~1\Units\UNIT27~1\EasyPhP\MySql\bin\mysqld.exe: Shutdown complete

151116  9:15:24  InnoDB: Started; log sequence number 0 108385
151116  9:15:24 [Note] Recovering after a crash using mysql-bin
151116  9:15:24 [Note] Starting crash recovery...
151116  9:15:24 [Note] Crash recovery finished.
151116  9:15:26 [Note] V:\SCHOOL~2\COMPUT~1\NATION~1\Units\UNIT27~1\EasyPhP\MySql\bin\mysqld.exe: ready for connections.
Version: '5.0.27-community-log'  socket: ''  port: 3306  MySQL Community Edition (GPL)
151116  9:15:27 [Note] V:\SCHOOL~2\COMPUT~1\NATION~1\Units\UNIT27~1\EasyPhP\MySql\bin\mysqld.exe: Normal shutdown

151116  9:15:27  InnoDB: Starting shutdown...
151116  9:15:31  InnoDB: Shutdown completed; log sequence number 0 108385
151116  9:15:31 [Note] V:\SCHOOL~2\COMPUT~1\NATION~1\Units\UNIT27~1\EasyPhP\MySql\bin\mysqld.exe: Shutdown complete

151116  9:15:33  InnoDB: Started; log sequence number 0 108385
151116  9:15:34 [Note] V:\SCHOOL~2\COMPUT~1\NATION~1\Units\UNIT27~1\EasyPhP\MySql\bin\mysqld.exe: ready for connections.
Version: '5.0.27-community-log'  socket: ''  port: 3306  MySQL Community Edition (GPL)
151116 10:02:50 [Note] V:\SCHOOL~2\COMPUT~1\NATION~1\Units\UNIT27~1\EasyPhP\MySql\bin\mysqld.exe: Normal shutdown

151116 10:02:50  InnoDB: Starting shutdown...
151116 10:02:52  InnoDB: Shutdown completed; log sequence number 0 108385
151116 10:02:52 [Note] V:\SCHOOL~2\COMPUT~1\NATION~1\Units\UNIT27~1\EasyPhP\MySql\bin\mysqld.exe: Shutdown complete

151116 13:37:33  InnoDB: Started; log sequence number 0 108385
151116 13:37:34 [Note] V:\SCHOOL~2\COMPUT~1\NATION~1\Units\UNIT27~1\EasyPhP\MySql\bin\mysqld.exe: ready for connections.
Version: '5.0.27-community-log'  socket: ''  port: 3306  MySQL Community Edition (GPL)
151123  9:20:18  InnoDB: Database was not shut down normally!
InnoDB: Starting crash recovery.
InnoDB: Reading tablespace information from the .ibd files...
InnoDB: Restoring possible half-written data pages from the doublewrite
InnoDB: buffer...
151123  9:20:18  InnoDB: Starting log scan based on checkpoint at
InnoDB: log sequence number 0 122347.
InnoDB: Doing recovery: scanned up to log sequence number 0 122347
InnoDB: Last MySQL binlog file position 0 4511, file name .\mysql-bin.000477
151123  9:20:19  InnoDB: Started; log sequence number 0 122347
151123  9:20:19 [Note] Recovering after a crash using mysql-bin
151123  9:20:19 [Note] Starting crash recovery...
151123  9:20:19 [Note] Crash recovery finished.
151123  9:20:20 [Note] V:\SCHOOL~2\COMPUT~1\NATION~1\Units\UNIT27~1\EasyPhP\MySql\bin\mysqld.exe: ready for connections.
Version: '5.0.27-community-log'  socket: ''  port: 3306  MySQL Community Edition (GPL)
151123  9:20:21 [Note] V:\SCHOOL~2\COMPUT~1\NATION~1\Units\UNIT27~1\EasyPhP\MySql\bin\mysqld.exe: Normal shutdown

151123  9:20:21  InnoDB: Starting shutdown...
151123  9:20:23  InnoDB: Shutdown completed; log sequence number 0 122347
151123  9:20:23 [Note] V:\SCHOOL~2\COMPUT~1\NATION~1\Units\UNIT27~1\EasyPhP\MySql\bin\mysqld.exe: Shutdown complete

151123  9:20:25  InnoDB: Started; log sequence number 0 122347
151123  9:20:26 [Note] V:\SCHOOL~2\COMPUT~1\NATION~1\Units\UNIT27~1\EasyPhP\MySql\bin\mysqld.exe: ready for connections.
Version: '5.0.27-community-log'  socket: ''  port: 3306  MySQL Community Edition (GPL)
151123 10:04:39 [Note] V:\SCHOOL~2\COMPUT~1\NATION~1\Units\UNIT27~1\EasyPhP\MySql\bin\mysqld.exe: Normal shutdown

151123 10:04:39  InnoDB: Starting shutdown...
151123 10:04:41  InnoDB: Shutdown completed; log sequence number 0 122347
151123 10:04:41 [Note] V:\SCHOOL~2\COMPUT~1\NATION~1\Units\UNIT27~1\EasyPhP\MySql\bin\mysqld.exe: Shutdown complete

151123 13:45:36  InnoDB: Started; log sequence number 0 122347
151123 13:45:38 [Note] V:\SCHOOL~2\COMPUT~1\NATION~1\Units\UNIT27~1\EasyPhP\MySql\bin\mysqld.exe: ready for connections.
Version: '5.0.27-community-log'  socket: ''  port: 3306  MySQL Community Edition (GPL)
151123 13:45:54  InnoDB: Started; log sequence number 0 122347
151123 13:45:54 [Note] Recovering after a crash using mysql-bin
151123 13:45:54 [Note] Starting crash recovery...
151123 13:45:54 [Note] Crash recovery finished.
151123 13:45:54 [Note] V:\SCHOOL~2\COMPUT~1\NATION~1\Units\UNIT27~1\EasyPhP\MySql\bin\mysqld.exe: ready for connections.
Version: '5.0.27-community-log'  socket: ''  port: 3306  MySQL Community Edition (GPL)
151123 14:52:27 [Note] V:\SCHOOL~2\COMPUT~1\NATION~1\Units\UNIT27~1\EasyPhP\MySql\bin\mysqld.exe: Normal shutdown

151123 14:52:27  InnoDB: Starting shutdown...
151123 14:52:28  InnoDB: Shutdown completed; log sequence number 0 122347
151123 14:52:28 [Note] V:\SCHOOL~2\COMPUT~1\NATION~1\Units\UNIT27~1\EasyPhP\MySql\bin\mysqld.exe: Shutdown complete

151123 15:00:30  InnoDB: Started; log sequence number 0 122347
151123 15:00:31 [Note] V:\SCHOOL~2\COMPUT~1\NATION~1\Units\UNIT27~1\EasyPhP\MySql\bin\mysqld.exe: ready for connections.
Version: '5.0.27-community-log'  socket: ''  port: 3306  MySQL Community Edition (GPL)
151130  9:36:35  InnoDB: Started; log sequence number 0 122347
151130  9:36:35 [Note] Recovering after a crash using mysql-bin
151130  9:36:35 [Note] Starting crash recovery...
151130  9:36:35 [Note] Crash recovery finished.
151130  9:36:37 [Note] V:\SCHOOL~2\COMPUT~1\NATION~1\Units\UNIT27~1\EasyPhP\MySql\bin\mysqld.exe: ready for connections.
Version: '5.0.27-community-log'  socket: ''  port: 3306  MySQL Community Edition (GPL)
151130 13:31:59  InnoDB: Started; log sequence number 0 122347
151130 13:31:59 [Note] Recovering after a crash using mysql-bin
151130 13:31:59 [Note] Starting crash recovery...
151130 13:31:59 [Note] Crash recovery finished.
151130 13:31:59 [Note] V:\SCHOOL~2\COMPUT~1\NATION~1\Units\UNIT27~1\EasyPhP\MySql\bin\mysqld.exe: ready for connections.
Version: '5.0.27-community-log'  socket: ''  port: 3306  MySQL Community Edition (GPL)
151130 13:32:00 [Note] V:\SCHOOL~2\COMPUT~1\NATION~1\Units\UNIT27~1\EasyPhP\MySql\bin\mysqld.exe: Normal shutdown

151130 13:32:00  InnoDB: Starting shutdown...
151130 13:32:03  InnoDB: Shutdown completed; log sequence number 0 122347
151130 13:32:03 [Note] V:\SCHOOL~2\COMPUT~1\NATION~1\Units\UNIT27~1\EasyPhP\MySql\bin\mysqld.exe: Shutdown complete

151130 13:32:05  InnoDB: Started; log sequence number 0 122347
151130 13:32:05 [Note] V:\SCHOOL~2\COMPUT~1\NATION~1\Units\UNIT27~1\EasyPhP\MySql\bin\mysqld.exe: ready for connections.
Version: '5.0.27-community-log'  socket: ''  port: 3306  MySQL Community Edition (GPL)
151130 15:55:14 [Note] V:\SCHOOL~2\COMPUT~1\NATION~1\Units\UNIT27~1\EasyPhP\MySql\bin\mysqld.exe: Normal shutdown

151130 15:55:14  InnoDB: Starting shutdown...
151130 15:55:16  InnoDB: Shutdown completed; log sequence number 0 122347
151130 15:55:16 [Note] V:\SCHOOL~2\COMPUT~1\NATION~1\Units\UNIT27~1\EasyPhP\MySql\bin\mysqld.exe: Shutdown complete

151217 13:48:11  InnoDB: Started; log sequence number 0 122357
151217 13:48:12 [Note] V:\SCHOOL~2\COMPUT~1\NATION~1\Units\UNIT27~1\EasyPhP\MySql\bin\mysqld.exe: ready for connections.
Version: '5.0.27-community-log'  socket: ''  port: 3306  MySQL Community Edition (GPL)
151217 13:48:13 [Note] V:\SCHOOL~2\COMPUT~1\NATION~1\Units\UNIT27~1\EasyPhP\MySql\bin\mysqld.exe: Normal shutdown

151217 13:48:13  InnoDB: Starting shutdown...
151217 13:48:15  InnoDB: Shutdown completed; log sequence number 0 122357
151217 13:48:15 [Note] V:\SCHOOL~2\COMPUT~1\NATION~1\Units\UNIT27~1\EasyPhP\MySql\bin\mysqld.exe: Shutdown complete

151217 13:48:17  InnoDB: Started; log sequence number 0 122357
151217 13:48:18 [Note] V:\SCHOOL~2\COMPUT~1\NATION~1\Units\UNIT27~1\EasyPhP\MySql\bin\mysqld.exe: ready for connections.
Version: '5.0.27-community-log'  socket: ''  port: 3306  MySQL Community Edition (GPL)
151217 14:09:01 [Note] V:\SCHOOL~2\COMPUT~1\NATION~1\Units\UNIT27~1\EasyPhP\MySql\bin\mysqld.exe: Normal shutdown

151217 14:09:01  InnoDB: Starting shutdown...
151217 14:09:03  InnoDB: Shutdown completed; log sequence number 0 122702
151217 14:09:03 [Note] V:\SCHOOL~2\COMPUT~1\NATION~1\Units\UNIT27~1\EasyPhP\MySql\bin\mysqld.exe: Shutdown complete

160104 13:48:58  InnoDB: Started; log sequence number 0 122702
160104 13:48:59 [Note] V:\SCHOOL~2\COMPUT~1\NATION~1\Units\UNIT27~1\EasyPhP\MySql\bin\mysqld.exe: ready for connections.
Version: '5.0.27-community-log'  socket: ''  port: 3306  MySQL Community Edition (GPL)
160104 13:49:00 [Note] V:\SCHOOL~2\COMPUT~1\NATION~1\Units\UNIT27~1\EasyPhP\MySql\bin\mysqld.exe: Normal shutdown

160104 13:49:00  InnoDB: Starting shutdown...
160104 13:49:03  InnoDB: Shutdown completed; log sequence number 0 122702
160104 13:49:03 [Note] V:\SCHOOL~2\COMPUT~1\NATION~1\Units\UNIT27~1\EasyPhP\MySql\bin\mysqld.exe: Shutdown complete

160104 13:49:05  InnoDB: Started; log sequence number 0 122702
160104 13:49:05 [Note] V:\SCHOOL~2\COMPUT~1\NATION~1\Units\UNIT27~1\EasyPhP\MySql\bin\mysqld.exe: ready for connections.
Version: '5.0.27-community-log'  socket: ''  port: 3306  MySQL Community Edition (GPL)
160104 15:58:44 [Note] V:\SCHOOL~2\COMPUT~1\NATION~1\Units\UNIT27~1\EasyPhP\MySql\bin\mysqld.exe: Normal shutdown

160104 15:58:44  InnoDB: Starting shutdown...
160104 15:58:47  InnoDB: Shutdown completed; log sequence number 0 122702
160104 15:58:47 [Note] V:\SCHOOL~2\COMPUT~1\NATION~1\Units\UNIT27~1\EasyPhP\MySql\bin\mysqld.exe: Shutdown complete

160111 14:17:47  InnoDB: Started; log sequence number 0 122702
160111 14:17:49 [Note] V:\SCHOOL~2\COMPUT~1\NATION~1\Units\UNIT27~1\EasyPhP\MySql\bin\mysqld.exe: ready for connections.
Version: '5.0.27-community-log'  socket: ''  port: 3306  MySQL Community Edition (GPL)
160118 14:49:55  InnoDB: Started; log sequence number 0 122702
160118 14:49:55 [Note] Recovering after a crash using mysql-bin
160118 14:49:55 [Note] Starting crash recovery...
160118 14:49:55 [Note] Crash recovery finished.
160118 14:49:56 [Note] V:\SCHOOL~2\COMPUT~1\NATION~1\Units\UNIT27~1\EasyPhP\MySql\bin\mysqld.exe: ready for connections.
Version: '5.0.27-community-log'  socket: ''  port: 3306  MySQL Community Edition (GPL)
160208  9:14:49  InnoDB: Started; log sequence number 0 122702
160208  9:14:49 [Note] Recovering after a crash using mysql-bin
160208  9:14:49 [Note] Starting crash recovery...
160208  9:14:49 [Note] Crash recovery finished.
160208  9:14:50 [Note] V:\SCHOOL~2\COMPUT~1\NATION~1\Units\UNIT27~1\EasyPhP\MySql\bin\mysqld.exe: ready for connections.
Version: '5.0.27-community-log'  socket: ''  port: 3306  MySQL Community Edition (GPL)
160208  9:14:51 [Note] V:\SCHOOL~2\COMPUT~1\NATION~1\Units\UNIT27~1\EasyPhP\MySql\bin\mysqld.exe: Normal shutdown

160208  9:14:51  InnoDB: Starting shutdown...
160208  9:14:53  InnoDB: Shutdown completed; log sequence number 0 122702
160208  9:14:53 [Note] V:\SCHOOL~2\COMPUT~1\NATION~1\Units\UNIT27~1\EasyPhP\MySql\bin\mysqld.exe: Shutdown complete

160208  9:14:56  InnoDB: Started; log sequence number 0 122702
160208  9:14:56 [Note] V:\SCHOOL~2\COMPUT~1\NATION~1\Units\UNIT27~1\EasyPhP\MySql\bin\mysqld.exe: ready for connections.
Version: '5.0.27-community-log'  socket: ''  port: 3306  MySQL Community Edition (GPL)
160208 10:01:37 [Note] V:\SCHOOL~2\COMPUT~1\NATION~1\Units\UNIT27~1\EasyPhP\MySql\bin\mysqld.exe: Normal shutdown

160208 10:01:37  InnoDB: Starting shutdown...
160923 15:15:13  InnoDB: Started; log sequence number 0 122722
160923 15:15:13 [Note] S:\Departments\LHTS\Computing\National Diploma\Units\Unit 27\EasyPhP\MySql\bin\mysqld.exe: ready for connections.
Version: '5.0.27-community-log'  socket: ''  port: 3306  MySQL Community Edition (GPL)
160923 15:15:15 [Note] S:\Departments\LHTS\Computing\National Diploma\Units\Unit 27\EasyPhP\MySql\bin\mysqld.exe: Normal shutdown

160923 15:15:15  InnoDB: Starting shutdown...
160923 15:15:17  InnoDB: Shutdown completed; log sequence number 0 122722
160923 15:15:17 [Note] S:\Departments\LHTS\Computing\National Diploma\Units\Unit 27\EasyPhP\MySql\bin\mysqld.exe: Shutdown complete

160923 15:15:20  InnoDB: Started; log sequence number 0 122722
160923 15:15:20 [Note] S:\Departments\LHTS\Computing\National Diploma\Units\Unit 27\EasyPhP\MySql\bin\mysqld.exe: ready for connections.
Version: '5.0.27-community-log'  socket: ''  port: 3306  MySQL Community Edition (GPL)
160923 15:22:53 [Note] S:\Departments\LHTS\Computing\National Diploma\Units\Unit 27\EasyPhP\MySql\bin\mysqld.exe: Normal shutdown

160923 15:22:53  InnoDB: Starting shutdown...
160923 15:22:55  InnoDB: Shutdown completed; log sequence number 0 123490
160923 15:22:55 [Note] S:\Departments\LHTS\Computing\National Diploma\Units\Unit 27\EasyPhP\MySql\bin\mysqld.exe: Shutdown complete

160923 15:24:11  InnoDB: Started; log sequence number 0 123490
160923 15:24:11 [Note] S:\Departments\LHTS\Computing\National Diploma\Units\Unit 27\EasyPhP\MySql\bin\mysqld.exe: ready for connections.
Version: '5.0.27-community-log'  socket: ''  port: 3306  MySQL Community Edition (GPL)
160923 15:24:12 [Note] S:\Departments\LHTS\Computing\National Diploma\Units\Unit 27\EasyPhP\MySql\bin\mysqld.exe: Normal shutdown

160923 15:24:12  InnoDB: Starting shutdown...
160923 15:24:15  InnoDB: Shutdown completed; log sequence number 0 123490
160923 15:24:15 [Note] S:\Departments\LHTS\Computing\National Diploma\Units\Unit 27\EasyPhP\MySql\bin\mysqld.exe: Shutdown complete

160923 15:24:17  InnoDB: Started; log sequence number 0 123490
160923 15:24:18 [Note] S:\Departments\LHTS\Computing\National Diploma\Units\Unit 27\EasyPhP\MySql\bin\mysqld.exe: ready for connections.
Version: '5.0.27-community-log'  socket: ''  port: 3306  MySQL Community Edition (GPL)
160923 16:09:25 [Note] S:\Departments\LHTS\Computing\National Diploma\Units\Unit 27\EasyPhP\MySql\bin\mysqld.exe: Normal shutdown

160923 16:09:25  InnoDB: Starting shutdown...
160923 16:09:26  InnoDB: Shutdown completed; log sequence number 0 123490
160923 16:09:26 [Note] S:\Departments\LHTS\Computing\National Diploma\Units\Unit 27\EasyPhP\MySql\bin\mysqld.exe: Shutdown complete

161007 15:09:13  InnoDB: Started; log sequence number 0 123490
161007 15:09:14 [Note] S:\Departments\LHTS\Computing\National Diploma\Units\Unit 27\EasyPhP\MySql\bin\mysqld.exe: ready for connections.
Version: '5.0.27-community-log'  socket: ''  port: 3306  MySQL Community Edition (GPL)
161007 15:09:15 [Note] S:\Departments\LHTS\Computing\National Diploma\Units\Unit 27\EasyPhP\MySql\bin\mysqld.exe: Normal shutdown

161007 15:09:15  InnoDB: Starting shutdown...
161007 15:09:17  InnoDB: Shutdown completed; log sequence number 0 123490
161007 15:09:17 [Note] S:\Departments\LHTS\Computing\National Diploma\Units\Unit 27\EasyPhP\MySql\bin\mysqld.exe: Shutdown complete

161007 15:09:20  InnoDB: Started; log sequence number 0 123490
161007 15:09:21 [Note] S:\Departments\LHTS\Computing\National Diploma\Units\Unit 27\EasyPhP\MySql\bin\mysqld.exe: ready for connections.
Version: '5.0.27-community-log'  socket: ''  port: 3306  MySQL Community Edition (GPL)
161007 16:00:17 [Note] S:\Departments\LHTS\Computing\National Diploma\Units\Unit 27\EasyPhP\MySql\bin\mysqld.exe: Normal shutdown

161007 16:00:17  InnoDB: Starting shutdown...
161007 16:00:20  InnoDB: Shutdown completed; log sequence number 0 123490
161007 16:00:20 [Note] S:\Departments\LHTS\Computing\National Diploma\Units\Unit 27\EasyPhP\MySql\bin\mysqld.exe: Shutdown complete

161014 14:46:17  InnoDB: Started; log sequence number 0 123490
161014 14:46:17 [Note] S:\Departments\LHTS\Computing\National Diploma\Units\Unit 27\EasyPhP\MySql\bin\mysqld.exe: ready for connections.
Version: '5.0.27-community-log'  socket: ''  port: 3306  MySQL Community Edition (GPL)
161021 15:30:06  InnoDB: Started; log sequence number 0 123490
161021 15:30:06 [Note] Recovering after a crash using mysql-bin
161021 15:30:06 [Note] Starting crash recovery...
161021 15:30:06 [Note] Crash recovery finished.
161021 15:30:06 [Note] S:\Departments\LHTS\Computing\National Diploma\Units\Unit 27\EasyPhP\MySql\bin\mysqld.exe: ready for connections.
Version: '5.0.27-community-log'  socket: ''  port: 3306  MySQL Community Edition (GPL)
161021 15:30:07 [Note] S:\Departments\LHTS\Computing\National Diploma\Units\Unit 27\EasyPhP\MySql\bin\mysqld.exe: Normal shutdown

161021 15:30:07  InnoDB: Starting shutdown...
161021 15:30:10  InnoDB: Shutdown completed; log sequence number 0 123490
161021 15:30:10 [Note] S:\Departments\LHTS\Computing\National Diploma\Units\Unit 27\EasyPhP\MySql\bin\mysqld.exe: Shutdown complete

161021 15:30:13  InnoDB: Started; log sequence number 0 123490
161021 15:30:13 [Note] S:\Departments\LHTS\Computing\National Diploma\Units\Unit 27\EasyPhP\MySql\bin\mysqld.exe: ready for connections.
Version: '5.0.27-community-log'  socket: ''  port: 3306  MySQL Community Edition (GPL)
161021 16:36:45 [Note] S:\Departments\LHTS\Computing\National Diploma\Units\Unit 27\EasyPhP\MySql\bin\mysqld.exe: Normal shutdown

161021 16:36:45  InnoDB: Starting shutdown...
161021 16:36:47  InnoDB: Shutdown completed; log sequence number 0 123490
161021 16:36:47 [Note] S:\Departments\LHTS\Computing\National Diploma\Units\Unit 27\EasyPhP\MySql\bin\mysqld.exe: Shutdown complete

161104 15:07:00  InnoDB: Started; log sequence number 0 123490
161104 15:07:00 [Note] S:\Departments\LHTS\Computing\National Diploma\Units\Unit 27\EasyPhP\MySql\bin\mysqld.exe: ready for connections.
Version: '5.0.27-community-log'  socket: ''  port: 3306  MySQL Community Edition (GPL)
161104 15:07:01 [Note] S:\Departments\LHTS\Computing\National Diploma\Units\Unit 27\EasyPhP\MySql\bin\mysqld.exe: Normal shutdown

161104 15:07:01  InnoDB: Starting shutdown...
161104 15:07:04  InnoDB: Shutdown completed; log sequence number 0 123490
161104 15:07:04 [Note] S:\Departments\LHTS\Computing\National Diploma\Units\Unit 27\EasyPhP\MySql\bin\mysqld.exe: Shutdown complete

161104 15:07:06  InnoDB: Started; log sequence number 0 123490
161104 15:07:06 [Note] S:\Departments\LHTS\Computing\National Diploma\Units\Unit 27\EasyPhP\MySql\bin\mysqld.exe: ready for connections.
Version: '5.0.27-community-log'  socket: ''  port: 3306  MySQL Community Edition (GPL)
161104 16:38:42 [Note] S:\Departments\LHTS\Computing\National Diploma\Units\Unit 27\EasyPhP\MySql\bin\mysqld.exe: Normal shutdown

161104 16:38:42  InnoDB: Starting shutdown...
161104 16:38:45  InnoDB: Shutdown completed; log sequence number 0 123490
161104 16:38:45 [Note] S:\Departments\LHTS\Computing\National Diploma\Units\Unit 27\EasyPhP\MySql\bin\mysqld.exe: Shutdown complete

161111 14:42:37  InnoDB: Started; log sequence number 0 123490
161111 14:42:37 [Note] S:\Departments\LHTS\Computing\National Diploma\Units\Unit 27\EasyPhP\MySql\bin\mysqld.exe: ready for connections.
Version: '5.0.27-community-log'  socket: ''  port: 3306  MySQL Community Edition (GPL)
161111 14:42:53  InnoDB: Started; log sequence number 0 123490
161111 14:42:53 [Note] Recovering after a crash using mysql-bin
161111 14:42:53 [Note] Starting crash recovery...
161111 14:42:53 [Note] Crash recovery finished.
161111 14:42:53 [Note] S:\Departments\LHTS\Computing\National Diploma\Units\Unit 27\EasyPhP\MySql\bin\mysqld.exe: ready for connections.
Version: '5.0.27-community-log'  socket: ''  port: 3306  MySQL Community Edition (GPL)
161111 16:29:14 [Note] S:\Departments\LHTS\Computing\National Diploma\Units\Unit 27\EasyPhP\MySql\bin\mysqld.exe: Normal shutdown

161111 16:29:14  InnoDB: Starting shutdown...
161111 16:29:15  InnoDB: Shutdown completed; log sequence number 0 123490
161111 16:29:15 [Note] S:\Departments\LHTS\Computing\National Diploma\Units\Unit 27\EasyPhP\MySql\bin\mysqld.exe: Shutdown complete

161118 15:09:11  InnoDB: Started; log sequence number 0 123490
161118 15:09:11 [Note] S:\Departments\LHTS\Computing\National Diploma\Units\Unit 27\EasyPhP\MySql\bin\mysqld.exe: ready for connections.
Version: '5.0.27-community-log'  socket: ''  port: 3306  MySQL Community Edition (GPL)
161118 15:10:16  InnoDB: Started; log sequence number 0 123490
161118 15:10:16 [Note] Recovering after a crash using mysql-bin
161118 15:10:16 [Note] Starting crash recovery...
161118 15:10:16 [Note] Crash recovery finished.
161118 15:10:17 [Note] S:\Departments\LHTS\Computing\National Diploma\Units\Unit 27\EasyPhP\MySql\bin\mysqld.exe: ready for connections.
Version: '5.0.27-community-log'  socket: ''  port: 3306  MySQL Community Edition (GPL)
161118 16:39:32 [Note] S:\Departments\LHTS\Computing\National Diploma\Units\Unit 27\EasyPhP\MySql\bin\mysqld.exe: Normal shutdown

161118 16:39:32  InnoDB: Starting shutdown...
161118 16:39:33  InnoDB: Shutdown completed; log sequence number 0 123490
161118 16:39:33 [Note] S:\Departments\LHTS\Computing\National Diploma\Units\Unit 27\EasyPhP\MySql\bin\mysqld.exe: Shutdown complete

161125 14:50:04  InnoDB: Started; log sequence number 0 123490
161125 14:50:04 [Note] S:\Departments\LHTS\Computing\National Diploma\Units\Unit 27\EasyPhP\MySql\bin\mysqld.exe: ready for connections.
Version: '5.0.27-community-log'  socket: ''  port: 3306  MySQL Community Edition (GPL)
161125 14:50:05 [Note] S:\Departments\LHTS\Computing\National Diploma\Units\Unit 27\EasyPhP\MySql\bin\mysqld.exe: Normal shutdown

161125 14:50:05  InnoDB: Starting shutdown...
161125 14:50:08  InnoDB: Shutdown completed; log sequence number 0 123490
161125 14:50:08 [Note] S:\Departments\LHTS\Computing\National Diploma\Units\Unit 27\EasyPhP\MySql\bin\mysqld.exe: Shutdown complete

161125 14:50:11  InnoDB: Started; log sequence number 0 123490
161125 14:50:11 [Note] S:\Departments\LHTS\Computing\National Diploma\Units\Unit 27\EasyPhP\MySql\bin\mysqld.exe: ready for connections.
Version: '5.0.27-community-log'  socket: ''  port: 3306  MySQL Community Edition (GPL)
161125 16:49:19 [Note] S:\Departments\LHTS\Computing\National Diploma\Units\Unit 27\EasyPhP\MySql\bin\mysqld.exe: Normal shutdown

161125 16:49:19  InnoDB: Starting shutdown...
161125 16:49:20  InnoDB: Shutdown completed; log sequence number 0 123490
161125 16:49:20 [Note] S:\Departments\LHTS\Computing\National Diploma\Units\Unit 27\EasyPhP\MySql\bin\mysqld.exe: Shutdown complete

