160912 16:04:08  InnoDB: Started; log sequence number 0 122722
160912 16:04:08 [Note] Recovering after a crash using mysql-bin
160912 16:04:08 [Note] Starting crash recovery...
160912 16:04:08 [Note] Crash recovery finished.
160912 16:04:08 [Note] S:\Departments\LHTS\Computing\National Diploma\Units\Unit 27\EasyPhP\MySql\bin\mysqld.exe: ready for connections.
Version: '5.0.27-community-log'  socket: ''  port: 3306  MySQL Community Edition (GPL)
160912 16:04:10 [Note] S:\Departments\LHTS\Computing\National Diploma\Units\Unit 27\EasyPhP\MySql\bin\mysqld.exe: Normal shutdown

160912 16:04:10  InnoDB: Starting shutdown...
160912 16:04:12  InnoDB: Shutdown completed; log sequence number 0 122722
160912 16:04:12 [Note] S:\Departments\LHTS\Computing\National Diploma\Units\Unit 27\EasyPhP\MySql\bin\mysqld.exe: Shutdown complete

160912 16:04:15  InnoDB: Started; log sequence number 0 122722
160912 16:04:15 [Note] S:\Departments\LHTS\Computing\National Diploma\Units\Unit 27\EasyPhP\MySql\bin\mysqld.exe: ready for connections.
Version: '5.0.27-community-log'  socket: ''  port: 3306  MySQL Community Edition (GPL)
160912 16:16:40 [Note] S:\Departments\LHTS\Computing\National Diploma\Units\Unit 27\EasyPhP\MySql\bin\mysqld.exe: Normal shutdown

160912 16:16:40  InnoDB: Starting shutdown...
160912 16:16:42  InnoDB: Shutdown completed; log sequence number 0 122722
160912 16:16:42 [Note] S:\Departments\LHTS\Computing\National Diploma\Units\Unit 27\EasyPhP\MySql\bin\mysqld.exe: Shutdown complete

161121 15:37:10  InnoDB: Started; log sequence number 0 123490
161121 15:37:10 [Note] S:\Departments\LHTS\Computing\National Diploma\Units\Unit 27\EasyPhP\MySql\bin\mysqld.exe: ready for connections.
Version: '5.0.27-community-log'  socket: ''  port: 3306  MySQL Community Edition (GPL)
161121 15:37:21  InnoDB: Started; log sequence number 0 123490
161121 15:37:21 [Note] Recovering after a crash using mysql-bin
161121 15:37:21 [Note] Starting crash recovery...
161121 15:37:21 [Note] Crash recovery finished.
161121 15:37:21 [Note] S:\Departments\LHTS\Computing\National Diploma\Units\Unit 27\EasyPhP\MySql\bin\mysqld.exe: ready for connections.
Version: '5.0.27-community-log'  socket: ''  port: 3306  MySQL Community Edition (GPL)
161128 15:32:50  InnoDB: Operating system error number 32 in a file operation.
InnoDB: Some operating system error numbers are described at
InnoDB: http://dev.mysql.com/doc/refman/5.0/en/operating-system-error-codes.html
InnoDB: File name .\ibdata1
InnoDB: File operation call: 'open'.
InnoDB: Cannot continue operation.
161128 15:32:52  InnoDB: Operating system error number 32 in a file operation.
InnoDB: Some operating system error numbers are described at
InnoDB: http://dev.mysql.com/doc/refman/5.0/en/operating-system-error-codes.html
InnoDB: File name .\ibdata1
InnoDB: File operation call: 'open'.
InnoDB: Cannot continue operation.
161128 16:00:39  InnoDB: Operating system error number 32 in a file operation.
InnoDB: Some operating system error numbers are described at
InnoDB: http://dev.mysql.com/doc/refman/5.0/en/operating-system-error-codes.html
InnoDB: File name .\ibdata1
InnoDB: File operation call: 'open'.
InnoDB: Cannot continue operation.
161128 16:00:48  InnoDB: Operating system error number 32 in a file operation.
InnoDB: Some operating system error numbers are described at
InnoDB: http://dev.mysql.com/doc/refman/5.0/en/operating-system-error-codes.html
InnoDB: File name .\ibdata1
InnoDB: File operation call: 'open'.
InnoDB: Cannot continue operation.
