130919 10:44:17  InnoDB: Started; log sequence number 0 43665
130919 10:44:17 [Note] Recovering after a crash using mysql-bin
130919 10:44:17 [Note] Starting crash recovery...
130919 10:44:17 [Note] Crash recovery finished.
130919 10:44:19 [Note] V:\SCHOOL~2\COMPUT~1\NATION~1\Units\Unit16\EasyPhP\MySql\bin\mysqld.exe: ready for connections.
Version: '5.0.27-community-log'  socket: ''  port: 3306  MySQL Community Edition (GPL)
130926 10:13:12  InnoDB: Started; log sequence number 0 43665
130926 10:13:12 [Note] Recovering after a crash using mysql-bin
130926 10:13:12 [Note] Starting crash recovery...
130926 10:13:12 [Note] Crash recovery finished.
130926 10:13:13 [Note] V:\SCHOOL~2\COMPUT~1\NATION~1\Units\Unit16\EasyPhP\MySql\bin\mysqld.exe: ready for connections.
Version: '5.0.27-community-log'  socket: ''  port: 3306  MySQL Community Edition (GPL)
131114 10:16:25  InnoDB: Started; log sequence number 0 43665
131114 10:16:25 [Note] V:\SCHOOL~2\COMPUT~1\NATION~1\Units\Unit16\EasyPhP\MySql\bin\mysqld.exe: ready for connections.
Version: '5.0.27-community-log'  socket: ''  port: 3306  MySQL Community Edition (GPL)
131114 10:16:26 [Note] V:\SCHOOL~2\COMPUT~1\NATION~1\Units\Unit16\EasyPhP\MySql\bin\mysqld.exe: Normal shutdown

131114 10:16:26  InnoDB: Starting shutdown...
131114 10:16:29  InnoDB: Shutdown completed; log sequence number 0 43665
131114 10:16:29 [Note] V:\SCHOOL~2\COMPUT~1\NATION~1\Units\Unit16\EasyPhP\MySql\bin\mysqld.exe: Shutdown complete

131114 10:16:31  InnoDB: Started; log sequence number 0 43665
131114 10:16:31 [Note] V:\SCHOOL~2\COMPUT~1\NATION~1\Units\Unit16\EasyPhP\MySql\bin\mysqld.exe: ready for connections.
Version: '5.0.27-community-log'  socket: ''  port: 3306  MySQL Community Edition (GPL)
131114 10:55:34 [Note] V:\SCHOOL~2\COMPUT~1\NATION~1\Units\Unit16\EasyPhP\MySql\bin\mysqld.exe: Normal shutdown

131114 10:55:34  InnoDB: Starting shutdown...
131114 10:55:37  InnoDB: Shutdown completed; log sequence number 0 43665
131114 10:55:37 [Note] V:\SCHOOL~2\COMPUT~1\NATION~1\Units\Unit16\EasyPhP\MySql\bin\mysqld.exe: Shutdown complete

131121 10:16:47  InnoDB: Started; log sequence number 0 43665
131121 10:16:47 [Note] V:\SCHOOL~2\COMPUT~1\NATION~1\Units\Unit16\EasyPhP\MySql\bin\mysqld.exe: ready for connections.
Version: '5.0.27-community-log'  socket: ''  port: 3306  MySQL Community Edition (GPL)
131121 10:16:49 [Note] V:\SCHOOL~2\COMPUT~1\NATION~1\Units\Unit16\EasyPhP\MySql\bin\mysqld.exe: Normal shutdown

131121 10:16:49  InnoDB: Starting shutdown...
131121 10:16:51  InnoDB: Shutdown completed; log sequence number 0 43665
131121 10:16:51 [Note] V:\SCHOOL~2\COMPUT~1\NATION~1\Units\Unit16\EasyPhP\MySql\bin\mysqld.exe: Shutdown complete

131121 10:16:54  InnoDB: Started; log sequence number 0 43665
131121 10:16:54 [Note] V:\SCHOOL~2\COMPUT~1\NATION~1\Units\Unit16\EasyPhP\MySql\bin\mysqld.exe: ready for connections.
Version: '5.0.27-community-log'  socket: ''  port: 3306  MySQL Community Edition (GPL)
131121 11:01:09 [Note] V:\SCHOOL~2\COMPUT~1\NATION~1\Units\Unit16\EasyPhP\MySql\bin\mysqld.exe: Normal shutdown

131121 11:01:10  InnoDB: Starting shutdown...
131121 11:01:11  InnoDB: Shutdown completed; log sequence number 0 43665
131121 11:01:11 [Note] V:\SCHOOL~2\COMPUT~1\NATION~1\Units\Unit16\EasyPhP\MySql\bin\mysqld.exe: Shutdown complete

131128 10:16:41  InnoDB: Started; log sequence number 0 43665
131128 10:16:41 [Note] Recovering after a crash using mysql-bin
131128 10:16:41 [Note] Starting crash recovery...
131128 10:16:41 [Note] Crash recovery finished.
131128 10:16:41 [Note] V:\SCHOOL~2\COMPUT~1\NATION~1\Units\Unit16\EasyPhP\MySql\bin\mysqld.exe: ready for connections.
Version: '5.0.27-community-log'  socket: ''  port: 3306  MySQL Community Edition (GPL)
131128 10:16:47  InnoDB: Started; log sequence number 0 43665
131128 10:16:47 [Note] Recovering after a crash using mysql-bin
131128 10:16:47 [Note] Starting crash recovery...
131128 10:16:47 [Note] Crash recovery finished.
131128 10:16:48 [Note] V:\SCHOOL~2\COMPUT~1\NATION~1\Units\Unit16\EasyPhP\MySql\bin\mysqld.exe: ready for connections.
Version: '5.0.27-community-log'  socket: ''  port: 3306  MySQL Community Edition (GPL)
131128 10:58:56 [Note] V:\SCHOOL~2\COMPUT~1\NATION~1\Units\Unit16\EasyPhP\MySql\bin\mysqld.exe: Normal shutdown

131128 10:58:56  InnoDB: Starting shutdown...
131128 10:58:58  InnoDB: Shutdown completed; log sequence number 0 43665
131128 10:58:58 [Note] V:\SCHOOL~2\COMPUT~1\NATION~1\Units\Unit16\EasyPhP\MySql\bin\mysqld.exe: Shutdown complete

131205 10:08:04  InnoDB: Started; log sequence number 0 43665
131205 10:08:06 [Note] V:\SCHOOL~2\COMPUT~1\NATION~1\Units\Unit16\EasyPhP\MySql\bin\mysqld.exe: ready for connections.
Version: '5.0.27-community-log'  socket: ''  port: 3306  MySQL Community Edition (GPL)
131205 10:08:12  InnoDB: Started; log sequence number 0 43665
131205 10:08:12 [Note] Recovering after a crash using mysql-bin
131205 10:08:12 [Note] Starting crash recovery...
131205 10:08:12 [Note] Crash recovery finished.
131205 10:08:12 [Note] V:\SCHOOL~2\COMPUT~1\NATION~1\Units\Unit16\EasyPhP\MySql\bin\mysqld.exe: ready for connections.
Version: '5.0.27-community-log'  socket: ''  port: 3306  MySQL Community Edition (GPL)
131205 10:59:26 [Note] V:\SCHOOL~2\COMPUT~1\NATION~1\Units\Unit16\EasyPhP\MySql\bin\mysqld.exe: Normal shutdown

131205 10:59:26  InnoDB: Starting shutdown...
131205 10:59:28  InnoDB: Shutdown completed; log sequence number 0 43665
131205 10:59:28 [Note] V:\SCHOOL~2\COMPUT~1\NATION~1\Units\Unit16\EasyPhP\MySql\bin\mysqld.exe: Shutdown complete

140109 10:14:19  InnoDB: Started; log sequence number 0 43665
140109 10:14:19 [Note] V:\SCHOOL~2\COMPUT~1\NATION~1\Units\Unit16\EasyPhP\MySql\bin\mysqld.exe: ready for connections.
Version: '5.0.27-community-log'  socket: ''  port: 3306  MySQL Community Edition (GPL)
140109 10:14:20 [Note] V:\SCHOOL~2\COMPUT~1\NATION~1\Units\Unit16\EasyPhP\MySql\bin\mysqld.exe: Normal shutdown

140109 10:14:20  InnoDB: Starting shutdown...
140109 10:14:23  InnoDB: Shutdown completed; log sequence number 0 43665
140109 10:14:23 [Note] V:\SCHOOL~2\COMPUT~1\NATION~1\Units\Unit16\EasyPhP\MySql\bin\mysqld.exe: Shutdown complete

140109 10:14:25  InnoDB: Started; log sequence number 0 43665
140109 10:14:25 [Note] V:\SCHOOL~2\COMPUT~1\NATION~1\Units\Unit16\EasyPhP\MySql\bin\mysqld.exe: ready for connections.
Version: '5.0.27-community-log'  socket: ''  port: 3306  MySQL Community Edition (GPL)
140109 11:00:09 [Note] V:\SCHOOL~2\COMPUT~1\NATION~1\Units\Unit16\EasyPhP\MySql\bin\mysqld.exe: Normal shutdown

140109 11:00:09  InnoDB: Starting shutdown...
140109 11:00:11  InnoDB: Shutdown completed; log sequence number 0 43665
140109 11:00:11 [Note] V:\SCHOOL~2\COMPUT~1\NATION~1\Units\Unit16\EasyPhP\MySql\bin\mysqld.exe: Shutdown complete

140116 10:27:10  InnoDB: Started; log sequence number 0 43665
140116 10:27:10 [Note] V:\SCHOOL~2\COMPUT~1\NATION~1\Units\Unit16\EasyPhP\MySql\bin\mysqld.exe: ready for connections.
Version: '5.0.27-community-log'  socket: ''  port: 3306  MySQL Community Edition (GPL)
140116 10:27:19  InnoDB: Started; log sequence number 0 43665
140116 10:27:19 [Note] Recovering after a crash using mysql-bin
140116 10:27:19 [Note] Starting crash recovery...
140116 10:27:19 [Note] Crash recovery finished.
140116 10:27:19 [Note] V:\SCHOOL~2\COMPUT~1\NATION~1\Units\Unit16\EasyPhP\MySql\bin\mysqld.exe: ready for connections.
Version: '5.0.27-community-log'  socket: ''  port: 3306  MySQL Community Edition (GPL)
