150909 10:21:57  InnoDB: Started; log sequence number 0 80866
150909 10:21:59 [Note] V:\SCHOOL~2\COMPUT~1\NATION~1\Units\UNIT27~1\EasyPhP\MySql\bin\mysqld.exe: ready for connections.
Version: '5.0.27-community-log'  socket: ''  port: 3306  MySQL Community Edition (GPL)
150909 10:22:00 [Note] V:\SCHOOL~2\COMPUT~1\NATION~1\Units\UNIT27~1\EasyPhP\MySql\bin\mysqld.exe: Normal shutdown

150909 10:22:00  InnoDB: Starting shutdown...
150909 10:22:03  InnoDB: Shutdown completed; log sequence number 0 80866
150909 10:22:03 [Note] V:\SCHOOL~2\COMPUT~1\NATION~1\Units\UNIT27~1\EasyPhP\MySql\bin\mysqld.exe: Shutdown complete

150909 10:22:05  InnoDB: Started; log sequence number 0 80866
150909 10:22:05 [Note] V:\SCHOOL~2\COMPUT~1\NATION~1\Units\UNIT27~1\EasyPhP\MySql\bin\mysqld.exe: ready for connections.
Version: '5.0.27-community-log'  socket: ''  port: 3306  MySQL Community Edition (GPL)
150909 10:59:43 [Note] V:\SCHOOL~2\COMPUT~1\NATION~1\Units\UNIT27~1\EasyPhP\MySql\bin\mysqld.exe: Normal shutdown

150909 10:59:43  InnoDB: Starting shutdown...
150909 10:59:46  InnoDB: Shutdown completed; log sequence number 0 80866
150909 10:59:46 [Note] V:\SCHOOL~2\COMPUT~1\NATION~1\Units\UNIT27~1\EasyPhP\MySql\bin\mysqld.exe: Shutdown complete

150911 10:09:56  InnoDB: Started; log sequence number 0 80866
150911 10:09:56 [Note] V:\SCHOOL~2\COMPUT~1\NATION~1\Units\UNIT27~1\EasyPhP\MySql\bin\mysqld.exe: ready for connections.
Version: '5.0.27-community-log'  socket: ''  port: 3306  MySQL Community Edition (GPL)
150911 10:09:57 [Note] V:\SCHOOL~2\COMPUT~1\NATION~1\Units\UNIT27~1\EasyPhP\MySql\bin\mysqld.exe: Normal shutdown

150911 10:09:57  InnoDB: Starting shutdown...
150911 10:10:00  InnoDB: Shutdown completed; log sequence number 0 80866
150911 10:10:00 [Note] V:\SCHOOL~2\COMPUT~1\NATION~1\Units\UNIT27~1\EasyPhP\MySql\bin\mysqld.exe: Shutdown complete

150911 10:10:03  InnoDB: Started; log sequence number 0 80866
150911 10:10:03 [Note] V:\SCHOOL~2\COMPUT~1\NATION~1\Units\UNIT27~1\EasyPhP\MySql\bin\mysqld.exe: ready for connections.
Version: '5.0.27-community-log'  socket: ''  port: 3306  MySQL Community Edition (GPL)
150915 15:35:55  InnoDB: Started; log sequence number 0 80866
150915 15:35:56 [Note] V:\SCHOOL~2\COMPUT~1\NATION~1\Units\UNIT27~1\EasyPhP\MySql\bin\mysqld.exe: ready for connections.
Version: '5.0.27-community-log'  socket: ''  port: 3306  MySQL Community Edition (GPL)
150915 15:35:57 [Note] V:\SCHOOL~2\COMPUT~1\NATION~1\Units\UNIT27~1\EasyPhP\MySql\bin\mysqld.exe: Normal shutdown

150915 15:35:57  InnoDB: Starting shutdown...
150915 15:35:59  InnoDB: Shutdown completed; log sequence number 0 80866
150915 15:35:59 [Note] V:\SCHOOL~2\COMPUT~1\NATION~1\Units\UNIT27~1\EasyPhP\MySql\bin\mysqld.exe: Shutdown complete

150915 15:36:02  InnoDB: Started; log sequence number 0 80866
150915 15:36:02 [Note] V:\SCHOOL~2\COMPUT~1\NATION~1\Units\UNIT27~1\EasyPhP\MySql\bin\mysqld.exe: ready for connections.
Version: '5.0.27-community-log'  socket: ''  port: 3306  MySQL Community Edition (GPL)
150915 16:36:29 [Note] V:\SCHOOL~2\COMPUT~1\NATION~1\Units\UNIT27~1\EasyPhP\MySql\bin\mysqld.exe: Normal shutdown

150915 16:36:29  InnoDB: Starting shutdown...
150915 16:36:32  InnoDB: Shutdown completed; log sequence number 0 80866
150915 16:36:32 [Note] V:\SCHOOL~2\COMPUT~1\NATION~1\Units\UNIT27~1\EasyPhP\MySql\bin\mysqld.exe: Shutdown complete

150917  9:16:06  InnoDB: Started; log sequence number 0 80866
150917  9:16:07 [Note] V:\SCHOOL~2\COMPUT~1\NATION~1\Units\UNIT27~1\EasyPhP\MySql\bin\mysqld.exe: ready for connections.
Version: '5.0.27-community-log'  socket: ''  port: 3306  MySQL Community Edition (GPL)
150918 10:34:10  InnoDB: Started; log sequence number 0 80866
150918 10:34:12 [Note] V:\SCHOOL~2\COMPUT~1\NATION~1\Units\UNIT27~1\EasyPhP\MySql\bin\mysqld.exe: ready for connections.
Version: '5.0.27-community-log'  socket: ''  port: 3306  MySQL Community Edition (GPL)
150922 15:37:45  InnoDB: Started; log sequence number 0 80866
150922 15:37:45 [Note] Recovering after a crash using mysql-bin
150922 15:37:45 [Note] Starting crash recovery...
150922 15:37:45 [Note] Crash recovery finished.
150922 15:37:46 [Note] V:\SCHOOL~2\COMPUT~1\NATION~1\Units\UNIT27~1\EasyPhP\MySql\bin\mysqld.exe: ready for connections.
Version: '5.0.27-community-log'  socket: ''  port: 3306  MySQL Community Edition (GPL)
150922 15:37:47 [Note] V:\SCHOOL~2\COMPUT~1\NATION~1\Units\UNIT27~1\EasyPhP\MySql\bin\mysqld.exe: Normal shutdown

150922 15:37:47  InnoDB: Starting shutdown...
150922 15:37:50  InnoDB: Shutdown completed; log sequence number 0 80866
150922 15:37:50 [Note] V:\SCHOOL~2\COMPUT~1\NATION~1\Units\UNIT27~1\EasyPhP\MySql\bin\mysqld.exe: Shutdown complete

150922 15:37:52  InnoDB: Started; log sequence number 0 80866
150922 15:37:52 [Note] V:\SCHOOL~2\COMPUT~1\NATION~1\Units\UNIT27~1\EasyPhP\MySql\bin\mysqld.exe: ready for connections.
Version: '5.0.27-community-log'  socket: ''  port: 3306  MySQL Community Edition (GPL)
150922 16:28:59 [Note] V:\SCHOOL~2\COMPUT~1\NATION~1\Units\UNIT27~1\EasyPhP\MySql\bin\mysqld.exe: Normal shutdown

150922 16:28:59  InnoDB: Starting shutdown...
150922 16:29:00  InnoDB: Shutdown completed; log sequence number 0 80866
150922 16:29:00 [Note] V:\SCHOOL~2\COMPUT~1\NATION~1\Units\UNIT27~1\EasyPhP\MySql\bin\mysqld.exe: Shutdown complete

151001  9:24:05  InnoDB: Started; log sequence number 0 80866
151001  9:24:05 [Note] Recovering after a crash using mysql-bin
151001  9:24:05 [Note] Starting crash recovery...
151001  9:24:05 [Note] Crash recovery finished.
151001  9:24:06 [Note] V:\SCHOOL~2\COMPUT~1\NATION~1\Units\UNIT27~1\EasyPhP\MySql\bin\mysqld.exe: ready for connections.
Version: '5.0.27-community-log'  socket: ''  port: 3306  MySQL Community Edition (GPL)
151001  9:24:07 [Note] V:\SCHOOL~2\COMPUT~1\NATION~1\Units\UNIT27~1\EasyPhP\MySql\bin\mysqld.exe: Normal shutdown

151001  9:24:07  InnoDB: Starting shutdown...
151001  9:24:10  InnoDB: Shutdown completed; log sequence number 0 80866
151001  9:24:10 [Note] V:\SCHOOL~2\COMPUT~1\NATION~1\Units\UNIT27~1\EasyPhP\MySql\bin\mysqld.exe: Shutdown complete

151001  9:24:12  InnoDB: Started; log sequence number 0 80866
151001  9:24:12 [Note] V:\SCHOOL~2\COMPUT~1\NATION~1\Units\UNIT27~1\EasyPhP\MySql\bin\mysqld.exe: ready for connections.
Version: '5.0.27-community-log'  socket: ''  port: 3306  MySQL Community Edition (GPL)
151001  9:56:10 [Note] V:\SCHOOL~2\COMPUT~1\NATION~1\Units\UNIT27~1\EasyPhP\MySql\bin\mysqld.exe: Normal shutdown

151001  9:56:10  InnoDB: Starting shutdown...
151001  9:56:12  InnoDB: Shutdown completed; log sequence number 0 80866
151001  9:56:12 [Note] V:\SCHOOL~2\COMPUT~1\NATION~1\Units\UNIT27~1\EasyPhP\MySql\bin\mysqld.exe: Shutdown complete

151104 10:05:54  InnoDB: Started; log sequence number 0 93729
151104 10:05:54 [Note] Recovering after a crash using mysql-bin
151104 10:05:54 [Note] Starting crash recovery...
151104 10:05:54 [Note] Crash recovery finished.
151104 10:05:55 [Note] V:\SCHOOL~2\COMPUT~1\NATION~1\Units\UNIT27~1\EasyPhP\MySql\bin\mysqld.exe: ready for connections.
Version: '5.0.27-community-log'  socket: ''  port: 3306  MySQL Community Edition (GPL)
151104 10:05:56 [Note] V:\SCHOOL~2\COMPUT~1\NATION~1\Units\UNIT27~1\EasyPhP\MySql\bin\mysqld.exe: Normal shutdown

151104 10:05:56  InnoDB: Starting shutdown...
151104 10:05:58  InnoDB: Shutdown completed; log sequence number 0 93729
151104 10:05:58 [Note] V:\SCHOOL~2\COMPUT~1\NATION~1\Units\UNIT27~1\EasyPhP\MySql\bin\mysqld.exe: Shutdown complete

151104 10:06:01  InnoDB: Started; log sequence number 0 93729
151104 10:06:01 [Note] V:\SCHOOL~2\COMPUT~1\NATION~1\Units\UNIT27~1\EasyPhP\MySql\bin\mysqld.exe: ready for connections.
Version: '5.0.27-community-log'  socket: ''  port: 3306  MySQL Community Edition (GPL)
151104 11:01:12 [Note] V:\SCHOOL~2\COMPUT~1\NATION~1\Units\UNIT27~1\EasyPhP\MySql\bin\mysqld.exe: Normal shutdown

151104 11:01:12  InnoDB: Starting shutdown...
151104 11:01:15  InnoDB: Shutdown completed; log sequence number 0 93729
151104 11:01:15 [Note] V:\SCHOOL~2\COMPUT~1\NATION~1\Units\UNIT27~1\EasyPhP\MySql\bin\mysqld.exe: Shutdown complete

151125 10:33:36  InnoDB: Started; log sequence number 0 122347
151125 10:33:36 [Note] Recovering after a crash using mysql-bin
151125 10:33:36 [Note] Starting crash recovery...
151125 10:33:36 [Note] Crash recovery finished.
151125 10:33:37 [Note] V:\SCHOOL~2\COMPUT~1\NATION~1\Units\UNIT27~1\EasyPhP\MySql\bin\mysqld.exe: ready for connections.
Version: '5.0.27-community-log'  socket: ''  port: 3306  MySQL Community Edition (GPL)
151209 10:23:45  InnoDB: Started; log sequence number 0 122357
151209 10:23:46 [Note] V:\SCHOOL~2\COMPUT~1\NATION~1\Units\UNIT27~1\EasyPhP\MySql\bin\mysqld.exe: ready for connections.
Version: '5.0.27-community-log'  socket: ''  port: 3306  MySQL Community Edition (GPL)
151209 10:23:47 [Note] V:\SCHOOL~2\COMPUT~1\NATION~1\Units\UNIT27~1\EasyPhP\MySql\bin\mysqld.exe: Normal shutdown

151209 10:23:47  InnoDB: Starting shutdown...
151209 10:23:49  InnoDB: Shutdown completed; log sequence number 0 122357
151209 10:23:49 [Note] V:\SCHOOL~2\COMPUT~1\NATION~1\Units\UNIT27~1\EasyPhP\MySql\bin\mysqld.exe: Shutdown complete

151209 10:23:51  InnoDB: Started; log sequence number 0 122357
151209 10:23:52 [Note] V:\SCHOOL~2\COMPUT~1\NATION~1\Units\UNIT27~1\EasyPhP\MySql\bin\mysqld.exe: ready for connections.
Version: '5.0.27-community-log'  socket: ''  port: 3306  MySQL Community Edition (GPL)
151209 10:58:15 [Note] V:\SCHOOL~2\COMPUT~1\NATION~1\Units\UNIT27~1\EasyPhP\MySql\bin\mysqld.exe: Normal shutdown

151209 10:58:15  InnoDB: Starting shutdown...
151209 10:58:18  InnoDB: Shutdown completed; log sequence number 0 122357
151209 10:58:18 [Note] V:\SCHOOL~2\COMPUT~1\NATION~1\Units\UNIT27~1\EasyPhP\MySql\bin\mysqld.exe: Shutdown complete

160210 10:09:39  InnoDB: Started; log sequence number 0 122712
160210 10:09:39 [Note] Recovering after a crash using mysql-bin
160210 10:09:39 [Note] Starting crash recovery...
160210 10:09:39 [Note] Crash recovery finished.
160210 10:09:40 [Note] V:\SCHOOL~2\COMPUT~1\NATION~1\Units\UNIT27~1\EasyPhP\MySql\bin\mysqld.exe: ready for connections.
Version: '5.0.27-community-log'  socket: ''  port: 3306  MySQL Community Edition (GPL)
160302 10:15:17  InnoDB: Started; log sequence number 0 122712
160302 10:15:17 [Note] Recovering after a crash using mysql-bin
160302 10:15:17 [Note] Starting crash recovery...
160302 10:15:17 [Note] Crash recovery finished.
160302 10:15:18 [Note] V:\SCHOOL~2\COMPUT~1\NATION~1\Units\UNIT27~1\EasyPhP\MySql\bin\mysqld.exe: ready for connections.
Version: '5.0.27-community-log'  socket: ''  port: 3306  MySQL Community Edition (GPL)
160302 10:15:20 [Note] V:\SCHOOL~2\COMPUT~1\NATION~1\Units\UNIT27~1\EasyPhP\MySql\bin\mysqld.exe: Normal shutdown

160302 10:15:20  InnoDB: Starting shutdown...
160302 10:15:21  InnoDB: Shutdown completed; log sequence number 0 122712
160302 10:15:21 [Note] V:\SCHOOL~2\COMPUT~1\NATION~1\Units\UNIT27~1\EasyPhP\MySql\bin\mysqld.exe: Shutdown complete

160302 10:15:24  InnoDB: Started; log sequence number 0 122712
160302 10:15:24 [Note] V:\SCHOOL~2\COMPUT~1\NATION~1\Units\UNIT27~1\EasyPhP\MySql\bin\mysqld.exe: ready for connections.
Version: '5.0.27-community-log'  socket: ''  port: 3306  MySQL Community Edition (GPL)
160302 10:56:38 [Note] V:\SCHOOL~2\COMPUT~1\NATION~1\Units\UNIT27~1\EasyPhP\MySql\bin\mysqld.exe: Normal shutdown

160302 10:56:38  InnoDB: Starting shutdown...
160302 10:56:39  InnoDB: Shutdown completed; log sequence number 0 122712
160302 10:56:39 [Note] V:\SCHOOL~2\COMPUT~1\NATION~1\Units\UNIT27~1\EasyPhP\MySql\bin\mysqld.exe: Shutdown complete

