140911 10:15:08  InnoDB: Started; log sequence number 0 59080
140911 10:15:09 [Note] V:\SCHOOL~2\COMPUT~1\NATION~1\Units\Unit16\EasyPhP\MySql\bin\mysqld.exe: ready for connections.
Version: '5.0.27-community-log'  socket: ''  port: 3306  MySQL Community Edition (GPL)
140911 10:15:10 [Note] V:\SCHOOL~2\COMPUT~1\NATION~1\Units\Unit16\EasyPhP\MySql\bin\mysqld.exe: Normal shutdown

140911 10:15:10  InnoDB: Starting shutdown...
140911 10:15:13  InnoDB: Shutdown completed; log sequence number 0 59080
140911 10:15:13 [Note] V:\SCHOOL~2\COMPUT~1\NATION~1\Units\Unit16\EasyPhP\MySql\bin\mysqld.exe: Shutdown complete

140911 10:15:15  InnoDB: Started; log sequence number 0 59080
140911 10:15:16 [Note] V:\SCHOOL~2\COMPUT~1\NATION~1\Units\Unit16\EasyPhP\MySql\bin\mysqld.exe: ready for connections.
Version: '5.0.27-community-log'  socket: ''  port: 3306  MySQL Community Edition (GPL)
140911 10:55:40 [Note] V:\SCHOOL~2\COMPUT~1\NATION~1\Units\Unit16\EasyPhP\MySql\bin\mysqld.exe: Normal shutdown

140911 10:55:40  InnoDB: Starting shutdown...
140911 10:55:41  InnoDB: Shutdown completed; log sequence number 0 59080
140911 10:55:41 [Note] V:\SCHOOL~2\COMPUT~1\NATION~1\Units\Unit16\EasyPhP\MySql\bin\mysqld.exe: Shutdown complete

141211 10:09:30  InnoDB: Started; log sequence number 0 65402
141211 10:09:30 [Note] V:\SCHOOL~2\COMPUT~1\NATION~1\Units\Unit16\EasyPhP\MySql\bin\mysqld.exe: ready for connections.
Version: '5.0.27-community-log'  socket: ''  port: 3306  MySQL Community Edition (GPL)
141211 10:09:31 [Note] V:\SCHOOL~2\COMPUT~1\NATION~1\Units\Unit16\EasyPhP\MySql\bin\mysqld.exe: Normal shutdown

141211 10:09:31  InnoDB: Starting shutdown...
141211 10:09:34  InnoDB: Shutdown completed; log sequence number 0 65402
141211 10:09:34 [Note] V:\SCHOOL~2\COMPUT~1\NATION~1\Units\Unit16\EasyPhP\MySql\bin\mysqld.exe: Shutdown complete

141211 10:09:37  InnoDB: Started; log sequence number 0 65402
141211 10:09:37 [Note] V:\SCHOOL~2\COMPUT~1\NATION~1\Units\Unit16\EasyPhP\MySql\bin\mysqld.exe: ready for connections.
Version: '5.0.27-community-log'  socket: ''  port: 3306  MySQL Community Edition (GPL)
141211 10:59:12 [Note] V:\SCHOOL~2\COMPUT~1\NATION~1\Units\Unit16\EasyPhP\MySql\bin\mysqld.exe: Normal shutdown

141211 10:59:12  InnoDB: Starting shutdown...
141211 10:59:13  InnoDB: Shutdown completed; log sequence number 0 65402
141211 10:59:13 [Note] V:\SCHOOL~2\COMPUT~1\NATION~1\Units\Unit16\EasyPhP\MySql\bin\mysqld.exe: Shutdown complete

141218 10:07:39  InnoDB: Started; log sequence number 0 68194
141218 10:07:40 [Note] V:\SCHOOL~2\COMPUT~1\NATION~1\Units\UNIT27~1\EasyPhP\MySql\bin\mysqld.exe: ready for connections.
Version: '5.0.27-community-log'  socket: ''  port: 3306  MySQL Community Edition (GPL)
141218 10:13:45  InnoDB: Started; log sequence number 0 68194
141218 10:13:45 [Note] Recovering after a crash using mysql-bin
141218 10:13:45 [Note] Starting crash recovery...
141218 10:13:45 [Note] Crash recovery finished.
141218 10:13:45 [Note] V:\SCHOOL~2\COMPUT~1\NATION~1\Units\UNIT27~1\EasyPhP\MySql\bin\mysqld.exe: ready for connections.
Version: '5.0.27-community-log'  socket: ''  port: 3306  MySQL Community Edition (GPL)
150115 10:25:16  InnoDB: Started; log sequence number 0 69703
150115 10:25:16 [Note] Recovering after a crash using mysql-bin
150115 10:25:16 [Note] Starting crash recovery...
150115 10:25:16 [Note] Crash recovery finished.
150115 10:25:18 [Note] V:\SCHOOL~2\COMPUT~1\NATION~1\Units\UNIT27~1\EasyPhP\MySql\bin\mysqld.exe: ready for connections.
Version: '5.0.27-community-log'  socket: ''  port: 3306  MySQL Community Edition (GPL)
150115 10:25:25  InnoDB: Started; log sequence number 0 69703
150115 10:25:25 [Note] Recovering after a crash using mysql-bin
150115 10:25:25 [Note] Starting crash recovery...
150115 10:25:25 [Note] Crash recovery finished.
150115 10:25:25 [Note] V:\SCHOOL~2\COMPUT~1\NATION~1\Units\UNIT27~1\EasyPhP\MySql\bin\mysqld.exe: ready for connections.
Version: '5.0.27-community-log'  socket: ''  port: 3306  MySQL Community Edition (GPL)
150205 10:05:00  InnoDB: Database was not shut down normally!
InnoDB: Starting crash recovery.
InnoDB: Reading tablespace information from the .ibd files...
InnoDB: Restoring possible half-written data pages from the doublewrite
InnoDB: buffer...
150205 10:05:01  InnoDB: Starting log scan based on checkpoint at
InnoDB: log sequence number 0 69713.
InnoDB: Doing recovery: scanned up to log sequence number 0 69713
InnoDB: Last MySQL binlog file position 0 1330, file name .\mysql-bin.000340
150205 10:05:02  InnoDB: Started; log sequence number 0 69713
150205 10:05:02 [Note] Recovering after a crash using mysql-bin
150205 10:05:02 [Note] Starting crash recovery...
150205 10:05:02 [Note] Crash recovery finished.
150205 10:05:03 [Note] V:\SCHOOL~2\COMPUT~1\NATION~1\Units\UNIT27~1\EasyPhP\MySql\bin\mysqld.exe: ready for connections.
Version: '5.0.27-community-log'  socket: ''  port: 3306  MySQL Community Edition (GPL)
150212 10:08:10  InnoDB: Started; log sequence number 0 69733
150212 10:08:12 [Note] V:\SCHOOL~2\COMPUT~1\NATION~1\Units\UNIT27~1\EasyPhP\MySql\bin\mysqld.exe: ready for connections.
Version: '5.0.27-community-log'  socket: ''  port: 3306  MySQL Community Edition (GPL)
150226 10:38:16  InnoDB: Started; log sequence number 0 69753
150226 10:38:16 [Note] Recovering after a crash using mysql-bin
150226 10:38:16 [Note] Starting crash recovery...
150226 10:38:16 [Note] Crash recovery finished.
150226 10:38:17 [Note] V:\SCHOOL~2\COMPUT~1\NATION~1\Units\UNIT27~1\EasyPhP\MySql\bin\mysqld.exe: ready for connections.
Version: '5.0.27-community-log'  socket: ''  port: 3306  MySQL Community Edition (GPL)
150227 13:57:29  InnoDB: Started; log sequence number 0 69753
150227 13:57:30 [Note] V:\SCHOOL~2\COMPUT~1\NATION~1\Units\UNIT27~1\EasyPhP\MySql\bin\mysqld.exe: ready for connections.
Version: '5.0.27-community-log'  socket: ''  port: 3306  MySQL Community Edition (GPL)
150227 13:57:35  InnoDB: Started; log sequence number 0 69753
150227 13:57:35 [Note] Recovering after a crash using mysql-bin
150227 13:57:35 [Note] Starting crash recovery...
150227 13:57:35 [Note] Crash recovery finished.
150227 13:57:36 [Note] V:\SCHOOL~2\COMPUT~1\NATION~1\Units\UNIT27~1\EasyPhP\MySql\bin\mysqld.exe: ready for connections.
Version: '5.0.27-community-log'  socket: ''  port: 3306  MySQL Community Edition (GPL)
151207 10:42:51  InnoDB: Database was not shut down normally!
InnoDB: Starting crash recovery.
InnoDB: Reading tablespace information from the .ibd files...
InnoDB: Restoring possible half-written data pages from the doublewrite
InnoDB: buffer...
151207 10:42:52  InnoDB: Starting log scan based on checkpoint at
InnoDB: log sequence number 0 122357.
InnoDB: Doing recovery: scanned up to log sequence number 0 122357
InnoDB: Last MySQL binlog file position 0 4511, file name .\mysql-bin.000477
151207 10:42:52  InnoDB: Started; log sequence number 0 122357
151207 10:42:52 [Note] Recovering after a crash using mysql-bin
151207 10:42:52 [Note] Starting crash recovery...
151207 10:42:52 [Note] Crash recovery finished.
151207 10:42:52 [Note] V:\SCHOOL~2\COMPUT~1\NATION~1\Units\UNIT27~1\EasyPhP\MySql\bin\mysqld.exe: ready for connections.
Version: '5.0.27-community-log'  socket: ''  port: 3306  MySQL Community Edition (GPL)
151211  9:35:44  InnoDB: Started; log sequence number 0 122357
151211  9:35:45 [Note] V:\SCHOOL~2\COMPUT~1\NATION~1\Units\UNIT27~1\EasyPhP\MySql\bin\mysqld.exe: ready for connections.
Version: '5.0.27-community-log'  socket: ''  port: 3306  MySQL Community Edition (GPL)
151211  9:35:46 [Note] V:\SCHOOL~2\COMPUT~1\NATION~1\Units\UNIT27~1\EasyPhP\MySql\bin\mysqld.exe: Normal shutdown

151211  9:35:46  InnoDB: Starting shutdown...
151211  9:35:49  InnoDB: Shutdown completed; log sequence number 0 122357
151211  9:35:49 [Note] V:\SCHOOL~2\COMPUT~1\NATION~1\Units\UNIT27~1\EasyPhP\MySql\bin\mysqld.exe: Shutdown complete

151211  9:35:51  InnoDB: Started; log sequence number 0 122357
151211  9:35:51 [Note] V:\SCHOOL~2\COMPUT~1\NATION~1\Units\UNIT27~1\EasyPhP\MySql\bin\mysqld.exe: ready for connections.
Version: '5.0.27-community-log'  socket: ''  port: 3306  MySQL Community Edition (GPL)
151211 10:03:20 [Note] V:\SCHOOL~2\COMPUT~1\NATION~1\Units\UNIT27~1\EasyPhP\MySql\bin\mysqld.exe: Normal shutdown

151211 10:03:20  InnoDB: Starting shutdown...
151211 10:03:21  InnoDB: Shutdown completed; log sequence number 0 122357
151211 10:03:21 [Note] V:\SCHOOL~2\COMPUT~1\NATION~1\Units\UNIT27~1\EasyPhP\MySql\bin\mysqld.exe: Shutdown complete

160104 10:23:08  InnoDB: Started; log sequence number 0 122702
160104 10:23:09 [Note] V:\SCHOOL~2\COMPUT~1\NATION~1\Units\UNIT27~1\EasyPhP\MySql\bin\mysqld.exe: ready for connections.
Version: '5.0.27-community-log'  socket: ''  port: 3306  MySQL Community Edition (GPL)
160411 10:20:56  InnoDB: Started; log sequence number 0 122712
160411 10:20:56 [Note] Recovering after a crash using mysql-bin
160411 10:20:56 [Note] Starting crash recovery...
160411 10:20:56 [Note] Crash recovery finished.
160411 10:20:56 [Note] V:\SCHOOL~2\COMPUT~1\NATION~1\Units\UNIT27~1\EasyPhP\MySql\bin\mysqld.exe: ready for connections.
Version: '5.0.27-community-log'  socket: ''  port: 3306  MySQL Community Edition (GPL)
160411 10:20:57 [Note] V:\SCHOOL~2\COMPUT~1\NATION~1\Units\UNIT27~1\EasyPhP\MySql\bin\mysqld.exe: Normal shutdown

160411 10:20:57  InnoDB: Starting shutdown...
160411 10:21:00  InnoDB: Shutdown completed; log sequence number 0 122712
160411 10:21:00 [Note] V:\SCHOOL~2\COMPUT~1\NATION~1\Units\UNIT27~1\EasyPhP\MySql\bin\mysqld.exe: Shutdown complete

160411 10:21:03  InnoDB: Started; log sequence number 0 122712
160411 10:21:03 [Note] V:\SCHOOL~2\COMPUT~1\NATION~1\Units\UNIT27~1\EasyPhP\MySql\bin\mysqld.exe: ready for connections.
Version: '5.0.27-community-log'  socket: ''  port: 3306  MySQL Community Edition (GPL)
160411 10:57:23 [Note] V:\SCHOOL~2\COMPUT~1\NATION~1\Units\UNIT27~1\EasyPhP\MySql\bin\mysqld.exe: Normal shutdown

160411 10:57:23  InnoDB: Starting shutdown...
160411 10:57:24  InnoDB: Shutdown completed; log sequence number 0 122712
160411 10:57:24 [Note] V:\SCHOOL~2\COMPUT~1\NATION~1\Units\UNIT27~1\EasyPhP\MySql\bin\mysqld.exe: Shutdown complete

160415  9:08:39  InnoDB: Started; log sequence number 0 122722
160415  9:08:39 [Note] Recovering after a crash using mysql-bin
160415  9:08:39 [Note] Starting crash recovery...
160415  9:08:39 [Note] Crash recovery finished.
160415  9:08:40 [Note] V:\SCHOOL~2\COMPUT~1\NATION~1\Units\UNIT27~1\EasyPhP\MySql\bin\mysqld.exe: ready for connections.
Version: '5.0.27-community-log'  socket: ''  port: 3306  MySQL Community Edition (GPL)
160415  9:08:49  InnoDB: Started; log sequence number 0 122722
160415  9:08:49 [Note] Recovering after a crash using mysql-bin
160415  9:08:49 [Note] Starting crash recovery...
160415  9:08:49 [Note] Crash recovery finished.
160415  9:08:49 [Note] V:\SCHOOL~2\COMPUT~1\NATION~1\Units\UNIT27~1\EasyPhP\MySql\bin\mysqld.exe: ready for connections.
Version: '5.0.27-community-log'  socket: ''  port: 3306  MySQL Community Edition (GPL)
160415 10:02:05 [Note] V:\SCHOOL~2\COMPUT~1\NATION~1\Units\UNIT27~1\EasyPhP\MySql\bin\mysqld.exe: Normal shutdown

160415 10:02:05  InnoDB: Starting shutdown...
160415 10:02:08  InnoDB: Shutdown completed; log sequence number 0 122722
160415 10:02:08 [Note] V:\SCHOOL~2\COMPUT~1\NATION~1\Units\UNIT27~1\EasyPhP\MySql\bin\mysqld.exe: Shutdown complete

160418 10:31:12  InnoDB: Started; log sequence number 0 122722
160418 10:31:13 [Note] V:\SCHOOL~2\COMPUT~1\NATION~1\Units\UNIT27~1\EasyPhP\MySql\bin\mysqld.exe: ready for connections.
Version: '5.0.27-community-log'  socket: ''  port: 3306  MySQL Community Edition (GPL)
160429  9:02:43  InnoDB: Started; log sequence number 0 122722
160429  9:02:45 [Note] V:\SCHOOL~2\COMPUT~1\NATION~1\Units\UNIT27~1\EasyPhP\MySql\bin\mysqld.exe: ready for connections.
Version: '5.0.27-community-log'  socket: ''  port: 3306  MySQL Community Edition (GPL)
160520  9:34:53  InnoDB: Started; log sequence number 0 122722
160520  9:34:53 [Note] Recovering after a crash using mysql-bin
160520  9:34:53 [Note] Starting crash recovery...
160520  9:34:53 [Note] Crash recovery finished.
160520  9:34:54 [Note] V:\SCHOOL~2\COMPUT~1\NATION~1\Units\UNIT27~1\EasyPhP\MySql\bin\mysqld.exe: ready for connections.
Version: '5.0.27-community-log'  socket: ''  port: 3306  MySQL Community Edition (GPL)
