150113 16:00:54  InnoDB: Started; log sequence number 0 69703
150113 16:00:55 [Note] V:\SCHOOL~2\COMPUT~1\NATION~1\Units\UNIT27~1\EasyPhP\MySql\bin\mysqld.exe: ready for connections.
Version: '5.0.27-community-log'  socket: ''  port: 3306  MySQL Community Edition (GPL)
150115  9:05:10  InnoDB: Started; log sequence number 0 69703
150115  9:05:10 [Note] Recovering after a crash using mysql-bin
150115  9:05:10 [Note] Starting crash recovery...
150115  9:05:10 [Note] Crash recovery finished.
150115  9:05:11 [Note] V:\SCHOOL~2\COMPUT~1\NATION~1\Units\UNIT27~1\EasyPhP\MySql\bin\mysqld.exe: ready for connections.
Version: '5.0.27-community-log'  socket: ''  port: 3306  MySQL Community Edition (GPL)
150129  9:36:51  InnoDB: Started; log sequence number 0 69703
150129  9:36:51 [Note] Recovering after a crash using mysql-bin
150129  9:36:51 [Note] Starting crash recovery...
150129  9:36:51 [Note] Crash recovery finished.
150129  9:36:52 [Note] V:\SCHOOL~2\COMPUT~1\NATION~1\Units\UNIT27~1\EasyPhP\MySql\bin\mysqld.exe: ready for connections.
Version: '5.0.27-community-log'  socket: ''  port: 3306  MySQL Community Edition (GPL)
150129  9:38:09  InnoDB: Started; log sequence number 0 69703
150129  9:38:09 [Note] Recovering after a crash using mysql-bin
150129  9:38:09 [Note] Starting crash recovery...
150129  9:38:09 [Note] Crash recovery finished.
150129  9:38:09 [Note] V:\SCHOOL~2\COMPUT~1\NATION~1\Units\UNIT27~1\EasyPhP\MySql\bin\mysqld.exe: ready for connections.
Version: '5.0.27-community-log'  socket: ''  port: 3306  MySQL Community Edition (GPL)
150129  9:46:47 [Note] V:\SCHOOL~2\COMPUT~1\NATION~1\Units\UNIT27~1\EasyPhP\MySql\bin\mysqld.exe: Normal shutdown

150129  9:46:47  InnoDB: Starting shutdown...
150129  9:46:48  InnoDB: Shutdown completed; log sequence number 0 69703
150129  9:46:48 [Note] V:\SCHOOL~2\COMPUT~1\NATION~1\Units\UNIT27~1\EasyPhP\MySql\bin\mysqld.exe: Shutdown complete

150204 10:19:24  InnoDB: Database was not shut down normally!
InnoDB: Starting crash recovery.
InnoDB: Reading tablespace information from the .ibd files...
InnoDB: Restoring possible half-written data pages from the doublewrite
InnoDB: buffer...
150204 10:19:24  InnoDB: Starting log scan based on checkpoint at
InnoDB: log sequence number 0 69713.
InnoDB: Doing recovery: scanned up to log sequence number 0 69713
InnoDB: Last MySQL binlog file position 0 1330, file name .\mysql-bin.000340
150204 10:19:24  InnoDB: Started; log sequence number 0 69713
150204 10:19:24 [Note] Recovering after a crash using mysql-bin
150204 10:19:24 [Note] Starting crash recovery...
150204 10:19:24 [Note] Crash recovery finished.
150204 10:19:25 [Note] V:\SCHOOL~2\COMPUT~1\NATION~1\Units\UNIT27~1\EasyPhP\MySql\bin\mysqld.exe: ready for connections.
Version: '5.0.27-community-log'  socket: ''  port: 3306  MySQL Community Edition (GPL)
150205  9:09:34  InnoDB: Database was not shut down normally!
InnoDB: Starting crash recovery.
InnoDB: Reading tablespace information from the .ibd files...
InnoDB: Restoring possible half-written data pages from the doublewrite
InnoDB: buffer...
150205  9:09:34  InnoDB: Starting log scan based on checkpoint at
InnoDB: log sequence number 0 69713.
InnoDB: Doing recovery: scanned up to log sequence number 0 69713
InnoDB: Last MySQL binlog file position 0 1330, file name .\mysql-bin.000340
150205  9:09:35  InnoDB: Started; log sequence number 0 69713
150205  9:09:35 [Note] Recovering after a crash using mysql-bin
150205  9:09:35 [Note] Starting crash recovery...
150205  9:09:35 [Note] Crash recovery finished.
150205  9:09:36 [Note] V:\SCHOOL~2\COMPUT~1\NATION~1\Units\UNIT27~1\EasyPhP\MySql\bin\mysqld.exe: ready for connections.
Version: '5.0.27-community-log'  socket: ''  port: 3306  MySQL Community Edition (GPL)
150210 15:47:29  InnoDB: Started; log sequence number 0 69733
150210 15:47:30 [Note] V:\SCHOOL~2\COMPUT~1\NATION~1\Units\UNIT27~1\EasyPhP\MySql\bin\mysqld.exe: ready for connections.
Version: '5.0.27-community-log'  socket: ''  port: 3306  MySQL Community Edition (GPL)
150210 15:47:31 [Note] V:\SCHOOL~2\COMPUT~1\NATION~1\Units\UNIT27~1\EasyPhP\MySql\bin\mysqld.exe: Normal shutdown

150210 15:47:31  InnoDB: Starting shutdown...
150210 15:47:33  InnoDB: Shutdown completed; log sequence number 0 69733
150210 15:47:33 [Note] V:\SCHOOL~2\COMPUT~1\NATION~1\Units\UNIT27~1\EasyPhP\MySql\bin\mysqld.exe: Shutdown complete

150210 15:47:36  InnoDB: Started; log sequence number 0 69733
150210 15:47:36 [Note] V:\SCHOOL~2\COMPUT~1\NATION~1\Units\UNIT27~1\EasyPhP\MySql\bin\mysqld.exe: ready for connections.
Version: '5.0.27-community-log'  socket: ''  port: 3306  MySQL Community Edition (GPL)
150210 16:39:21 [Note] V:\SCHOOL~2\COMPUT~1\NATION~1\Units\UNIT27~1\EasyPhP\MySql\bin\mysqld.exe: Normal shutdown

150210 16:39:21  InnoDB: Starting shutdown...
150210 16:39:23  InnoDB: Shutdown completed; log sequence number 0 69733
150210 16:39:23 [Note] V:\SCHOOL~2\COMPUT~1\NATION~1\Units\UNIT27~1\EasyPhP\MySql\bin\mysqld.exe: Shutdown complete

150211 14:52:25  InnoDB: Started; log sequence number 0 69733
150211 14:52:26 [Note] V:\SCHOOL~2\COMPUT~1\NATION~1\Units\UNIT27~1\EasyPhP\MySql\bin\mysqld.exe: ready for connections.
Version: '5.0.27-community-log'  socket: ''  port: 3306  MySQL Community Edition (GPL)
150211 14:52:27 [Note] V:\SCHOOL~2\COMPUT~1\NATION~1\Units\UNIT27~1\EasyPhP\MySql\bin\mysqld.exe: Normal shutdown

150211 14:52:27  InnoDB: Starting shutdown...
150211 14:52:29  InnoDB: Shutdown completed; log sequence number 0 69733
150211 14:52:29 [Note] V:\SCHOOL~2\COMPUT~1\NATION~1\Units\UNIT27~1\EasyPhP\MySql\bin\mysqld.exe: Shutdown complete

150211 14:52:32  InnoDB: Started; log sequence number 0 69733
150211 14:52:32 [Note] V:\SCHOOL~2\COMPUT~1\NATION~1\Units\UNIT27~1\EasyPhP\MySql\bin\mysqld.exe: ready for connections.
Version: '5.0.27-community-log'  socket: ''  port: 3306  MySQL Community Edition (GPL)
150211 15:34:59 [Note] V:\SCHOOL~2\COMPUT~1\NATION~1\Units\UNIT27~1\EasyPhP\MySql\bin\mysqld.exe: Normal shutdown

150211 15:34:59  InnoDB: Starting shutdown...
150211 15:35:01  InnoDB: Shutdown completed; log sequence number 0 69733
150211 15:35:01 [Note] V:\SCHOOL~2\COMPUT~1\NATION~1\Units\UNIT27~1\EasyPhP\MySql\bin\mysqld.exe: Shutdown complete

150212 14:37:08  InnoDB: Started; log sequence number 0 69733
150212 14:37:08 [Note] Recovering after a crash using mysql-bin
150212 14:37:08 [Note] Starting crash recovery...
150212 14:37:08 [Note] Crash recovery finished.
150212 14:37:08 [Note] V:\SCHOOL~2\COMPUT~1\NATION~1\Units\UNIT27~1\EasyPhP\MySql\bin\mysqld.exe: ready for connections.
Version: '5.0.27-community-log'  socket: ''  port: 3306  MySQL Community Edition (GPL)
150212 14:37:14  InnoDB: Started; log sequence number 0 69733
150212 14:37:14 [Note] Recovering after a crash using mysql-bin
150212 14:37:14 [Note] Starting crash recovery...
150212 14:37:14 [Note] Crash recovery finished.
150212 14:37:14 [Note] V:\SCHOOL~2\COMPUT~1\NATION~1\Units\UNIT27~1\EasyPhP\MySql\bin\mysqld.exe: ready for connections.
Version: '5.0.27-community-log'  socket: ''  port: 3306  MySQL Community Edition (GPL)
150212 15:31:59 [Note] V:\SCHOOL~2\COMPUT~1\NATION~1\Units\UNIT27~1\EasyPhP\MySql\bin\mysqld.exe: Normal shutdown

150212 15:31:59  InnoDB: Starting shutdown...
150212 15:32:00  InnoDB: Shutdown completed; log sequence number 0 69743
150212 15:32:00 [Note] V:\SCHOOL~2\COMPUT~1\NATION~1\Units\UNIT27~1\EasyPhP\MySql\bin\mysqld.exe: Shutdown complete

150305 14:41:07  InnoDB: Started; log sequence number 0 69753
150305 14:41:07 [Note] Recovering after a crash using mysql-bin
150305 14:41:07 [Note] Starting crash recovery...
150305 14:41:07 [Note] Crash recovery finished.
150305 14:41:09 [Note] V:\SCHOOL~2\COMPUT~1\NATION~1\Units\UNIT27~1\EasyPhP\MySql\bin\mysqld.exe: ready for connections.
Version: '5.0.27-community-log'  socket: ''  port: 3306  MySQL Community Edition (GPL)
150422 15:13:24  InnoDB: Started; log sequence number 0 69753
150422 15:13:25 [Note] V:\SCHOOL~2\COMPUT~1\NATION~1\Units\UNIT27~1\EasyPhP\MySql\bin\mysqld.exe: ready for connections.
Version: '5.0.27-community-log'  socket: ''  port: 3306  MySQL Community Edition (GPL)
160127 12:30:42  InnoDB: Started; log sequence number 0 122702
160127 12:30:45 [Note] V:\SCHOOL~2\COMPUT~1\NATION~1\Units\UNIT27~1\EasyPhP\MySql\bin\mysqld.exe: ready for connections.
Version: '5.0.27-community-log'  socket: ''  port: 3306  MySQL Community Edition (GPL)
160413 11:39:51  InnoDB: Started; log sequence number 0 122722
160413 11:39:52 [Note] V:\SCHOOL~2\COMPUT~1\NATION~1\Units\UNIT27~1\EasyPhP\MySql\bin\mysqld.exe: ready for connections.
Version: '5.0.27-community-log'  socket: ''  port: 3306  MySQL Community Edition (GPL)
160413 11:44:49  InnoDB: Started; log sequence number 0 122722
160413 11:44:49 [Note] Recovering after a crash using mysql-bin
160413 11:44:49 [Note] Starting crash recovery...
160413 11:44:49 [Note] Crash recovery finished.
160413 11:44:50 [Note] V:\SCHOOL~2\COMPUT~1\NATION~1\Units\UNIT27~1\EasyPhP\MySql\bin\mysqld.exe: ready for connections.
Version: '5.0.27-community-log'  socket: ''  port: 3306  MySQL Community Edition (GPL)
160413 13:31:18 [Note] V:\SCHOOL~2\COMPUT~1\NATION~1\Units\UNIT27~1\EasyPhP\MySql\bin\mysqld.exe: Normal shutdown

160413 13:31:18  InnoDB: Starting shutdown...
160413 13:31:19  InnoDB: Shutdown completed; log sequence number 0 122722
160413 13:31:19 [Note] V:\SCHOOL~2\COMPUT~1\NATION~1\Units\UNIT27~1\EasyPhP\MySql\bin\mysqld.exe: Shutdown complete

160420 11:47:30  InnoDB: Started; log sequence number 0 122722
160420 11:47:30 [Note] Recovering after a crash using mysql-bin
160420 11:47:30 [Note] Starting crash recovery...
160420 11:47:30 [Note] Crash recovery finished.
160420 11:47:30 [Note] V:\SCHOOL~2\COMPUT~1\NATION~1\Units\UNIT27~1\EasyPhP\MySql\bin\mysqld.exe: ready for connections.
Version: '5.0.27-community-log'  socket: ''  port: 3306  MySQL Community Edition (GPL)
160420 11:47:31 [Note] V:\SCHOOL~2\COMPUT~1\NATION~1\Units\UNIT27~1\EasyPhP\MySql\bin\mysqld.exe: Normal shutdown

160420 11:47:31  InnoDB: Starting shutdown...
160420 11:47:34  InnoDB: Shutdown completed; log sequence number 0 122722
160420 11:47:34 [Note] V:\SCHOOL~2\COMPUT~1\NATION~1\Units\UNIT27~1\EasyPhP\MySql\bin\mysqld.exe: Shutdown complete

160420 11:47:37  InnoDB: Started; log sequence number 0 122722
160420 11:47:37 [Note] V:\SCHOOL~2\COMPUT~1\NATION~1\Units\UNIT27~1\EasyPhP\MySql\bin\mysqld.exe: ready for connections.
Version: '5.0.27-community-log'  socket: ''  port: 3306  MySQL Community Edition (GPL)
160420 12:23:18 [Note] V:\SCHOOL~2\COMPUT~1\NATION~1\Units\UNIT27~1\EasyPhP\MySql\bin\mysqld.exe: Normal shutdown

160420 12:23:18  InnoDB: Starting shutdown...
160420 12:23:20  InnoDB: Shutdown completed; log sequence number 0 122722
160420 12:23:20 [Note] V:\SCHOOL~2\COMPUT~1\NATION~1\Units\UNIT27~1\EasyPhP\MySql\bin\mysqld.exe: Shutdown complete

160504 11:34:17  InnoDB: Started; log sequence number 0 122722
160504 11:34:17 [Note] Recovering after a crash using mysql-bin
160504 11:34:17 [Note] Starting crash recovery...
160504 11:34:17 [Note] Crash recovery finished.
160504 11:34:17 [Note] V:\SCHOOL~2\COMPUT~1\NATION~1\Units\UNIT27~1\EasyPhP\MySql\bin\mysqld.exe: ready for connections.
Version: '5.0.27-community-log'  socket: ''  port: 3306  MySQL Community Edition (GPL)
160504 11:34:18 [Note] V:\SCHOOL~2\COMPUT~1\NATION~1\Units\UNIT27~1\EasyPhP\MySql\bin\mysqld.exe: Normal shutdown

160504 11:34:18  InnoDB: Starting shutdown...
160504 11:34:21  InnoDB: Shutdown completed; log sequence number 0 122722
160504 11:34:21 [Note] V:\SCHOOL~2\COMPUT~1\NATION~1\Units\UNIT27~1\EasyPhP\MySql\bin\mysqld.exe: Shutdown complete

160504 11:34:24  InnoDB: Started; log sequence number 0 122722
160504 11:34:24 [Note] V:\SCHOOL~2\COMPUT~1\NATION~1\Units\UNIT27~1\EasyPhP\MySql\bin\mysqld.exe: ready for connections.
Version: '5.0.27-community-log'  socket: ''  port: 3306  MySQL Community Edition (GPL)
160504 12:12:23 [Note] V:\SCHOOL~2\COMPUT~1\NATION~1\Units\UNIT27~1\EasyPhP\MySql\bin\mysqld.exe: Normal shutdown

160504 12:12:23  InnoDB: Starting shutdown...
160504 12:12:26  InnoDB: Shutdown completed; log sequence number 0 122722
160504 12:12:26 [Note] V:\SCHOOL~2\COMPUT~1\NATION~1\Units\UNIT27~1\EasyPhP\MySql\bin\mysqld.exe: Shutdown complete

160518 11:41:14  InnoDB: Started; log sequence number 0 122722
160518 11:41:14 [Note] Recovering after a crash using mysql-bin
160518 11:41:14 [Note] Starting crash recovery...
160518 11:41:14 [Note] Crash recovery finished.
160518 11:41:15 [Note] V:\SCHOOL~2\COMPUT~1\NATION~1\Units\UNIT27~1\EasyPhP\MySql\bin\mysqld.exe: ready for connections.
Version: '5.0.27-community-log'  socket: ''  port: 3306  MySQL Community Edition (GPL)
